{"obj": {"type": "AssignString", "path": ["sys", "name"], "value": "Untitled"}, "version": 1}
{"obj": {"type": "AssignString", "path": ["sys", "description"], "value": ""}, "version": 2}
{"obj": {"type": "AssignString", "path": ["sys", "hostname"], "value": "KW60717"}, "version": 3}
{"obj": {"type": "AssignBool", "path": ["sys", "failed"], "value": false}, "version": 4}
{"obj": {"type": "ClearStringLog", "path": ["monitoring", "stdout"]}, "version": 5}
{"obj": {"type": "ClearStringLog", "path": ["monitoring", "stderr"]}, "version": 6}
{"obj": {"type": "AssignString", "path": ["source_code", "entrypoint"], "value": "train.py"}, "version": 7}
{"obj": {"type": "UploadFileSet", "path": ["source_code", "files"], "file_globs": ["/home/resifis/Desktop/kaustcode/Packages/models/src/models/train.py"], "reset": "False"}, "version": 8}
{"obj": {"type": "ConfigFloatSeries", "path": ["monitoring", "cpu"], "min": 0.0, "max": 100.0, "unit": "%"}, "version": 9}
{"obj": {"type": "ClearFloatLog", "path": ["monitoring", "cpu"]}, "version": 10}
{"obj": {"type": "ConfigFloatSeries", "path": ["monitoring", "memory"], "min": 0.0, "max": 251.55138397216797, "unit": "GB"}, "version": 11}
{"obj": {"type": "ClearFloatLog", "path": ["monitoring", "memory"]}, "version": 12}
{"obj": {"type": "ConfigFloatSeries", "path": ["monitoring", "gpu_0"], "min": 0.0, "max": 100.0, "unit": "%"}, "version": 13}
{"obj": {"type": "ClearFloatLog", "path": ["monitoring", "gpu_0"]}, "version": 14}
{"obj": {"type": "ConfigFloatSeries", "path": ["monitoring", "gpu_1"], "min": 0.0, "max": 100.0, "unit": "%"}, "version": 15}
{"obj": {"type": "ClearFloatLog", "path": ["monitoring", "gpu_1"]}, "version": 16}
{"obj": {"type": "ConfigFloatSeries", "path": ["monitoring", "gpu_memory_0"], "min": 0.0, "max": 23.69952392578125, "unit": "GB"}, "version": 17}
{"obj": {"type": "ClearFloatLog", "path": ["monitoring", "gpu_memory_0"]}, "version": 18}
{"obj": {"type": "ConfigFloatSeries", "path": ["monitoring", "gpu_memory_1"], "min": 0.0, "max": 23.69952392578125, "unit": "GB"}, "version": 19}
{"obj": {"type": "ClearFloatLog", "path": ["monitoring", "gpu_memory_1"]}, "version": 20}
{"obj": {"type": "LogStrings", "path": ["monitoring", "stdout"], "values": [{"value": ".........EPOCH 0........", "step": null, "ts": 1651767724.4684358}]}, "version": 21}
{"obj": {"type": "LogStrings", "path": ["monitoring", "stdout"], "values": [{"value": "\n", "step": null, "ts": 1651767724.4704363}]}, "version": 22}
{"obj": {"type": "LogStrings", "path": ["monitoring", "stderr"], "values": [{"value": "\r  0%|                                                                                                                                                                          | 0/500 [00:00<?, ?it/s]", "step": null, "ts": 1651767724.4736495}]}, "version": 23}
{"obj": {"type": "LogFloats", "path": ["monitoring", "cpu"], "values": [{"value": 2.8, "step": null, "ts": 1651767724.460286}]}, "version": 24}
{"obj": {"type": "LogFloats", "path": ["monitoring", "memory"], "values": [{"value": 9.21908187866211, "step": null, "ts": 1651767724.460286}]}, "version": 25}
{"obj": {"type": "LogFloats", "path": ["monitoring", "gpu_memory_0"], "values": [{"value": 0.57147216796875, "step": null, "ts": 1651767724.460286}]}, "version": 26}
{"obj": {"type": "LogFloats", "path": ["monitoring", "gpu_memory_1"], "values": [{"value": 1.853759765625, "step": null, "ts": 1651767724.460286}]}, "version": 27}
{"obj": {"type": "LogFloats", "path": ["monitoring", "cpu"], "values": [{"value": 6.3, "step": null, "ts": 1651767734.4764974}]}, "version": 28}
{"obj": {"type": "LogFloats", "path": ["monitoring", "memory"], "values": [{"value": 10.110061645507812, "step": null, "ts": 1651767734.4764974}]}, "version": 29}
{"obj": {"type": "LogFloats", "path": ["monitoring", "gpu_0"], "values": [{"value": 7.0, "step": null, "ts": 1651767734.4764974}]}, "version": 30}
{"obj": {"type": "LogFloats", "path": ["monitoring", "gpu_1"], "values": [{"value": 96.0, "step": null, "ts": 1651767734.4764974}]}, "version": 31}
{"obj": {"type": "LogFloats", "path": ["monitoring", "gpu_memory_0"], "values": [{"value": 0.57159423828125, "step": null, "ts": 1651767734.4764974}]}, "version": 32}
{"obj": {"type": "LogFloats", "path": ["monitoring", "gpu_memory_1"], "values": [{"value": 19.138916015625, "step": null, "ts": 1651767734.4764974}]}, "version": 33}
{"obj": {"type": "LogStrings", "path": ["monitoring", "stderr"], "values": [{"value": "\r  0%|                                                                                                                                                | 0/500 [00:11<?, ?it/s, Batch_number=0, Loss=528]", "step": null, "ts": 1651767735.5448334}]}, "version": 34}
{"obj": {"type": "LogStrings", "path": ["monitoring", "stderr"], "values": [{"value": "\r  0%|\u258e                                                                                                                                     | 1/500 [00:11<1:32:04, 11.07s/it, Batch_number=0, Loss=528]", "step": null, "ts": 1651767735.545239}]}, "version": 35}
{"obj": {"type": "LogStrings", "path": ["monitoring", "stderr"], "values": [{"value": "\r  0%|\u258e                                                                                                                                     | 1/500 [00:13<1:32:04, 11.07s/it, Batch_number=1, Loss=578]", "step": null, "ts": 1651767737.5598867}]}, "version": 36}
{"obj": {"type": "LogStrings", "path": ["monitoring", "stderr"], "values": [{"value": "\r  0%|\u258c                                                                                                                                       | 2/500 [00:13<47:40,  5.74s/it, Batch_number=1, Loss=578]", "step": null, "ts": 1651767737.560169}]}, "version": 37}
{"obj": {"type": "LogStrings", "path": ["monitoring", "stderr"], "values": [{"value": "\r  0%|\u258c                                                                                                                                       | 2/500 [00:14<47:40,  5.74s/it, Batch_number=2, Loss=579]", "step": null, "ts": 1651767739.2561598}]}, "version": 38}
{"obj": {"type": "LogStrings", "path": ["monitoring", "stderr"], "values": [{"value": "\r  1%|\u258a                                                                                                                                       | 3/500 [00:14<32:16,  3.90s/it, Batch_number=2, Loss=579]", "step": null, "ts": 1651767739.2566104}]}, "version": 39}
{"obj": {"type": "LogStrings", "path": ["monitoring", "stderr"], "values": [{"value": "\r  1%|\u258a                                                                                                                                       | 3/500 [00:16<32:16,  3.90s/it, Batch_number=3, Loss=614]", "step": null, "ts": 1651767740.9610486}]}, "version": 40}
{"obj": {"type": "LogStrings", "path": ["monitoring", "stderr"], "values": [{"value": "\r  1%|\u2588                                                                                                                                       | 4/500 [00:16<25:03,  3.03s/it, Batch_number=3, Loss=614]", "step": null, "ts": 1651767740.961322}]}, "version": 41}
{"obj": {"type": "LogStrings", "path": ["monitoring", "stderr"], "values": [{"value": "\r  1%|\u2588                                                                                                                                       | 4/500 [00:18<25:03,  3.03s/it, Batch_number=4, Loss=620]", "step": null, "ts": 1651767742.669493}]}, "version": 42}
{"obj": {"type": "LogStrings", "path": ["monitoring", "stderr"], "values": [{"value": "\r  1%|\u2588\u258e                                                                                                                                      | 5/500 [00:18<21:04,  2.55s/it, Batch_number=4, Loss=620]", "step": null, "ts": 1651767742.6697366}]}, "version": 43}
{"obj": {"type": "LogStrings", "path": ["monitoring", "stderr"], "values": [{"value": "\r  1%|\u2588\u258e                                                                                                                                      | 5/500 [00:19<21:04,  2.55s/it, Batch_number=5, Loss=626]", "step": null, "ts": 1651767744.4111173}]}, "version": 44}
{"obj": {"type": "LogStrings", "path": ["monitoring", "stderr"], "values": [{"value": "\r  1%|\u2588\u258b                                                                                                                                      | 6/500 [00:19<18:45,  2.28s/it, Batch_number=5, Loss=626]", "step": null, "ts": 1651767744.4115489}]}, "version": 45}
{"obj": {"type": "LogFloats", "path": ["monitoring", "cpu"], "values": [{"value": 30.6, "step": null, "ts": 1651767744.4808095}]}, "version": 46}
{"obj": {"type": "LogFloats", "path": ["monitoring", "memory"], "values": [{"value": 10.40032958984375, "step": null, "ts": 1651767744.4808095}]}, "version": 47}
{"obj": {"type": "LogFloats", "path": ["monitoring", "gpu_1"], "values": [{"value": 82.0, "step": null, "ts": 1651767744.4808095}]}, "version": 48}
{"obj": {"type": "LogFloats", "path": ["monitoring", "gpu_memory_0"], "values": [{"value": 0.57159423828125, "step": null, "ts": 1651767744.4808095}]}, "version": 49}
{"obj": {"type": "LogFloats", "path": ["monitoring", "gpu_memory_1"], "values": [{"value": 23.304931640625, "step": null, "ts": 1651767744.4808095}]}, "version": 50}
{"obj": {"type": "LogStrings", "path": ["monitoring", "stderr"], "values": [{"value": "", "step": null, "ts": 1651767746.1295044}]}, "version": 51}
{"obj": {"type": "LogStrings", "path": ["monitoring", "stderr"], "values": [{"value": "\r  1%|\u2588\u258b                                                                                                                                      | 6/500 [00:21<29:42,  3.61s/it, Batch_number=5, Loss=626]", "step": null, "ts": 1651767746.129876}]}, "version": 52}
{"obj": {"type": "LogStrings", "path": ["monitoring", "stderr"], "values": [{"value": "\n", "step": null, "ts": 1651767746.1299596}]}, "version": 53}
{"obj": {"type": "LogStrings", "path": ["monitoring", "traceback"], "values": [{"value": "An uncaught exception occurred while run was active on worker KW60717.", "step": null, "ts": 1651767746.1304805}, {"value": "Marking run as failed", "step": null, "ts": 1651767746.1304805}, {"value": "Traceback:", "step": null, "ts": 1651767746.1304805}, {"value": "  File \"/home/resifis/Desktop/kaustcode/Packages/models/src/models/train.py\", line 101, in <module>\n    job.fit(WRFData,WRFData)\n", "step": null, "ts": 1651767746.1304805}, {"value": "  File \"/home/resifis/anaconda3/envs/kaustenv/lib/python3.9/site-packages/models/forecastors/utils/simple_engine.py\", line 167, in fit\n    tr_loss = self.train_fn(self.train_config.model,train_data_loader,sparse)\n", "step": null, "ts": 1651767746.1304805}, {"value": "  File \"/home/resifis/anaconda3/envs/kaustenv/lib/python3.9/site-packages/models/forecastors/utils/simple_engine.py\", line 93, in train_fn\n    tr_loss += train_loss.item()\n", "step": null, "ts": 1651767746.1304805}, {"value": "", "step": null, "ts": 1651767746.1304805}]}, "version": 54}
{"obj": {"type": "AssignBool", "path": ["sys", "failed"], "value": true}, "version": 55}
{"obj": {"type": "LogStrings", "path": ["monitoring", "stderr"], "values": [{"value": "Traceback (most recent call last):\n", "step": null, "ts": 1651767746.1306813}]}, "version": 56}
{"obj": {"type": "LogStrings", "path": ["monitoring", "stderr"], "values": [{"value": "  File \"/home/resifis/Desktop/kaustcode/Packages/models/src/models/train.py\", line 101, in <module>\n", "step": null, "ts": 1651767746.1307423}]}, "version": 57}
{"obj": {"type": "LogStrings", "path": ["monitoring", "stderr"], "values": [{"value": "    ", "step": null, "ts": 1651767746.1308672}]}, "version": 58}
{"obj": {"type": "LogStrings", "path": ["monitoring", "stderr"], "values": [{"value": "job.fit(WRFData,WRFData)", "step": null, "ts": 1651767746.1309175}]}, "version": 59}
{"obj": {"type": "LogStrings", "path": ["monitoring", "stderr"], "values": [{"value": "\n", "step": null, "ts": 1651767746.1309662}]}, "version": 60}
{"obj": {"type": "LogStrings", "path": ["monitoring", "stderr"], "values": [{"value": "  File \"/home/resifis/anaconda3/envs/kaustenv/lib/python3.9/site-packages/models/forecastors/utils/simple_engine.py\", line 167, in fit\n", "step": null, "ts": 1651767746.1310158}]}, "version": 61}
{"obj": {"type": "LogStrings", "path": ["monitoring", "stderr"], "values": [{"value": "    ", "step": null, "ts": 1651767746.131116}]}, "version": 62}
{"obj": {"type": "LogStrings", "path": ["monitoring", "stderr"], "values": [{"value": "tr_loss = self.train_fn(self.train_config.model,train_data_loader,sparse)", "step": null, "ts": 1651767746.1311626}]}, "version": 63}
{"obj": {"type": "LogStrings", "path": ["monitoring", "stderr"], "values": [{"value": "\n", "step": null, "ts": 1651767746.1312094}]}, "version": 64}
{"obj": {"type": "LogStrings", "path": ["monitoring", "stderr"], "values": [{"value": "  File \"/home/resifis/anaconda3/envs/kaustenv/lib/python3.9/site-packages/models/forecastors/utils/simple_engine.py\", line 93, in train_fn\n", "step": null, "ts": 1651767746.1312563}]}, "version": 65}
{"obj": {"type": "LogStrings", "path": ["monitoring", "stderr"], "values": [{"value": "    ", "step": null, "ts": 1651767746.1313374}]}, "version": 66}
{"obj": {"type": "LogStrings", "path": ["monitoring", "stderr"], "values": [{"value": "tr_loss += train_loss.item()        ", "step": null, "ts": 1651767746.1313813}]}, "version": 67}
{"obj": {"type": "LogStrings", "path": ["monitoring", "stderr"], "values": [{"value": "\n", "step": null, "ts": 1651767746.1314294}]}, "version": 68}
{"obj": {"type": "LogStrings", "path": ["monitoring", "stderr"], "values": [{"value": "KeyboardInterrupt", "step": null, "ts": 1651767746.13148}]}, "version": 69}
{"obj": {"type": "LogStrings", "path": ["monitoring", "stderr"], "values": [{"value": "", "step": null, "ts": 1651767746.1315212}]}, "version": 70}
{"obj": {"type": "LogStrings", "path": ["monitoring", "stderr"], "values": [{"value": "\n", "step": null, "ts": 1651767746.131565}]}, "version": 71}
{"obj": {"type": "LogStrings", "path": ["monitoring", "stdout"], "values": [{"value": "", "step": null, "ts": 1651767746.1318724}]}, "version": 72}
{"obj": {"type": "LogStrings", "path": ["monitoring", "stdout"], "values": [{"value": "Shutting down background jobs, please wait a moment...\n", "step": null, "ts": 1651767746.135199}]}, "version": 73}
