{"obj": {"type": "AssignString", "path": ["sys", "name"], "value": "Untitled"}, "version": 1}
{"obj": {"type": "AssignString", "path": ["sys", "description"], "value": ""}, "version": 2}
{"obj": {"type": "AssignString", "path": ["sys", "hostname"], "value": "KW60717"}, "version": 3}
{"obj": {"type": "AssignBool", "path": ["sys", "failed"], "value": false}, "version": 4}
{"obj": {"type": "ClearStringLog", "path": ["monitoring", "stdout"]}, "version": 5}
{"obj": {"type": "ClearStringLog", "path": ["monitoring", "stderr"]}, "version": 6}
{"obj": {"type": "AssignString", "path": ["source_code", "entrypoint"], "value": "train_multienc.py"}, "version": 7}
{"obj": {"type": "UploadFileSet", "path": ["source_code", "files"], "file_globs": ["/home/resifis/Desktop/kaustcode/Packages/models/src/models/train_multienc.py"], "reset": "False"}, "version": 8}
{"obj": {"type": "ConfigFloatSeries", "path": ["monitoring", "cpu"], "min": 0.0, "max": 100.0, "unit": "%"}, "version": 9}
{"obj": {"type": "ClearFloatLog", "path": ["monitoring", "cpu"]}, "version": 10}
{"obj": {"type": "ConfigFloatSeries", "path": ["monitoring", "memory"], "min": 0.0, "max": 251.55138397216797, "unit": "GB"}, "version": 11}
{"obj": {"type": "ClearFloatLog", "path": ["monitoring", "memory"]}, "version": 12}
{"obj": {"type": "ConfigFloatSeries", "path": ["monitoring", "gpu_0"], "min": 0.0, "max": 100.0, "unit": "%"}, "version": 13}
{"obj": {"type": "ClearFloatLog", "path": ["monitoring", "gpu_0"]}, "version": 14}
{"obj": {"type": "ConfigFloatSeries", "path": ["monitoring", "gpu_1"], "min": 0.0, "max": 100.0, "unit": "%"}, "version": 15}
{"obj": {"type": "ClearFloatLog", "path": ["monitoring", "gpu_1"]}, "version": 16}
{"obj": {"type": "ConfigFloatSeries", "path": ["monitoring", "gpu_memory_0"], "min": 0.0, "max": 23.69952392578125, "unit": "GB"}, "version": 17}
{"obj": {"type": "ClearFloatLog", "path": ["monitoring", "gpu_memory_0"]}, "version": 18}
{"obj": {"type": "ConfigFloatSeries", "path": ["monitoring", "gpu_memory_1"], "min": 0.0, "max": 23.69952392578125, "unit": "GB"}, "version": 19}
{"obj": {"type": "ClearFloatLog", "path": ["monitoring", "gpu_memory_1"]}, "version": 20}
{"obj": {"type": "LogStrings", "path": ["monitoring", "stdout"], "values": [{"value": ".........EPOCH 0........", "step": null, "ts": 1653392472.603652}]}, "version": 21}
{"obj": {"type": "LogStrings", "path": ["monitoring", "stdout"], "values": [{"value": "\n", "step": null, "ts": 1653392472.6039536}]}, "version": 22}
{"obj": {"type": "LogFloats", "path": ["monitoring", "cpu"], "values": [{"value": 3.7, "step": null, "ts": 1653392472.592247}]}, "version": 23}
{"obj": {"type": "LogFloats", "path": ["monitoring", "memory"], "values": [{"value": 19.16519546508789, "step": null, "ts": 1653392472.592247}]}, "version": 24}
{"obj": {"type": "LogFloats", "path": ["monitoring", "gpu_memory_0"], "values": [{"value": 0.51470947265625, "step": null, "ts": 1653392472.592247}]}, "version": 25}
{"obj": {"type": "LogFloats", "path": ["monitoring", "gpu_memory_1"], "values": [{"value": 1.871337890625, "step": null, "ts": 1653392472.592247}]}, "version": 26}
{"obj": {"type": "LogStrings", "path": ["monitoring", "stderr"], "values": [{"value": "\r  0%|                                                                                                                                                                 | 0/500 [00:00<?, ?it/s]", "step": null, "ts": 1653392472.6078944}]}, "version": 27}
{"obj": {"type": "LogStrings", "path": ["monitoring", "stderr"], "values": [{"value": "", "step": null, "ts": 1653392473.957499}]}, "version": 28}
{"obj": {"type": "LogStrings", "path": ["monitoring", "stderr"], "values": [{"value": "\r  0%|                                                                                                                                                                 | 0/500 [00:01<?, ?it/s]", "step": null, "ts": 1653392473.9578211}]}, "version": 29}
{"obj": {"type": "LogStrings", "path": ["monitoring", "stderr"], "values": [{"value": "\n", "step": null, "ts": 1653392473.9578958}]}, "version": 30}
{"obj": {"type": "LogStrings", "path": ["monitoring", "traceback"], "values": [{"value": "An uncaught exception occurred while run was active on worker KW60717.", "step": null, "ts": 1653392473.9589512}, {"value": "Marking run as failed", "step": null, "ts": 1653392473.9589512}, {"value": "Traceback:", "step": null, "ts": 1653392473.9589512}, {"value": "  File \"/home/resifis/Desktop/kaustcode/Packages/models/src/models/train_multienc.py\", line 111, in <module>\n    job.fit(TrainData,ValidData)\n", "step": null, "ts": 1653392473.9589512}, {"value": "  File \"/home/resifis/anaconda3/envs/kaustenv/lib/python3.10/site-packages/models/forecastors/utils/multi_encengine.py\", line 146, in fit\n    tr_loss = self.train_fn(self.train_config.model,train_data_loader)\n", "step": null, "ts": 1653392473.9589512}, {"value": "  File \"/home/resifis/anaconda3/envs/kaustenv/lib/python3.10/site-packages/models/forecastors/utils/multi_encengine.py\", line 68, in train_fn\n    pred_target = model(train_batch)\n", "step": null, "ts": 1653392473.9589512}, {"value": "  File \"/home/resifis/anaconda3/envs/kaustenv/lib/python3.10/site-packages/torch/nn/modules/module.py\", line 1110, in _call_impl\n    return forward_call(*input, **kwargs)\n", "step": null, "ts": 1653392473.9589512}, {"value": "  File \"/home/resifis/anaconda3/envs/kaustenv/lib/python3.10/site-packages/models/forecastors/mulit_encoder_unet/muti_encunet.py\", line 35, in forward\n    x1 = self.encode_all(data_dict)\n", "step": null, "ts": 1653392473.9589512}, {"value": "  File \"/home/resifis/anaconda3/envs/kaustenv/lib/python3.10/site-packages/models/forecastors/mulit_encoder_unet/muti_encunet.py\", line 30, in encode_all\n    list_enc.append(layer(data_dict[key]))\n", "step": null, "ts": 1653392473.9589512}, {"value": "  File \"/home/resifis/anaconda3/envs/kaustenv/lib/python3.10/site-packages/torch/nn/modules/module.py\", line 1110, in _call_impl\n    return forward_call(*input, **kwargs)\n", "step": null, "ts": 1653392473.9589512}]}, "version": 31}
{"obj": {"type": "LogStrings", "path": ["monitoring", "traceback"], "values": [{"value": "  File \"/home/resifis/anaconda3/envs/kaustenv/lib/python3.10/site-packages/models/forecastors/mulit_encoder_unet/unet_utils.py\", line 24, in forward\n    return self.double_conv(x)\n", "step": null, "ts": 1653392473.9589512}, {"value": "  File \"/home/resifis/anaconda3/envs/kaustenv/lib/python3.10/site-packages/torch/nn/modules/module.py\", line 1110, in _call_impl\n    return forward_call(*input, **kwargs)\n", "step": null, "ts": 1653392473.9589512}, {"value": "  File \"/home/resifis/anaconda3/envs/kaustenv/lib/python3.10/site-packages/torch/nn/modules/container.py\", line 141, in forward\n    input = module(input)\n", "step": null, "ts": 1653392473.9589512}, {"value": "  File \"/home/resifis/anaconda3/envs/kaustenv/lib/python3.10/site-packages/torch/nn/modules/module.py\", line 1110, in _call_impl\n    return forward_call(*input, **kwargs)\n", "step": null, "ts": 1653392473.9589512}, {"value": "  File \"/home/resifis/anaconda3/envs/kaustenv/lib/python3.10/site-packages/torch/nn/modules/conv.py\", line 592, in forward\n    return self._conv_forward(input, self.weight, self.bias)\n", "step": null, "ts": 1653392473.9589512}, {"value": "  File \"/home/resifis/anaconda3/envs/kaustenv/lib/python3.10/site-packages/torch/nn/modules/conv.py\", line 587, in _conv_forward\n    return F.conv3d(\n", "step": null, "ts": 1653392473.9589512}, {"value": "Input type (torch.cuda.FloatTensor) and weight type (torch.FloatTensor) should be the same", "step": null, "ts": 1653392473.9589512}]}, "version": 32}
{"obj": {"type": "AssignBool", "path": ["sys", "failed"], "value": true}, "version": 33}
{"obj": {"type": "LogStrings", "path": ["monitoring", "stderr"], "values": [{"value": "Traceback (most recent call last):\n", "step": null, "ts": 1653392473.959204}]}, "version": 34}
{"obj": {"type": "LogStrings", "path": ["monitoring", "stderr"], "values": [{"value": "  File \"/home/resifis/Desktop/kaustcode/Packages/models/src/models/train_multienc.py\", line 111, in <module>\n", "step": null, "ts": 1653392473.9592626}]}, "version": 35}
{"obj": {"type": "LogStrings", "path": ["monitoring", "stderr"], "values": [{"value": "    ", "step": null, "ts": 1653392473.959376}]}, "version": 36}
{"obj": {"type": "LogStrings", "path": ["monitoring", "stderr"], "values": [{"value": "job.fit(TrainData,ValidData)", "step": null, "ts": 1653392473.9594269}]}, "version": 37}
{"obj": {"type": "LogStrings", "path": ["monitoring", "stderr"], "values": [{"value": "\n", "step": null, "ts": 1653392473.959477}]}, "version": 38}
{"obj": {"type": "LogStrings", "path": ["monitoring", "stderr"], "values": [{"value": "  File \"/home/resifis/anaconda3/envs/kaustenv/lib/python3.10/site-packages/models/forecastors/utils/multi_encengine.py\", line 146, in fit\n", "step": null, "ts": 1653392473.959526}]}, "version": 39}
{"obj": {"type": "LogStrings", "path": ["monitoring", "stderr"], "values": [{"value": "    ", "step": null, "ts": 1653392473.959621}]}, "version": 40}
{"obj": {"type": "LogStrings", "path": ["monitoring", "stderr"], "values": [{"value": "tr_loss = self.train_fn(self.train_config.model,train_data_loader)", "step": null, "ts": 1653392473.95969}]}, "version": 41}
{"obj": {"type": "LogStrings", "path": ["monitoring", "stderr"], "values": [{"value": "\n", "step": null, "ts": 1653392473.95974}]}, "version": 42}
{"obj": {"type": "LogStrings", "path": ["monitoring", "stderr"], "values": [{"value": "  File \"/home/resifis/anaconda3/envs/kaustenv/lib/python3.10/site-packages/models/forecastors/utils/multi_encengine.py\", line 68, in train_fn\n", "step": null, "ts": 1653392473.9597895}]}, "version": 43}
{"obj": {"type": "LogStrings", "path": ["monitoring", "stderr"], "values": [{"value": "    ", "step": null, "ts": 1653392473.9598737}]}, "version": 44}
{"obj": {"type": "LogStrings", "path": ["monitoring", "stderr"], "values": [{"value": "pred_target = model(train_batch)", "step": null, "ts": 1653392473.95992}]}, "version": 45}
{"obj": {"type": "LogStrings", "path": ["monitoring", "stderr"], "values": [{"value": "\n", "step": null, "ts": 1653392473.9599829}]}, "version": 46}
{"obj": {"type": "LogStrings", "path": ["monitoring", "stderr"], "values": [{"value": "  File \"/home/resifis/anaconda3/envs/kaustenv/lib/python3.10/site-packages/torch/nn/modules/module.py\", line 1110, in _call_impl\n", "step": null, "ts": 1653392473.9600322}]}, "version": 47}
{"obj": {"type": "LogStrings", "path": ["monitoring", "stderr"], "values": [{"value": "    ", "step": null, "ts": 1653392473.9602258}]}, "version": 48}
{"obj": {"type": "LogStrings", "path": ["monitoring", "stderr"], "values": [{"value": "return forward_call(*input, **kwargs)", "step": null, "ts": 1653392473.9602768}]}, "version": 49}
{"obj": {"type": "LogStrings", "path": ["monitoring", "stderr"], "values": [{"value": "\n", "step": null, "ts": 1653392473.9603279}]}, "version": 50}
{"obj": {"type": "LogStrings", "path": ["monitoring", "stderr"], "values": [{"value": "  File \"/home/resifis/anaconda3/envs/kaustenv/lib/python3.10/site-packages/models/forecastors/mulit_encoder_unet/muti_encunet.py\", line 35, in forward\n", "step": null, "ts": 1653392473.960378}]}, "version": 51}
{"obj": {"type": "LogStrings", "path": ["monitoring", "stderr"], "values": [{"value": "    ", "step": null, "ts": 1653392473.960458}]}, "version": 52}
{"obj": {"type": "LogStrings", "path": ["monitoring", "stderr"], "values": [{"value": "x1 = self.encode_all(data_dict)", "step": null, "ts": 1653392473.960505}]}, "version": 53}
{"obj": {"type": "LogStrings", "path": ["monitoring", "stderr"], "values": [{"value": "\n", "step": null, "ts": 1653392473.960553}]}, "version": 54}
{"obj": {"type": "LogStrings", "path": ["monitoring", "stderr"], "values": [{"value": "  File \"/home/resifis/anaconda3/envs/kaustenv/lib/python3.10/site-packages/models/forecastors/mulit_encoder_unet/muti_encunet.py\", line 30, in encode_all\n", "step": null, "ts": 1653392473.9606018}]}, "version": 55}
{"obj": {"type": "LogStrings", "path": ["monitoring", "stderr"], "values": [{"value": "    ", "step": null, "ts": 1653392473.9606786}]}, "version": 56}
{"obj": {"type": "LogStrings", "path": ["monitoring", "stderr"], "values": [{"value": "list_enc.append(layer(data_dict[key]))", "step": null, "ts": 1653392473.9607246}]}, "version": 57}
{"obj": {"type": "LogStrings", "path": ["monitoring", "stderr"], "values": [{"value": "\n", "step": null, "ts": 1653392473.960772}]}, "version": 58}
{"obj": {"type": "LogStrings", "path": ["monitoring", "stderr"], "values": [{"value": "  File \"/home/resifis/anaconda3/envs/kaustenv/lib/python3.10/site-packages/torch/nn/modules/module.py\", line 1110, in _call_impl\n", "step": null, "ts": 1653392473.9608212}]}, "version": 59}
{"obj": {"type": "LogStrings", "path": ["monitoring", "stderr"], "values": [{"value": "    ", "step": null, "ts": 1653392473.961024}]}, "version": 60}
{"obj": {"type": "LogStrings", "path": ["monitoring", "stderr"], "values": [{"value": "return forward_call(*input, **kwargs)", "step": null, "ts": 1653392473.9610765}]}, "version": 61}
{"obj": {"type": "LogStrings", "path": ["monitoring", "stderr"], "values": [{"value": "\n", "step": null, "ts": 1653392473.961126}]}, "version": 62}
{"obj": {"type": "LogStrings", "path": ["monitoring", "stderr"], "values": [{"value": "  File \"/home/resifis/anaconda3/envs/kaustenv/lib/python3.10/site-packages/models/forecastors/mulit_encoder_unet/unet_utils.py\", line 24, in forward\n", "step": null, "ts": 1653392473.9611766}]}, "version": 63}
{"obj": {"type": "LogStrings", "path": ["monitoring", "stderr"], "values": [{"value": "    ", "step": null, "ts": 1653392473.9612541}]}, "version": 64}
{"obj": {"type": "LogStrings", "path": ["monitoring", "stderr"], "values": [{"value": "return self.double_conv(x)", "step": null, "ts": 1653392473.9613004}]}, "version": 65}
{"obj": {"type": "LogStrings", "path": ["monitoring", "stderr"], "values": [{"value": "\n", "step": null, "ts": 1653392473.961348}]}, "version": 66}
{"obj": {"type": "LogStrings", "path": ["monitoring", "stderr"], "values": [{"value": "  File \"/home/resifis/anaconda3/envs/kaustenv/lib/python3.10/site-packages/torch/nn/modules/module.py\", line 1110, in _call_impl\n", "step": null, "ts": 1653392473.9613965}]}, "version": 67}
{"obj": {"type": "LogStrings", "path": ["monitoring", "stderr"], "values": [{"value": "    ", "step": null, "ts": 1653392473.9615836}]}, "version": 68}
{"obj": {"type": "LogStrings", "path": ["monitoring", "stderr"], "values": [{"value": "return forward_call(*input, **kwargs)", "step": null, "ts": 1653392473.9616337}]}, "version": 69}
{"obj": {"type": "LogStrings", "path": ["monitoring", "stderr"], "values": [{"value": "\n", "step": null, "ts": 1653392473.9616838}]}, "version": 70}
{"obj": {"type": "LogStrings", "path": ["monitoring", "stderr"], "values": [{"value": "  File \"/home/resifis/anaconda3/envs/kaustenv/lib/python3.10/site-packages/torch/nn/modules/container.py\", line 141, in forward\n", "step": null, "ts": 1653392473.961733}]}, "version": 71}
{"obj": {"type": "LogStrings", "path": ["monitoring", "stderr"], "values": [{"value": "    ", "step": null, "ts": 1653392473.9618266}]}, "version": 72}
{"obj": {"type": "LogStrings", "path": ["monitoring", "stderr"], "values": [{"value": "input = module(input)", "step": null, "ts": 1653392473.961874}]}, "version": 73}
{"obj": {"type": "LogStrings", "path": ["monitoring", "stderr"], "values": [{"value": "\n", "step": null, "ts": 1653392473.961923}]}, "version": 74}
{"obj": {"type": "LogStrings", "path": ["monitoring", "stderr"], "values": [{"value": "  File \"/home/resifis/anaconda3/envs/kaustenv/lib/python3.10/site-packages/torch/nn/modules/module.py\", line 1110, in _call_impl\n", "step": null, "ts": 1653392473.9619722}]}, "version": 75}
{"obj": {"type": "LogStrings", "path": ["monitoring", "stderr"], "values": [{"value": "    ", "step": null, "ts": 1653392473.9621665}]}, "version": 76}
{"obj": {"type": "LogStrings", "path": ["monitoring", "stderr"], "values": [{"value": "return forward_call(*input, **kwargs)", "step": null, "ts": 1653392473.9622238}]}, "version": 77}
{"obj": {"type": "LogStrings", "path": ["monitoring", "stderr"], "values": [{"value": "\n", "step": null, "ts": 1653392473.9622695}]}, "version": 78}
{"obj": {"type": "LogStrings", "path": ["monitoring", "stderr"], "values": [{"value": "  File \"/home/resifis/anaconda3/envs/kaustenv/lib/python3.10/site-packages/torch/nn/modules/conv.py\", line 592, in forward\n", "step": null, "ts": 1653392473.9623153}]}, "version": 79}
{"obj": {"type": "LogStrings", "path": ["monitoring", "stderr"], "values": [{"value": "    ", "step": null, "ts": 1653392473.9624927}]}, "version": 80}
{"obj": {"type": "LogStrings", "path": ["monitoring", "stderr"], "values": [{"value": "return self._conv_forward(input, self.weight, self.bias)", "step": null, "ts": 1653392473.962546}]}, "version": 81}
{"obj": {"type": "LogStrings", "path": ["monitoring", "stderr"], "values": [{"value": "\n", "step": null, "ts": 1653392473.9625933}]}, "version": 82}
{"obj": {"type": "LogStrings", "path": ["monitoring", "stderr"], "values": [{"value": "  File \"/home/resifis/anaconda3/envs/kaustenv/lib/python3.10/site-packages/torch/nn/modules/conv.py\", line 587, in _conv_forward\n", "step": null, "ts": 1653392473.9626534}]}, "version": 83}
{"obj": {"type": "LogStrings", "path": ["monitoring", "stderr"], "values": [{"value": "    ", "step": null, "ts": 1653392473.9628122}]}, "version": 84}
{"obj": {"type": "LogStrings", "path": ["monitoring", "stderr"], "values": [{"value": "return F.conv3d(", "step": null, "ts": 1653392473.9628603}]}, "version": 85}
{"obj": {"type": "LogStrings", "path": ["monitoring", "stderr"], "values": [{"value": "\n", "step": null, "ts": 1653392473.9629085}]}, "version": 86}
{"obj": {"type": "LogStrings", "path": ["monitoring", "stderr"], "values": [{"value": "RuntimeError", "step": null, "ts": 1653392473.9629557}]}, "version": 87}
{"obj": {"type": "LogStrings", "path": ["monitoring", "stderr"], "values": [{"value": ": ", "step": null, "ts": 1653392473.9629962}]}, "version": 88}
{"obj": {"type": "LogStrings", "path": ["monitoring", "stderr"], "values": [{"value": "Input type (torch.cuda.FloatTensor) and weight type (torch.FloatTensor) should be the same", "step": null, "ts": 1653392473.9630358}]}, "version": 89}
{"obj": {"type": "LogStrings", "path": ["monitoring", "stderr"], "values": [{"value": "\n", "step": null, "ts": 1653392473.9630811}]}, "version": 90}
{"obj": {"type": "LogStrings", "path": ["monitoring", "stdout"], "values": [{"value": "", "step": null, "ts": 1653392473.9632628}]}, "version": 91}
{"obj": {"type": "LogStrings", "path": ["monitoring", "stdout"], "values": [{"value": "Shutting down background jobs, please wait a moment...\n", "step": null, "ts": 1653392473.963347}]}, "version": 92}
