{"obj": {"type": "AssignString", "path": ["sys", "name"], "value": "Untitled"}, "version": 1}
{"obj": {"type": "AssignString", "path": ["sys", "description"], "value": ""}, "version": 2}
{"obj": {"type": "AssignString", "path": ["sys", "hostname"], "value": "KW60717"}, "version": 3}
{"obj": {"type": "AssignBool", "path": ["sys", "failed"], "value": false}, "version": 4}
{"obj": {"type": "ClearStringLog", "path": ["monitoring", "stdout"]}, "version": 5}
{"obj": {"type": "ClearStringLog", "path": ["monitoring", "stderr"]}, "version": 6}
{"obj": {"type": "AssignString", "path": ["source_code", "entrypoint"], "value": "train.py"}, "version": 7}
{"obj": {"type": "UploadFileSet", "path": ["source_code", "files"], "file_globs": ["/home/resifis/Desktop/kaustcode/Packages/models/src/models/train.py"], "reset": "False"}, "version": 8}
{"obj": {"type": "ConfigFloatSeries", "path": ["monitoring", "cpu"], "min": 0.0, "max": 100.0, "unit": "%"}, "version": 9}
{"obj": {"type": "ClearFloatLog", "path": ["monitoring", "cpu"]}, "version": 10}
{"obj": {"type": "ConfigFloatSeries", "path": ["monitoring", "memory"], "min": 0.0, "max": 251.55138397216797, "unit": "GB"}, "version": 11}
{"obj": {"type": "ClearFloatLog", "path": ["monitoring", "memory"]}, "version": 12}
{"obj": {"type": "ConfigFloatSeries", "path": ["monitoring", "gpu_0"], "min": 0.0, "max": 100.0, "unit": "%"}, "version": 13}
{"obj": {"type": "ClearFloatLog", "path": ["monitoring", "gpu_0"]}, "version": 14}
{"obj": {"type": "ConfigFloatSeries", "path": ["monitoring", "gpu_1"], "min": 0.0, "max": 100.0, "unit": "%"}, "version": 15}
{"obj": {"type": "ClearFloatLog", "path": ["monitoring", "gpu_1"]}, "version": 16}
{"obj": {"type": "ConfigFloatSeries", "path": ["monitoring", "gpu_memory_0"], "min": 0.0, "max": 23.69952392578125, "unit": "GB"}, "version": 17}
{"obj": {"type": "ClearFloatLog", "path": ["monitoring", "gpu_memory_0"]}, "version": 18}
{"obj": {"type": "ConfigFloatSeries", "path": ["monitoring", "gpu_memory_1"], "min": 0.0, "max": 23.69952392578125, "unit": "GB"}, "version": 19}
{"obj": {"type": "ClearFloatLog", "path": ["monitoring", "gpu_memory_1"]}, "version": 20}
{"obj": {"type": "LogStrings", "path": ["monitoring", "stdout"], "values": [{"value": ".........EPOCH 0........", "step": null, "ts": 1650145750.0382714}]}, "version": 21}
{"obj": {"type": "LogStrings", "path": ["monitoring", "stdout"], "values": [{"value": "\n", "step": null, "ts": 1650145750.0391517}]}, "version": 22}
{"obj": {"type": "LogStrings", "path": ["monitoring", "stderr"], "values": [{"value": "\r  0%|                                                       | 0/500 [00:00<?, ?it/s]", "step": null, "ts": 1650145750.043678}]}, "version": 23}
{"obj": {"type": "LogFloats", "path": ["monitoring", "cpu"], "values": [{"value": 3.1, "step": null, "ts": 1650145750.0284216}]}, "version": 24}
{"obj": {"type": "LogFloats", "path": ["monitoring", "memory"], "values": [{"value": 9.823200225830078, "step": null, "ts": 1650145750.0284216}]}, "version": 25}
{"obj": {"type": "LogFloats", "path": ["monitoring", "gpu_memory_0"], "values": [{"value": 0.5947265625, "step": null, "ts": 1650145750.0284216}]}, "version": 26}
{"obj": {"type": "LogFloats", "path": ["monitoring", "gpu_memory_1"], "values": [{"value": 1.853759765625, "step": null, "ts": 1650145750.0284216}]}, "version": 27}
{"obj": {"type": "LogFloats", "path": ["monitoring", "cpu"], "values": [{"value": 20.1, "step": null, "ts": 1650145760.045694}]}, "version": 28}
{"obj": {"type": "LogFloats", "path": ["monitoring", "memory"], "values": [{"value": 10.839374542236328, "step": null, "ts": 1650145760.045694}]}, "version": 29}
{"obj": {"type": "LogFloats", "path": ["monitoring", "gpu_0"], "values": [{"value": 14.0, "step": null, "ts": 1650145760.045694}]}, "version": 30}
{"obj": {"type": "LogFloats", "path": ["monitoring", "gpu_1"], "values": [{"value": 98.0, "step": null, "ts": 1650145760.045694}]}, "version": 31}
{"obj": {"type": "LogFloats", "path": ["monitoring", "gpu_memory_0"], "values": [{"value": 0.59954833984375, "step": null, "ts": 1650145760.045694}]}, "version": 32}
{"obj": {"type": "LogFloats", "path": ["monitoring", "gpu_memory_1"], "values": [{"value": 20.199462890625, "step": null, "ts": 1650145760.045694}]}, "version": 33}
{"obj": {"type": "LogStrings", "path": ["monitoring", "stderr"], "values": [{"value": "\r  0%|                             | 0/500 [00:12<?, ?it/s, Batch_number=0, Loss=671]", "step": null, "ts": 1650145762.5106893}]}, "version": 34}
{"obj": {"type": "LogStrings", "path": ["monitoring", "stderr"], "values": [{"value": "\r  0%|                   | 1/500 [00:12<1:43:40, 12.47s/it, Batch_number=0, Loss=671]", "step": null, "ts": 1650145762.5110924}]}, "version": 35}
{"obj": {"type": "LogStrings", "path": ["monitoring", "stderr"], "values": [{"value": "\r  0%|                   | 1/500 [00:14<1:43:40, 12.47s/it, Batch_number=1, Loss=580]", "step": null, "ts": 1650145764.463052}]}, "version": 36}
{"obj": {"type": "LogStrings", "path": ["monitoring", "stderr"], "values": [{"value": "\r  0%|                     | 2/500 [00:14<52:08,  6.28s/it, Batch_number=1, Loss=580]", "step": null, "ts": 1650145764.4633045}]}, "version": 37}
{"obj": {"type": "LogStrings", "path": ["monitoring", "stderr"], "values": [{"value": "\r  0%|                     | 2/500 [00:16<52:08,  6.28s/it, Batch_number=2, Loss=538]", "step": null, "ts": 1650145766.161684}]}, "version": 38}
{"obj": {"type": "LogStrings", "path": ["monitoring", "stderr"], "values": [{"value": "\r  1%|\u258f                    | 3/500 [00:16<34:41,  4.19s/it, Batch_number=2, Loss=538]", "step": null, "ts": 1650145766.1619468}]}, "version": 39}
{"obj": {"type": "LogStrings", "path": ["monitoring", "stderr"], "values": [{"value": "\r  1%|\u258f                    | 3/500 [00:17<34:41,  4.19s/it, Batch_number=3, Loss=584]", "step": null, "ts": 1650145767.8665044}]}, "version": 40}
{"obj": {"type": "LogStrings", "path": ["monitoring", "stderr"], "values": [{"value": "\r  1%|\u258f                    | 4/500 [00:17<26:31,  3.21s/it, Batch_number=3, Loss=584]", "step": null, "ts": 1650145767.8669262}]}, "version": 41}
{"obj": {"type": "LogStrings", "path": ["monitoring", "stderr"], "values": [{"value": "\r  1%|\u258f                    | 4/500 [00:19<26:31,  3.21s/it, Batch_number=4, Loss=590]", "step": null, "ts": 1650145769.6254325}]}, "version": 42}
{"obj": {"type": "LogStrings", "path": ["monitoring", "stderr"], "values": [{"value": "\r  1%|\u258f                    | 5/500 [00:19<22:09,  2.69s/it, Batch_number=4, Loss=590]", "step": null, "ts": 1650145769.6258416}]}, "version": 43}
{"obj": {"type": "LogFloats", "path": ["monitoring", "cpu"], "values": [{"value": 21.2, "step": null, "ts": 1650145770.0505936}]}, "version": 44}
{"obj": {"type": "LogFloats", "path": ["monitoring", "memory"], "values": [{"value": 11.075042724609375, "step": null, "ts": 1650145770.0505936}]}, "version": 45}
{"obj": {"type": "LogFloats", "path": ["monitoring", "gpu_0"], "values": [{"value": 15.0, "step": null, "ts": 1650145770.0505936}]}, "version": 46}
{"obj": {"type": "LogFloats", "path": ["monitoring", "gpu_1"], "values": [{"value": 8.0, "step": null, "ts": 1650145770.0505936}]}, "version": 47}
{"obj": {"type": "LogFloats", "path": ["monitoring", "gpu_memory_0"], "values": [{"value": 0.59515380859375, "step": null, "ts": 1650145770.0505936}]}, "version": 48}
{"obj": {"type": "LogFloats", "path": ["monitoring", "gpu_memory_1"], "values": [{"value": 23.304931640625, "step": null, "ts": 1650145770.0505936}]}, "version": 49}
{"obj": {"type": "LogStrings", "path": ["monitoring", "stderr"], "values": [{"value": "\r  1%|\u258f                    | 5/500 [00:21<22:09,  2.69s/it, Batch_number=5, Loss=607]", "step": null, "ts": 1650145771.3117528}]}, "version": 50}
{"obj": {"type": "LogStrings", "path": ["monitoring", "stderr"], "values": [{"value": "\r  1%|\u258e                    | 6/500 [00:21<19:18,  2.35s/it, Batch_number=5, Loss=607]", "step": null, "ts": 1650145771.312952}]}, "version": 51}
{"obj": {"type": "LogStrings", "path": ["monitoring", "stderr"], "values": [{"value": "\r  1%|\u258e                    | 6/500 [00:22<19:18,  2.35s/it, Batch_number=6, Loss=613]", "step": null, "ts": 1650145773.015591}]}, "version": 52}
{"obj": {"type": "LogStrings", "path": ["monitoring", "stderr"], "values": [{"value": "\r  1%|\u258e                    | 7/500 [00:22<17:33,  2.14s/it, Batch_number=6, Loss=613]", "step": null, "ts": 1650145773.0158348}]}, "version": 53}
{"obj": {"type": "LogStrings", "path": ["monitoring", "stderr"], "values": [{"value": "\r  1%|\u258e                    | 7/500 [00:24<17:33,  2.14s/it, Batch_number=7, Loss=593]", "step": null, "ts": 1650145774.693152}]}, "version": 54}
{"obj": {"type": "LogStrings", "path": ["monitoring", "stderr"], "values": [{"value": "\r  2%|\u258e                    | 8/500 [00:24<16:19,  1.99s/it, Batch_number=7, Loss=593]", "step": null, "ts": 1650145774.6937757}]}, "version": 55}
{"obj": {"type": "LogStrings", "path": ["monitoring", "stderr"], "values": [{"value": "\r  2%|\u258e                    | 8/500 [00:26<16:19,  1.99s/it, Batch_number=8, Loss=581]", "step": null, "ts": 1650145776.544756}]}, "version": 56}
{"obj": {"type": "LogStrings", "path": ["monitoring", "stderr"], "values": [{"value": "\r  2%|\u258d                    | 9/500 [00:26<15:55,  1.95s/it, Batch_number=8, Loss=581]", "step": null, "ts": 1650145776.545197}]}, "version": 57}
{"obj": {"type": "LogStrings", "path": ["monitoring", "stderr"], "values": [{"value": "\r  2%|\u258d                    | 9/500 [00:28<15:55,  1.95s/it, Batch_number=9, Loss=590]", "step": null, "ts": 1650145778.4258666}]}, "version": 58}
{"obj": {"type": "LogStrings", "path": ["monitoring", "stderr"], "values": [{"value": "\r  2%|\u258d                   | 10/500 [00:28<15:43,  1.93s/it, Batch_number=9, Loss=590]", "step": null, "ts": 1650145778.4262266}]}, "version": 59}
{"obj": {"type": "LogFloats", "path": ["monitoring", "cpu"], "values": [{"value": 25.5, "step": null, "ts": 1650145780.0547278}]}, "version": 60}
{"obj": {"type": "LogFloats", "path": ["monitoring", "memory"], "values": [{"value": 10.904682159423828, "step": null, "ts": 1650145780.0547278}]}, "version": 61}
{"obj": {"type": "LogFloats", "path": ["monitoring", "gpu_0"], "values": [{"value": 30.0, "step": null, "ts": 1650145780.0547278}]}, "version": 62}
{"obj": {"type": "LogFloats", "path": ["monitoring", "gpu_1"], "values": [{"value": 100.0, "step": null, "ts": 1650145780.0547278}]}, "version": 63}
{"obj": {"type": "LogFloats", "path": ["monitoring", "gpu_memory_0"], "values": [{"value": 0.62176513671875, "step": null, "ts": 1650145780.0547278}]}, "version": 64}
{"obj": {"type": "LogFloats", "path": ["monitoring", "gpu_memory_1"], "values": [{"value": 23.304931640625, "step": null, "ts": 1650145780.0547278}]}, "version": 65}
{"obj": {"type": "LogStrings", "path": ["monitoring", "stderr"], "values": [{"value": "\r  2%|\u258d                  | 10/500 [00:30<15:43,  1.93s/it, Batch_number=10, Loss=603]", "step": null, "ts": 1650145780.186658}]}, "version": 66}
{"obj": {"type": "LogStrings", "path": ["monitoring", "stderr"], "values": [{"value": "\r  2%|\u258d                  | 11/500 [00:30<15:17,  1.88s/it, Batch_number=10, Loss=603]", "step": null, "ts": 1650145780.1869507}]}, "version": 67}
{"obj": {"type": "LogStrings", "path": ["monitoring", "stderr"], "values": [{"value": "\r  2%|\u258d                  | 11/500 [00:31<15:17,  1.88s/it, Batch_number=11, Loss=590]", "step": null, "ts": 1650145781.9301386}]}, "version": 68}
{"obj": {"type": "LogStrings", "path": ["monitoring", "stderr"], "values": [{"value": "\r  2%|\u258d                  | 12/500 [00:31<14:55,  1.84s/it, Batch_number=11, Loss=590]", "step": null, "ts": 1650145781.930453}]}, "version": 69}
{"obj": {"type": "LogStrings", "path": ["monitoring", "stderr"], "values": [{"value": "\r  2%|\u258d                  | 12/500 [00:33<14:55,  1.84s/it, Batch_number=12, Loss=600]", "step": null, "ts": 1650145783.6647682}]}, "version": 70}
{"obj": {"type": "LogStrings", "path": ["monitoring", "stderr"], "values": [{"value": "\r  3%|\u258d                  | 13/500 [00:33<14:39,  1.80s/it, Batch_number=12, Loss=600]", "step": null, "ts": 1650145783.665083}]}, "version": 71}
{"obj": {"type": "LogStrings", "path": ["monitoring", "stderr"], "values": [{"value": "\r  3%|\u258d                  | 13/500 [00:35<14:39,  1.80s/it, Batch_number=13, Loss=595]", "step": null, "ts": 1650145785.5850801}]}, "version": 72}
{"obj": {"type": "LogStrings", "path": ["monitoring", "stderr"], "values": [{"value": "\r  3%|\u258c                  | 14/500 [00:35<14:54,  1.84s/it, Batch_number=13, Loss=595]", "step": null, "ts": 1650145785.585623}]}, "version": 73}
{"obj": {"type": "LogStrings", "path": ["monitoring", "stderr"], "values": [{"value": "\r  3%|\u258c                  | 14/500 [00:37<14:54,  1.84s/it, Batch_number=14, Loss=597]", "step": null, "ts": 1650145787.2715676}]}, "version": 74}
{"obj": {"type": "LogStrings", "path": ["monitoring", "stderr"], "values": [{"value": "\r  3%|\u258c                  | 15/500 [00:37<14:29,  1.79s/it, Batch_number=14, Loss=597]", "step": null, "ts": 1650145787.2718656}]}, "version": 75}
{"obj": {"type": "LogStrings", "path": ["monitoring", "stderr"], "values": [{"value": "\r  3%|\u258c                  | 15/500 [00:39<14:29,  1.79s/it, Batch_number=15, Loss=587]", "step": null, "ts": 1650145789.133846}]}, "version": 76}
{"obj": {"type": "LogStrings", "path": ["monitoring", "stderr"], "values": [{"value": "\r  3%|\u258c                  | 16/500 [00:39<14:38,  1.81s/it, Batch_number=15, Loss=587]", "step": null, "ts": 1650145789.134166}]}, "version": 77}
{"obj": {"type": "LogFloats", "path": ["monitoring", "cpu"], "values": [{"value": 30.8, "step": null, "ts": 1650145790.0602908}]}, "version": 78}
{"obj": {"type": "LogFloats", "path": ["monitoring", "memory"], "values": [{"value": 11.004592895507812, "step": null, "ts": 1650145790.0602908}]}, "version": 79}
{"obj": {"type": "LogFloats", "path": ["monitoring", "gpu_1"], "values": [{"value": 100.0, "step": null, "ts": 1650145790.0602908}]}, "version": 80}
{"obj": {"type": "LogFloats", "path": ["monitoring", "gpu_memory_0"], "values": [{"value": 0.61883544921875, "step": null, "ts": 1650145790.0602908}]}, "version": 81}
{"obj": {"type": "LogFloats", "path": ["monitoring", "gpu_memory_1"], "values": [{"value": 23.304931640625, "step": null, "ts": 1650145790.0602908}]}, "version": 82}
{"obj": {"type": "LogStrings", "path": ["monitoring", "stderr"], "values": [{"value": "\r  3%|\u258c                  | 16/500 [00:40<14:38,  1.81s/it, Batch_number=16, Loss=595]", "step": null, "ts": 1650145790.9846451}]}, "version": 83}
{"obj": {"type": "LogStrings", "path": ["monitoring", "stderr"], "values": [{"value": "\r  3%|\u258b                  | 17/500 [00:40<14:41,  1.83s/it, Batch_number=16, Loss=595]", "step": null, "ts": 1650145790.984921}]}, "version": 84}
{"obj": {"type": "LogStrings", "path": ["monitoring", "stderr"], "values": [{"value": "\r  3%|\u258b                  | 17/500 [00:42<14:41,  1.83s/it, Batch_number=17, Loss=600]", "step": null, "ts": 1650145792.6956615}]}, "version": 85}
{"obj": {"type": "LogStrings", "path": ["monitoring", "stderr"], "values": [{"value": "\r  4%|\u258b                  | 18/500 [00:42<14:23,  1.79s/it, Batch_number=17, Loss=600]", "step": null, "ts": 1650145792.695896}]}, "version": 86}
{"obj": {"type": "LogStrings", "path": ["monitoring", "stderr"], "values": [{"value": "\r  4%|\u258b                  | 18/500 [00:44<14:23,  1.79s/it, Batch_number=18, Loss=607]", "step": null, "ts": 1650145794.4795516}]}, "version": 87}
{"obj": {"type": "LogStrings", "path": ["monitoring", "stderr"], "values": [{"value": "\r  4%|\u258b                  | 19/500 [00:44<14:20,  1.79s/it, Batch_number=18, Loss=607]", "step": null, "ts": 1650145794.4799447}]}, "version": 88}
{"obj": {"type": "LogStrings", "path": ["monitoring", "stderr"], "values": [{"value": "\r  4%|\u258b                  | 19/500 [00:46<14:20,  1.79s/it, Batch_number=19, Loss=602]", "step": null, "ts": 1650145796.1696537}]}, "version": 89}
{"obj": {"type": "LogStrings", "path": ["monitoring", "stderr"], "values": [{"value": "\r  4%|\u258a                  | 20/500 [00:46<14:04,  1.76s/it, Batch_number=19, Loss=602]", "step": null, "ts": 1650145796.1704435}]}, "version": 90}
{"obj": {"type": "LogStrings", "path": ["monitoring", "stderr"], "values": [{"value": "\r  4%|\u258a                  | 20/500 [00:47<14:04,  1.76s/it, Batch_number=20, Loss=598]", "step": null, "ts": 1650145797.9591246}]}, "version": 91}
{"obj": {"type": "LogStrings", "path": ["monitoring", "stderr"], "values": [{"value": "\r  4%|\u258a                  | 21/500 [00:47<14:06,  1.77s/it, Batch_number=20, Loss=598]", "step": null, "ts": 1650145797.959378}]}, "version": 92}
{"obj": {"type": "LogStrings", "path": ["monitoring", "stderr"], "values": [{"value": "\r  4%|\u258a                  | 21/500 [00:49<14:06,  1.77s/it, Batch_number=21, Loss=594]", "step": null, "ts": 1650145799.6789143}]}, "version": 93}
{"obj": {"type": "LogStrings", "path": ["monitoring", "stderr"], "values": [{"value": "\r  4%|\u258a                  | 22/500 [00:49<13:58,  1.75s/it, Batch_number=21, Loss=594]", "step": null, "ts": 1650145799.6791792}]}, "version": 94}
{"obj": {"type": "LogFloats", "path": ["monitoring", "cpu"], "values": [{"value": 25.3, "step": null, "ts": 1650145800.0655932}]}, "version": 95}
{"obj": {"type": "LogFloats", "path": ["monitoring", "memory"], "values": [{"value": 10.897808074951172, "step": null, "ts": 1650145800.0655932}]}, "version": 96}
{"obj": {"type": "LogFloats", "path": ["monitoring", "gpu_memory_0"], "values": [{"value": 0.59881591796875, "step": null, "ts": 1650145800.0655932}]}, "version": 97}
{"obj": {"type": "LogFloats", "path": ["monitoring", "gpu_memory_1"], "values": [{"value": 23.304931640625, "step": null, "ts": 1650145800.0655932}]}, "version": 98}
{"obj": {"type": "LogStrings", "path": ["monitoring", "stderr"], "values": [{"value": "\r  4%|\u258a                  | 22/500 [00:51<13:58,  1.75s/it, Batch_number=22, Loss=596]", "step": null, "ts": 1650145801.4066105}]}, "version": 99}
{"obj": {"type": "LogStrings", "path": ["monitoring", "stderr"], "values": [{"value": "\r  5%|\u258a                  | 23/500 [00:51<13:52,  1.75s/it, Batch_number=22, Loss=596]", "step": null, "ts": 1650145801.4068584}]}, "version": 100}
{"obj": {"type": "LogStrings", "path": ["monitoring", "stderr"], "values": [{"value": "\r  5%|\u258a                  | 23/500 [00:53<13:52,  1.75s/it, Batch_number=23, Loss=599]", "step": null, "ts": 1650145803.1262822}]}, "version": 101}
{"obj": {"type": "LogStrings", "path": ["monitoring", "stderr"], "values": [{"value": "\r  5%|\u2589                  | 24/500 [00:53<13:47,  1.74s/it, Batch_number=23, Loss=599]", "step": null, "ts": 1650145803.126646}]}, "version": 102}
{"obj": {"type": "LogStrings", "path": ["monitoring", "stderr"], "values": [{"value": "\r  5%|\u2589                  | 24/500 [00:54<13:47,  1.74s/it, Batch_number=24, Loss=602]", "step": null, "ts": 1650145804.823776}]}, "version": 103}
{"obj": {"type": "LogStrings", "path": ["monitoring", "stderr"], "values": [{"value": "\r  5%|\u2589                  | 25/500 [00:54<13:39,  1.73s/it, Batch_number=24, Loss=602]", "step": null, "ts": 1650145804.8240876}]}, "version": 104}
{"obj": {"type": "LogStrings", "path": ["monitoring", "stderr"], "values": [{"value": "\r  5%|\u2589                  | 25/500 [00:56<13:39,  1.73s/it, Batch_number=25, Loss=599]", "step": null, "ts": 1650145806.5233874}]}, "version": 105}
{"obj": {"type": "LogStrings", "path": ["monitoring", "stderr"], "values": [{"value": "\r  5%|\u2589                  | 26/500 [00:56<13:34,  1.72s/it, Batch_number=25, Loss=599]", "step": null, "ts": 1650145806.5236976}]}, "version": 106}
{"obj": {"type": "LogStrings", "path": ["monitoring", "stderr"], "values": [{"value": "\r  5%|\u2589                  | 26/500 [00:58<13:34,  1.72s/it, Batch_number=26, Loss=601]", "step": null, "ts": 1650145808.2836132}]}, "version": 107}
{"obj": {"type": "LogStrings", "path": ["monitoring", "stderr"], "values": [{"value": "\r  5%|\u2588                  | 27/500 [00:58<13:38,  1.73s/it, Batch_number=26, Loss=601]", "step": null, "ts": 1650145808.2839108}]}, "version": 108}
{"obj": {"type": "LogStrings", "path": ["monitoring", "stderr"], "values": [{"value": "\r  5%|\u2588                  | 27/500 [00:59<13:38,  1.73s/it, Batch_number=27, Loss=604]", "step": null, "ts": 1650145810.0104764}]}, "version": 109}
{"obj": {"type": "LogStrings", "path": ["monitoring", "stderr"], "values": [{"value": "\r  6%|\u2588                  | 28/500 [00:59<13:36,  1.73s/it, Batch_number=27, Loss=604]", "step": null, "ts": 1650145810.0107803}]}, "version": 110}
{"obj": {"type": "LogFloats", "path": ["monitoring", "cpu"], "values": [{"value": 21.7, "step": null, "ts": 1650145810.0683022}]}, "version": 111}
{"obj": {"type": "LogFloats", "path": ["monitoring", "memory"], "values": [{"value": 10.980098724365234, "step": null, "ts": 1650145810.0683022}]}, "version": 112}
{"obj": {"type": "LogFloats", "path": ["monitoring", "gpu_0"], "values": [{"value": 4.0, "step": null, "ts": 1650145810.0683022}]}, "version": 113}
{"obj": {"type": "LogFloats", "path": ["monitoring", "gpu_1"], "values": [{"value": 100.0, "step": null, "ts": 1650145810.0683022}]}, "version": 114}
{"obj": {"type": "LogFloats", "path": ["monitoring", "gpu_memory_0"], "values": [{"value": 0.59881591796875, "step": null, "ts": 1650145810.0683022}]}, "version": 115}
{"obj": {"type": "LogFloats", "path": ["monitoring", "gpu_memory_1"], "values": [{"value": 23.304931640625, "step": null, "ts": 1650145810.0683022}]}, "version": 116}
{"obj": {"type": "LogStrings", "path": ["monitoring", "stderr"], "values": [{"value": "\r  6%|\u2588                  | 28/500 [01:01<13:36,  1.73s/it, Batch_number=28, Loss=605]", "step": null, "ts": 1650145811.7801528}]}, "version": 117}
{"obj": {"type": "LogStrings", "path": ["monitoring", "stderr"], "values": [{"value": "\r  6%|\u2588                  | 29/500 [01:01<13:40,  1.74s/it, Batch_number=28, Loss=605]", "step": null, "ts": 1650145811.7804554}]}, "version": 118}
{"obj": {"type": "LogStrings", "path": ["monitoring", "stderr"], "values": [{"value": "\r  6%|\u2588                  | 29/500 [01:03<13:40,  1.74s/it, Batch_number=29, Loss=607]", "step": null, "ts": 1650145813.4755082}]}, "version": 119}
{"obj": {"type": "LogStrings", "path": ["monitoring", "stderr"], "values": [{"value": "\r  6%|\u2588\u258f                 | 30/500 [01:03<13:32,  1.73s/it, Batch_number=29, Loss=607]", "step": null, "ts": 1650145813.4758058}]}, "version": 120}
{"obj": {"type": "LogStrings", "path": ["monitoring", "stderr"], "values": [{"value": "\r  6%|\u2588\u258f                 | 30/500 [01:05<13:32,  1.73s/it, Batch_number=30, Loss=613]", "step": null, "ts": 1650145815.2020938}]}, "version": 121}
{"obj": {"type": "LogStrings", "path": ["monitoring", "stderr"], "values": [{"value": "\r  6%|\u2588\u258f                 | 31/500 [01:05<13:30,  1.73s/it, Batch_number=30, Loss=613]", "step": null, "ts": 1650145815.2027516}]}, "version": 122}
{"obj": {"type": "LogStrings", "path": ["monitoring", "stderr"], "values": [{"value": "\r  6%|\u2588\u258f                 | 31/500 [01:06<13:30,  1.73s/it, Batch_number=31, Loss=614]", "step": null, "ts": 1650145816.884044}]}, "version": 123}
{"obj": {"type": "LogStrings", "path": ["monitoring", "stderr"], "values": [{"value": "\r  6%|\u2588\u258f                 | 32/500 [01:06<13:22,  1.71s/it, Batch_number=31, Loss=614]", "step": null, "ts": 1650145816.8843248}]}, "version": 124}
{"obj": {"type": "LogStrings", "path": ["monitoring", "stderr"], "values": [{"value": "\r  6%|\u2588\u258f                 | 32/500 [01:08<13:22,  1.71s/it, Batch_number=32, Loss=619]", "step": null, "ts": 1650145818.602182}]}, "version": 125}
{"obj": {"type": "LogStrings", "path": ["monitoring", "stderr"], "values": [{"value": "\r  7%|\u2588\u258e                 | 33/500 [01:08<13:20,  1.72s/it, Batch_number=32, Loss=619]", "step": null, "ts": 1650145818.6024783}]}, "version": 126}
{"obj": {"type": "LogFloats", "path": ["monitoring", "cpu"], "values": [{"value": 24.2, "step": null, "ts": 1650145820.0712564}]}, "version": 127}
{"obj": {"type": "LogFloats", "path": ["monitoring", "memory"], "values": [{"value": 10.955242156982422, "step": null, "ts": 1650145820.0712564}]}, "version": 128}
{"obj": {"type": "LogFloats", "path": ["monitoring", "gpu_0"], "values": [{"value": 50.0, "step": null, "ts": 1650145820.0712564}]}, "version": 129}
{"obj": {"type": "LogFloats", "path": ["monitoring", "gpu_1"], "values": [{"value": 100.0, "step": null, "ts": 1650145820.0712564}]}, "version": 130}
{"obj": {"type": "LogFloats", "path": ["monitoring", "gpu_memory_0"], "values": [{"value": 0.599853515625, "step": null, "ts": 1650145820.0712564}]}, "version": 131}
{"obj": {"type": "LogFloats", "path": ["monitoring", "gpu_memory_1"], "values": [{"value": 23.304931640625, "step": null, "ts": 1650145820.0712564}]}, "version": 132}
{"obj": {"type": "LogStrings", "path": ["monitoring", "stderr"], "values": [{"value": "\r  7%|\u2588\u258e                 | 33/500 [01:10<13:20,  1.72s/it, Batch_number=33, Loss=621]", "step": null, "ts": 1650145820.3003216}]}, "version": 133}
{"obj": {"type": "LogStrings", "path": ["monitoring", "stderr"], "values": [{"value": "\r  7%|\u2588\u258e                 | 34/500 [01:10<13:16,  1.71s/it, Batch_number=33, Loss=621]", "step": null, "ts": 1650145820.300608}]}, "version": 134}
{"obj": {"type": "LogStrings", "path": ["monitoring", "stderr"], "values": [{"value": "", "step": null, "ts": 1650145820.7758906}]}, "version": 135}
{"obj": {"type": "LogStrings", "path": ["monitoring", "stderr"], "values": [{"value": "\r  7%|\u2588\u258e                 | 34/500 [01:10<16:09,  2.08s/it, Batch_number=33, Loss=621]", "step": null, "ts": 1650145820.7762618}]}, "version": 136}
{"obj": {"type": "LogStrings", "path": ["monitoring", "stderr"], "values": [{"value": "\n", "step": null, "ts": 1650145820.7763612}]}, "version": 137}
{"obj": {"type": "LogStrings", "path": ["monitoring", "traceback"], "values": [{"value": "An uncaught exception occurred while run was active on worker KW60717.", "step": null, "ts": 1650145820.7771833}, {"value": "Marking run as failed", "step": null, "ts": 1650145820.7771833}, {"value": "Traceback:", "step": null, "ts": 1650145820.7771833}, {"value": "  File \"/home/resifis/Desktop/kaustcode/Packages/models/src/models/train.py\", line 99, in <module>\n    job.fit(WRFData,WRFData)\n", "step": null, "ts": 1650145820.7771833}, {"value": "  File \"/home/resifis/anaconda3/envs/kaustenv/lib/python3.9/site-packages/models/forecastors/utils/simple_engine.py\", line 164, in fit\n    tr_loss = self.train_fn(self.train_config.model,train_data_loader,sparse)\n", "step": null, "ts": 1650145820.7771833}, {"value": "  File \"/home/resifis/anaconda3/envs/kaustenv/lib/python3.9/site-packages/models/forecastors/utils/simple_engine.py\", line 92, in train_fn\n    self.train_config.optimizer.step()\n", "step": null, "ts": 1650145820.7771833}, {"value": "  File \"/home/resifis/anaconda3/envs/kaustenv/lib/python3.9/site-packages/torch/optim/optimizer.py\", line 88, in wrapper\n    return func(*args, **kwargs)\n", "step": null, "ts": 1650145820.7771833}, {"value": "  File \"/home/resifis/anaconda3/envs/kaustenv/lib/python3.9/site-packages/torch/autograd/grad_mode.py\", line 27, in decorate_context\n    return func(*args, **kwargs)\n", "step": null, "ts": 1650145820.7771833}, {"value": "  File \"/home/resifis/anaconda3/envs/kaustenv/lib/python3.9/site-packages/torch/optim/adamw.py\", line 145, in step\n    F.adamw(params_with_grad,\n", "step": null, "ts": 1650145820.7771833}, {"value": "  File \"/home/resifis/anaconda3/envs/kaustenv/lib/python3.9/site-packages/torch/optim/_functional.py\", line 143, in adamw\n    exp_avg.mul_(beta1).add_(grad, alpha=1 - beta1)\n", "step": null, "ts": 1650145820.7771833}]}, "version": 138}
{"obj": {"type": "LogStrings", "path": ["monitoring", "traceback"], "values": [{"value": "", "step": null, "ts": 1650145820.7771833}]}, "version": 139}
{"obj": {"type": "AssignBool", "path": ["sys", "failed"], "value": true}, "version": 140}
{"obj": {"type": "LogStrings", "path": ["monitoring", "stderr"], "values": [{"value": "Traceback (most recent call last):\n", "step": null, "ts": 1650145820.7774549}]}, "version": 141}
{"obj": {"type": "LogStrings", "path": ["monitoring", "stderr"], "values": [{"value": "  File \"/home/resifis/Desktop/kaustcode/Packages/models/src/models/train.py\", line 99, in <module>\n", "step": null, "ts": 1650145820.7775207}]}, "version": 142}
{"obj": {"type": "LogStrings", "path": ["monitoring", "stderr"], "values": [{"value": "    ", "step": null, "ts": 1650145820.7776535}]}, "version": 143}
{"obj": {"type": "LogStrings", "path": ["monitoring", "stderr"], "values": [{"value": "job.fit(WRFData,WRFData)", "step": null, "ts": 1650145820.7777057}]}, "version": 144}
{"obj": {"type": "LogStrings", "path": ["monitoring", "stderr"], "values": [{"value": "\n", "step": null, "ts": 1650145820.777757}]}, "version": 145}
{"obj": {"type": "LogStrings", "path": ["monitoring", "stderr"], "values": [{"value": "  File \"/home/resifis/anaconda3/envs/kaustenv/lib/python3.9/site-packages/models/forecastors/utils/simple_engine.py\", line 164, in fit\n", "step": null, "ts": 1650145820.7778091}]}, "version": 146}
{"obj": {"type": "LogStrings", "path": ["monitoring", "stderr"], "values": [{"value": "    ", "step": null, "ts": 1650145820.7779095}]}, "version": 147}
{"obj": {"type": "LogStrings", "path": ["monitoring", "stderr"], "values": [{"value": "tr_loss = self.train_fn(self.train_config.model,train_data_loader,sparse)", "step": null, "ts": 1650145820.7779584}]}, "version": 148}
{"obj": {"type": "LogStrings", "path": ["monitoring", "stderr"], "values": [{"value": "\n", "step": null, "ts": 1650145820.7780082}]}, "version": 149}
{"obj": {"type": "LogStrings", "path": ["monitoring", "stderr"], "values": [{"value": "  File \"/home/resifis/anaconda3/envs/kaustenv/lib/python3.9/site-packages/models/forecastors/utils/simple_engine.py\", line 92, in train_fn\n", "step": null, "ts": 1650145820.7780583}]}, "version": 150}
{"obj": {"type": "LogStrings", "path": ["monitoring", "stderr"], "values": [{"value": "    ", "step": null, "ts": 1650145820.7781472}]}, "version": 151}
{"obj": {"type": "LogStrings", "path": ["monitoring", "stderr"], "values": [{"value": "self.train_config.optimizer.step()", "step": null, "ts": 1650145820.778197}]}, "version": 152}
{"obj": {"type": "LogStrings", "path": ["monitoring", "stderr"], "values": [{"value": "\n", "step": null, "ts": 1650145820.7782457}]}, "version": 153}
{"obj": {"type": "LogStrings", "path": ["monitoring", "stderr"], "values": [{"value": "  File \"/home/resifis/anaconda3/envs/kaustenv/lib/python3.9/site-packages/torch/optim/optimizer.py\", line 88, in wrapper\n", "step": null, "ts": 1650145820.778295}]}, "version": 154}
{"obj": {"type": "LogStrings", "path": ["monitoring", "stderr"], "values": [{"value": "    ", "step": null, "ts": 1650145820.7783837}]}, "version": 155}
{"obj": {"type": "LogStrings", "path": ["monitoring", "stderr"], "values": [{"value": "return func(*args, **kwargs)", "step": null, "ts": 1650145820.7784307}]}, "version": 156}
{"obj": {"type": "LogStrings", "path": ["monitoring", "stderr"], "values": [{"value": "\n", "step": null, "ts": 1650145820.7784805}]}, "version": 157}
{"obj": {"type": "LogStrings", "path": ["monitoring", "stderr"], "values": [{"value": "  File \"/home/resifis/anaconda3/envs/kaustenv/lib/python3.9/site-packages/torch/autograd/grad_mode.py\", line 27, in decorate_context\n", "step": null, "ts": 1650145820.7785304}]}, "version": 158}
{"obj": {"type": "LogStrings", "path": ["monitoring", "stderr"], "values": [{"value": "    ", "step": null, "ts": 1650145820.7786083}]}, "version": 159}
{"obj": {"type": "LogStrings", "path": ["monitoring", "stderr"], "values": [{"value": "return func(*args, **kwargs)", "step": null, "ts": 1650145820.7786784}]}, "version": 160}
{"obj": {"type": "LogStrings", "path": ["monitoring", "stderr"], "values": [{"value": "\n", "step": null, "ts": 1650145820.7787287}]}, "version": 161}
{"obj": {"type": "LogStrings", "path": ["monitoring", "stderr"], "values": [{"value": "  File \"/home/resifis/anaconda3/envs/kaustenv/lib/python3.9/site-packages/torch/optim/adamw.py\", line 145, in step\n", "step": null, "ts": 1650145820.7787783}]}, "version": 162}
{"obj": {"type": "LogStrings", "path": ["monitoring", "stderr"], "values": [{"value": "    ", "step": null, "ts": 1650145820.7788684}]}, "version": 163}
{"obj": {"type": "LogStrings", "path": ["monitoring", "stderr"], "values": [{"value": "F.adamw(params_with_grad,", "step": null, "ts": 1650145820.778916}]}, "version": 164}
{"obj": {"type": "LogStrings", "path": ["monitoring", "stderr"], "values": [{"value": "\n", "step": null, "ts": 1650145820.778974}]}, "version": 165}
{"obj": {"type": "LogStrings", "path": ["monitoring", "stderr"], "values": [{"value": "  File \"/home/resifis/anaconda3/envs/kaustenv/lib/python3.9/site-packages/torch/optim/_functional.py\", line 143, in adamw\n", "step": null, "ts": 1650145820.779025}]}, "version": 166}
{"obj": {"type": "LogStrings", "path": ["monitoring", "stderr"], "values": [{"value": "    ", "step": null, "ts": 1650145820.779114}]}, "version": 167}
{"obj": {"type": "LogStrings", "path": ["monitoring", "stderr"], "values": [{"value": "exp_avg.mul_(beta1).add_(grad, alpha=1 - beta1)", "step": null, "ts": 1650145820.7791603}]}, "version": 168}
{"obj": {"type": "LogStrings", "path": ["monitoring", "stderr"], "values": [{"value": "\n", "step": null, "ts": 1650145820.7792087}]}, "version": 169}
{"obj": {"type": "LogStrings", "path": ["monitoring", "stderr"], "values": [{"value": "KeyboardInterrupt", "step": null, "ts": 1650145820.7792797}]}, "version": 170}
{"obj": {"type": "LogStrings", "path": ["monitoring", "stderr"], "values": [{"value": "", "step": null, "ts": 1650145820.7793372}]}, "version": 171}
{"obj": {"type": "LogStrings", "path": ["monitoring", "stderr"], "values": [{"value": "\n", "step": null, "ts": 1650145820.779384}]}, "version": 172}
{"obj": {"type": "LogStrings", "path": ["monitoring", "stdout"], "values": [{"value": "", "step": null, "ts": 1650145820.7797635}]}, "version": 173}
{"obj": {"type": "LogStrings", "path": ["monitoring", "stdout"], "values": [{"value": "Shutting down background jobs, please wait a moment...\n", "step": null, "ts": 1650145820.7798722}]}, "version": 174}
