{"obj": {"type": "AssignString", "path": ["sys", "name"], "value": "Untitled"}, "version": 1}
{"obj": {"type": "AssignString", "path": ["sys", "description"], "value": ""}, "version": 2}
{"obj": {"type": "AssignString", "path": ["sys", "hostname"], "value": "KW60717"}, "version": 3}
{"obj": {"type": "AssignBool", "path": ["sys", "failed"], "value": false}, "version": 4}
{"obj": {"type": "ClearStringLog", "path": ["monitoring", "stdout"]}, "version": 5}
{"obj": {"type": "ClearStringLog", "path": ["monitoring", "stderr"]}, "version": 6}
{"obj": {"type": "AssignString", "path": ["source_code", "entrypoint"], "value": "train.py"}, "version": 7}
{"obj": {"type": "UploadFileSet", "path": ["source_code", "files"], "file_globs": ["/home/resifis/Desktop/kaustcode/Packages/models/src/models/train.py"], "reset": "False"}, "version": 8}
{"obj": {"type": "ConfigFloatSeries", "path": ["monitoring", "cpu"], "min": 0.0, "max": 100.0, "unit": "%"}, "version": 9}
{"obj": {"type": "ClearFloatLog", "path": ["monitoring", "cpu"]}, "version": 10}
{"obj": {"type": "ConfigFloatSeries", "path": ["monitoring", "memory"], "min": 0.0, "max": 251.55138397216797, "unit": "GB"}, "version": 11}
{"obj": {"type": "ClearFloatLog", "path": ["monitoring", "memory"]}, "version": 12}
{"obj": {"type": "ConfigFloatSeries", "path": ["monitoring", "gpu_0"], "min": 0.0, "max": 100.0, "unit": "%"}, "version": 13}
{"obj": {"type": "ClearFloatLog", "path": ["monitoring", "gpu_0"]}, "version": 14}
{"obj": {"type": "ConfigFloatSeries", "path": ["monitoring", "gpu_1"], "min": 0.0, "max": 100.0, "unit": "%"}, "version": 15}
{"obj": {"type": "ClearFloatLog", "path": ["monitoring", "gpu_1"]}, "version": 16}
{"obj": {"type": "ConfigFloatSeries", "path": ["monitoring", "gpu_memory_0"], "min": 0.0, "max": 23.69952392578125, "unit": "GB"}, "version": 17}
{"obj": {"type": "ClearFloatLog", "path": ["monitoring", "gpu_memory_0"]}, "version": 18}
{"obj": {"type": "ConfigFloatSeries", "path": ["monitoring", "gpu_memory_1"], "min": 0.0, "max": 23.69952392578125, "unit": "GB"}, "version": 19}
{"obj": {"type": "ClearFloatLog", "path": ["monitoring", "gpu_memory_1"]}, "version": 20}
{"obj": {"type": "LogFloats", "path": ["monitoring", "cpu"], "values": [{"value": 3.2, "step": null, "ts": 1654430224.3107216}]}, "version": 21}
{"obj": {"type": "LogFloats", "path": ["monitoring", "memory"], "values": [{"value": 8.865577697753906, "step": null, "ts": 1654430224.3107216}]}, "version": 22}
{"obj": {"type": "LogFloats", "path": ["monitoring", "gpu_0"], "values": [{"value": 5.0, "step": null, "ts": 1654430224.3107216}]}, "version": 23}
{"obj": {"type": "LogFloats", "path": ["monitoring", "gpu_memory_0"], "values": [{"value": 0.54705810546875, "step": null, "ts": 1654430224.3107216}]}, "version": 24}
{"obj": {"type": "LogFloats", "path": ["monitoring", "gpu_memory_1"], "values": [{"value": 1.853759765625, "step": null, "ts": 1654430224.3107216}]}, "version": 25}
{"obj": {"type": "LogStrings", "path": ["monitoring", "stdout"], "values": [{"value": "...Upload to Neptune.ai...", "step": null, "ts": 1654430233.2535334}]}, "version": 26}
{"obj": {"type": "LogStrings", "path": ["monitoring", "stdout"], "values": [{"value": "\n", "step": null, "ts": 1654430233.253984}]}, "version": 27}
{"obj": {"type": "LogStrings", "path": ["monitoring", "traceback"], "values": [{"value": "An uncaught exception occurred while run was active on worker KW60717.", "step": null, "ts": 1654430233.3551292}, {"value": "Marking run as failed", "step": null, "ts": 1654430233.3551292}, {"value": "Traceback:", "step": null, "ts": 1654430233.3551292}, {"value": "  File \"/home/resifis/Desktop/kaustcode/Packages/models/src/models/train.py\", line 121, in <module>\n    job.fit(TrainData,ValidData)\n", "step": null, "ts": 1654430233.3551292}, {"value": "  File \"/home/resifis/anaconda3/envs/kaustenv/lib/python3.10/site-packages/models/forecastors/utils/simple_engine.py\", line 199, in fit\n    Training.test(self.train_config.model,self.train_config.device,run)\n", "step": null, "ts": 1654430233.3551292}, {"value": "  File \"/home/resifis/anaconda3/envs/kaustenv/lib/python3.10/site-packages/models/forecastors/utils/simple_engine.py\", line 183, in test\n    run[f\"Train - Ground Reference (WRF)\"].log(figure1)\n", "step": null, "ts": 1654430233.3551292}, {"value": "  File \"/home/resifis/anaconda3/envs/kaustenv/lib/python3.10/site-packages/neptune/new/handler.py\", line 66, in inner_fun\n    return fun(self, *args, **kwargs)\n", "step": null, "ts": 1654430233.3551292}, {"value": "  File \"/home/resifis/anaconda3/envs/kaustenv/lib/python3.10/site-packages/neptune/new/handler.py\", line 276, in log\n    attr.log(value, step=step, timestamp=timestamp, wait=wait, **kwargs)\n", "step": null, "ts": 1654430233.3551292}, {"value": "  File \"/home/resifis/anaconda3/envs/kaustenv/lib/python3.10/site-packages/neptune/new/attributes/series/series.py\", line 86, in log\n    value = self._data_to_value(value, **kwargs)\n", "step": null, "ts": 1654430233.3551292}, {"value": "  File \"/home/resifis/anaconda3/envs/kaustenv/lib/python3.10/site-packages/neptune/new/attributes/series/file_series.py\", line 60, in _data_to_value\n    return FileSeriesVal(values, **kwargs)\n", "step": null, "ts": 1654430233.3551292}]}, "version": 28}
{"obj": {"type": "LogStrings", "path": ["monitoring", "traceback"], "values": [{"value": "  File \"/home/resifis/anaconda3/envs/kaustenv/lib/python3.10/site-packages/neptune/new/types/series/file_series.py\", line 34, in __init__\n    self._values = [File.create_from(value) for value in values]\n", "step": null, "ts": 1654430233.3551292}, {"value": "  File \"/home/resifis/anaconda3/envs/kaustenv/lib/python3.10/site-packages/neptune/new/types/series/file_series.py\", line 34, in <listcomp>\n    self._values = [File.create_from(value) for value in values]\n", "step": null, "ts": 1654430233.3551292}, {"value": "  File \"/home/resifis/anaconda3/envs/kaustenv/lib/python3.10/site-packages/neptune/new/types/atoms/file.py\", line 273, in create_from\n    raise TypeError(\"Value of type {} is not supported.\".format(type(value)))\n", "step": null, "ts": 1654430233.3551292}, {"value": "Value of type <class 'matplotlib.axes._subplots.AxesSubplot'> is not supported.", "step": null, "ts": 1654430233.3551292}]}, "version": 29}
{"obj": {"type": "AssignBool", "path": ["sys", "failed"], "value": true}, "version": 30}
{"obj": {"type": "LogStrings", "path": ["monitoring", "stderr"], "values": [{"value": "Traceback (most recent call last):\n", "step": null, "ts": 1654430233.3555963}]}, "version": 31}
{"obj": {"type": "LogStrings", "path": ["monitoring", "stderr"], "values": [{"value": "  File \"/home/resifis/Desktop/kaustcode/Packages/models/src/models/train.py\", line 121, in <module>\n", "step": null, "ts": 1654430233.3556757}]}, "version": 32}
{"obj": {"type": "LogStrings", "path": ["monitoring", "stderr"], "values": [{"value": "    ", "step": null, "ts": 1654430233.355833}]}, "version": 33}
{"obj": {"type": "LogStrings", "path": ["monitoring", "stderr"], "values": [{"value": "job.fit(TrainData,ValidData)", "step": null, "ts": 1654430233.3558877}]}, "version": 34}
{"obj": {"type": "LogStrings", "path": ["monitoring", "stderr"], "values": [{"value": "\n", "step": null, "ts": 1654430233.3559568}]}, "version": 35}
{"obj": {"type": "LogStrings", "path": ["monitoring", "stderr"], "values": [{"value": "  File \"/home/resifis/anaconda3/envs/kaustenv/lib/python3.10/site-packages/models/forecastors/utils/simple_engine.py\", line 199, in fit\n", "step": null, "ts": 1654430233.3560104}]}, "version": 36}
{"obj": {"type": "LogStrings", "path": ["monitoring", "stderr"], "values": [{"value": "    ", "step": null, "ts": 1654430233.3561296}]}, "version": 37}
{"obj": {"type": "LogStrings", "path": ["monitoring", "stderr"], "values": [{"value": "Training.test(self.train_config.model,self.train_config.device,run)", "step": null, "ts": 1654430233.3561819}]}, "version": 38}
{"obj": {"type": "LogStrings", "path": ["monitoring", "stderr"], "values": [{"value": "\n", "step": null, "ts": 1654430233.3562334}]}, "version": 39}
{"obj": {"type": "LogStrings", "path": ["monitoring", "stderr"], "values": [{"value": "  File \"/home/resifis/anaconda3/envs/kaustenv/lib/python3.10/site-packages/models/forecastors/utils/simple_engine.py\", line 183, in test\n", "step": null, "ts": 1654430233.3562846}]}, "version": 40}
{"obj": {"type": "LogStrings", "path": ["monitoring", "stderr"], "values": [{"value": "    ", "step": null, "ts": 1654430233.3563936}]}, "version": 41}
{"obj": {"type": "LogStrings", "path": ["monitoring", "stderr"], "values": [{"value": "run[f\"Train - Ground Reference (WRF)\"].log(figure1)", "step": null, "ts": 1654430233.3564441}]}, "version": 42}
{"obj": {"type": "LogStrings", "path": ["monitoring", "stderr"], "values": [{"value": "\n", "step": null, "ts": 1654430233.3564959}]}, "version": 43}
{"obj": {"type": "LogStrings", "path": ["monitoring", "stderr"], "values": [{"value": "  File \"/home/resifis/anaconda3/envs/kaustenv/lib/python3.10/site-packages/neptune/new/handler.py\", line 66, in inner_fun\n", "step": null, "ts": 1654430233.356547}]}, "version": 44}
{"obj": {"type": "LogStrings", "path": ["monitoring", "stderr"], "values": [{"value": "    ", "step": null, "ts": 1654430233.3566525}]}, "version": 45}
{"obj": {"type": "LogStrings", "path": ["monitoring", "stderr"], "values": [{"value": "return fun(self, *args, **kwargs)", "step": null, "ts": 1654430233.3567054}]}, "version": 46}
{"obj": {"type": "LogStrings", "path": ["monitoring", "stderr"], "values": [{"value": "\n", "step": null, "ts": 1654430233.356756}]}, "version": 47}
{"obj": {"type": "LogStrings", "path": ["monitoring", "stderr"], "values": [{"value": "  File \"/home/resifis/anaconda3/envs/kaustenv/lib/python3.10/site-packages/neptune/new/handler.py\", line 276, in log\n", "step": null, "ts": 1654430233.356807}]}, "version": 48}
{"obj": {"type": "LogStrings", "path": ["monitoring", "stderr"], "values": [{"value": "    ", "step": null, "ts": 1654430233.3569446}]}, "version": 49}
{"obj": {"type": "LogStrings", "path": ["monitoring", "stderr"], "values": [{"value": "attr.log(value, step=step, timestamp=timestamp, wait=wait, **kwargs)", "step": null, "ts": 1654430233.3569977}]}, "version": 50}
{"obj": {"type": "LogStrings", "path": ["monitoring", "stderr"], "values": [{"value": "\n", "step": null, "ts": 1654430233.3570492}]}, "version": 51}
{"obj": {"type": "LogStrings", "path": ["monitoring", "stderr"], "values": [{"value": "  File \"/home/resifis/anaconda3/envs/kaustenv/lib/python3.10/site-packages/neptune/new/attributes/series/series.py\", line 86, in log\n", "step": null, "ts": 1654430233.3571007}]}, "version": 52}
{"obj": {"type": "LogStrings", "path": ["monitoring", "stderr"], "values": [{"value": "    ", "step": null, "ts": 1654430233.3571925}]}, "version": 53}
{"obj": {"type": "LogStrings", "path": ["monitoring", "stderr"], "values": [{"value": "value = self._data_to_value(value, **kwargs)", "step": null, "ts": 1654430233.35724}]}, "version": 54}
{"obj": {"type": "LogStrings", "path": ["monitoring", "stderr"], "values": [{"value": "\n", "step": null, "ts": 1654430233.3572893}]}, "version": 55}
{"obj": {"type": "LogStrings", "path": ["monitoring", "stderr"], "values": [{"value": "  File \"/home/resifis/anaconda3/envs/kaustenv/lib/python3.10/site-packages/neptune/new/attributes/series/file_series.py\", line 60, in _data_to_value\n", "step": null, "ts": 1654430233.3573778}]}, "version": 56}
{"obj": {"type": "LogStrings", "path": ["monitoring", "stderr"], "values": [{"value": "    ", "step": null, "ts": 1654430233.3574662}]}, "version": 57}
{"obj": {"type": "LogStrings", "path": ["monitoring", "stderr"], "values": [{"value": "return FileSeriesVal(values, **kwargs)", "step": null, "ts": 1654430233.357512}]}, "version": 58}
{"obj": {"type": "LogStrings", "path": ["monitoring", "stderr"], "values": [{"value": "\n", "step": null, "ts": 1654430233.35756}]}, "version": 59}
{"obj": {"type": "LogStrings", "path": ["monitoring", "stderr"], "values": [{"value": "  File \"/home/resifis/anaconda3/envs/kaustenv/lib/python3.10/site-packages/neptune/new/types/series/file_series.py\", line 34, in __init__\n", "step": null, "ts": 1654430233.357609}]}, "version": 60}
{"obj": {"type": "LogStrings", "path": ["monitoring", "stderr"], "values": [{"value": "    ", "step": null, "ts": 1654430233.3577065}]}, "version": 61}
{"obj": {"type": "LogStrings", "path": ["monitoring", "stderr"], "values": [{"value": "self._values = [File.create_from(value) for value in values]", "step": null, "ts": 1654430233.357753}]}, "version": 62}
{"obj": {"type": "LogStrings", "path": ["monitoring", "stderr"], "values": [{"value": "\n", "step": null, "ts": 1654430233.3578002}]}, "version": 63}
{"obj": {"type": "LogStrings", "path": ["monitoring", "stderr"], "values": [{"value": "  File \"/home/resifis/anaconda3/envs/kaustenv/lib/python3.10/site-packages/neptune/new/types/series/file_series.py\", line 34, in <listcomp>\n", "step": null, "ts": 1654430233.3578508}]}, "version": 64}
{"obj": {"type": "LogStrings", "path": ["monitoring", "stderr"], "values": [{"value": "    ", "step": null, "ts": 1654430233.3579302}]}, "version": 65}
{"obj": {"type": "LogStrings", "path": ["monitoring", "stderr"], "values": [{"value": "self._values = [File.create_from(value) for value in values]", "step": null, "ts": 1654430233.3579767}]}, "version": 66}
{"obj": {"type": "LogStrings", "path": ["monitoring", "stderr"], "values": [{"value": "\n", "step": null, "ts": 1654430233.3580234}]}, "version": 67}
{"obj": {"type": "LogStrings", "path": ["monitoring", "stderr"], "values": [{"value": "  File \"/home/resifis/anaconda3/envs/kaustenv/lib/python3.10/site-packages/neptune/new/types/atoms/file.py\", line 273, in create_from\n", "step": null, "ts": 1654430233.3580732}]}, "version": 68}
{"obj": {"type": "LogStrings", "path": ["monitoring", "stderr"], "values": [{"value": "    ", "step": null, "ts": 1654430233.3581824}]}, "version": 69}
{"obj": {"type": "LogStrings", "path": ["monitoring", "stderr"], "values": [{"value": "raise TypeError(\"Value of type {} is not supported.\".format(type(value)))", "step": null, "ts": 1654430233.3582318}]}, "version": 70}
{"obj": {"type": "LogStrings", "path": ["monitoring", "stderr"], "values": [{"value": "\n", "step": null, "ts": 1654430233.358298}]}, "version": 71}
{"obj": {"type": "LogStrings", "path": ["monitoring", "stderr"], "values": [{"value": "TypeError", "step": null, "ts": 1654430233.3583593}]}, "version": 72}
{"obj": {"type": "LogStrings", "path": ["monitoring", "stderr"], "values": [{"value": ": ", "step": null, "ts": 1654430233.3584042}]}, "version": 73}
{"obj": {"type": "LogStrings", "path": ["monitoring", "stderr"], "values": [{"value": "Value of type <class 'matplotlib.axes._subplots.AxesSubplot'> is not supported.", "step": null, "ts": 1654430233.358446}]}, "version": 74}
{"obj": {"type": "LogStrings", "path": ["monitoring", "stderr"], "values": [{"value": "\n", "step": null, "ts": 1654430233.3584955}]}, "version": 75}
{"obj": {"type": "LogStrings", "path": ["monitoring", "stdout"], "values": [{"value": "Shutting down background jobs, please wait a moment...\n", "step": null, "ts": 1654430233.359051}]}, "version": 76}
