{"obj": {"type": "AssignString", "path": ["sys", "name"], "value": "Untitled"}, "version": 1}
{"obj": {"type": "AssignString", "path": ["sys", "description"], "value": ""}, "version": 2}
{"obj": {"type": "AssignString", "path": ["sys", "hostname"], "value": "KW60717"}, "version": 3}
{"obj": {"type": "AssignBool", "path": ["sys", "failed"], "value": false}, "version": 4}
{"obj": {"type": "ClearStringLog", "path": ["monitoring", "stdout"]}, "version": 5}
{"obj": {"type": "ClearStringLog", "path": ["monitoring", "stderr"]}, "version": 6}
{"obj": {"type": "AssignString", "path": ["source_code", "entrypoint"], "value": "train.py"}, "version": 7}
{"obj": {"type": "UploadFileSet", "path": ["source_code", "files"], "file_globs": ["/home/resifis/Desktop/kaustcode/Packages/models/src/models/train.py"], "reset": "False"}, "version": 8}
{"obj": {"type": "ConfigFloatSeries", "path": ["monitoring", "cpu"], "min": 0.0, "max": 100.0, "unit": "%"}, "version": 9}
{"obj": {"type": "ClearFloatLog", "path": ["monitoring", "cpu"]}, "version": 10}
{"obj": {"type": "ConfigFloatSeries", "path": ["monitoring", "memory"], "min": 0.0, "max": 251.55138397216797, "unit": "GB"}, "version": 11}
{"obj": {"type": "ClearFloatLog", "path": ["monitoring", "memory"]}, "version": 12}
{"obj": {"type": "ConfigFloatSeries", "path": ["monitoring", "gpu_0"], "min": 0.0, "max": 100.0, "unit": "%"}, "version": 13}
{"obj": {"type": "ClearFloatLog", "path": ["monitoring", "gpu_0"]}, "version": 14}
{"obj": {"type": "ConfigFloatSeries", "path": ["monitoring", "gpu_1"], "min": 0.0, "max": 100.0, "unit": "%"}, "version": 15}
{"obj": {"type": "ClearFloatLog", "path": ["monitoring", "gpu_1"]}, "version": 16}
{"obj": {"type": "ConfigFloatSeries", "path": ["monitoring", "gpu_memory_0"], "min": 0.0, "max": 23.69952392578125, "unit": "GB"}, "version": 17}
{"obj": {"type": "ClearFloatLog", "path": ["monitoring", "gpu_memory_0"]}, "version": 18}
{"obj": {"type": "ConfigFloatSeries", "path": ["monitoring", "gpu_memory_1"], "min": 0.0, "max": 23.69952392578125, "unit": "GB"}, "version": 19}
{"obj": {"type": "ClearFloatLog", "path": ["monitoring", "gpu_memory_1"]}, "version": 20}
{"obj": {"type": "LogStrings", "path": ["monitoring", "stdout"], "values": [{"value": ".........EPOCH 0........", "step": null, "ts": 1650459407.4961774}]}, "version": 21}
{"obj": {"type": "LogStrings", "path": ["monitoring", "stdout"], "values": [{"value": "\n", "step": null, "ts": 1650459407.4977703}]}, "version": 22}
{"obj": {"type": "LogStrings", "path": ["monitoring", "stderr"], "values": [{"value": "\r  0%|                                                                                                                                                                                                                                      | 0/50 [00:00<?, ?it/s]", "step": null, "ts": 1650459407.500984}]}, "version": 23}
{"obj": {"type": "LogFloats", "path": ["monitoring", "cpu"], "values": [{"value": 3.2, "step": null, "ts": 1650459407.4876838}]}, "version": 24}
{"obj": {"type": "LogFloats", "path": ["monitoring", "memory"], "values": [{"value": 10.280414581298828, "step": null, "ts": 1650459407.4876838}]}, "version": 25}
{"obj": {"type": "LogFloats", "path": ["monitoring", "gpu_0"], "values": [{"value": 3.0, "step": null, "ts": 1650459407.4876838}]}, "version": 26}
{"obj": {"type": "LogFloats", "path": ["monitoring", "gpu_memory_0"], "values": [{"value": 0.6744384765625, "step": null, "ts": 1650459407.4876838}]}, "version": 27}
{"obj": {"type": "LogFloats", "path": ["monitoring", "gpu_memory_1"], "values": [{"value": 1.853759765625, "step": null, "ts": 1650459407.4876838}]}, "version": 28}
{"obj": {"type": "LogStrings", "path": ["monitoring", "stderr"], "values": [{"value": "", "step": null, "ts": 1650459407.5769217}]}, "version": 29}
{"obj": {"type": "LogStrings", "path": ["monitoring", "stderr"], "values": [{"value": "\r  0%|                                                                                                                                                                                                                                      | 0/50 [00:00<?, ?it/s]", "step": null, "ts": 1650459407.5773385}]}, "version": 30}
{"obj": {"type": "LogStrings", "path": ["monitoring", "stderr"], "values": [{"value": "\n", "step": null, "ts": 1650459407.5774682}]}, "version": 31}
{"obj": {"type": "LogStrings", "path": ["monitoring", "traceback"], "values": [{"value": "An uncaught exception occurred while run was active on worker KW60717.", "step": null, "ts": 1650459407.579081}, {"value": "Marking run as failed", "step": null, "ts": 1650459407.579081}, {"value": "Traceback:", "step": null, "ts": 1650459407.579081}, {"value": "  File \"/home/resifis/Desktop/kaustcode/Packages/models/src/models/train.py\", line 101, in <module>\n    job.fit(WRFData,WRFData)\n", "step": null, "ts": 1650459407.579081}, {"value": "  File \"/home/resifis/miniconda3/envs/kaustenv/lib/python3.9/site-packages/models/forecastors/utils/simple_engine.py\", line 164, in fit\n    tr_loss = self.train_fn(self.train_config.model,train_data_loader,sparse)\n", "step": null, "ts": 1650459407.579081}, {"value": "  File \"/home/resifis/miniconda3/envs/kaustenv/lib/python3.9/site-packages/models/forecastors/utils/simple_engine.py\", line 83, in train_fn\n    for index,train_batch in tqt:\n", "step": null, "ts": 1650459407.579081}, {"value": "  File \"/home/resifis/miniconda3/envs/kaustenv/lib/python3.9/site-packages/tqdm/std.py\", line 1195, in __iter__\n    for obj in iterable:\n", "step": null, "ts": 1650459407.579081}, {"value": "  File \"/home/resifis/miniconda3/envs/kaustenv/lib/python3.9/site-packages/torch/utils/data/dataloader.py\", line 530, in __next__\n    data = self._next_data()\n", "step": null, "ts": 1650459407.579081}, {"value": "  File \"/home/resifis/miniconda3/envs/kaustenv/lib/python3.9/site-packages/torch/utils/data/dataloader.py\", line 570, in _next_data\n    data = self._dataset_fetcher.fetch(index)  # may raise StopIteration\n", "step": null, "ts": 1650459407.579081}, {"value": "  File \"/home/resifis/miniconda3/envs/kaustenv/lib/python3.9/site-packages/torch/utils/data/_utils/fetch.py\", line 49, in fetch\n    data = [self.dataset[idx] for idx in possibly_batched_index]\n", "step": null, "ts": 1650459407.579081}]}, "version": 32}
{"obj": {"type": "LogStrings", "path": ["monitoring", "traceback"], "values": [{"value": "  File \"/home/resifis/miniconda3/envs/kaustenv/lib/python3.9/site-packages/torch/utils/data/_utils/fetch.py\", line 49, in <listcomp>\n    data = [self.dataset[idx] for idx in possibly_batched_index]\n", "step": null, "ts": 1650459407.579081}, {"value": "  File \"/home/resifis/miniconda3/envs/kaustenv/lib/python3.9/site-packages/data_prep/dataset/wrf_data.py\", line 124, in __getitem__\n    all_data,target = self._get_tensor_data(item)\n", "step": null, "ts": 1650459407.579081}, {"value": "  File \"/home/resifis/miniconda3/envs/kaustenv/lib/python3.9/site-packages/data_prep/dataset/wrf_data.py\", line 105, in _get_tensor_data\n    WRFDataset._normalize(torch.flip(data_lcloud),dims = [1]).unsqueeze(0),\n", "step": null, "ts": 1650459407.579081}, {"value": "flip() missing 1 required positional arguments: \"dims\"", "step": null, "ts": 1650459407.579081}]}, "version": 33}
{"obj": {"type": "AssignBool", "path": ["sys", "failed"], "value": true}, "version": 34}
{"obj": {"type": "LogStrings", "path": ["monitoring", "stderr"], "values": [{"value": "Traceback (most recent call last):\n", "step": null, "ts": 1650459407.5794387}]}, "version": 35}
{"obj": {"type": "LogStrings", "path": ["monitoring", "stderr"], "values": [{"value": "  File \"/home/resifis/Desktop/kaustcode/Packages/models/src/models/train.py\", line 101, in <module>\n", "step": null, "ts": 1650459407.5795517}]}, "version": 36}
{"obj": {"type": "LogStrings", "path": ["monitoring", "stderr"], "values": [{"value": "    ", "step": null, "ts": 1650459407.5797288}]}, "version": 37}
{"obj": {"type": "LogStrings", "path": ["monitoring", "stderr"], "values": [{"value": "job.fit(WRFData,WRFData)", "step": null, "ts": 1650459407.5798182}]}, "version": 38}
{"obj": {"type": "LogStrings", "path": ["monitoring", "stderr"], "values": [{"value": "\n", "step": null, "ts": 1650459407.5799036}]}, "version": 39}
{"obj": {"type": "LogStrings", "path": ["monitoring", "stderr"], "values": [{"value": "  File \"/home/resifis/miniconda3/envs/kaustenv/lib/python3.9/site-packages/models/forecastors/utils/simple_engine.py\", line 164, in fit\n", "step": null, "ts": 1650459407.5799987}]}, "version": 40}
{"obj": {"type": "LogStrings", "path": ["monitoring", "stderr"], "values": [{"value": "    ", "step": null, "ts": 1650459407.5801601}]}, "version": 41}
{"obj": {"type": "LogStrings", "path": ["monitoring", "stderr"], "values": [{"value": "tr_loss = self.train_fn(self.train_config.model,train_data_loader,sparse)", "step": null, "ts": 1650459407.5802438}]}, "version": 42}
{"obj": {"type": "LogStrings", "path": ["monitoring", "stderr"], "values": [{"value": "\n", "step": null, "ts": 1650459407.580328}]}, "version": 43}
{"obj": {"type": "LogStrings", "path": ["monitoring", "stderr"], "values": [{"value": "  File \"/home/resifis/miniconda3/envs/kaustenv/lib/python3.9/site-packages/models/forecastors/utils/simple_engine.py\", line 83, in train_fn\n", "step": null, "ts": 1650459407.5804508}]}, "version": 44}
{"obj": {"type": "LogStrings", "path": ["monitoring", "stderr"], "values": [{"value": "    ", "step": null, "ts": 1650459407.5806296}]}, "version": 45}
{"obj": {"type": "LogStrings", "path": ["monitoring", "stderr"], "values": [{"value": "for index,train_batch in tqt:", "step": null, "ts": 1650459407.5807185}]}, "version": 46}
{"obj": {"type": "LogStrings", "path": ["monitoring", "stderr"], "values": [{"value": "\n", "step": null, "ts": 1650459407.5808022}]}, "version": 47}
{"obj": {"type": "LogStrings", "path": ["monitoring", "stderr"], "values": [{"value": "  File \"/home/resifis/miniconda3/envs/kaustenv/lib/python3.9/site-packages/tqdm/std.py\", line 1195, in __iter__\n", "step": null, "ts": 1650459407.5808973}]}, "version": 48}
{"obj": {"type": "LogStrings", "path": ["monitoring", "stderr"], "values": [{"value": "    ", "step": null, "ts": 1650459407.5812464}]}, "version": 49}
{"obj": {"type": "LogStrings", "path": ["monitoring", "stderr"], "values": [{"value": "for obj in iterable:", "step": null, "ts": 1650459407.581336}]}, "version": 50}
{"obj": {"type": "LogStrings", "path": ["monitoring", "stderr"], "values": [{"value": "\n", "step": null, "ts": 1650459407.5814214}]}, "version": 51}
{"obj": {"type": "LogStrings", "path": ["monitoring", "stderr"], "values": [{"value": "  File \"/home/resifis/miniconda3/envs/kaustenv/lib/python3.9/site-packages/torch/utils/data/dataloader.py\", line 530, in __next__\n", "step": null, "ts": 1650459407.5815167}]}, "version": 52}
{"obj": {"type": "LogStrings", "path": ["monitoring", "stderr"], "values": [{"value": "    ", "step": null, "ts": 1650459407.5817568}]}, "version": 53}
{"obj": {"type": "LogStrings", "path": ["monitoring", "stderr"], "values": [{"value": "data = self._next_data()", "step": null, "ts": 1650459407.5818417}]}, "version": 54}
{"obj": {"type": "LogStrings", "path": ["monitoring", "stderr"], "values": [{"value": "\n", "step": null, "ts": 1650459407.581926}]}, "version": 55}
{"obj": {"type": "LogStrings", "path": ["monitoring", "stderr"], "values": [{"value": "  File \"/home/resifis/miniconda3/envs/kaustenv/lib/python3.9/site-packages/torch/utils/data/dataloader.py\", line 570, in _next_data\n", "step": null, "ts": 1650459407.58202}]}, "version": 56}
{"obj": {"type": "LogStrings", "path": ["monitoring", "stderr"], "values": [{"value": "    ", "step": null, "ts": 1650459407.5822587}]}, "version": 57}
{"obj": {"type": "LogStrings", "path": ["monitoring", "stderr"], "values": [{"value": "data = self._dataset_fetcher.fetch(index)  # may raise StopIteration", "step": null, "ts": 1650459407.5823426}]}, "version": 58}
{"obj": {"type": "LogStrings", "path": ["monitoring", "stderr"], "values": [{"value": "\n", "step": null, "ts": 1650459407.5824254}]}, "version": 59}
{"obj": {"type": "LogStrings", "path": ["monitoring", "stderr"], "values": [{"value": "  File \"/home/resifis/miniconda3/envs/kaustenv/lib/python3.9/site-packages/torch/utils/data/_utils/fetch.py\", line 49, in fetch\n", "step": null, "ts": 1650459407.582518}]}, "version": 60}
{"obj": {"type": "LogStrings", "path": ["monitoring", "stderr"], "values": [{"value": "    ", "step": null, "ts": 1650459407.5826545}]}, "version": 61}
{"obj": {"type": "LogStrings", "path": ["monitoring", "stderr"], "values": [{"value": "data = [self.dataset[idx] for idx in possibly_batched_index]", "step": null, "ts": 1650459407.5827346}]}, "version": 62}
{"obj": {"type": "LogStrings", "path": ["monitoring", "stderr"], "values": [{"value": "\n", "step": null, "ts": 1650459407.5828166}]}, "version": 63}
{"obj": {"type": "LogStrings", "path": ["monitoring", "stderr"], "values": [{"value": "  File \"/home/resifis/miniconda3/envs/kaustenv/lib/python3.9/site-packages/torch/utils/data/_utils/fetch.py\", line 49, in <listcomp>\n", "step": null, "ts": 1650459407.582909}]}, "version": 64}
{"obj": {"type": "LogStrings", "path": ["monitoring", "stderr"], "values": [{"value": "    ", "step": null, "ts": 1650459407.5830529}]}, "version": 65}
{"obj": {"type": "LogStrings", "path": ["monitoring", "stderr"], "values": [{"value": "data = [self.dataset[idx] for idx in possibly_batched_index]", "step": null, "ts": 1650459407.5831344}]}, "version": 66}
{"obj": {"type": "LogStrings", "path": ["monitoring", "stderr"], "values": [{"value": "\n", "step": null, "ts": 1650459407.583228}]}, "version": 67}
{"obj": {"type": "LogStrings", "path": ["monitoring", "stderr"], "values": [{"value": "  File \"/home/resifis/miniconda3/envs/kaustenv/lib/python3.9/site-packages/data_prep/dataset/wrf_data.py\", line 124, in __getitem__\n", "step": null, "ts": 1650459407.5833192}]}, "version": 68}
{"obj": {"type": "LogStrings", "path": ["monitoring", "stderr"], "values": [{"value": "    ", "step": null, "ts": 1650459407.5834641}]}, "version": 69}
{"obj": {"type": "LogStrings", "path": ["monitoring", "stderr"], "values": [{"value": "all_data,target = self._get_tensor_data(item)", "step": null, "ts": 1650459407.5835445}]}, "version": 70}
{"obj": {"type": "LogStrings", "path": ["monitoring", "stderr"], "values": [{"value": "\n", "step": null, "ts": 1650459407.583634}]}, "version": 71}
{"obj": {"type": "LogStrings", "path": ["monitoring", "stderr"], "values": [{"value": "  File \"/home/resifis/miniconda3/envs/kaustenv/lib/python3.9/site-packages/data_prep/dataset/wrf_data.py\", line 105, in _get_tensor_data\n", "step": null, "ts": 1650459407.5837195}]}, "version": 72}
{"obj": {"type": "LogStrings", "path": ["monitoring", "stderr"], "values": [{"value": "    ", "step": null, "ts": 1650459407.5838602}]}, "version": 73}
{"obj": {"type": "LogStrings", "path": ["monitoring", "stderr"], "values": [{"value": "WRFDataset._normalize(torch.flip(data_lcloud),dims = [1]).unsqueeze(0),", "step": null, "ts": 1650459407.583941}]}, "version": 74}
{"obj": {"type": "LogStrings", "path": ["monitoring", "stderr"], "values": [{"value": "\n", "step": null, "ts": 1650459407.5840223}]}, "version": 75}
{"obj": {"type": "LogStrings", "path": ["monitoring", "stderr"], "values": [{"value": "TypeError", "step": null, "ts": 1650459407.5841014}]}, "version": 76}
{"obj": {"type": "LogStrings", "path": ["monitoring", "stderr"], "values": [{"value": ": ", "step": null, "ts": 1650459407.5841784}]}, "version": 77}
{"obj": {"type": "LogStrings", "path": ["monitoring", "stderr"], "values": [{"value": "flip() missing 1 required positional arguments: \"dims\"", "step": null, "ts": 1650459407.584251}]}, "version": 78}
{"obj": {"type": "LogStrings", "path": ["monitoring", "stderr"], "values": [{"value": "\n", "step": null, "ts": 1650459407.5843291}]}, "version": 79}
{"obj": {"type": "LogStrings", "path": ["monitoring", "stdout"], "values": [{"value": "", "step": null, "ts": 1650459407.5845885}]}, "version": 80}
{"obj": {"type": "LogStrings", "path": ["monitoring", "stdout"], "values": [{"value": "Shutting down background jobs, please wait a moment...\n", "step": null, "ts": 1650459407.584728}]}, "version": 81}
