{"obj": {"type": "AssignString", "path": ["sys", "name"], "value": "Untitled"}, "version": 1}
{"obj": {"type": "AssignString", "path": ["sys", "description"], "value": ""}, "version": 2}
{"obj": {"type": "AssignString", "path": ["sys", "hostname"], "value": "KW60717"}, "version": 3}
{"obj": {"type": "AssignBool", "path": ["sys", "failed"], "value": false}, "version": 4}
{"obj": {"type": "ClearStringLog", "path": ["monitoring", "stdout"]}, "version": 5}
{"obj": {"type": "ClearStringLog", "path": ["monitoring", "stderr"]}, "version": 6}
{"obj": {"type": "AssignString", "path": ["source_code", "entrypoint"], "value": "train.py"}, "version": 7}
{"obj": {"type": "UploadFileSet", "path": ["source_code", "files"], "file_globs": ["/home/resifis/Desktop/kaustcode/Packages/models/src/models/train.py"], "reset": "False"}, "version": 8}
{"obj": {"type": "ConfigFloatSeries", "path": ["monitoring", "cpu"], "min": 0.0, "max": 100.0, "unit": "%"}, "version": 9}
{"obj": {"type": "ClearFloatLog", "path": ["monitoring", "cpu"]}, "version": 10}
{"obj": {"type": "ConfigFloatSeries", "path": ["monitoring", "memory"], "min": 0.0, "max": 251.55138397216797, "unit": "GB"}, "version": 11}
{"obj": {"type": "ClearFloatLog", "path": ["monitoring", "memory"]}, "version": 12}
{"obj": {"type": "ConfigFloatSeries", "path": ["monitoring", "gpu_0"], "min": 0.0, "max": 100.0, "unit": "%"}, "version": 13}
{"obj": {"type": "ClearFloatLog", "path": ["monitoring", "gpu_0"]}, "version": 14}
{"obj": {"type": "ConfigFloatSeries", "path": ["monitoring", "gpu_1"], "min": 0.0, "max": 100.0, "unit": "%"}, "version": 15}
{"obj": {"type": "ClearFloatLog", "path": ["monitoring", "gpu_1"]}, "version": 16}
{"obj": {"type": "ConfigFloatSeries", "path": ["monitoring", "gpu_memory_0"], "min": 0.0, "max": 23.69952392578125, "unit": "GB"}, "version": 17}
{"obj": {"type": "ClearFloatLog", "path": ["monitoring", "gpu_memory_0"]}, "version": 18}
{"obj": {"type": "ConfigFloatSeries", "path": ["monitoring", "gpu_memory_1"], "min": 0.0, "max": 23.69952392578125, "unit": "GB"}, "version": 19}
{"obj": {"type": "ClearFloatLog", "path": ["monitoring", "gpu_memory_1"]}, "version": 20}
{"obj": {"type": "LogStrings", "path": ["monitoring", "stdout"], "values": [{"value": ".........EPOCH 0........", "step": null, "ts": 1653824938.6111965}]}, "version": 21}
{"obj": {"type": "LogStrings", "path": ["monitoring", "stdout"], "values": [{"value": "\n", "step": null, "ts": 1653824938.6124635}]}, "version": 22}
{"obj": {"type": "LogStrings", "path": ["monitoring", "stderr"], "values": [{"value": "\r  0%|                                                                                                                                                                                                    | 0/500 [00:00<?, ?it/s]", "step": null, "ts": 1653824938.6164775}]}, "version": 23}
{"obj": {"type": "LogFloats", "path": ["monitoring", "cpu"], "values": [{"value": 2.7, "step": null, "ts": 1653824938.6035976}]}, "version": 24}
{"obj": {"type": "LogFloats", "path": ["monitoring", "memory"], "values": [{"value": 14.954383850097656, "step": null, "ts": 1653824938.6035976}]}, "version": 25}
{"obj": {"type": "LogFloats", "path": ["monitoring", "gpu_0"], "values": [{"value": 7.0, "step": null, "ts": 1653824938.6035976}]}, "version": 26}
{"obj": {"type": "LogFloats", "path": ["monitoring", "gpu_memory_0"], "values": [{"value": 3.651611328125, "step": null, "ts": 1653824938.6035976}]}, "version": 27}
{"obj": {"type": "LogFloats", "path": ["monitoring", "gpu_memory_1"], "values": [{"value": 4.38800048828125, "step": null, "ts": 1653824938.6035976}]}, "version": 28}
{"obj": {"type": "LogStrings", "path": ["monitoring", "stderr"], "values": [{"value": "\r  0%|                                                                                                                                                | 0/500 [00:04<?, ?it/s, Batch_number=0, Loss=316, PSNR=6.71, SSIM=-3.95e-5]", "step": null, "ts": 1653824943.553299}]}, "version": 29}
{"obj": {"type": "LogStrings", "path": ["monitoring", "stderr"], "values": [{"value": "\r  0%|\u258e                                                                                                                                       | 1/500 [00:04<41:03,  4.94s/it, Batch_number=0, Loss=316, PSNR=6.71, SSIM=-3.95e-5]", "step": null, "ts": 1653824943.5538154}]}, "version": 30}
{"obj": {"type": "LogStrings", "path": ["monitoring", "stderr"], "values": [{"value": "\r  0%|\u258e                                                                                                                                       | 1/500 [00:05<41:03,  4.94s/it, Batch_number=1, Loss=465, PSNR=3.74, SSIM=0.000516]", "step": null, "ts": 1653824944.443196}]}, "version": 31}
{"obj": {"type": "LogStrings", "path": ["monitoring", "stderr"], "values": [{"value": "\r  0%|\u258c                                                                                                                                       | 2/500 [00:05<21:12,  2.56s/it, Batch_number=1, Loss=465, PSNR=3.74, SSIM=0.000516]", "step": null, "ts": 1653824944.4434705}]}, "version": 32}
{"obj": {"type": "LogStrings", "path": ["monitoring", "stderr"], "values": [{"value": "\r  0%|\u258c                                                                                                                                        | 2/500 [00:06<21:12,  2.56s/it, Batch_number=2, Loss=492, PSNR=4.79, SSIM=0.00139]", "step": null, "ts": 1653824945.2746053}]}, "version": 33}
{"obj": {"type": "LogStrings", "path": ["monitoring", "stderr"], "values": [{"value": "\r  1%|\u258a                                                                                                                                        | 3/500 [00:06<14:39,  1.77s/it, Batch_number=2, Loss=492, PSNR=4.79, SSIM=0.00139]", "step": null, "ts": 1653824945.274869}]}, "version": 34}
{"obj": {"type": "LogStrings", "path": ["monitoring", "stderr"], "values": [{"value": "\r  1%|\u258a                                                                                                                                       | 3/500 [00:07<14:39,  1.77s/it, Batch_number=3, Loss=490, PSNR=4.32, SSIM=0.000234]", "step": null, "ts": 1653824946.0714657}]}, "version": 35}
{"obj": {"type": "LogStrings", "path": ["monitoring", "stderr"], "values": [{"value": "\r  1%|\u2588                                                                                                                                       | 4/500 [00:07<11:26,  1.38s/it, Batch_number=3, Loss=490, PSNR=4.32, SSIM=0.000234]", "step": null, "ts": 1653824946.0717323}]}, "version": 36}
{"obj": {"type": "LogStrings", "path": ["monitoring", "stderr"], "values": [{"value": "\r  1%|\u2588                                                                                                                                        | 4/500 [00:08<11:26,  1.38s/it, Batch_number=4, Loss=478, PSNR=5.16, SSIM=0.00029]", "step": null, "ts": 1653824946.8627648}]}, "version": 37}
{"obj": {"type": "LogStrings", "path": ["monitoring", "stderr"], "values": [{"value": "\r  1%|\u2588\u258e                                                                                                                                       | 5/500 [00:08<09:39,  1.17s/it, Batch_number=4, Loss=478, PSNR=5.16, SSIM=0.00029]", "step": null, "ts": 1653824946.8630326}]}, "version": 38}
{"obj": {"type": "LogStrings", "path": ["monitoring", "stderr"], "values": [{"value": "\r  1%|\u2588\u258e                                                                                                                                       | 5/500 [00:09<09:39,  1.17s/it, Batch_number=5, Loss=500, PSNR=4.2, SSIM=0.000419]", "step": null, "ts": 1653824947.6516669}]}, "version": 39}
{"obj": {"type": "LogStrings", "path": ["monitoring", "stderr"], "values": [{"value": "\r  1%|\u2588\u258b                                                                                                                                       | 6/500 [00:09<08:34,  1.04s/it, Batch_number=5, Loss=500, PSNR=4.2, SSIM=0.000419]", "step": null, "ts": 1653824947.6520176}]}, "version": 40}
{"obj": {"type": "LogStrings", "path": ["monitoring", "stderr"], "values": [{"value": "\r  1%|\u2588\u258b                                                                                                                                      | 6/500 [00:09<08:34,  1.04s/it, Batch_number=6, Loss=525, PSNR=3.55, SSIM=0.000435]", "step": null, "ts": 1653824948.4470897}]}, "version": 41}
{"obj": {"type": "LogStrings", "path": ["monitoring", "stderr"], "values": [{"value": "\r  1%|\u2588\u2589                                                                                                                                      | 7/500 [00:09<07:53,  1.04it/s, Batch_number=6, Loss=525, PSNR=3.55, SSIM=0.000435]", "step": null, "ts": 1653824948.4473493}]}, "version": 42}
{"obj": {"type": "LogFloats", "path": ["monitoring", "cpu"], "values": [{"value": 17.9, "step": null, "ts": 1653824948.6189559}]}, "version": 43}
{"obj": {"type": "LogFloats", "path": ["monitoring", "memory"], "values": [{"value": 15.845748901367188, "step": null, "ts": 1653824948.6189559}]}, "version": 44}
{"obj": {"type": "LogFloats", "path": ["monitoring", "gpu_0"], "values": [{"value": 20.0, "step": null, "ts": 1653824948.6189559}]}, "version": 45}
{"obj": {"type": "LogFloats", "path": ["monitoring", "gpu_1"], "values": [{"value": 23.0, "step": null, "ts": 1653824948.6189559}]}, "version": 46}
{"obj": {"type": "LogFloats", "path": ["monitoring", "gpu_memory_0"], "values": [{"value": 3.651611328125, "step": null, "ts": 1653824948.6189559}]}, "version": 47}
{"obj": {"type": "LogFloats", "path": ["monitoring", "gpu_memory_1"], "values": [{"value": 12.45245361328125, "step": null, "ts": 1653824948.6189559}]}, "version": 48}
{"obj": {"type": "LogStrings", "path": ["monitoring", "stderr"], "values": [{"value": "\r  1%|\u2588\u2589                                                                                                                                      | 7/500 [00:10<07:53,  1.04it/s, Batch_number=7, Loss=535, PSNR=3.64, SSIM=0.000811]", "step": null, "ts": 1653824949.2362902}]}, "version": 49}
{"obj": {"type": "LogStrings", "path": ["monitoring", "stderr"], "values": [{"value": "\r  2%|\u2588\u2588\u258f                                                                                                                                     | 8/500 [00:10<07:25,  1.10it/s, Batch_number=7, Loss=535, PSNR=3.64, SSIM=0.000811]", "step": null, "ts": 1653824949.2365677}]}, "version": 50}
{"obj": {"type": "LogStrings", "path": ["monitoring", "stderr"], "values": [{"value": "\r  2%|\u2588\u2588\u258f                                                                                                                                     | 8/500 [00:11<07:25,  1.10it/s, Batch_number=8, Loss=541, PSNR=3.79, SSIM=0.000474]", "step": null, "ts": 1653824950.0370297}]}, "version": 51}
{"obj": {"type": "LogStrings", "path": ["monitoring", "stderr"], "values": [{"value": "\r  2%|\u2588\u2588\u258d                                                                                                                                     | 9/500 [00:11<07:08,  1.15it/s, Batch_number=8, Loss=541, PSNR=3.79, SSIM=0.000474]", "step": null, "ts": 1653824950.0372713}]}, "version": 52}
{"obj": {"type": "LogStrings", "path": ["monitoring", "stderr"], "values": [{"value": "\r  2%|\u2588\u2588\u258d                                                                                                                                     | 9/500 [00:12<07:08,  1.15it/s, Batch_number=9, Loss=544, PSNR=4.14, SSIM=0.000904]", "step": null, "ts": 1653824950.8294752}]}, "version": 53}
{"obj": {"type": "LogStrings", "path": ["monitoring", "stderr"], "values": [{"value": "\r  2%|\u2588\u2588\u258b                                                                                                                                    | 10/500 [00:12<06:55,  1.18it/s, Batch_number=9, Loss=544, PSNR=4.14, SSIM=0.000904]", "step": null, "ts": 1653824950.829783}]}, "version": 54}
{"obj": {"type": "LogStrings", "path": ["monitoring", "stderr"], "values": [{"value": "\r  2%|\u2588\u2588\u258b                                                                                                                                    | 10/500 [00:13<06:55,  1.18it/s, Batch_number=10, Loss=551, PSNR=3.8, SSIM=0.000224]", "step": null, "ts": 1653824951.6262352}]}, "version": 55}
{"obj": {"type": "LogStrings", "path": ["monitoring", "stderr"], "values": [{"value": "\r  2%|\u2588\u2588\u2589                                                                                                                                    | 11/500 [00:13<06:47,  1.20it/s, Batch_number=10, Loss=551, PSNR=3.8, SSIM=0.000224]", "step": null, "ts": 1653824951.6265025}]}, "version": 56}
{"obj": {"type": "LogStrings", "path": ["monitoring", "stderr"], "values": [{"value": "\r  2%|\u2588\u2588\u2589                                                                                                                                    | 11/500 [00:13<06:47,  1.20it/s, Batch_number=11, Loss=541, PSNR=5.2, SSIM=0.000381]", "step": null, "ts": 1653824952.417298}]}, "version": 57}
{"obj": {"type": "LogStrings", "path": ["monitoring", "stderr"], "values": [{"value": "\r  2%|\u2588\u2588\u2588\u258f                                                                                                                                   | 12/500 [00:13<06:40,  1.22it/s, Batch_number=11, Loss=541, PSNR=5.2, SSIM=0.000381]", "step": null, "ts": 1653824952.417576}]}, "version": 58}
{"obj": {"type": "LogStrings", "path": ["monitoring", "stderr"], "values": [{"value": "\r  2%|\u2588\u2588\u2588\u258f                                                                                                                                  | 12/500 [00:14<06:40,  1.22it/s, Batch_number=12, Loss=544, PSNR=4.31, SSIM=0.000928]", "step": null, "ts": 1653824953.2146204}]}, "version": 59}
{"obj": {"type": "LogStrings", "path": ["monitoring", "stderr"], "values": [{"value": "\r  3%|\u2588\u2588\u2588\u258d                                                                                                                                  | 13/500 [00:14<06:35,  1.23it/s, Batch_number=12, Loss=544, PSNR=4.31, SSIM=0.000928]", "step": null, "ts": 1653824953.2148938}]}, "version": 60}
{"obj": {"type": "LogStrings", "path": ["monitoring", "stderr"], "values": [{"value": "", "step": null, "ts": 1653824953.6513088}]}, "version": 61}
{"obj": {"type": "LogStrings", "path": ["monitoring", "stderr"], "values": [{"value": "\r  3%|\u2588\u2588\u2588\u258d                                                                                                                                  | 13/500 [00:15<09:23,  1.16s/it, Batch_number=12, Loss=544, PSNR=4.31, SSIM=0.000928]", "step": null, "ts": 1653824953.6516857}]}, "version": 62}
{"obj": {"type": "LogStrings", "path": ["monitoring", "stderr"], "values": [{"value": "\n", "step": null, "ts": 1653824953.6517932}]}, "version": 63}
{"obj": {"type": "LogStrings", "path": ["monitoring", "traceback"], "values": [{"value": "An uncaught exception occurred while run was active on worker KW60717.", "step": null, "ts": 1653824953.652998}, {"value": "Marking run as failed", "step": null, "ts": 1653824953.652998}, {"value": "Traceback:", "step": null, "ts": 1653824953.652998}, {"value": "  File \"/home/resifis/Desktop/kaustcode/Packages/models/src/models/train.py\", line 118, in <module>\n    job.fit(TrainData,ValidData)\n", "step": null, "ts": 1653824953.652998}, {"value": "  File \"/home/resifis/anaconda3/envs/kaustenv/lib/python3.10/site-packages/models/forecastors/utils/simple_engine.py\", line 144, in fit\n    tr_loss = self.train_fn(self.train_config.model,train_data_loader)\n", "step": null, "ts": 1653824953.652998}, {"value": "  File \"/home/resifis/anaconda3/envs/kaustenv/lib/python3.10/site-packages/models/forecastors/utils/simple_engine.py\", line 63, in train_fn\n    for index,train_batch in tqt:\n", "step": null, "ts": 1653824953.652998}, {"value": "  File \"/home/resifis/anaconda3/envs/kaustenv/lib/python3.10/site-packages/tqdm/std.py\", line 1195, in __iter__\n    for obj in iterable:\n", "step": null, "ts": 1653824953.652998}, {"value": "  File \"/home/resifis/anaconda3/envs/kaustenv/lib/python3.10/site-packages/torch/utils/data/dataloader.py\", line 530, in __next__\n    data = self._next_data()\n", "step": null, "ts": 1653824953.652998}, {"value": "  File \"/home/resifis/anaconda3/envs/kaustenv/lib/python3.10/site-packages/torch/utils/data/dataloader.py\", line 570, in _next_data\n    data = self._dataset_fetcher.fetch(index)  # may raise StopIteration\n", "step": null, "ts": 1653824953.652998}, {"value": "  File \"/home/resifis/anaconda3/envs/kaustenv/lib/python3.10/site-packages/torch/utils/data/_utils/fetch.py\", line 49, in fetch\n    data = [self.dataset[idx] for idx in possibly_batched_index]\n", "step": null, "ts": 1653824953.652998}]}, "version": 64}
{"obj": {"type": "LogStrings", "path": ["monitoring", "traceback"], "values": [{"value": "  File \"/home/resifis/anaconda3/envs/kaustenv/lib/python3.10/site-packages/torch/utils/data/_utils/fetch.py\", line 49, in <listcomp>\n    data = [self.dataset[idx] for idx in possibly_batched_index]\n", "step": null, "ts": 1653824953.652998}, {"value": "  File \"/home/resifis/anaconda3/envs/kaustenv/lib/python3.10/site-packages/data_prep/dataset/wrf_data.py\", line 202, in __getitem__\n    all_data,target = self._get_tensor_data(item)\n", "step": null, "ts": 1653824953.652998}, {"value": "  File \"/home/resifis/anaconda3/envs/kaustenv/lib/python3.10/site-packages/data_prep/dataset/wrf_data.py\", line 186, in _get_tensor_data\n    target_cdf = torch.tensor(target_cdf)\n", "step": null, "ts": 1653824953.652998}, {"value": "", "step": null, "ts": 1653824953.652998}]}, "version": 65}
{"obj": {"type": "AssignBool", "path": ["sys", "failed"], "value": true}, "version": 66}
{"obj": {"type": "LogStrings", "path": ["monitoring", "stderr"], "values": [{"value": "Traceback (most recent call last):\n", "step": null, "ts": 1653824953.6533394}]}, "version": 67}
{"obj": {"type": "LogStrings", "path": ["monitoring", "stderr"], "values": [{"value": "  File \"/home/resifis/Desktop/kaustcode/Packages/models/src/models/train.py\", line 118, in <module>\n", "step": null, "ts": 1653824953.6534252}]}, "version": 68}
{"obj": {"type": "LogStrings", "path": ["monitoring", "stderr"], "values": [{"value": "    ", "step": null, "ts": 1653824953.6535912}]}, "version": 69}
{"obj": {"type": "LogStrings", "path": ["monitoring", "stderr"], "values": [{"value": "job.fit(TrainData,ValidData)", "step": null, "ts": 1653824953.6536584}]}, "version": 70}
{"obj": {"type": "LogStrings", "path": ["monitoring", "stderr"], "values": [{"value": "\n", "step": null, "ts": 1653824953.6537564}]}, "version": 71}
{"obj": {"type": "LogStrings", "path": ["monitoring", "stderr"], "values": [{"value": "  File \"/home/resifis/anaconda3/envs/kaustenv/lib/python3.10/site-packages/models/forecastors/utils/simple_engine.py\", line 144, in fit\n", "step": null, "ts": 1653824953.6538317}]}, "version": 72}
{"obj": {"type": "LogStrings", "path": ["monitoring", "stderr"], "values": [{"value": "    ", "step": null, "ts": 1653824953.6539748}]}, "version": 73}
{"obj": {"type": "LogStrings", "path": ["monitoring", "stderr"], "values": [{"value": "tr_loss = self.train_fn(self.train_config.model,train_data_loader)", "step": null, "ts": 1653824953.6540384}]}, "version": 74}
{"obj": {"type": "LogStrings", "path": ["monitoring", "stderr"], "values": [{"value": "\n", "step": null, "ts": 1653824953.6541092}]}, "version": 75}
{"obj": {"type": "LogStrings", "path": ["monitoring", "stderr"], "values": [{"value": "  File \"/home/resifis/anaconda3/envs/kaustenv/lib/python3.10/site-packages/models/forecastors/utils/simple_engine.py\", line 63, in train_fn\n", "step": null, "ts": 1653824953.6541796}]}, "version": 76}
{"obj": {"type": "LogStrings", "path": ["monitoring", "stderr"], "values": [{"value": "    ", "step": null, "ts": 1653824953.6542876}]}, "version": 77}
{"obj": {"type": "LogStrings", "path": ["monitoring", "stderr"], "values": [{"value": "for index,train_batch in tqt:", "step": null, "ts": 1653824953.654349}]}, "version": 78}
{"obj": {"type": "LogStrings", "path": ["monitoring", "stderr"], "values": [{"value": "\n", "step": null, "ts": 1653824953.6544166}]}, "version": 79}
{"obj": {"type": "LogStrings", "path": ["monitoring", "stderr"], "values": [{"value": "  File \"/home/resifis/anaconda3/envs/kaustenv/lib/python3.10/site-packages/tqdm/std.py\", line 1195, in __iter__\n", "step": null, "ts": 1653824953.654486}]}, "version": 80}
{"obj": {"type": "LogStrings", "path": ["monitoring", "stderr"], "values": [{"value": "    ", "step": null, "ts": 1653824953.65475}]}, "version": 81}
{"obj": {"type": "LogStrings", "path": ["monitoring", "stderr"], "values": [{"value": "for obj in iterable:", "step": null, "ts": 1653824953.6548169}]}, "version": 82}
{"obj": {"type": "LogStrings", "path": ["monitoring", "stderr"], "values": [{"value": "\n", "step": null, "ts": 1653824953.6548877}]}, "version": 83}
{"obj": {"type": "LogStrings", "path": ["monitoring", "stderr"], "values": [{"value": "  File \"/home/resifis/anaconda3/envs/kaustenv/lib/python3.10/site-packages/torch/utils/data/dataloader.py\", line 530, in __next__\n", "step": null, "ts": 1653824953.654958}]}, "version": 84}
{"obj": {"type": "LogStrings", "path": ["monitoring", "stderr"], "values": [{"value": "    ", "step": null, "ts": 1653824953.6551387}]}, "version": 85}
{"obj": {"type": "LogStrings", "path": ["monitoring", "stderr"], "values": [{"value": "data = self._next_data()", "step": null, "ts": 1653824953.6552029}]}, "version": 86}
{"obj": {"type": "LogStrings", "path": ["monitoring", "stderr"], "values": [{"value": "\n", "step": null, "ts": 1653824953.655273}]}, "version": 87}
{"obj": {"type": "LogStrings", "path": ["monitoring", "stderr"], "values": [{"value": "  File \"/home/resifis/anaconda3/envs/kaustenv/lib/python3.10/site-packages/torch/utils/data/dataloader.py\", line 570, in _next_data\n", "step": null, "ts": 1653824953.6553433}]}, "version": 88}
{"obj": {"type": "LogStrings", "path": ["monitoring", "stderr"], "values": [{"value": "    ", "step": null, "ts": 1653824953.6555266}]}, "version": 89}
{"obj": {"type": "LogStrings", "path": ["monitoring", "stderr"], "values": [{"value": "data = self._dataset_fetcher.fetch(index)  # may raise StopIteration", "step": null, "ts": 1653824953.65559}]}, "version": 90}
{"obj": {"type": "LogStrings", "path": ["monitoring", "stderr"], "values": [{"value": "\n", "step": null, "ts": 1653824953.656112}]}, "version": 91}
{"obj": {"type": "LogStrings", "path": ["monitoring", "stderr"], "values": [{"value": "  File \"/home/resifis/anaconda3/envs/kaustenv/lib/python3.10/site-packages/torch/utils/data/_utils/fetch.py\", line 49, in fetch\n", "step": null, "ts": 1653824953.6565235}]}, "version": 92}
{"obj": {"type": "LogStrings", "path": ["monitoring", "stderr"], "values": [{"value": "    ", "step": null, "ts": 1653824953.656679}]}, "version": 93}
{"obj": {"type": "LogStrings", "path": ["monitoring", "stderr"], "values": [{"value": "data = [self.dataset[idx] for idx in possibly_batched_index]", "step": null, "ts": 1653824953.656752}]}, "version": 94}
{"obj": {"type": "LogStrings", "path": ["monitoring", "stderr"], "values": [{"value": "\n", "step": null, "ts": 1653824953.6571317}]}, "version": 95}
{"obj": {"type": "LogStrings", "path": ["monitoring", "stderr"], "values": [{"value": "  File \"/home/resifis/anaconda3/envs/kaustenv/lib/python3.10/site-packages/torch/utils/data/_utils/fetch.py\", line 49, in <listcomp>\n", "step": null, "ts": 1653824953.657501}]}, "version": 96}
{"obj": {"type": "LogStrings", "path": ["monitoring", "stderr"], "values": [{"value": "    ", "step": null, "ts": 1653824953.657657}]}, "version": 97}
{"obj": {"type": "LogStrings", "path": ["monitoring", "stderr"], "values": [{"value": "data = [self.dataset[idx] for idx in possibly_batched_index]", "step": null, "ts": 1653824953.6577308}]}, "version": 98}
{"obj": {"type": "LogStrings", "path": ["monitoring", "stderr"], "values": [{"value": "\n", "step": null, "ts": 1653824953.6578012}]}, "version": 99}
{"obj": {"type": "LogStrings", "path": ["monitoring", "stderr"], "values": [{"value": "  File \"/home/resifis/anaconda3/envs/kaustenv/lib/python3.10/site-packages/data_prep/dataset/wrf_data.py\", line 202, in __getitem__\n", "step": null, "ts": 1653824953.657879}]}, "version": 100}
{"obj": {"type": "LogStrings", "path": ["monitoring", "stderr"], "values": [{"value": "    ", "step": null, "ts": 1653824953.658012}]}, "version": 101}
{"obj": {"type": "LogStrings", "path": ["monitoring", "stderr"], "values": [{"value": "all_data,target = self._get_tensor_data(item)", "step": null, "ts": 1653824953.6580756}]}, "version": 102}
{"obj": {"type": "LogStrings", "path": ["monitoring", "stderr"], "values": [{"value": "\n", "step": null, "ts": 1653824953.65814}]}, "version": 103}
{"obj": {"type": "LogStrings", "path": ["monitoring", "stderr"], "values": [{"value": "  File \"/home/resifis/anaconda3/envs/kaustenv/lib/python3.10/site-packages/data_prep/dataset/wrf_data.py\", line 186, in _get_tensor_data\n", "step": null, "ts": 1653824953.658209}]}, "version": 104}
{"obj": {"type": "LogStrings", "path": ["monitoring", "stderr"], "values": [{"value": "    ", "step": null, "ts": 1653824953.658335}]}, "version": 105}
{"obj": {"type": "LogStrings", "path": ["monitoring", "stderr"], "values": [{"value": "target_cdf = torch.tensor(target_cdf)", "step": null, "ts": 1653824953.658397}]}, "version": 106}
{"obj": {"type": "LogStrings", "path": ["monitoring", "stderr"], "values": [{"value": "\n", "step": null, "ts": 1653824953.6584594}]}, "version": 107}
{"obj": {"type": "LogStrings", "path": ["monitoring", "stderr"], "values": [{"value": "KeyboardInterrupt", "step": null, "ts": 1653824953.65853}]}, "version": 108}
{"obj": {"type": "LogStrings", "path": ["monitoring", "stderr"], "values": [{"value": "", "step": null, "ts": 1653824953.6585872}]}, "version": 109}
{"obj": {"type": "LogStrings", "path": ["monitoring", "stderr"], "values": [{"value": "\n", "step": null, "ts": 1653824953.6586478}]}, "version": 110}
{"obj": {"type": "LogStrings", "path": ["monitoring", "stdout"], "values": [{"value": "", "step": null, "ts": 1653824953.6590078}]}, "version": 111}
{"obj": {"type": "LogStrings", "path": ["monitoring", "stdout"], "values": [{"value": "Shutting down background jobs, please wait a moment...\n", "step": null, "ts": 1653824953.6591172}]}, "version": 112}
