{"obj": {"type": "AssignString", "path": ["sys", "name"], "value": "Untitled"}, "version": 1}
{"obj": {"type": "AssignString", "path": ["sys", "description"], "value": ""}, "version": 2}
{"obj": {"type": "AssignString", "path": ["sys", "hostname"], "value": "KW60717"}, "version": 3}
{"obj": {"type": "AssignBool", "path": ["sys", "failed"], "value": false}, "version": 4}
{"obj": {"type": "ClearStringLog", "path": ["monitoring", "stdout"]}, "version": 5}
{"obj": {"type": "ClearStringLog", "path": ["monitoring", "stderr"]}, "version": 6}
{"obj": {"type": "AssignString", "path": ["source_code", "entrypoint"], "value": "train.py"}, "version": 7}
{"obj": {"type": "UploadFileSet", "path": ["source_code", "files"], "file_globs": ["/home/resifis/Desktop/kaustcode/Packages/models/src/models/train.py"], "reset": "False"}, "version": 8}
{"obj": {"type": "ConfigFloatSeries", "path": ["monitoring", "cpu"], "min": 0.0, "max": 100.0, "unit": "%"}, "version": 9}
{"obj": {"type": "ClearFloatLog", "path": ["monitoring", "cpu"]}, "version": 10}
{"obj": {"type": "ConfigFloatSeries", "path": ["monitoring", "memory"], "min": 0.0, "max": 251.55138397216797, "unit": "GB"}, "version": 11}
{"obj": {"type": "ClearFloatLog", "path": ["monitoring", "memory"]}, "version": 12}
{"obj": {"type": "ConfigFloatSeries", "path": ["monitoring", "gpu_0"], "min": 0.0, "max": 100.0, "unit": "%"}, "version": 13}
{"obj": {"type": "ClearFloatLog", "path": ["monitoring", "gpu_0"]}, "version": 14}
{"obj": {"type": "ConfigFloatSeries", "path": ["monitoring", "gpu_1"], "min": 0.0, "max": 100.0, "unit": "%"}, "version": 15}
{"obj": {"type": "ClearFloatLog", "path": ["monitoring", "gpu_1"]}, "version": 16}
{"obj": {"type": "ConfigFloatSeries", "path": ["monitoring", "gpu_memory_0"], "min": 0.0, "max": 23.69952392578125, "unit": "GB"}, "version": 17}
{"obj": {"type": "ClearFloatLog", "path": ["monitoring", "gpu_memory_0"]}, "version": 18}
{"obj": {"type": "ConfigFloatSeries", "path": ["monitoring", "gpu_memory_1"], "min": 0.0, "max": 23.69952392578125, "unit": "GB"}, "version": 19}
{"obj": {"type": "ClearFloatLog", "path": ["monitoring", "gpu_memory_1"]}, "version": 20}
{"obj": {"type": "LogStrings", "path": ["monitoring", "stdout"], "values": [{"value": ".........EPOCH 0........", "step": null, "ts": 1652184903.8793492}]}, "version": 21}
{"obj": {"type": "LogStrings", "path": ["monitoring", "stdout"], "values": [{"value": "\n", "step": null, "ts": 1652184903.8803217}]}, "version": 22}
{"obj": {"type": "LogStrings", "path": ["monitoring", "stderr"], "values": [{"value": "\r  0%|                                                                                                                                                                                                 | 0/500 [00:00<?, ?it/s]", "step": null, "ts": 1652184903.8834608}]}, "version": 23}
{"obj": {"type": "LogFloats", "path": ["monitoring", "cpu"], "values": [{"value": 5.3, "step": null, "ts": 1652184903.8704464}]}, "version": 24}
{"obj": {"type": "LogFloats", "path": ["monitoring", "memory"], "values": [{"value": 9.051204681396484, "step": null, "ts": 1652184903.8704464}]}, "version": 25}
{"obj": {"type": "LogFloats", "path": ["monitoring", "gpu_memory_0"], "values": [{"value": 0.6302490234375, "step": null, "ts": 1652184903.8704464}]}, "version": 26}
{"obj": {"type": "LogFloats", "path": ["monitoring", "gpu_memory_1"], "values": [{"value": 1.853759765625, "step": null, "ts": 1652184903.8704464}]}, "version": 27}
{"obj": {"type": "LogFloats", "path": ["monitoring", "cpu"], "values": [{"value": 22.0, "step": null, "ts": 1652184913.8860843}]}, "version": 28}
{"obj": {"type": "LogFloats", "path": ["monitoring", "memory"], "values": [{"value": 10.105628967285156, "step": null, "ts": 1652184913.8860843}]}, "version": 29}
{"obj": {"type": "LogFloats", "path": ["monitoring", "gpu_0"], "values": [{"value": 34.0, "step": null, "ts": 1652184913.8860843}]}, "version": 30}
{"obj": {"type": "LogFloats", "path": ["monitoring", "gpu_1"], "values": [{"value": 100.0, "step": null, "ts": 1652184913.8860843}]}, "version": 31}
{"obj": {"type": "LogFloats", "path": ["monitoring", "gpu_memory_0"], "values": [{"value": 0.6231689453125, "step": null, "ts": 1652184913.8860843}]}, "version": 32}
{"obj": {"type": "LogFloats", "path": ["monitoring", "gpu_memory_1"], "values": [{"value": 20.293212890625, "step": null, "ts": 1652184913.8860843}]}, "version": 33}
{"obj": {"type": "LogStrings", "path": ["monitoring", "stderr"], "values": [{"value": "\r  0%|                                                                                                                                                                       | 0/500 [00:12<?, ?it/s, Batch_number=0, Loss=685]", "step": null, "ts": 1652184916.45947}]}, "version": 34}
{"obj": {"type": "LogStrings", "path": ["monitoring", "stderr"], "values": [{"value": "\r  0%|\u258e                                                                                                                                                            | 1/500 [00:12<1:44:35, 12.58s/it, Batch_number=0, Loss=685]", "step": null, "ts": 1652184916.459915}]}, "version": 35}
{"obj": {"type": "LogStrings", "path": ["monitoring", "stderr"], "values": [{"value": "\r  0%|\u258e                                                                                                                                                            | 1/500 [00:15<1:44:35, 12.58s/it, Batch_number=1, Loss=635]", "step": null, "ts": 1652184919.681323}]}, "version": 36}
{"obj": {"type": "LogStrings", "path": ["monitoring", "stderr"], "values": [{"value": "\r  0%|\u258b                                                                                                                                                              | 2/500 [00:15<58:42,  7.07s/it, Batch_number=1, Loss=635]", "step": null, "ts": 1652184919.681598}]}, "version": 37}
{"obj": {"type": "LogStrings", "path": ["monitoring", "stderr"], "values": [{"value": "\r  0%|\u258b                                                                                                                                                              | 2/500 [00:18<58:42,  7.07s/it, Batch_number=2, Loss=529]", "step": null, "ts": 1652184922.639675}]}, "version": 38}
{"obj": {"type": "LogStrings", "path": ["monitoring", "stderr"], "values": [{"value": "\r  1%|\u2589                                                                                                                                                              | 3/500 [00:18<43:01,  5.19s/it, Batch_number=2, Loss=529]", "step": null, "ts": 1652184922.6401343}]}, "version": 39}
{"obj": {"type": "LogFloats", "path": ["monitoring", "cpu"], "values": [{"value": 50.5, "step": null, "ts": 1652184923.8915281}]}, "version": 40}
{"obj": {"type": "LogFloats", "path": ["monitoring", "memory"], "values": [{"value": 10.265377044677734, "step": null, "ts": 1652184923.8915281}]}, "version": 41}
{"obj": {"type": "LogFloats", "path": ["monitoring", "gpu_memory_0"], "values": [{"value": 0.62860107421875, "step": null, "ts": 1652184923.8915281}]}, "version": 42}
{"obj": {"type": "LogFloats", "path": ["monitoring", "gpu_memory_1"], "values": [{"value": 23.398681640625, "step": null, "ts": 1652184923.8915281}]}, "version": 43}
{"obj": {"type": "LogStrings", "path": ["monitoring", "stderr"], "values": [{"value": "\r  1%|\u2589                                                                                                                                                              | 3/500 [00:21<43:01,  5.19s/it, Batch_number=3, Loss=578]", "step": null, "ts": 1652184925.6355355}]}, "version": 44}
{"obj": {"type": "LogStrings", "path": ["monitoring", "stderr"], "values": [{"value": "\r  1%|\u2588\u258e                                                                                                                                                             | 4/500 [00:21<35:45,  4.33s/it, Batch_number=3, Loss=578]", "step": null, "ts": 1652184925.6357954}]}, "version": 45}
{"obj": {"type": "LogStrings", "path": ["monitoring", "stderr"], "values": [{"value": "\r  1%|\u2588\u258e                                                                                                                                                             | 4/500 [00:24<35:45,  4.33s/it, Batch_number=4, Loss=507]", "step": null, "ts": 1652184928.612025}]}, "version": 46}
{"obj": {"type": "LogStrings", "path": ["monitoring", "stderr"], "values": [{"value": "\r  1%|\u2588\u258c                                                                                                                                                             | 5/500 [00:24<31:40,  3.84s/it, Batch_number=4, Loss=507]", "step": null, "ts": 1652184928.6123095}]}, "version": 47}
{"obj": {"type": "LogStrings", "path": ["monitoring", "stderr"], "values": [{"value": "\r  1%|\u2588\u258c                                                                                                                                                             | 5/500 [00:27<31:40,  3.84s/it, Batch_number=5, Loss=511]", "step": null, "ts": 1652184931.4759824}]}, "version": 48}
{"obj": {"type": "LogStrings", "path": ["monitoring", "stderr"], "values": [{"value": "\r  1%|\u2588\u2589                                                                                                                                                             | 6/500 [00:27<28:52,  3.51s/it, Batch_number=5, Loss=511]", "step": null, "ts": 1652184931.4762607}]}, "version": 49}
{"obj": {"type": "LogFloats", "path": ["monitoring", "cpu"], "values": [{"value": 59.2, "step": null, "ts": 1652184933.8949435}]}, "version": 50}
{"obj": {"type": "LogFloats", "path": ["monitoring", "memory"], "values": [{"value": 10.233142852783203, "step": null, "ts": 1652184933.8949435}]}, "version": 51}
{"obj": {"type": "LogFloats", "path": ["monitoring", "gpu_0"], "values": [{"value": 50.0, "step": null, "ts": 1652184933.8949435}]}, "version": 52}
{"obj": {"type": "LogFloats", "path": ["monitoring", "gpu_1"], "values": [{"value": 100.0, "step": null, "ts": 1652184933.8949435}]}, "version": 53}
{"obj": {"type": "LogFloats", "path": ["monitoring", "gpu_memory_0"], "values": [{"value": 0.6214599609375, "step": null, "ts": 1652184933.8949435}]}, "version": 54}
{"obj": {"type": "LogFloats", "path": ["monitoring", "gpu_memory_1"], "values": [{"value": 23.398681640625, "step": null, "ts": 1652184933.8949435}]}, "version": 55}
{"obj": {"type": "LogStrings", "path": ["monitoring", "stderr"], "values": [{"value": "\r  1%|\u2588\u2589                                                                                                                                                             | 6/500 [00:30<28:52,  3.51s/it, Batch_number=6, Loss=490]", "step": null, "ts": 1652184934.3780615}]}, "version": 56}
{"obj": {"type": "LogStrings", "path": ["monitoring", "stderr"], "values": [{"value": "\r  1%|\u2588\u2588\u258f                                                                                                                                                            | 7/500 [00:30<27:11,  3.31s/it, Batch_number=6, Loss=490]", "step": null, "ts": 1652184934.3782814}]}, "version": 57}
{"obj": {"type": "LogStrings", "path": ["monitoring", "stderr"], "values": [{"value": "\r  1%|\u2588\u2588\u258f                                                                                                                                                            | 7/500 [00:33<27:11,  3.31s/it, Batch_number=7, Loss=510]", "step": null, "ts": 1652184937.2645376}]}, "version": 58}
{"obj": {"type": "LogStrings", "path": ["monitoring", "stderr"], "values": [{"value": "\r  2%|\u2588\u2588\u258c                                                                                                                                                            | 8/500 [00:33<26:02,  3.18s/it, Batch_number=7, Loss=510]", "step": null, "ts": 1652184937.264947}]}, "version": 59}
{"obj": {"type": "LogStrings", "path": ["monitoring", "stderr"], "values": [{"value": "\r  2%|\u2588\u2588\u258c                                                                                                                                                            | 8/500 [00:36<26:02,  3.18s/it, Batch_number=8, Loss=505]", "step": null, "ts": 1652184940.355293}]}, "version": 60}
{"obj": {"type": "LogStrings", "path": ["monitoring", "stderr"], "values": [{"value": "\r  2%|\u2588\u2588\u258a                                                                                                                                                            | 9/500 [00:36<25:46,  3.15s/it, Batch_number=8, Loss=505]", "step": null, "ts": 1652184940.3555677}]}, "version": 61}
{"obj": {"type": "LogStrings", "path": ["monitoring", "stderr"], "values": [{"value": "\r  2%|\u2588\u2588\u258a                                                                                                                                                            | 9/500 [00:39<25:46,  3.15s/it, Batch_number=9, Loss=508]", "step": null, "ts": 1652184943.4621983}]}, "version": 62}
{"obj": {"type": "LogStrings", "path": ["monitoring", "stderr"], "values": [{"value": "\r  2%|\u2588\u2588\u2588\u258f                                                                                                                                                          | 10/500 [00:39<25:36,  3.14s/it, Batch_number=9, Loss=508]", "step": null, "ts": 1652184943.4624863}]}, "version": 63}
{"obj": {"type": "LogFloats", "path": ["monitoring", "cpu"], "values": [{"value": 60.6, "step": null, "ts": 1652184943.8996868}]}, "version": 64}
{"obj": {"type": "LogFloats", "path": ["monitoring", "memory"], "values": [{"value": 10.434646606445312, "step": null, "ts": 1652184943.8996868}]}, "version": 65}
{"obj": {"type": "LogFloats", "path": ["monitoring", "gpu_0"], "values": [{"value": 4.0, "step": null, "ts": 1652184943.8996868}]}, "version": 66}
{"obj": {"type": "LogFloats", "path": ["monitoring", "gpu_memory_0"], "values": [{"value": 0.64178466796875, "step": null, "ts": 1652184943.8996868}]}, "version": 67}
{"obj": {"type": "LogFloats", "path": ["monitoring", "gpu_memory_1"], "values": [{"value": 23.398681640625, "step": null, "ts": 1652184943.8996868}]}, "version": 68}
{"obj": {"type": "LogStrings", "path": ["monitoring", "stderr"], "values": [{"value": "\r  2%|\u2588\u2588\u2588\u258f                                                                                                                                                         | 10/500 [00:42<25:36,  3.14s/it, Batch_number=10, Loss=530]", "step": null, "ts": 1652184946.491298}]}, "version": 69}
{"obj": {"type": "LogStrings", "path": ["monitoring", "stderr"], "values": [{"value": "\r  2%|\u2588\u2588\u2588\u258d                                                                                                                                                         | 11/500 [00:42<25:17,  3.10s/it, Batch_number=10, Loss=530]", "step": null, "ts": 1652184946.4915793}]}, "version": 70}
{"obj": {"type": "LogStrings", "path": ["monitoring", "stderr"], "values": [{"value": "\r  2%|\u2588\u2588\u2588\u258d                                                                                                                                                         | 11/500 [00:45<25:17,  3.10s/it, Batch_number=11, Loss=542]", "step": null, "ts": 1652184949.7855587}]}, "version": 71}
{"obj": {"type": "LogStrings", "path": ["monitoring", "stderr"], "values": [{"value": "\r  2%|\u2588\u2588\u2588\u258a                                                                                                                                                         | 12/500 [00:45<25:42,  3.16s/it, Batch_number=11, Loss=542]", "step": null, "ts": 1652184949.7859051}]}, "version": 72}
{"obj": {"type": "LogStrings", "path": ["monitoring", "stderr"], "values": [{"value": "\r  2%|\u2588\u2588\u2588\u258a                                                                                                                                                         | 12/500 [00:49<25:42,  3.16s/it, Batch_number=12, Loss=554]", "step": null, "ts": 1652184952.8868482}]}, "version": 73}
{"obj": {"type": "LogStrings", "path": ["monitoring", "stderr"], "values": [{"value": "\r  3%|\u2588\u2588\u2588\u2588                                                                                                                                                         | 13/500 [00:49<25:30,  3.14s/it, Batch_number=12, Loss=554]", "step": null, "ts": 1652184952.88709}]}, "version": 74}
{"obj": {"type": "LogFloats", "path": ["monitoring", "cpu"], "values": [{"value": 65.7, "step": null, "ts": 1652184953.9022229}]}, "version": 75}
{"obj": {"type": "LogFloats", "path": ["monitoring", "memory"], "values": [{"value": 10.242263793945312, "step": null, "ts": 1652184953.9022229}]}, "version": 76}
{"obj": {"type": "LogFloats", "path": ["monitoring", "gpu_memory_0"], "values": [{"value": 0.63214111328125, "step": null, "ts": 1652184953.9022229}]}, "version": 77}
{"obj": {"type": "LogFloats", "path": ["monitoring", "gpu_memory_1"], "values": [{"value": 23.398681640625, "step": null, "ts": 1652184953.9022229}]}, "version": 78}
{"obj": {"type": "LogStrings", "path": ["monitoring", "stderr"], "values": [{"value": "\r  3%|\u2588\u2588\u2588\u2588                                                                                                                                                         | 13/500 [00:51<25:30,  3.14s/it, Batch_number=13, Loss=556]", "step": null, "ts": 1652184955.8182096}]}, "version": 79}
{"obj": {"type": "LogStrings", "path": ["monitoring", "stderr"], "values": [{"value": "\r  3%|\u2588\u2588\u2588\u2588\u258d                                                                                                                                                        | 14/500 [00:51<24:56,  3.08s/it, Batch_number=13, Loss=556]", "step": null, "ts": 1652184955.8185103}]}, "version": 80}
{"obj": {"type": "LogStrings", "path": ["monitoring", "stderr"], "values": [{"value": "\r  3%|\u2588\u2588\u2588\u2588\u258d                                                                                                                                                        | 14/500 [00:54<24:56,  3.08s/it, Batch_number=14, Loss=569]", "step": null, "ts": 1652184958.7396173}]}, "version": 81}
{"obj": {"type": "LogStrings", "path": ["monitoring", "stderr"], "values": [{"value": "\r  3%|\u2588\u2588\u2588\u2588\u258b                                                                                                                                                        | 15/500 [00:54<24:30,  3.03s/it, Batch_number=14, Loss=569]", "step": null, "ts": 1652184958.739895}]}, "version": 82}
{"obj": {"type": "LogStrings", "path": ["monitoring", "stderr"], "values": [{"value": "\r  3%|\u2588\u2588\u2588\u2588\u258b                                                                                                                                                        | 15/500 [00:57<24:30,  3.03s/it, Batch_number=15, Loss=575]", "step": null, "ts": 1652184961.7703826}]}, "version": 83}
{"obj": {"type": "LogStrings", "path": ["monitoring", "stderr"], "values": [{"value": "\r  3%|\u2588\u2588\u2588\u2588\u2588                                                                                                                                                        | 16/500 [00:57<24:27,  3.03s/it, Batch_number=15, Loss=575]", "step": null, "ts": 1652184961.770664}]}, "version": 84}
{"obj": {"type": "LogFloats", "path": ["monitoring", "cpu"], "values": [{"value": 62.6, "step": null, "ts": 1652184963.904757}]}, "version": 85}
{"obj": {"type": "LogFloats", "path": ["monitoring", "memory"], "values": [{"value": 10.274181365966797, "step": null, "ts": 1652184963.904757}]}, "version": 86}
{"obj": {"type": "LogFloats", "path": ["monitoring", "gpu_1"], "values": [{"value": 100.0, "step": null, "ts": 1652184963.904757}]}, "version": 87}
{"obj": {"type": "LogFloats", "path": ["monitoring", "gpu_memory_0"], "values": [{"value": 0.6451416015625, "step": null, "ts": 1652184963.904757}]}, "version": 88}
{"obj": {"type": "LogFloats", "path": ["monitoring", "gpu_memory_1"], "values": [{"value": 23.398681640625, "step": null, "ts": 1652184963.904757}]}, "version": 89}
{"obj": {"type": "LogStrings", "path": ["monitoring", "stderr"], "values": [{"value": "\r  3%|\u2588\u2588\u2588\u2588\u2588                                                                                                                                                        | 16/500 [01:00<24:27,  3.03s/it, Batch_number=16, Loss=582]", "step": null, "ts": 1652184964.7382755}]}, "version": 90}
{"obj": {"type": "LogStrings", "path": ["monitoring", "stderr"], "values": [{"value": "\r  3%|\u2588\u2588\u2588\u2588\u2588\u258e                                                                                                                                                       | 17/500 [01:00<24:14,  3.01s/it, Batch_number=16, Loss=582]", "step": null, "ts": 1652184964.738573}]}, "version": 91}
{"obj": {"type": "LogStrings", "path": ["monitoring", "stderr"], "values": [{"value": "\r  3%|\u2588\u2588\u2588\u2588\u2588\u258e                                                                                                                                                       | 17/500 [01:03<24:14,  3.01s/it, Batch_number=17, Loss=588]", "step": null, "ts": 1652184967.6540296}]}, "version": 92}
{"obj": {"type": "LogStrings", "path": ["monitoring", "stderr"], "values": [{"value": "\r  4%|\u2588\u2588\u2588\u2588\u2588\u258b                                                                                                                                                       | 18/500 [01:03<23:57,  2.98s/it, Batch_number=17, Loss=588]", "step": null, "ts": 1652184967.654298}]}, "version": 93}
{"obj": {"type": "LogStrings", "path": ["monitoring", "stderr"], "values": [{"value": "\r  4%|\u2588\u2588\u2588\u2588\u2588\u258b                                                                                                                                                       | 18/500 [01:06<23:57,  2.98s/it, Batch_number=18, Loss=591]", "step": null, "ts": 1652184970.6318665}]}, "version": 94}
{"obj": {"type": "LogStrings", "path": ["monitoring", "stderr"], "values": [{"value": "\r  4%|\u2588\u2588\u2588\u2588\u2588\u2589                                                                                                                                                       | 19/500 [01:06<23:54,  2.98s/it, Batch_number=18, Loss=591]", "step": null, "ts": 1652184970.6321476}]}, "version": 95}
{"obj": {"type": "LogStrings", "path": ["monitoring", "stderr"], "values": [{"value": "\r  4%|\u2588\u2588\u2588\u2588\u2588\u2589                                                                                                                                                       | 19/500 [01:09<23:54,  2.98s/it, Batch_number=19, Loss=598]", "step": null, "ts": 1652184973.5277762}]}, "version": 96}
{"obj": {"type": "LogStrings", "path": ["monitoring", "stderr"], "values": [{"value": "\r  4%|\u2588\u2588\u2588\u2588\u2588\u2588\u258e                                                                                                                                                      | 20/500 [01:09<23:38,  2.96s/it, Batch_number=19, Loss=598]", "step": null, "ts": 1652184973.52803}]}, "version": 97}
{"obj": {"type": "LogFloats", "path": ["monitoring", "cpu"], "values": [{"value": 57.9, "step": null, "ts": 1652184973.9082055}]}, "version": 98}
{"obj": {"type": "LogFloats", "path": ["monitoring", "memory"], "values": [{"value": 10.442707061767578, "step": null, "ts": 1652184973.9082055}]}, "version": 99}
{"obj": {"type": "LogFloats", "path": ["monitoring", "gpu_memory_0"], "values": [{"value": 0.6390380859375, "step": null, "ts": 1652184973.9082055}]}, "version": 100}
{"obj": {"type": "LogFloats", "path": ["monitoring", "gpu_memory_1"], "values": [{"value": 23.398681640625, "step": null, "ts": 1652184973.9082055}]}, "version": 101}
{"obj": {"type": "LogStrings", "path": ["monitoring", "stderr"], "values": [{"value": "\r  4%|\u2588\u2588\u2588\u2588\u2588\u2588\u258e                                                                                                                                                      | 20/500 [01:12<23:38,  2.96s/it, Batch_number=20, Loss=599]", "step": null, "ts": 1652184976.4854913}]}, "version": 102}
{"obj": {"type": "LogStrings", "path": ["monitoring", "stderr"], "values": [{"value": "\r  4%|\u2588\u2588\u2588\u2588\u2588\u2588\u258c                                                                                                                                                      | 21/500 [01:12<23:36,  2.96s/it, Batch_number=20, Loss=599]", "step": null, "ts": 1652184976.4857728}]}, "version": 103}
{"obj": {"type": "LogStrings", "path": ["monitoring", "stderr"], "values": [{"value": "\r  4%|\u2588\u2588\u2588\u2588\u2588\u2588\u258c                                                                                                                                                      | 21/500 [01:15<23:36,  2.96s/it, Batch_number=21, Loss=597]", "step": null, "ts": 1652184979.464528}]}, "version": 104}
{"obj": {"type": "LogStrings", "path": ["monitoring", "stderr"], "values": [{"value": "\r  4%|\u2588\u2588\u2588\u2588\u2588\u2588\u2589                                                                                                                                                      | 22/500 [01:15<23:36,  2.96s/it, Batch_number=21, Loss=597]", "step": null, "ts": 1652184979.464846}]}, "version": 105}
{"obj": {"type": "LogStrings", "path": ["monitoring", "stderr"], "values": [{"value": "\r  4%|\u2588\u2588\u2588\u2588\u2588\u2588\u2589                                                                                                                                                      | 22/500 [01:19<23:36,  2.96s/it, Batch_number=22, Loss=599]", "step": null, "ts": 1652184982.9301863}]}, "version": 106}
{"obj": {"type": "LogStrings", "path": ["monitoring", "stderr"], "values": [{"value": "\r  5%|\u2588\u2588\u2588\u2588\u2588\u2588\u2588\u258f                                                                                                                                                     | 23/500 [01:19<24:45,  3.11s/it, Batch_number=22, Loss=599]", "step": null, "ts": 1652184982.9304729}]}, "version": 107}
{"obj": {"type": "LogFloats", "path": ["monitoring", "cpu"], "values": [{"value": 65.2, "step": null, "ts": 1652184983.910187}]}, "version": 108}
{"obj": {"type": "LogFloats", "path": ["monitoring", "memory"], "values": [{"value": 10.252056121826172, "step": null, "ts": 1652184983.910187}]}, "version": 109}
{"obj": {"type": "LogFloats", "path": ["monitoring", "gpu_0"], "values": [{"value": 34.0, "step": null, "ts": 1652184983.910187}]}, "version": 110}
{"obj": {"type": "LogFloats", "path": ["monitoring", "gpu_memory_0"], "values": [{"value": 0.63922119140625, "step": null, "ts": 1652184983.910187}]}, "version": 111}
{"obj": {"type": "LogFloats", "path": ["monitoring", "gpu_memory_1"], "values": [{"value": 23.398681640625, "step": null, "ts": 1652184983.910187}]}, "version": 112}
{"obj": {"type": "LogStrings", "path": ["monitoring", "stderr"], "values": [{"value": "\r  5%|\u2588\u2588\u2588\u2588\u2588\u2588\u2588\u258f                                                                                                                                                     | 23/500 [01:22<24:45,  3.11s/it, Batch_number=23, Loss=600]", "step": null, "ts": 1652184986.1467564}]}, "version": 113}
{"obj": {"type": "LogStrings", "path": ["monitoring", "stderr"], "values": [{"value": "\r  5%|\u2588\u2588\u2588\u2588\u2588\u2588\u2588\u258c                                                                                                                                                     | 24/500 [01:22<24:56,  3.14s/it, Batch_number=23, Loss=600]", "step": null, "ts": 1652184986.1470635}]}, "version": 114}
{"obj": {"type": "LogStrings", "path": ["monitoring", "stderr"], "values": [{"value": "\r  5%|\u2588\u2588\u2588\u2588\u2588\u2588\u2588\u258c                                                                                                                                                     | 24/500 [01:25<24:56,  3.14s/it, Batch_number=24, Loss=601]", "step": null, "ts": 1652184989.0387878}]}, "version": 115}
{"obj": {"type": "LogStrings", "path": ["monitoring", "stderr"], "values": [{"value": "\r  5%|\u2588\u2588\u2588\u2588\u2588\u2588\u2588\u258a                                                                                                                                                     | 25/500 [01:25<24:17,  3.07s/it, Batch_number=24, Loss=601]", "step": null, "ts": 1652184989.0390217}]}, "version": 116}
{"obj": {"type": "LogStrings", "path": ["monitoring", "stderr"], "values": [{"value": "\r  5%|\u2588\u2588\u2588\u2588\u2588\u2588\u2588\u258a                                                                                                                                                     | 25/500 [01:28<24:17,  3.07s/it, Batch_number=25, Loss=605]", "step": null, "ts": 1652184992.018868}]}, "version": 117}
{"obj": {"type": "LogStrings", "path": ["monitoring", "stderr"], "values": [{"value": "\r  5%|\u2588\u2588\u2588\u2588\u2588\u2588\u2588\u2588\u258f                                                                                                                                                    | 26/500 [01:28<24:02,  3.04s/it, Batch_number=25, Loss=605]", "step": null, "ts": 1652184992.0191553}]}, "version": 118}
{"obj": {"type": "LogFloats", "path": ["monitoring", "cpu"], "values": [{"value": 65.1, "step": null, "ts": 1652184993.9132583}]}, "version": 119}
{"obj": {"type": "LogFloats", "path": ["monitoring", "memory"], "values": [{"value": 10.232402801513672, "step": null, "ts": 1652184993.9132583}]}, "version": 120}
{"obj": {"type": "LogFloats", "path": ["monitoring", "gpu_0"], "values": [{"value": 4.0, "step": null, "ts": 1652184993.9132583}]}, "version": 121}
{"obj": {"type": "LogFloats", "path": ["monitoring", "gpu_1"], "values": [{"value": 44.0, "step": null, "ts": 1652184993.9132583}]}, "version": 122}
{"obj": {"type": "LogFloats", "path": ["monitoring", "gpu_memory_0"], "values": [{"value": 0.649658203125, "step": null, "ts": 1652184993.9132583}]}, "version": 123}
{"obj": {"type": "LogFloats", "path": ["monitoring", "gpu_memory_1"], "values": [{"value": 23.398681640625, "step": null, "ts": 1652184993.9132583}]}, "version": 124}
{"obj": {"type": "LogStrings", "path": ["monitoring", "stderr"], "values": [{"value": "\r  5%|\u2588\u2588\u2588\u2588\u2588\u2588\u2588\u2588\u258f                                                                                                                                                    | 26/500 [01:31<24:02,  3.04s/it, Batch_number=26, Loss=608]", "step": null, "ts": 1652184995.0450819}]}, "version": 125}
{"obj": {"type": "LogStrings", "path": ["monitoring", "stderr"], "values": [{"value": "\r  5%|\u2588\u2588\u2588\u2588\u2588\u2588\u2588\u2588\u258d                                                                                                                                                    | 27/500 [01:31<23:56,  3.04s/it, Batch_number=26, Loss=608]", "step": null, "ts": 1652184995.045336}]}, "version": 126}
{"obj": {"type": "LogStrings", "path": ["monitoring", "stderr"], "values": [{"value": "\r  5%|\u2588\u2588\u2588\u2588\u2588\u2588\u2588\u2588\u258d                                                                                                                                                    | 27/500 [01:34<23:56,  3.04s/it, Batch_number=27, Loss=611]", "step": null, "ts": 1652184998.002131}]}, "version": 127}
{"obj": {"type": "LogStrings", "path": ["monitoring", "stderr"], "values": [{"value": "\r  6%|\u2588\u2588\u2588\u2588\u2588\u2588\u2588\u2588\u258a                                                                                                                                                    | 28/500 [01:34<23:42,  3.01s/it, Batch_number=27, Loss=611]", "step": null, "ts": 1652184998.0024104}]}, "version": 128}
{"obj": {"type": "LogStrings", "path": ["monitoring", "stderr"], "values": [{"value": "\r  6%|\u2588\u2588\u2588\u2588\u2588\u2588\u2588\u2588\u258a                                                                                                                                                    | 28/500 [01:37<23:42,  3.01s/it, Batch_number=28, Loss=613]", "step": null, "ts": 1652185000.9301164}]}, "version": 129}
{"obj": {"type": "LogStrings", "path": ["monitoring", "stderr"], "values": [{"value": "\r  6%|\u2588\u2588\u2588\u2588\u2588\u2588\u2588\u2588\u2588                                                                                                                                                    | 29/500 [01:37<23:27,  2.99s/it, Batch_number=28, Loss=613]", "step": null, "ts": 1652185000.9303916}]}, "version": 130}
{"obj": {"type": "LogFloats", "path": ["monitoring", "cpu"], "values": [{"value": 55.5, "step": null, "ts": 1652185003.9154537}]}, "version": 131}
{"obj": {"type": "LogFloats", "path": ["monitoring", "memory"], "values": [{"value": 10.434337615966797, "step": null, "ts": 1652185003.9154537}]}, "version": 132}
{"obj": {"type": "LogFloats", "path": ["monitoring", "gpu_0"], "values": [{"value": 4.0, "step": null, "ts": 1652185003.9154537}]}, "version": 133}
{"obj": {"type": "LogFloats", "path": ["monitoring", "gpu_1"], "values": [{"value": 100.0, "step": null, "ts": 1652185003.9154537}]}, "version": 134}
{"obj": {"type": "LogFloats", "path": ["monitoring", "gpu_memory_0"], "values": [{"value": 0.6138916015625, "step": null, "ts": 1652185003.9154537}]}, "version": 135}
{"obj": {"type": "LogFloats", "path": ["monitoring", "gpu_memory_1"], "values": [{"value": 23.398681640625, "step": null, "ts": 1652185003.9154537}]}, "version": 136}
{"obj": {"type": "LogStrings", "path": ["monitoring", "stderr"], "values": [{"value": "\r  6%|\u2588\u2588\u2588\u2588\u2588\u2588\u2588\u2588\u2588                                                                                                                                                    | 29/500 [01:40<23:27,  2.99s/it, Batch_number=29, Loss=615]", "step": null, "ts": 1652185003.931514}]}, "version": 137}
{"obj": {"type": "LogStrings", "path": ["monitoring", "stderr"], "values": [{"value": "\r  6%|\u2588\u2588\u2588\u2588\u2588\u2588\u2588\u2588\u2588\u258d                                                                                                                                                   | 30/500 [01:40<23:26,  2.99s/it, Batch_number=29, Loss=615]", "step": null, "ts": 1652185003.931756}]}, "version": 138}
{"obj": {"type": "LogStrings", "path": ["monitoring", "stderr"], "values": [{"value": "\r  6%|\u2588\u2588\u2588\u2588\u2588\u2588\u2588\u2588\u2588\u258d                                                                                                                                                   | 30/500 [01:43<23:26,  2.99s/it, Batch_number=30, Loss=618]", "step": null, "ts": 1652185006.9419506}]}, "version": 139}
{"obj": {"type": "LogStrings", "path": ["monitoring", "stderr"], "values": [{"value": "\r  6%|\u2588\u2588\u2588\u2588\u2588\u2588\u2588\u2588\u2588\u258b                                                                                                                                                   | 31/500 [01:43<23:25,  3.00s/it, Batch_number=30, Loss=618]", "step": null, "ts": 1652185006.9422257}]}, "version": 140}
{"obj": {"type": "LogStrings", "path": ["monitoring", "stderr"], "values": [{"value": "\r  6%|\u2588\u2588\u2588\u2588\u2588\u2588\u2588\u2588\u2588\u258b                                                                                                                                                   | 31/500 [01:46<23:25,  3.00s/it, Batch_number=31, Loss=617]", "step": null, "ts": 1652185010.2049427}]}, "version": 141}
{"obj": {"type": "LogStrings", "path": ["monitoring", "stderr"], "values": [{"value": "\r  6%|\u2588\u2588\u2588\u2588\u2588\u2588\u2588\u2588\u2588\u2588                                                                                                                                                   | 32/500 [01:46<24:00,  3.08s/it, Batch_number=31, Loss=617]", "step": null, "ts": 1652185010.2052355}]}, "version": 142}
{"obj": {"type": "LogStrings", "path": ["monitoring", "stderr"], "values": [{"value": "\r  6%|\u2588\u2588\u2588\u2588\u2588\u2588\u2588\u2588\u2588\u2588                                                                                                                                                   | 32/500 [01:49<24:00,  3.08s/it, Batch_number=32, Loss=617]", "step": null, "ts": 1652185013.604667}]}, "version": 143}
{"obj": {"type": "LogStrings", "path": ["monitoring", "stderr"], "values": [{"value": "\r  7%|\u2588\u2588\u2588\u2588\u2588\u2588\u2588\u2588\u2588\u2588\u258e                                                                                                                                                  | 33/500 [01:49<24:42,  3.17s/it, Batch_number=32, Loss=617]", "step": null, "ts": 1652185013.6049767}]}, "version": 144}
{"obj": {"type": "LogFloats", "path": ["monitoring", "cpu"], "values": [{"value": 65.5, "step": null, "ts": 1652185013.9192896}]}, "version": 145}
{"obj": {"type": "LogFloats", "path": ["monitoring", "memory"], "values": [{"value": 10.286819458007812, "step": null, "ts": 1652185013.9192896}]}, "version": 146}
{"obj": {"type": "LogFloats", "path": ["monitoring", "gpu_0"], "values": [{"value": 34.0, "step": null, "ts": 1652185013.9192896}]}, "version": 147}
{"obj": {"type": "LogFloats", "path": ["monitoring", "gpu_1"], "values": [{"value": 23.0, "step": null, "ts": 1652185013.9192896}]}, "version": 148}
{"obj": {"type": "LogFloats", "path": ["monitoring", "gpu_memory_0"], "values": [{"value": 0.6175537109375, "step": null, "ts": 1652185013.9192896}]}, "version": 149}
{"obj": {"type": "LogFloats", "path": ["monitoring", "gpu_memory_1"], "values": [{"value": 23.398681640625, "step": null, "ts": 1652185013.9192896}]}, "version": 150}
{"obj": {"type": "LogStrings", "path": ["monitoring", "stderr"], "values": [{"value": "\r  7%|\u2588\u2588\u2588\u2588\u2588\u2588\u2588\u2588\u2588\u2588\u258e                                                                                                                                                  | 33/500 [01:52<24:42,  3.17s/it, Batch_number=33, Loss=610]", "step": null, "ts": 1652185016.5289006}]}, "version": 151}
{"obj": {"type": "LogStrings", "path": ["monitoring", "stderr"], "values": [{"value": "\r  7%|\u2588\u2588\u2588\u2588\u2588\u2588\u2588\u2588\u2588\u2588\u258b                                                                                                                                                  | 34/500 [01:52<24:04,  3.10s/it, Batch_number=33, Loss=610]", "step": null, "ts": 1652185016.529188}]}, "version": 152}
{"obj": {"type": "LogStrings", "path": ["monitoring", "stderr"], "values": [{"value": "\r  7%|\u2588\u2588\u2588\u2588\u2588\u2588\u2588\u2588\u2588\u2588\u258b                                                                                                                                                  | 34/500 [01:55<24:04,  3.10s/it, Batch_number=34, Loss=607]", "step": null, "ts": 1652185019.827}]}, "version": 153}
{"obj": {"type": "LogStrings", "path": ["monitoring", "stderr"], "values": [{"value": "\r  7%|\u2588\u2588\u2588\u2588\u2588\u2588\u2588\u2588\u2588\u2588\u2589                                                                                                                                                  | 35/500 [01:55<24:28,  3.16s/it, Batch_number=34, Loss=607]", "step": null, "ts": 1652185019.8272798}]}, "version": 154}
{"obj": {"type": "LogStrings", "path": ["monitoring", "stderr"], "values": [{"value": "\r  7%|\u2588\u2588\u2588\u2588\u2588\u2588\u2588\u2588\u2588\u2588\u2589                                                                                                                                                  | 35/500 [01:59<24:28,  3.16s/it, Batch_number=35, Loss=609]", "step": null, "ts": 1652185023.2732723}]}, "version": 155}
{"obj": {"type": "LogStrings", "path": ["monitoring", "stderr"], "values": [{"value": "\r  7%|\u2588\u2588\u2588\u2588\u2588\u2588\u2588\u2588\u2588\u2588\u2588\u258e                                                                                                                                                 | 36/500 [01:59<25:05,  3.24s/it, Batch_number=35, Loss=609]", "step": null, "ts": 1652185023.2735603}]}, "version": 156}
{"obj": {"type": "LogFloats", "path": ["monitoring", "cpu"], "values": [{"value": 65.0, "step": null, "ts": 1652185023.9220448}]}, "version": 157}
{"obj": {"type": "LogFloats", "path": ["monitoring", "memory"], "values": [{"value": 10.470443725585938, "step": null, "ts": 1652185023.9220448}]}, "version": 158}
{"obj": {"type": "LogFloats", "path": ["monitoring", "gpu_memory_0"], "values": [{"value": 0.61700439453125, "step": null, "ts": 1652185023.9220448}]}, "version": 159}
{"obj": {"type": "LogFloats", "path": ["monitoring", "gpu_memory_1"], "values": [{"value": 23.398681640625, "step": null, "ts": 1652185023.9220448}]}, "version": 160}
{"obj": {"type": "LogStrings", "path": ["monitoring", "stderr"], "values": [{"value": "\r  7%|\u2588\u2588\u2588\u2588\u2588\u2588\u2588\u2588\u2588\u2588\u2588\u258e                                                                                                                                                 | 36/500 [02:02<25:05,  3.24s/it, Batch_number=36, Loss=613]", "step": null, "ts": 1652185026.1480267}]}, "version": 161}
{"obj": {"type": "LogStrings", "path": ["monitoring", "stderr"], "values": [{"value": "\r  7%|\u2588\u2588\u2588\u2588\u2588\u2588\u2588\u2588\u2588\u2588\u2588\u258c                                                                                                                                                 | 37/500 [02:02<24:11,  3.13s/it, Batch_number=36, Loss=613]", "step": null, "ts": 1652185026.148295}]}, "version": 162}
{"obj": {"type": "LogStrings", "path": ["monitoring", "stderr"], "values": [{"value": "\r  7%|\u2588\u2588\u2588\u2588\u2588\u2588\u2588\u2588\u2588\u2588\u2588\u258c                                                                                                                                                 | 37/500 [02:05<24:11,  3.13s/it, Batch_number=37, Loss=613]", "step": null, "ts": 1652185029.0035493}]}, "version": 163}
{"obj": {"type": "LogStrings", "path": ["monitoring", "stderr"], "values": [{"value": "\r  8%|\u2588\u2588\u2588\u2588\u2588\u2588\u2588\u2588\u2588\u2588\u2588\u2589                                                                                                                                                 | 38/500 [02:05<23:29,  3.05s/it, Batch_number=37, Loss=613]", "step": null, "ts": 1652185029.0038638}]}, "version": 164}
{"obj": {"type": "LogStrings", "path": ["monitoring", "stderr"], "values": [{"value": "\r  8%|\u2588\u2588\u2588\u2588\u2588\u2588\u2588\u2588\u2588\u2588\u2588\u2589                                                                                                                                                 | 38/500 [02:08<23:29,  3.05s/it, Batch_number=38, Loss=616]", "step": null, "ts": 1652185031.9174254}]}, "version": 165}
{"obj": {"type": "LogStrings", "path": ["monitoring", "stderr"], "values": [{"value": "\r  8%|\u2588\u2588\u2588\u2588\u2588\u2588\u2588\u2588\u2588\u2588\u2588\u2588\u258f                                                                                                                                                | 39/500 [02:08<23:07,  3.01s/it, Batch_number=38, Loss=616]", "step": null, "ts": 1652185031.9177198}]}, "version": 166}
{"obj": {"type": "LogFloats", "path": ["monitoring", "cpu"], "values": [{"value": 65.6, "step": null, "ts": 1652185033.92628}]}, "version": 167}
{"obj": {"type": "LogFloats", "path": ["monitoring", "memory"], "values": [{"value": 10.450828552246094, "step": null, "ts": 1652185033.92628}]}, "version": 168}
{"obj": {"type": "LogFloats", "path": ["monitoring", "gpu_0"], "values": [{"value": 20.0, "step": null, "ts": 1652185033.92628}]}, "version": 169}
{"obj": {"type": "LogFloats", "path": ["monitoring", "gpu_memory_0"], "values": [{"value": 0.6268310546875, "step": null, "ts": 1652185033.92628}]}, "version": 170}
{"obj": {"type": "LogFloats", "path": ["monitoring", "gpu_memory_1"], "values": [{"value": 23.398681640625, "step": null, "ts": 1652185033.92628}]}, "version": 171}
{"obj": {"type": "LogStrings", "path": ["monitoring", "stderr"], "values": [{"value": "\r  8%|\u2588\u2588\u2588\u2588\u2588\u2588\u2588\u2588\u2588\u2588\u2588\u2588\u258f                                                                                                                                                | 39/500 [02:11<23:07,  3.01s/it, Batch_number=39, Loss=617]", "step": null, "ts": 1652185035.3216236}]}, "version": 172}
{"obj": {"type": "LogStrings", "path": ["monitoring", "stderr"], "values": [{"value": "\r  8%|\u2588\u2588\u2588\u2588\u2588\u2588\u2588\u2588\u2588\u2588\u2588\u2588\u258c                                                                                                                                                | 40/500 [02:11<23:58,  3.13s/it, Batch_number=39, Loss=617]", "step": null, "ts": 1652185035.3219116}]}, "version": 173}
{"obj": {"type": "LogStrings", "path": ["monitoring", "stderr"], "values": [{"value": "\r  8%|\u2588\u2588\u2588\u2588\u2588\u2588\u2588\u2588\u2588\u2588\u2588\u2588\u258c                                                                                                                                                | 40/500 [02:14<23:58,  3.13s/it, Batch_number=40, Loss=618]", "step": null, "ts": 1652185038.2110946}]}, "version": 174}
{"obj": {"type": "LogStrings", "path": ["monitoring", "stderr"], "values": [{"value": "\r  8%|\u2588\u2588\u2588\u2588\u2588\u2588\u2588\u2588\u2588\u2588\u2588\u2588\u258a                                                                                                                                                | 41/500 [02:14<23:22,  3.06s/it, Batch_number=40, Loss=618]", "step": null, "ts": 1652185038.2113686}]}, "version": 175}
{"obj": {"type": "LogStrings", "path": ["monitoring", "stderr"], "values": [{"value": "\r  8%|\u2588\u2588\u2588\u2588\u2588\u2588\u2588\u2588\u2588\u2588\u2588\u2588\u258a                                                                                                                                                | 41/500 [02:17<23:22,  3.06s/it, Batch_number=41, Loss=621]", "step": null, "ts": 1652185041.0924337}]}, "version": 176}
{"obj": {"type": "LogStrings", "path": ["monitoring", "stderr"], "values": [{"value": "\r  8%|\u2588\u2588\u2588\u2588\u2588\u2588\u2588\u2588\u2588\u2588\u2588\u2588\u2588\u258f                                                                                                                                               | 42/500 [02:17<22:55,  3.00s/it, Batch_number=41, Loss=621]", "step": null, "ts": 1652185041.092714}]}, "version": 177}
{"obj": {"type": "LogFloats", "path": ["monitoring", "cpu"], "values": [{"value": 54.8, "step": null, "ts": 1652185043.933885}]}, "version": 178}
{"obj": {"type": "LogFloats", "path": ["monitoring", "memory"], "values": [{"value": 10.26840591430664, "step": null, "ts": 1652185043.933885}]}, "version": 179}
{"obj": {"type": "LogFloats", "path": ["monitoring", "gpu_0"], "values": [{"value": 4.0, "step": null, "ts": 1652185043.933885}]}, "version": 180}
{"obj": {"type": "LogFloats", "path": ["monitoring", "gpu_1"], "values": [{"value": 100.0, "step": null, "ts": 1652185043.933885}]}, "version": 181}
{"obj": {"type": "LogFloats", "path": ["monitoring", "gpu_memory_0"], "values": [{"value": 0.63446044921875, "step": null, "ts": 1652185043.933885}]}, "version": 182}
{"obj": {"type": "LogFloats", "path": ["monitoring", "gpu_memory_1"], "values": [{"value": 23.398681640625, "step": null, "ts": 1652185043.933885}]}, "version": 183}
{"obj": {"type": "LogStrings", "path": ["monitoring", "stderr"], "values": [{"value": "\r  8%|\u2588\u2588\u2588\u2588\u2588\u2588\u2588\u2588\u2588\u2588\u2588\u2588\u2588\u258f                                                                                                                                               | 42/500 [02:20<22:55,  3.00s/it, Batch_number=42, Loss=618]", "step": null, "ts": 1652185043.9807053}]}, "version": 184}
{"obj": {"type": "LogStrings", "path": ["monitoring", "stderr"], "values": [{"value": "\r  9%|\u2588\u2588\u2588\u2588\u2588\u2588\u2588\u2588\u2588\u2588\u2588\u2588\u2588\u258c                                                                                                                                               | 43/500 [02:20<22:36,  2.97s/it, Batch_number=42, Loss=618]", "step": null, "ts": 1652185043.980923}]}, "version": 185}
{"obj": {"type": "LogStrings", "path": ["monitoring", "stderr"], "values": [{"value": "\r  9%|\u2588\u2588\u2588\u2588\u2588\u2588\u2588\u2588\u2588\u2588\u2588\u2588\u2588\u258c                                                                                                                                               | 43/500 [02:23<22:36,  2.97s/it, Batch_number=43, Loss=619]", "step": null, "ts": 1652185047.112011}]}, "version": 186}
{"obj": {"type": "LogStrings", "path": ["monitoring", "stderr"], "values": [{"value": "\r  9%|\u2588\u2588\u2588\u2588\u2588\u2588\u2588\u2588\u2588\u2588\u2588\u2588\u2588\u258a                                                                                                                                               | 44/500 [02:23<22:56,  3.02s/it, Batch_number=43, Loss=619]", "step": null, "ts": 1652185047.1123297}]}, "version": 187}
{"obj": {"type": "LogStrings", "path": ["monitoring", "stderr"], "values": [{"value": "\r  9%|\u2588\u2588\u2588\u2588\u2588\u2588\u2588\u2588\u2588\u2588\u2588\u2588\u2588\u258a                                                                                                                                               | 44/500 [02:26<22:56,  3.02s/it, Batch_number=44, Loss=618]", "step": null, "ts": 1652185050.1413152}]}, "version": 188}
{"obj": {"type": "LogStrings", "path": ["monitoring", "stderr"], "values": [{"value": "\r  9%|\u2588\u2588\u2588\u2588\u2588\u2588\u2588\u2588\u2588\u2588\u2588\u2588\u2588\u2588\u258f                                                                                                                                              | 45/500 [02:26<22:54,  3.02s/it, Batch_number=44, Loss=618]", "step": null, "ts": 1652185050.1415908}]}, "version": 189}
{"obj": {"type": "LogStrings", "path": ["monitoring", "stderr"], "values": [{"value": "\r  9%|\u2588\u2588\u2588\u2588\u2588\u2588\u2588\u2588\u2588\u2588\u2588\u2588\u2588\u2588\u258f                                                                                                                                              | 45/500 [02:29<22:54,  3.02s/it, Batch_number=45, Loss=618]", "step": null, "ts": 1652185053.061249}]}, "version": 190}
{"obj": {"type": "LogStrings", "path": ["monitoring", "stderr"], "values": [{"value": "\r  9%|\u2588\u2588\u2588\u2588\u2588\u2588\u2588\u2588\u2588\u2588\u2588\u2588\u2588\u2588\u258d                                                                                                                                              | 46/500 [02:29<22:37,  2.99s/it, Batch_number=45, Loss=618]", "step": null, "ts": 1652185053.0614998}]}, "version": 191}
{"obj": {"type": "LogFloats", "path": ["monitoring", "cpu"], "values": [{"value": 65.1, "step": null, "ts": 1652185053.9378417}]}, "version": 192}
{"obj": {"type": "LogFloats", "path": ["monitoring", "memory"], "values": [{"value": 10.479862213134766, "step": null, "ts": 1652185053.9378417}]}, "version": 193}
{"obj": {"type": "LogFloats", "path": ["monitoring", "gpu_memory_0"], "values": [{"value": 0.6512451171875, "step": null, "ts": 1652185053.9378417}]}, "version": 194}
{"obj": {"type": "LogFloats", "path": ["monitoring", "gpu_memory_1"], "values": [{"value": 23.398681640625, "step": null, "ts": 1652185053.9378417}]}, "version": 195}
{"obj": {"type": "LogStrings", "path": ["monitoring", "stderr"], "values": [{"value": "\r  9%|\u2588\u2588\u2588\u2588\u2588\u2588\u2588\u2588\u2588\u2588\u2588\u2588\u2588\u2588\u258d                                                                                                                                              | 46/500 [02:32<22:37,  2.99s/it, Batch_number=46, Loss=620]", "step": null, "ts": 1652185056.1108685}]}, "version": 196}
{"obj": {"type": "LogStrings", "path": ["monitoring", "stderr"], "values": [{"value": "\r  9%|\u2588\u2588\u2588\u2588\u2588\u2588\u2588\u2588\u2588\u2588\u2588\u2588\u2588\u2588\u258a                                                                                                                                              | 47/500 [02:32<22:42,  3.01s/it, Batch_number=46, Loss=620]", "step": null, "ts": 1652185056.1111934}]}, "version": 197}
{"obj": {"type": "LogStrings", "path": ["monitoring", "stderr"], "values": [{"value": "\r  9%|\u2588\u2588\u2588\u2588\u2588\u2588\u2588\u2588\u2588\u2588\u2588\u2588\u2588\u2588\u258a                                                                                                                                              | 47/500 [02:35<22:42,  3.01s/it, Batch_number=47, Loss=622]", "step": null, "ts": 1652185059.117959}]}, "version": 198}
{"obj": {"type": "LogStrings", "path": ["monitoring", "stderr"], "values": [{"value": "\r 10%|\u2588\u2588\u2588\u2588\u2588\u2588\u2588\u2588\u2588\u2588\u2588\u2588\u2588\u2588\u2588                                                                                                                                              | 48/500 [02:35<22:39,  3.01s/it, Batch_number=47, Loss=622]", "step": null, "ts": 1652185059.1182442}]}, "version": 199}
{"obj": {"type": "LogStrings", "path": ["monitoring", "stderr"], "values": [{"value": "\r 10%|\u2588\u2588\u2588\u2588\u2588\u2588\u2588\u2588\u2588\u2588\u2588\u2588\u2588\u2588\u2588                                                                                                                                              | 48/500 [02:38<22:39,  3.01s/it, Batch_number=48, Loss=619]", "step": null, "ts": 1652185062.4683256}]}, "version": 200}
{"obj": {"type": "LogStrings", "path": ["monitoring", "stderr"], "values": [{"value": "\r 10%|\u2588\u2588\u2588\u2588\u2588\u2588\u2588\u2588\u2588\u2588\u2588\u2588\u2588\u2588\u2588\u258d                                                                                                                                             | 49/500 [02:38<23:22,  3.11s/it, Batch_number=48, Loss=619]", "step": null, "ts": 1652185062.4686184}]}, "version": 201}
{"obj": {"type": "LogFloats", "path": ["monitoring", "cpu"], "values": [{"value": 64.8, "step": null, "ts": 1652185063.941352}]}, "version": 202}
{"obj": {"type": "LogFloats", "path": ["monitoring", "memory"], "values": [{"value": 10.301788330078125, "step": null, "ts": 1652185063.941352}]}, "version": 203}
{"obj": {"type": "LogFloats", "path": ["monitoring", "gpu_memory_0"], "values": [{"value": 0.66412353515625, "step": null, "ts": 1652185063.941352}]}, "version": 204}
{"obj": {"type": "LogFloats", "path": ["monitoring", "gpu_memory_1"], "values": [{"value": 23.398681640625, "step": null, "ts": 1652185063.941352}]}, "version": 205}
{"obj": {"type": "LogStrings", "path": ["monitoring", "stderr"], "values": [{"value": "\r 10%|\u2588\u2588\u2588\u2588\u2588\u2588\u2588\u2588\u2588\u2588\u2588\u2588\u2588\u2588\u2588\u258d                                                                                                                                             | 49/500 [02:41<23:22,  3.11s/it, Batch_number=49, Loss=619]", "step": null, "ts": 1652185065.4602861}]}, "version": 206}
{"obj": {"type": "LogStrings", "path": ["monitoring", "stderr"], "values": [{"value": "\r 10%|\u2588\u2588\u2588\u2588\u2588\u2588\u2588\u2588\u2588\u2588\u2588\u2588\u2588\u2588\u2588\u258b                                                                                                                                             | 50/500 [02:41<23:03,  3.08s/it, Batch_number=49, Loss=619]", "step": null, "ts": 1652185065.4605649}]}, "version": 207}
{"obj": {"type": "LogStrings", "path": ["monitoring", "stderr"], "values": [{"value": "\r 10%|\u2588\u2588\u2588\u2588\u2588\u2588\u2588\u2588\u2588\u2588\u2588\u2588\u2588\u2588\u2588\u258b                                                                                                                                             | 50/500 [02:44<23:03,  3.08s/it, Batch_number=50, Loss=617]", "step": null, "ts": 1652185068.7897155}]}, "version": 208}
{"obj": {"type": "LogStrings", "path": ["monitoring", "stderr"], "values": [{"value": "\r 10%|\u2588\u2588\u2588\u2588\u2588\u2588\u2588\u2588\u2588\u2588\u2588\u2588\u2588\u2588\u2588\u2588                                                                                                                                             | 51/500 [02:44<23:34,  3.15s/it, Batch_number=50, Loss=617]", "step": null, "ts": 1652185068.789994}]}, "version": 209}
{"obj": {"type": "LogStrings", "path": ["monitoring", "stderr"], "values": [{"value": "\r 10%|\u2588\u2588\u2588\u2588\u2588\u2588\u2588\u2588\u2588\u2588\u2588\u2588\u2588\u2588\u2588\u2588                                                                                                                                             | 51/500 [02:47<23:34,  3.15s/it, Batch_number=51, Loss=618]", "step": null, "ts": 1652185071.8114104}]}, "version": 210}
{"obj": {"type": "LogStrings", "path": ["monitoring", "stderr"], "values": [{"value": "\r 10%|\u2588\u2588\u2588\u2588\u2588\u2588\u2588\u2588\u2588\u2588\u2588\u2588\u2588\u2588\u2588\u2588\u258e                                                                                                                                            | 52/500 [02:47<23:14,  3.11s/it, Batch_number=51, Loss=618]", "step": null, "ts": 1652185071.8116846}]}, "version": 211}
{"obj": {"type": "LogFloats", "path": ["monitoring", "cpu"], "values": [{"value": 61.1, "step": null, "ts": 1652185073.9437602}]}, "version": 212}
{"obj": {"type": "LogFloats", "path": ["monitoring", "memory"], "values": [{"value": 10.30282211303711, "step": null, "ts": 1652185073.9437602}]}, "version": 213}
{"obj": {"type": "LogFloats", "path": ["monitoring", "gpu_1"], "values": [{"value": 100.0, "step": null, "ts": 1652185073.9437602}]}, "version": 214}
{"obj": {"type": "LogFloats", "path": ["monitoring", "gpu_memory_0"], "values": [{"value": 0.671630859375, "step": null, "ts": 1652185073.9437602}]}, "version": 215}
{"obj": {"type": "LogFloats", "path": ["monitoring", "gpu_memory_1"], "values": [{"value": 23.398681640625, "step": null, "ts": 1652185073.9437602}]}, "version": 216}
{"obj": {"type": "LogStrings", "path": ["monitoring", "stderr"], "values": [{"value": "\r 10%|\u2588\u2588\u2588\u2588\u2588\u2588\u2588\u2588\u2588\u2588\u2588\u2588\u2588\u2588\u2588\u2588\u258e                                                                                                                                            | 52/500 [02:50<23:14,  3.11s/it, Batch_number=52, Loss=617]", "step": null, "ts": 1652185074.7297273}]}, "version": 217}
{"obj": {"type": "LogStrings", "path": ["monitoring", "stderr"], "values": [{"value": "\r 11%|\u2588\u2588\u2588\u2588\u2588\u2588\u2588\u2588\u2588\u2588\u2588\u2588\u2588\u2588\u2588\u2588\u258b                                                                                                                                            | 53/500 [02:50<22:45,  3.05s/it, Batch_number=52, Loss=617]", "step": null, "ts": 1652185074.729954}]}, "version": 218}
{"obj": {"type": "LogStrings", "path": ["monitoring", "stderr"], "values": [{"value": "\r 11%|\u2588\u2588\u2588\u2588\u2588\u2588\u2588\u2588\u2588\u2588\u2588\u2588\u2588\u2588\u2588\u2588\u258b                                                                                                                                            | 53/500 [02:53<22:45,  3.05s/it, Batch_number=53, Loss=617]", "step": null, "ts": 1652185077.6044047}]}, "version": 219}
{"obj": {"type": "LogStrings", "path": ["monitoring", "stderr"], "values": [{"value": "\r 11%|\u2588\u2588\u2588\u2588\u2588\u2588\u2588\u2588\u2588\u2588\u2588\u2588\u2588\u2588\u2588\u2588\u2589                                                                                                                                            | 54/500 [02:53<22:18,  3.00s/it, Batch_number=53, Loss=617]", "step": null, "ts": 1652185077.6046789}]}, "version": 220}
{"obj": {"type": "LogStrings", "path": ["monitoring", "stderr"], "values": [{"value": "\r 11%|\u2588\u2588\u2588\u2588\u2588\u2588\u2588\u2588\u2588\u2588\u2588\u2588\u2588\u2588\u2588\u2588\u2589                                                                                                                                            | 54/500 [02:56<22:18,  3.00s/it, Batch_number=54, Loss=615]", "step": null, "ts": 1652185080.514064}]}, "version": 221}
{"obj": {"type": "LogStrings", "path": ["monitoring", "stderr"], "values": [{"value": "\r 11%|\u2588\u2588\u2588\u2588\u2588\u2588\u2588\u2588\u2588\u2588\u2588\u2588\u2588\u2588\u2588\u2588\u2588\u258e                                                                                                                                           | 55/500 [02:56<22:03,  2.97s/it, Batch_number=54, Loss=615]", "step": null, "ts": 1652185080.5143485}]}, "version": 222}
{"obj": {"type": "LogStrings", "path": ["monitoring", "stderr"], "values": [{"value": "\r 11%|\u2588\u2588\u2588\u2588\u2588\u2588\u2588\u2588\u2588\u2588\u2588\u2588\u2588\u2588\u2588\u2588\u2588\u258e                                                                                                                                           | 55/500 [02:59<22:03,  2.97s/it, Batch_number=55, Loss=616]", "step": null, "ts": 1652185083.4893136}]}, "version": 223}
{"obj": {"type": "LogStrings", "path": ["monitoring", "stderr"], "values": [{"value": "\r 11%|\u2588\u2588\u2588\u2588\u2588\u2588\u2588\u2588\u2588\u2588\u2588\u2588\u2588\u2588\u2588\u2588\u2588\u258c                                                                                                                                           | 56/500 [02:59<22:00,  2.97s/it, Batch_number=55, Loss=616]", "step": null, "ts": 1652185083.489574}]}, "version": 224}
{"obj": {"type": "LogFloats", "path": ["monitoring", "cpu"], "values": [{"value": 57.7, "step": null, "ts": 1652185083.947579}]}, "version": 225}
{"obj": {"type": "LogFloats", "path": ["monitoring", "memory"], "values": [{"value": 10.499317169189453, "step": null, "ts": 1652185083.947579}]}, "version": 226}
{"obj": {"type": "LogFloats", "path": ["monitoring", "gpu_memory_0"], "values": [{"value": 0.6630859375, "step": null, "ts": 1652185083.947579}]}, "version": 227}
{"obj": {"type": "LogFloats", "path": ["monitoring", "gpu_memory_1"], "values": [{"value": 23.398681640625, "step": null, "ts": 1652185083.947579}]}, "version": 228}
{"obj": {"type": "LogStrings", "path": ["monitoring", "stderr"], "values": [{"value": "\r 11%|\u2588\u2588\u2588\u2588\u2588\u2588\u2588\u2588\u2588\u2588\u2588\u2588\u2588\u2588\u2588\u2588\u2588\u258c                                                                                                                                           | 56/500 [03:02<22:00,  2.97s/it, Batch_number=56, Loss=617]", "step": null, "ts": 1652185086.4353647}]}, "version": 229}
{"obj": {"type": "LogStrings", "path": ["monitoring", "stderr"], "values": [{"value": "\r 11%|\u2588\u2588\u2588\u2588\u2588\u2588\u2588\u2588\u2588\u2588\u2588\u2588\u2588\u2588\u2588\u2588\u2588\u2589                                                                                                                                           | 57/500 [03:02<21:53,  2.97s/it, Batch_number=56, Loss=617]", "step": null, "ts": 1652185086.4356594}]}, "version": 230}
{"obj": {"type": "LogStrings", "path": ["monitoring", "stderr"], "values": [{"value": "\r 11%|\u2588\u2588\u2588\u2588\u2588\u2588\u2588\u2588\u2588\u2588\u2588\u2588\u2588\u2588\u2588\u2588\u2588\u2589                                                                                                                                           | 57/500 [03:05<21:53,  2.97s/it, Batch_number=57, Loss=615]", "step": null, "ts": 1652185089.377719}]}, "version": 231}
{"obj": {"type": "LogStrings", "path": ["monitoring", "stderr"], "values": [{"value": "\r 12%|\u2588\u2588\u2588\u2588\u2588\u2588\u2588\u2588\u2588\u2588\u2588\u2588\u2588\u2588\u2588\u2588\u2588\u2588\u258f                                                                                                                                          | 58/500 [03:05<21:47,  2.96s/it, Batch_number=57, Loss=615]", "step": null, "ts": 1652185089.378}]}, "version": 232}
{"obj": {"type": "LogStrings", "path": ["monitoring", "stderr"], "values": [{"value": "\r 12%|\u2588\u2588\u2588\u2588\u2588\u2588\u2588\u2588\u2588\u2588\u2588\u2588\u2588\u2588\u2588\u2588\u2588\u2588\u258f                                                                                                                                          | 58/500 [03:08<21:47,  2.96s/it, Batch_number=58, Loss=613]", "step": null, "ts": 1652185092.409215}]}, "version": 233}
{"obj": {"type": "LogStrings", "path": ["monitoring", "stderr"], "values": [{"value": "\r 12%|\u2588\u2588\u2588\u2588\u2588\u2588\u2588\u2588\u2588\u2588\u2588\u2588\u2588\u2588\u2588\u2588\u2588\u2588\u258c                                                                                                                                          | 59/500 [03:08<21:54,  2.98s/it, Batch_number=58, Loss=613]", "step": null, "ts": 1652185092.4094992}]}, "version": 234}
{"obj": {"type": "LogFloats", "path": ["monitoring", "cpu"], "values": [{"value": 64.8, "step": null, "ts": 1652185093.9493692}]}, "version": 235}
{"obj": {"type": "LogFloats", "path": ["monitoring", "memory"], "values": [{"value": 10.463237762451172, "step": null, "ts": 1652185093.9493692}]}, "version": 236}
{"obj": {"type": "LogFloats", "path": ["monitoring", "gpu_1"], "values": [{"value": 7.0, "step": null, "ts": 1652185093.9493692}]}, "version": 237}
{"obj": {"type": "LogFloats", "path": ["monitoring", "gpu_memory_0"], "values": [{"value": 0.66058349609375, "step": null, "ts": 1652185093.9493692}]}, "version": 238}
{"obj": {"type": "LogFloats", "path": ["monitoring", "gpu_memory_1"], "values": [{"value": 23.398681640625, "step": null, "ts": 1652185093.9493692}]}, "version": 239}
{"obj": {"type": "LogStrings", "path": ["monitoring", "stderr"], "values": [{"value": "\r 12%|\u2588\u2588\u2588\u2588\u2588\u2588\u2588\u2588\u2588\u2588\u2588\u2588\u2588\u2588\u2588\u2588\u2588\u2588\u258c                                                                                                                                          | 59/500 [03:11<21:54,  2.98s/it, Batch_number=59, Loss=613]", "step": null, "ts": 1652185095.308065}]}, "version": 240}
{"obj": {"type": "LogStrings", "path": ["monitoring", "stderr"], "values": [{"value": "\r 12%|\u2588\u2588\u2588\u2588\u2588\u2588\u2588\u2588\u2588\u2588\u2588\u2588\u2588\u2588\u2588\u2588\u2588\u2588\u258a                                                                                                                                          | 60/500 [03:11<21:40,  2.96s/it, Batch_number=59, Loss=613]", "step": null, "ts": 1652185095.3083687}]}, "version": 241}
{"obj": {"type": "LogStrings", "path": ["monitoring", "stderr"], "values": [{"value": "\r 12%|\u2588\u2588\u2588\u2588\u2588\u2588\u2588\u2588\u2588\u2588\u2588\u2588\u2588\u2588\u2588\u2588\u2588\u2588\u258a                                                                                                                                          | 60/500 [03:14<21:40,  2.96s/it, Batch_number=60, Loss=614]", "step": null, "ts": 1652185098.3703926}]}, "version": 242}
{"obj": {"type": "LogStrings", "path": ["monitoring", "stderr"], "values": [{"value": "\r 12%|\u2588\u2588\u2588\u2588\u2588\u2588\u2588\u2588\u2588\u2588\u2588\u2588\u2588\u2588\u2588\u2588\u2588\u2588\u2588\u258f                                                                                                                                         | 61/500 [03:14<21:51,  2.99s/it, Batch_number=60, Loss=614]", "step": null, "ts": 1652185098.3707023}]}, "version": 243}
{"obj": {"type": "LogStrings", "path": ["monitoring", "stderr"], "values": [{"value": "\r 12%|\u2588\u2588\u2588\u2588\u2588\u2588\u2588\u2588\u2588\u2588\u2588\u2588\u2588\u2588\u2588\u2588\u2588\u2588\u2588\u258f                                                                                                                                         | 61/500 [03:17<21:51,  2.99s/it, Batch_number=61, Loss=611]", "step": null, "ts": 1652185101.38686}]}, "version": 244}
{"obj": {"type": "LogStrings", "path": ["monitoring", "stderr"], "values": [{"value": "\r 12%|\u2588\u2588\u2588\u2588\u2588\u2588\u2588\u2588\u2588\u2588\u2588\u2588\u2588\u2588\u2588\u2588\u2588\u2588\u2588\u258d                                                                                                                                         | 62/500 [03:17<21:52,  3.00s/it, Batch_number=61, Loss=611]", "step": null, "ts": 1652185101.387147}]}, "version": 245}
{"obj": {"type": "LogFloats", "path": ["monitoring", "cpu"], "values": [{"value": 56.3, "step": null, "ts": 1652185103.9528987}]}, "version": 246}
{"obj": {"type": "LogFloats", "path": ["monitoring", "memory"], "values": [{"value": 10.31463623046875, "step": null, "ts": 1652185103.9528987}]}, "version": 247}
{"obj": {"type": "LogFloats", "path": ["monitoring", "gpu_1"], "values": [{"value": 100.0, "step": null, "ts": 1652185103.9528987}]}, "version": 248}
{"obj": {"type": "LogFloats", "path": ["monitoring", "gpu_memory_0"], "values": [{"value": 0.68792724609375, "step": null, "ts": 1652185103.9528987}]}, "version": 249}
{"obj": {"type": "LogFloats", "path": ["monitoring", "gpu_memory_1"], "values": [{"value": 23.398681640625, "step": null, "ts": 1652185103.9528987}]}, "version": 250}
{"obj": {"type": "LogStrings", "path": ["monitoring", "stderr"], "values": [{"value": "\r 12%|\u2588\u2588\u2588\u2588\u2588\u2588\u2588\u2588\u2588\u2588\u2588\u2588\u2588\u2588\u2588\u2588\u2588\u2588\u2588\u258d                                                                                                                                         | 62/500 [03:20<21:52,  3.00s/it, Batch_number=62, Loss=613]", "step": null, "ts": 1652185104.2454464}]}, "version": 251}
{"obj": {"type": "LogStrings", "path": ["monitoring", "stderr"], "values": [{"value": "\r 13%|\u2588\u2588\u2588\u2588\u2588\u2588\u2588\u2588\u2588\u2588\u2588\u2588\u2588\u2588\u2588\u2588\u2588\u2588\u2588\u258a                                                                                                                                         | 63/500 [03:20<21:31,  2.96s/it, Batch_number=62, Loss=613]", "step": null, "ts": 1652185104.2458389}]}, "version": 252}
{"obj": {"type": "LogStrings", "path": ["monitoring", "stderr"], "values": [{"value": "", "step": null, "ts": 1652185107.1483676}]}, "version": 253}
{"obj": {"type": "LogStrings", "path": ["monitoring", "stderr"], "values": [{"value": "\r 13%|\u2588\u2588\u2588\u2588\u2588\u2588\u2588\u2588\u2588\u2588\u2588\u2588\u2588\u2588\u2588\u2588\u2588\u2588\u2588\u258a                                                                                                                                         | 63/500 [03:23<23:29,  3.23s/it, Batch_number=62, Loss=613]", "step": null, "ts": 1652185107.1487806}]}, "version": 254}
{"obj": {"type": "LogStrings", "path": ["monitoring", "stderr"], "values": [{"value": "\n", "step": null, "ts": 1652185107.1488824}]}, "version": 255}
{"obj": {"type": "LogStrings", "path": ["monitoring", "traceback"], "values": [{"value": "An uncaught exception occurred while run was active on worker KW60717.", "step": null, "ts": 1652185107.1493948}, {"value": "Marking run as failed", "step": null, "ts": 1652185107.1493948}, {"value": "Traceback:", "step": null, "ts": 1652185107.1493948}, {"value": "  File \"/home/resifis/Desktop/kaustcode/Packages/models/src/models/train.py\", line 103, in <module>\n    job.fit(WRFData,WRFData)\n", "step": null, "ts": 1652185107.1493948}, {"value": "  File \"/home/resifis/anaconda3/envs/kaustenv/lib/python3.9/site-packages/models/forecastors/utils/simple_engine.py\", line 167, in fit\n    tr_loss = self.train_fn(self.train_config.model,train_data_loader,sparse)\n", "step": null, "ts": 1652185107.1493948}, {"value": "  File \"/home/resifis/anaconda3/envs/kaustenv/lib/python3.9/site-packages/models/forecastors/utils/simple_engine.py\", line 93, in train_fn\n    tr_loss += train_loss.item()\n", "step": null, "ts": 1652185107.1493948}, {"value": "", "step": null, "ts": 1652185107.1493948}]}, "version": 256}
{"obj": {"type": "AssignBool", "path": ["sys", "failed"], "value": true}, "version": 257}
{"obj": {"type": "LogStrings", "path": ["monitoring", "stderr"], "values": [{"value": "Traceback (most recent call last):\n", "step": null, "ts": 1652185107.1496155}]}, "version": 258}
{"obj": {"type": "LogStrings", "path": ["monitoring", "stderr"], "values": [{"value": "  File \"/home/resifis/Desktop/kaustcode/Packages/models/src/models/train.py\", line 103, in <module>\n", "step": null, "ts": 1652185107.1496847}]}, "version": 259}
{"obj": {"type": "LogStrings", "path": ["monitoring", "stderr"], "values": [{"value": "    ", "step": null, "ts": 1652185107.1498206}]}, "version": 260}
{"obj": {"type": "LogStrings", "path": ["monitoring", "stderr"], "values": [{"value": "job.fit(WRFData,WRFData)", "step": null, "ts": 1652185107.1498785}]}, "version": 261}
{"obj": {"type": "LogStrings", "path": ["monitoring", "stderr"], "values": [{"value": "\n", "step": null, "ts": 1652185107.1499326}]}, "version": 262}
{"obj": {"type": "LogStrings", "path": ["monitoring", "stderr"], "values": [{"value": "  File \"/home/resifis/anaconda3/envs/kaustenv/lib/python3.9/site-packages/models/forecastors/utils/simple_engine.py\", line 167, in fit\n", "step": null, "ts": 1652185107.1499887}]}, "version": 263}
{"obj": {"type": "LogStrings", "path": ["monitoring", "stderr"], "values": [{"value": "    ", "step": null, "ts": 1652185107.150101}]}, "version": 264}
{"obj": {"type": "LogStrings", "path": ["monitoring", "stderr"], "values": [{"value": "tr_loss = self.train_fn(self.train_config.model,train_data_loader,sparse)", "step": null, "ts": 1652185107.150156}]}, "version": 265}
{"obj": {"type": "LogStrings", "path": ["monitoring", "stderr"], "values": [{"value": "\n", "step": null, "ts": 1652185107.1502082}]}, "version": 266}
{"obj": {"type": "LogStrings", "path": ["monitoring", "stderr"], "values": [{"value": "  File \"/home/resifis/anaconda3/envs/kaustenv/lib/python3.9/site-packages/models/forecastors/utils/simple_engine.py\", line 93, in train_fn\n", "step": null, "ts": 1652185107.150262}]}, "version": 267}
{"obj": {"type": "LogStrings", "path": ["monitoring", "stderr"], "values": [{"value": "    ", "step": null, "ts": 1652185107.150354}]}, "version": 268}
{"obj": {"type": "LogStrings", "path": ["monitoring", "stderr"], "values": [{"value": "tr_loss += train_loss.item()        ", "step": null, "ts": 1652185107.1504033}]}, "version": 269}
{"obj": {"type": "LogStrings", "path": ["monitoring", "stderr"], "values": [{"value": "\n", "step": null, "ts": 1652185107.1504536}]}, "version": 270}
{"obj": {"type": "LogStrings", "path": ["monitoring", "stderr"], "values": [{"value": "KeyboardInterrupt", "step": null, "ts": 1652185107.1505084}]}, "version": 271}
{"obj": {"type": "LogStrings", "path": ["monitoring", "stderr"], "values": [{"value": "", "step": null, "ts": 1652185107.1505537}]}, "version": 272}
{"obj": {"type": "LogStrings", "path": ["monitoring", "stderr"], "values": [{"value": "\n", "step": null, "ts": 1652185107.1506026}]}, "version": 273}
{"obj": {"type": "LogStrings", "path": ["monitoring", "stdout"], "values": [{"value": "", "step": null, "ts": 1652185107.1510143}]}, "version": 274}
{"obj": {"type": "LogStrings", "path": ["monitoring", "stdout"], "values": [{"value": "Shutting down background jobs, please wait a moment...\n", "step": null, "ts": 1652185107.1511319}]}, "version": 275}
