{"obj": {"type": "AssignString", "path": ["sys", "name"], "value": "Untitled"}, "version": 1}
{"obj": {"type": "AssignString", "path": ["sys", "description"], "value": ""}, "version": 2}
{"obj": {"type": "AssignString", "path": ["sys", "hostname"], "value": "KW60717"}, "version": 3}
{"obj": {"type": "AssignBool", "path": ["sys", "failed"], "value": false}, "version": 4}
{"obj": {"type": "ClearStringLog", "path": ["monitoring", "stdout"]}, "version": 5}
{"obj": {"type": "ClearStringLog", "path": ["monitoring", "stderr"]}, "version": 6}
{"obj": {"type": "AssignString", "path": ["source_code", "entrypoint"], "value": "train.py"}, "version": 7}
{"obj": {"type": "UploadFileSet", "path": ["source_code", "files"], "file_globs": ["/home/resifis/Desktop/kaustcode/Packages/models/src/models/train.py"], "reset": "False"}, "version": 8}
{"obj": {"type": "ConfigFloatSeries", "path": ["monitoring", "cpu"], "min": 0.0, "max": 100.0, "unit": "%"}, "version": 9}
{"obj": {"type": "ClearFloatLog", "path": ["monitoring", "cpu"]}, "version": 10}
{"obj": {"type": "ConfigFloatSeries", "path": ["monitoring", "memory"], "min": 0.0, "max": 251.55138397216797, "unit": "GB"}, "version": 11}
{"obj": {"type": "ClearFloatLog", "path": ["monitoring", "memory"]}, "version": 12}
{"obj": {"type": "ConfigFloatSeries", "path": ["monitoring", "gpu_0"], "min": 0.0, "max": 100.0, "unit": "%"}, "version": 13}
{"obj": {"type": "ClearFloatLog", "path": ["monitoring", "gpu_0"]}, "version": 14}
{"obj": {"type": "ConfigFloatSeries", "path": ["monitoring", "gpu_1"], "min": 0.0, "max": 100.0, "unit": "%"}, "version": 15}
{"obj": {"type": "ClearFloatLog", "path": ["monitoring", "gpu_1"]}, "version": 16}
{"obj": {"type": "ConfigFloatSeries", "path": ["monitoring", "gpu_memory_0"], "min": 0.0, "max": 23.69952392578125, "unit": "GB"}, "version": 17}
{"obj": {"type": "ClearFloatLog", "path": ["monitoring", "gpu_memory_0"]}, "version": 18}
{"obj": {"type": "ConfigFloatSeries", "path": ["monitoring", "gpu_memory_1"], "min": 0.0, "max": 23.69952392578125, "unit": "GB"}, "version": 19}
{"obj": {"type": "ClearFloatLog", "path": ["monitoring", "gpu_memory_1"]}, "version": 20}
{"obj": {"type": "LogStrings", "path": ["monitoring", "stdout"], "values": [{"value": ".........EPOCH 0........", "step": null, "ts": 1650399573.5856936}]}, "version": 21}
{"obj": {"type": "LogStrings", "path": ["monitoring", "stdout"], "values": [{"value": "\n", "step": null, "ts": 1650399573.5859947}]}, "version": 22}
{"obj": {"type": "LogStrings", "path": ["monitoring", "stderr"], "values": [{"value": "\r  0%|                                                                                                                                                                          | 0/500 [00:00<?, ?it/s]", "step": null, "ts": 1650399573.5904837}]}, "version": 23}
{"obj": {"type": "LogFloats", "path": ["monitoring", "cpu"], "values": [{"value": 3.3, "step": null, "ts": 1650399573.577277}]}, "version": 24}
{"obj": {"type": "LogFloats", "path": ["monitoring", "memory"], "values": [{"value": 42.437862396240234, "step": null, "ts": 1650399573.577277}]}, "version": 25}
{"obj": {"type": "LogFloats", "path": ["monitoring", "gpu_0"], "values": [{"value": 2.0, "step": null, "ts": 1650399573.577277}]}, "version": 26}
{"obj": {"type": "LogFloats", "path": ["monitoring", "gpu_memory_0"], "values": [{"value": 0.60272216796875, "step": null, "ts": 1650399573.577277}]}, "version": 27}
{"obj": {"type": "LogFloats", "path": ["monitoring", "gpu_memory_1"], "values": [{"value": 1.853759765625, "step": null, "ts": 1650399573.577277}]}, "version": 28}
{"obj": {"type": "LogFloats", "path": ["monitoring", "cpu"], "values": [{"value": 6.4, "step": null, "ts": 1650399583.5936275}]}, "version": 29}
{"obj": {"type": "LogFloats", "path": ["monitoring", "memory"], "values": [{"value": 43.32112503051758, "step": null, "ts": 1650399583.5936275}]}, "version": 30}
{"obj": {"type": "LogFloats", "path": ["monitoring", "gpu_1"], "values": [{"value": 93.0, "step": null, "ts": 1650399583.5936275}]}, "version": 31}
{"obj": {"type": "LogFloats", "path": ["monitoring", "gpu_memory_0"], "values": [{"value": 0.60235595703125, "step": null, "ts": 1650399583.5936275}]}, "version": 32}
{"obj": {"type": "LogFloats", "path": ["monitoring", "gpu_memory_1"], "values": [{"value": 19.138916015625, "step": null, "ts": 1650399583.5936275}]}, "version": 33}
{"obj": {"type": "LogStrings", "path": ["monitoring", "stderr"], "values": [{"value": "\r  0%|                                                                                                                                               | 0/500 [00:10<?, ?it/s, Batch_number=0, Loss=4.42]", "step": null, "ts": 1650399584.500096}]}, "version": 34}
{"obj": {"type": "LogStrings", "path": ["monitoring", "stderr"], "values": [{"value": "\r  0%|\u258e                                                                                                                                    | 1/500 [00:10<1:30:43, 10.91s/it, Batch_number=0, Loss=4.42]", "step": null, "ts": 1650399584.50052}]}, "version": 35}
{"obj": {"type": "LogStrings", "path": ["monitoring", "stderr"], "values": [{"value": "\r  0%|\u258e                                                                                                                                    | 1/500 [00:12<1:30:43, 10.91s/it, Batch_number=1, Loss=4.67]", "step": null, "ts": 1650399586.413642}]}, "version": 36}
{"obj": {"type": "LogStrings", "path": ["monitoring", "stderr"], "values": [{"value": "\r  0%|\u258c                                                                                                                                      | 2/500 [00:12<46:37,  5.62s/it, Batch_number=1, Loss=4.67]", "step": null, "ts": 1650399586.4139445}]}, "version": 37}
{"obj": {"type": "LogStrings", "path": ["monitoring", "stderr"], "values": [{"value": "\r  0%|\u258c                                                                                                                                      | 2/500 [00:14<46:37,  5.62s/it, Batch_number=2, Loss=4.91]", "step": null, "ts": 1650399588.1587403}]}, "version": 38}
{"obj": {"type": "LogStrings", "path": ["monitoring", "stderr"], "values": [{"value": "\r  1%|\u258a                                                                                                                                      | 3/500 [00:14<31:53,  3.85s/it, Batch_number=2, Loss=4.91]", "step": null, "ts": 1650399588.1590354}]}, "version": 39}
{"obj": {"type": "LogStrings", "path": ["monitoring", "stderr"], "values": [{"value": "\r  1%|\u258a                                                                                                                                      | 3/500 [00:16<31:53,  3.85s/it, Batch_number=3, Loss=4.55]", "step": null, "ts": 1650399589.8460994}]}, "version": 40}
{"obj": {"type": "LogStrings", "path": ["monitoring", "stderr"], "values": [{"value": "\r  1%|\u2588                                                                                                                                      | 4/500 [00:16<24:45,  3.00s/it, Batch_number=3, Loss=4.55]", "step": null, "ts": 1650399589.846451}]}, "version": 41}
{"obj": {"type": "LogStrings", "path": ["monitoring", "stderr"], "values": [{"value": "\r  1%|\u2588                                                                                                                                      | 4/500 [00:17<24:45,  3.00s/it, Batch_number=4, Loss=4.62]", "step": null, "ts": 1650399591.5228283}]}, "version": 42}
{"obj": {"type": "LogStrings", "path": ["monitoring", "stderr"], "values": [{"value": "\r  1%|\u2588\u258e                                                                                                                                     | 5/500 [00:17<20:47,  2.52s/it, Batch_number=4, Loss=4.62]", "step": null, "ts": 1650399591.5231426}]}, "version": 43}
{"obj": {"type": "LogStrings", "path": ["monitoring", "stderr"], "values": [{"value": "\r  1%|\u2588\u258e                                                                                                                                     | 5/500 [00:19<20:47,  2.52s/it, Batch_number=5, Loss=4.53]", "step": null, "ts": 1650399593.1843252}]}, "version": 44}
{"obj": {"type": "LogStrings", "path": ["monitoring", "stderr"], "values": [{"value": "\r  1%|\u2588\u258c                                                                                                                                     | 6/500 [00:19<18:20,  2.23s/it, Batch_number=5, Loss=4.53]", "step": null, "ts": 1650399593.1846056}]}, "version": 45}
{"obj": {"type": "LogFloats", "path": ["monitoring", "cpu"], "values": [{"value": 33.5, "step": null, "ts": 1650399593.5978994}]}, "version": 46}
{"obj": {"type": "LogFloats", "path": ["monitoring", "memory"], "values": [{"value": 43.436859130859375, "step": null, "ts": 1650399593.5978994}]}, "version": 47}
{"obj": {"type": "LogFloats", "path": ["monitoring", "gpu_1"], "values": [{"value": 2.0, "step": null, "ts": 1650399593.5978994}]}, "version": 48}
{"obj": {"type": "LogFloats", "path": ["monitoring", "gpu_memory_0"], "values": [{"value": 0.60247802734375, "step": null, "ts": 1650399593.5978994}]}, "version": 49}
{"obj": {"type": "LogFloats", "path": ["monitoring", "gpu_memory_1"], "values": [{"value": 23.304931640625, "step": null, "ts": 1650399593.5978994}]}, "version": 50}
{"obj": {"type": "LogStrings", "path": ["monitoring", "stderr"], "values": [{"value": "\r  1%|\u2588\u258c                                                                                                                                     | 6/500 [00:21<18:20,  2.23s/it, Batch_number=6, Loss=4.41]", "step": null, "ts": 1650399594.8624985}]}, "version": 51}
{"obj": {"type": "LogStrings", "path": ["monitoring", "stderr"], "values": [{"value": "\r  1%|\u2588\u2589                                                                                                                                     | 7/500 [00:21<16:49,  2.05s/it, Batch_number=6, Loss=4.41]", "step": null, "ts": 1650399594.8627899}]}, "version": 52}
{"obj": {"type": "LogStrings", "path": ["monitoring", "stderr"], "values": [{"value": "\r  1%|\u2588\u2589                                                                                                                                     | 7/500 [00:22<16:49,  2.05s/it, Batch_number=7, Loss=4.57]", "step": null, "ts": 1650399596.5353754}]}, "version": 53}
{"obj": {"type": "LogStrings", "path": ["monitoring", "stderr"], "values": [{"value": "\r  2%|\u2588\u2588\u258f                                                                                                                                    | 8/500 [00:22<15:48,  1.93s/it, Batch_number=7, Loss=4.57]", "step": null, "ts": 1650399596.53567}]}, "version": 54}
{"obj": {"type": "LogStrings", "path": ["monitoring", "stderr"], "values": [{"value": "\r  2%|\u2588\u2588\u258f                                                                                                                                     | 8/500 [00:24<15:48,  1.93s/it, Batch_number=8, Loss=4.6]", "step": null, "ts": 1650399598.2732024}]}, "version": 55}
{"obj": {"type": "LogStrings", "path": ["monitoring", "stderr"], "values": [{"value": "\r  2%|\u2588\u2588\u258d                                                                                                                                     | 9/500 [00:24<15:17,  1.87s/it, Batch_number=8, Loss=4.6]", "step": null, "ts": 1650399598.2734933}]}, "version": 56}
{"obj": {"type": "LogStrings", "path": ["monitoring", "stderr"], "values": [{"value": "\r  2%|\u2588\u2588\u258d                                                                                                                                     | 9/500 [00:26<15:17,  1.87s/it, Batch_number=9, Loss=4.6]", "step": null, "ts": 1650399599.9998147}]}, "version": 57}
{"obj": {"type": "LogStrings", "path": ["monitoring", "stderr"], "values": [{"value": "\r  2%|\u2588\u2588\u258b                                                                                                                                    | 10/500 [00:26<14:54,  1.83s/it, Batch_number=9, Loss=4.6]", "step": null, "ts": 1650399600.000126}]}, "version": 58}
{"obj": {"type": "LogStrings", "path": ["monitoring", "stderr"], "values": [{"value": "\r  2%|\u2588\u2588\u258b                                                                                                                                  | 10/500 [00:28<14:54,  1.83s/it, Batch_number=10, Loss=4.53]", "step": null, "ts": 1650399601.6984515}]}, "version": 59}
{"obj": {"type": "LogStrings", "path": ["monitoring", "stderr"], "values": [{"value": "\r  2%|\u2588\u2588\u2589                                                                                                                                  | 11/500 [00:28<14:33,  1.79s/it, Batch_number=10, Loss=4.53]", "step": null, "ts": 1650399601.6989152}]}, "version": 60}
{"obj": {"type": "LogStrings", "path": ["monitoring", "stderr"], "values": [{"value": "\r  2%|\u2588\u2588\u2589                                                                                                                                  | 11/500 [00:29<14:33,  1.79s/it, Batch_number=11, Loss=4.63]", "step": null, "ts": 1650399603.3855758}]}, "version": 61}
{"obj": {"type": "LogStrings", "path": ["monitoring", "stderr"], "values": [{"value": "\r  2%|\u2588\u2588\u2588\u258f                                                                                                                                 | 12/500 [00:29<14:17,  1.76s/it, Batch_number=11, Loss=4.63]", "step": null, "ts": 1650399603.3858721}]}, "version": 62}
{"obj": {"type": "LogFloats", "path": ["monitoring", "cpu"], "values": [{"value": 33.0, "step": null, "ts": 1650399603.6000693}]}, "version": 63}
{"obj": {"type": "LogFloats", "path": ["monitoring", "memory"], "values": [{"value": 43.5303955078125, "step": null, "ts": 1650399603.6000693}]}, "version": 64}
{"obj": {"type": "LogFloats", "path": ["monitoring", "gpu_0"], "values": [{"value": 8.0, "step": null, "ts": 1650399603.6000693}]}, "version": 65}
{"obj": {"type": "LogFloats", "path": ["monitoring", "gpu_1"], "values": [{"value": 29.0, "step": null, "ts": 1650399603.6000693}]}, "version": 66}
{"obj": {"type": "LogFloats", "path": ["monitoring", "gpu_memory_0"], "values": [{"value": 0.60235595703125, "step": null, "ts": 1650399603.6000693}]}, "version": 67}
{"obj": {"type": "LogFloats", "path": ["monitoring", "gpu_memory_1"], "values": [{"value": 23.304931640625, "step": null, "ts": 1650399603.6000693}]}, "version": 68}
{"obj": {"type": "LogStrings", "path": ["monitoring", "stderr"], "values": [{"value": "\r  2%|\u2588\u2588\u2588\u258f                                                                                                                                 | 12/500 [00:31<14:17,  1.76s/it, Batch_number=12, Loss=4.59]", "step": null, "ts": 1650399605.0693266}]}, "version": 69}
{"obj": {"type": "LogStrings", "path": ["monitoring", "stderr"], "values": [{"value": "\r  3%|\u2588\u2588\u2588\u258d                                                                                                                                 | 13/500 [00:31<14:04,  1.73s/it, Batch_number=12, Loss=4.59]", "step": null, "ts": 1650399605.069624}]}, "version": 70}
{"obj": {"type": "LogStrings", "path": ["monitoring", "stderr"], "values": [{"value": "\r  3%|\u2588\u2588\u2588\u258d                                                                                                                                 | 13/500 [00:33<14:04,  1.73s/it, Batch_number=13, Loss=4.57]", "step": null, "ts": 1650399606.7597003}]}, "version": 71}
{"obj": {"type": "LogStrings", "path": ["monitoring", "stderr"], "values": [{"value": "\r  3%|\u2588\u2588\u2588\u258b                                                                                                                                 | 14/500 [00:33<13:56,  1.72s/it, Batch_number=13, Loss=4.57]", "step": null, "ts": 1650399606.7599797}]}, "version": 72}
{"obj": {"type": "LogStrings", "path": ["monitoring", "stderr"], "values": [{"value": "\r  3%|\u2588\u2588\u2588\u258b                                                                                                                                 | 14/500 [00:34<13:56,  1.72s/it, Batch_number=14, Loss=4.52]", "step": null, "ts": 1650399608.462912}]}, "version": 73}
{"obj": {"type": "LogStrings", "path": ["monitoring", "stderr"], "values": [{"value": "\r  3%|\u2588\u2588\u2588\u2589                                                                                                                                 | 15/500 [00:34<13:52,  1.72s/it, Batch_number=14, Loss=4.52]", "step": null, "ts": 1650399608.4632223}]}, "version": 74}
{"obj": {"type": "LogStrings", "path": ["monitoring", "stderr"], "values": [{"value": "\r  3%|\u2588\u2588\u2588\u2589                                                                                                                                 | 15/500 [00:36<13:52,  1.72s/it, Batch_number=15, Loss=4.62]", "step": null, "ts": 1650399610.1514175}]}, "version": 75}
{"obj": {"type": "LogStrings", "path": ["monitoring", "stderr"], "values": [{"value": "\r  3%|\u2588\u2588\u2588\u2588\u258e                                                                                                                                | 16/500 [00:36<13:46,  1.71s/it, Batch_number=15, Loss=4.62]", "step": null, "ts": 1650399610.1518452}]}, "version": 76}
{"obj": {"type": "LogStrings", "path": ["monitoring", "stderr"], "values": [{"value": "\r  3%|\u2588\u2588\u2588\u2588\u258e                                                                                                                                | 16/500 [00:38<13:46,  1.71s/it, Batch_number=16, Loss=4.57]", "step": null, "ts": 1650399611.8361545}]}, "version": 77}
{"obj": {"type": "LogStrings", "path": ["monitoring", "stderr"], "values": [{"value": "\r  3%|\u2588\u2588\u2588\u2588\u258c                                                                                                                                | 17/500 [00:38<13:41,  1.70s/it, Batch_number=16, Loss=4.57]", "step": null, "ts": 1650399611.8364437}]}, "version": 78}
{"obj": {"type": "LogStrings", "path": ["monitoring", "stderr"], "values": [{"value": "\r  3%|\u2588\u2588\u2588\u2588\u258c                                                                                                                                | 17/500 [00:39<13:41,  1.70s/it, Batch_number=17, Loss=4.53]", "step": null, "ts": 1650399613.522889}]}, "version": 79}
{"obj": {"type": "LogStrings", "path": ["monitoring", "stderr"], "values": [{"value": "\r  4%|\u2588\u2588\u2588\u2588\u258a                                                                                                                                | 18/500 [00:39<13:37,  1.70s/it, Batch_number=17, Loss=4.53]", "step": null, "ts": 1650399613.523231}]}, "version": 80}
{"obj": {"type": "LogFloats", "path": ["monitoring", "cpu"], "values": [{"value": 33.2, "step": null, "ts": 1650399613.6023657}]}, "version": 81}
{"obj": {"type": "LogFloats", "path": ["monitoring", "memory"], "values": [{"value": 43.5748176574707, "step": null, "ts": 1650399613.6023657}]}, "version": 82}
{"obj": {"type": "LogFloats", "path": ["monitoring", "gpu_0"], "values": [{"value": 7.0, "step": null, "ts": 1650399613.6023657}]}, "version": 83}
{"obj": {"type": "LogFloats", "path": ["monitoring", "gpu_1"], "values": [{"value": 99.0, "step": null, "ts": 1650399613.6023657}]}, "version": 84}
{"obj": {"type": "LogFloats", "path": ["monitoring", "gpu_memory_0"], "values": [{"value": 0.61383056640625, "step": null, "ts": 1650399613.6023657}]}, "version": 85}
{"obj": {"type": "LogFloats", "path": ["monitoring", "gpu_memory_1"], "values": [{"value": 23.304931640625, "step": null, "ts": 1650399613.6023657}]}, "version": 86}
{"obj": {"type": "LogStrings", "path": ["monitoring", "stderr"], "values": [{"value": "\r  4%|\u2588\u2588\u2588\u2588\u258a                                                                                                                                | 18/500 [00:41<13:37,  1.70s/it, Batch_number=18, Loss=4.49]", "step": null, "ts": 1650399615.335299}]}, "version": 87}
{"obj": {"type": "LogStrings", "path": ["monitoring", "stderr"], "values": [{"value": "\r  4%|\u2588\u2588\u2588\u2588\u2588                                                                                                                                | 19/500 [00:41<13:52,  1.73s/it, Batch_number=18, Loss=4.49]", "step": null, "ts": 1650399615.335582}]}, "version": 88}
{"obj": {"type": "LogStrings", "path": ["monitoring", "stderr"], "values": [{"value": "\r  4%|\u2588\u2588\u2588\u2588\u2588                                                                                                                                | 19/500 [00:43<13:52,  1.73s/it, Batch_number=19, Loss=4.49]", "step": null, "ts": 1650399617.1079473}]}, "version": 89}
{"obj": {"type": "LogStrings", "path": ["monitoring", "stderr"], "values": [{"value": "\r  4%|\u2588\u2588\u2588\u2588\u2588\u258e                                                                                                                               | 20/500 [00:43<13:56,  1.74s/it, Batch_number=19, Loss=4.49]", "step": null, "ts": 1650399617.108397}]}, "version": 90}
{"obj": {"type": "LogStrings", "path": ["monitoring", "stderr"], "values": [{"value": "\r  4%|\u2588\u2588\u2588\u2588\u2588\u258e                                                                                                                               | 20/500 [00:45<13:56,  1.74s/it, Batch_number=20, Loss=4.51]", "step": null, "ts": 1650399618.8467479}]}, "version": 91}
{"obj": {"type": "LogStrings", "path": ["monitoring", "stderr"], "values": [{"value": "\r  4%|\u2588\u2588\u2588\u2588\u2588\u258c                                                                                                                               | 21/500 [00:45<13:54,  1.74s/it, Batch_number=20, Loss=4.51]", "step": null, "ts": 1650399618.8470716}]}, "version": 92}
{"obj": {"type": "LogStrings", "path": ["monitoring", "stderr"], "values": [{"value": "\r  4%|\u2588\u2588\u2588\u2588\u2588\u258c                                                                                                                               | 21/500 [00:46<13:54,  1.74s/it, Batch_number=21, Loss=4.52]", "step": null, "ts": 1650399620.5318682}]}, "version": 93}
{"obj": {"type": "LogStrings", "path": ["monitoring", "stderr"], "values": [{"value": "\r  4%|\u2588\u2588\u2588\u2588\u2588\u258a                                                                                                                               | 22/500 [00:46<13:44,  1.73s/it, Batch_number=21, Loss=4.52]", "step": null, "ts": 1650399620.532154}]}, "version": 94}
{"obj": {"type": "LogStrings", "path": ["monitoring", "stderr"], "values": [{"value": "\r  4%|\u2588\u2588\u2588\u2588\u2588\u258a                                                                                                                               | 22/500 [00:48<13:44,  1.73s/it, Batch_number=22, Loss=4.52]", "step": null, "ts": 1650399622.2355182}]}, "version": 95}
{"obj": {"type": "LogStrings", "path": ["monitoring", "stderr"], "values": [{"value": "\r  5%|\u2588\u2588\u2588\u2588\u2588\u2588                                                                                                                               | 23/500 [00:48<13:39,  1.72s/it, Batch_number=22, Loss=4.52]", "step": null, "ts": 1650399622.2360508}]}, "version": 96}
{"obj": {"type": "LogFloats", "path": ["monitoring", "cpu"], "values": [{"value": 35.7, "step": null, "ts": 1650399623.6052845}]}, "version": 97}
{"obj": {"type": "LogFloats", "path": ["monitoring", "memory"], "values": [{"value": 43.54173278808594, "step": null, "ts": 1650399623.6052845}]}, "version": 98}
{"obj": {"type": "LogFloats", "path": ["monitoring", "gpu_0"], "values": [{"value": 4.0, "step": null, "ts": 1650399623.6052845}]}, "version": 99}
{"obj": {"type": "LogFloats", "path": ["monitoring", "gpu_1"], "values": [{"value": 100.0, "step": null, "ts": 1650399623.6052845}]}, "version": 100}
{"obj": {"type": "LogFloats", "path": ["monitoring", "gpu_memory_0"], "values": [{"value": 0.6092529296875, "step": null, "ts": 1650399623.6052845}]}, "version": 101}
{"obj": {"type": "LogFloats", "path": ["monitoring", "gpu_memory_1"], "values": [{"value": 23.304931640625, "step": null, "ts": 1650399623.6052845}]}, "version": 102}
{"obj": {"type": "LogStrings", "path": ["monitoring", "stderr"], "values": [{"value": "\r  5%|\u2588\u2588\u2588\u2588\u2588\u2588                                                                                                                               | 23/500 [00:50<13:39,  1.72s/it, Batch_number=23, Loss=4.52]", "step": null, "ts": 1650399623.912988}]}, "version": 103}
{"obj": {"type": "LogStrings", "path": ["monitoring", "stderr"], "values": [{"value": "\r  5%|\u2588\u2588\u2588\u2588\u2588\u2588\u258d                                                                                                                              | 24/500 [00:50<13:32,  1.71s/it, Batch_number=23, Loss=4.52]", "step": null, "ts": 1650399623.9132156}]}, "version": 104}
{"obj": {"type": "LogStrings", "path": ["monitoring", "stderr"], "values": [{"value": "\r  5%|\u2588\u2588\u2588\u2588\u2588\u2588\u258d                                                                                                                              | 24/500 [00:52<13:32,  1.71s/it, Batch_number=24, Loss=4.51]", "step": null, "ts": 1650399625.5925527}]}, "version": 105}
{"obj": {"type": "LogStrings", "path": ["monitoring", "stderr"], "values": [{"value": "\r  5%|\u2588\u2588\u2588\u2588\u2588\u2588\u258b                                                                                                                              | 25/500 [00:52<13:26,  1.70s/it, Batch_number=24, Loss=4.51]", "step": null, "ts": 1650399625.592846}]}, "version": 106}
{"obj": {"type": "LogStrings", "path": ["monitoring", "stderr"], "values": [{"value": "\r  5%|\u2588\u2588\u2588\u2588\u2588\u2588\u258b                                                                                                                               | 25/500 [00:53<13:26,  1.70s/it, Batch_number=25, Loss=4.5]", "step": null, "ts": 1650399627.2661293}]}, "version": 107}
{"obj": {"type": "LogStrings", "path": ["monitoring", "stderr"], "values": [{"value": "\r  5%|\u2588\u2588\u2588\u2588\u2588\u2588\u2589                                                                                                                               | 26/500 [00:53<13:21,  1.69s/it, Batch_number=25, Loss=4.5]", "step": null, "ts": 1650399627.2665257}]}, "version": 108}
{"obj": {"type": "LogStrings", "path": ["monitoring", "stderr"], "values": [{"value": "\r  5%|\u2588\u2588\u2588\u2588\u2588\u2588\u2589                                                                                                                               | 26/500 [00:55<13:21,  1.69s/it, Batch_number=26, Loss=4.5]", "step": null, "ts": 1650399628.9520917}]}, "version": 109}
{"obj": {"type": "LogStrings", "path": ["monitoring", "stderr"], "values": [{"value": "\r  5%|\u2588\u2588\u2588\u2588\u2588\u2588\u2588\u258f                                                                                                                              | 27/500 [00:55<13:19,  1.69s/it, Batch_number=26, Loss=4.5]", "step": null, "ts": 1650399628.9524121}]}, "version": 110}
{"obj": {"type": "LogStrings", "path": ["monitoring", "stderr"], "values": [{"value": "\r  5%|\u2588\u2588\u2588\u2588\u2588\u2588\u2588\u258f                                                                                                                              | 27/500 [00:57<13:19,  1.69s/it, Batch_number=27, Loss=4.5]", "step": null, "ts": 1650399630.653813}]}, "version": 111}
{"obj": {"type": "LogStrings", "path": ["monitoring", "stderr"], "values": [{"value": "\r  6%|\u2588\u2588\u2588\u2588\u2588\u2588\u2588\u258c                                                                                                                              | 28/500 [00:57<13:19,  1.69s/it, Batch_number=27, Loss=4.5]", "step": null, "ts": 1650399630.6541033}]}, "version": 112}
{"obj": {"type": "LogStrings", "path": ["monitoring", "stderr"], "values": [{"value": "\r  6%|\u2588\u2588\u2588\u2588\u2588\u2588\u2588\u258d                                                                                                                             | 28/500 [00:58<13:19,  1.69s/it, Batch_number=28, Loss=4.52]", "step": null, "ts": 1650399632.3987532}]}, "version": 113}
{"obj": {"type": "LogStrings", "path": ["monitoring", "stderr"], "values": [{"value": "\r  6%|\u2588\u2588\u2588\u2588\u2588\u2588\u2588\u258b                                                                                                                             | 29/500 [00:58<13:24,  1.71s/it, Batch_number=28, Loss=4.52]", "step": null, "ts": 1650399632.399042}]}, "version": 114}
{"obj": {"type": "LogFloats", "path": ["monitoring", "cpu"], "values": [{"value": 34.3, "step": null, "ts": 1650399633.6100378}]}, "version": 115}
{"obj": {"type": "LogFloats", "path": ["monitoring", "memory"], "values": [{"value": 43.564178466796875, "step": null, "ts": 1650399633.6100378}]}, "version": 116}
{"obj": {"type": "LogFloats", "path": ["monitoring", "gpu_1"], "values": [{"value": 100.0, "step": null, "ts": 1650399633.6100378}]}, "version": 117}
{"obj": {"type": "LogFloats", "path": ["monitoring", "gpu_memory_0"], "values": [{"value": 0.6087646484375, "step": null, "ts": 1650399633.6100378}]}, "version": 118}
{"obj": {"type": "LogFloats", "path": ["monitoring", "gpu_memory_1"], "values": [{"value": 23.304931640625, "step": null, "ts": 1650399633.6100378}]}, "version": 119}
{"obj": {"type": "LogStrings", "path": ["monitoring", "stderr"], "values": [{"value": "\r  6%|\u2588\u2588\u2588\u2588\u2588\u2588\u2588\u258b                                                                                                                             | 29/500 [01:00<13:24,  1.71s/it, Batch_number=29, Loss=4.53]", "step": null, "ts": 1650399634.1016464}]}, "version": 120}
{"obj": {"type": "LogStrings", "path": ["monitoring", "stderr"], "values": [{"value": "\r  6%|\u2588\u2588\u2588\u2588\u2588\u2588\u2588\u2589                                                                                                                             | 30/500 [01:00<13:22,  1.71s/it, Batch_number=29, Loss=4.53]", "step": null, "ts": 1650399634.101937}]}, "version": 121}
{"obj": {"type": "LogStrings", "path": ["monitoring", "stderr"], "values": [{"value": "\r  6%|\u2588\u2588\u2588\u2588\u2588\u2588\u2588\u2589                                                                                                                             | 30/500 [01:02<13:22,  1.71s/it, Batch_number=30, Loss=4.49]", "step": null, "ts": 1650399635.8121972}]}, "version": 122}
{"obj": {"type": "LogStrings", "path": ["monitoring", "stderr"], "values": [{"value": "\r  6%|\u2588\u2588\u2588\u2588\u2588\u2588\u2588\u2588\u258f                                                                                                                            | 31/500 [01:02<13:21,  1.71s/it, Batch_number=30, Loss=4.49]", "step": null, "ts": 1650399635.8124948}]}, "version": 123}
{"obj": {"type": "LogStrings", "path": ["monitoring", "stderr"], "values": [{"value": "\r  6%|\u2588\u2588\u2588\u2588\u2588\u2588\u2588\u2588\u258f                                                                                                                            | 31/500 [01:03<13:21,  1.71s/it, Batch_number=31, Loss=4.46]", "step": null, "ts": 1650399637.5300386}]}, "version": 124}
{"obj": {"type": "LogStrings", "path": ["monitoring", "stderr"], "values": [{"value": "\r  6%|\u2588\u2588\u2588\u2588\u2588\u2588\u2588\u2588\u258c                                                                                                                            | 32/500 [01:03<13:20,  1.71s/it, Batch_number=31, Loss=4.46]", "step": null, "ts": 1650399637.5304322}]}, "version": 125}
{"obj": {"type": "LogStrings", "path": ["monitoring", "stderr"], "values": [{"value": "\r  6%|\u2588\u2588\u2588\u2588\u2588\u2588\u2588\u2588\u258c                                                                                                                            | 32/500 [01:05<13:20,  1.71s/it, Batch_number=32, Loss=4.43]", "step": null, "ts": 1650399639.3282747}]}, "version": 126}
{"obj": {"type": "LogStrings", "path": ["monitoring", "stderr"], "values": [{"value": "\r  7%|\u2588\u2588\u2588\u2588\u2588\u2588\u2588\u2588\u258a                                                                                                                            | 33/500 [01:05<13:31,  1.74s/it, Batch_number=32, Loss=4.43]", "step": null, "ts": 1650399639.328633}]}, "version": 127}
{"obj": {"type": "LogStrings", "path": ["monitoring", "stderr"], "values": [{"value": "\r  7%|\u2588\u2588\u2588\u2588\u2588\u2588\u2588\u2588\u258a                                                                                                                            | 33/500 [01:07<13:31,  1.74s/it, Batch_number=33, Loss=4.43]", "step": null, "ts": 1650399641.0141537}]}, "version": 128}
{"obj": {"type": "LogStrings", "path": ["monitoring", "stderr"], "values": [{"value": "\r  7%|\u2588\u2588\u2588\u2588\u2588\u2588\u2588\u2588\u2588                                                                                                                            | 34/500 [01:07<13:22,  1.72s/it, Batch_number=33, Loss=4.43]", "step": null, "ts": 1650399641.0144558}]}, "version": 129}
{"obj": {"type": "LogStrings", "path": ["monitoring", "stderr"], "values": [{"value": "\r  7%|\u2588\u2588\u2588\u2588\u2588\u2588\u2588\u2588\u2588                                                                                                                            | 34/500 [01:09<13:22,  1.72s/it, Batch_number=34, Loss=4.46]", "step": null, "ts": 1650399642.7015734}]}, "version": 130}
{"obj": {"type": "LogStrings", "path": ["monitoring", "stderr"], "values": [{"value": "\r  7%|\u2588\u2588\u2588\u2588\u2588\u2588\u2588\u2588\u2588\u258e                                                                                                                           | 35/500 [01:09<13:15,  1.71s/it, Batch_number=34, Loss=4.46]", "step": null, "ts": 1650399642.7018194}]}, "version": 131}
{"obj": {"type": "LogFloats", "path": ["monitoring", "cpu"], "values": [{"value": 35.1, "step": null, "ts": 1650399643.6154962}]}, "version": 132}
{"obj": {"type": "LogFloats", "path": ["monitoring", "memory"], "values": [{"value": 43.5045280456543, "step": null, "ts": 1650399643.6154962}]}, "version": 133}
{"obj": {"type": "LogFloats", "path": ["monitoring", "gpu_0"], "values": [{"value": 6.0, "step": null, "ts": 1650399643.6154962}]}, "version": 134}
{"obj": {"type": "LogFloats", "path": ["monitoring", "gpu_1"], "values": [{"value": 100.0, "step": null, "ts": 1650399643.6154962}]}, "version": 135}
{"obj": {"type": "LogFloats", "path": ["monitoring", "gpu_memory_0"], "values": [{"value": 0.6087646484375, "step": null, "ts": 1650399643.6154962}]}, "version": 136}
{"obj": {"type": "LogFloats", "path": ["monitoring", "gpu_memory_1"], "values": [{"value": 23.304931640625, "step": null, "ts": 1650399643.6154962}]}, "version": 137}
{"obj": {"type": "LogStrings", "path": ["monitoring", "stderr"], "values": [{"value": "\r  7%|\u2588\u2588\u2588\u2588\u2588\u2588\u2588\u2588\u2588\u258e                                                                                                                           | 35/500 [01:10<13:15,  1.71s/it, Batch_number=35, Loss=4.49]", "step": null, "ts": 1650399644.4070823}]}, "version": 138}
{"obj": {"type": "LogStrings", "path": ["monitoring", "stderr"], "values": [{"value": "\r  7%|\u2588\u2588\u2588\u2588\u2588\u2588\u2588\u2588\u2588\u258c                                                                                                                           | 36/500 [01:10<13:13,  1.71s/it, Batch_number=35, Loss=4.49]", "step": null, "ts": 1650399644.4073458}]}, "version": 139}
{"obj": {"type": "LogStrings", "path": ["monitoring", "stderr"], "values": [{"value": "", "step": null, "ts": 1650399644.6278577}]}, "version": 140}
{"obj": {"type": "LogStrings", "path": ["monitoring", "stderr"], "values": [{"value": "\r  7%|\u2588\u2588\u2588\u2588\u2588\u2588\u2588\u2588\u2588\u258c                                                                                                                           | 36/500 [01:11<15:15,  1.97s/it, Batch_number=35, Loss=4.49]", "step": null, "ts": 1650399644.6284857}]}, "version": 141}
{"obj": {"type": "LogStrings", "path": ["monitoring", "stderr"], "values": [{"value": "\n", "step": null, "ts": 1650399644.6288059}]}, "version": 142}
{"obj": {"type": "LogStrings", "path": ["monitoring", "traceback"], "values": [{"value": "An uncaught exception occurred while run was active on worker KW60717.", "step": null, "ts": 1650399644.6303535}, {"value": "Marking run as failed", "step": null, "ts": 1650399644.6303535}, {"value": "Traceback:", "step": null, "ts": 1650399644.6303535}, {"value": "  File \"/home/resifis/Desktop/kaustcode/Packages/models/src/models/train.py\", line 101, in <module>\n    job.fit(WRFData,WRFData)\n", "step": null, "ts": 1650399644.6303535}, {"value": "  File \"/home/resifis/miniconda3/envs/kaustenv/lib/python3.9/site-packages/models/forecastors/utils/simple_engine.py\", line 164, in fit\n    tr_loss = self.train_fn(self.train_config.model,train_data_loader,sparse)\n", "step": null, "ts": 1650399644.6303535}, {"value": "  File \"/home/resifis/miniconda3/envs/kaustenv/lib/python3.9/site-packages/models/forecastors/utils/simple_engine.py\", line 83, in train_fn\n    for index,train_batch in tqt:\n", "step": null, "ts": 1650399644.6303535}, {"value": "  File \"/home/resifis/miniconda3/envs/kaustenv/lib/python3.9/site-packages/tqdm/std.py\", line 1195, in __iter__\n    for obj in iterable:\n", "step": null, "ts": 1650399644.6303535}, {"value": "  File \"/home/resifis/miniconda3/envs/kaustenv/lib/python3.9/site-packages/torch/utils/data/dataloader.py\", line 530, in __next__\n    data = self._next_data()\n", "step": null, "ts": 1650399644.6303535}, {"value": "  File \"/home/resifis/miniconda3/envs/kaustenv/lib/python3.9/site-packages/torch/utils/data/dataloader.py\", line 570, in _next_data\n    data = self._dataset_fetcher.fetch(index)  # may raise StopIteration\n", "step": null, "ts": 1650399644.6303535}, {"value": "  File \"/home/resifis/miniconda3/envs/kaustenv/lib/python3.9/site-packages/torch/utils/data/_utils/fetch.py\", line 49, in fetch\n    data = [self.dataset[idx] for idx in possibly_batched_index]\n", "step": null, "ts": 1650399644.6303535}]}, "version": 143}
{"obj": {"type": "LogStrings", "path": ["monitoring", "traceback"], "values": [{"value": "  File \"/home/resifis/miniconda3/envs/kaustenv/lib/python3.9/site-packages/torch/utils/data/_utils/fetch.py\", line 49, in <listcomp>\n    data = [self.dataset[idx] for idx in possibly_batched_index]\n", "step": null, "ts": 1650399644.6303535}, {"value": "  File \"/home/resifis/miniconda3/envs/kaustenv/lib/python3.9/site-packages/data_prep/dataset/wrf_data.py\", line 120, in __getitem__\n    all_data,target = self._get_tensor_data(item)\n", "step": null, "ts": 1650399644.6303535}, {"value": "  File \"/home/resifis/miniconda3/envs/kaustenv/lib/python3.9/site-packages/data_prep/dataset/wrf_data.py\", line 104, in _get_tensor_data\n    WRFDataset._normalize(torch.flip(data_aerosol,dims = [1])).unsqueeze(0),\n", "step": null, "ts": 1650399644.6303535}, {"value": "  File \"/home/resifis/miniconda3/envs/kaustenv/lib/python3.9/site-packages/data_prep/dataset/wrf_data.py\", line 79, in _normalize\n    normalized_tensor = nn.functional.normalize(tensor,dim = 0)\n", "step": null, "ts": 1650399644.6303535}, {"value": "  File \"/home/resifis/miniconda3/envs/kaustenv/lib/python3.9/site-packages/torch/nn/functional.py\", line 4637, in normalize\n    denom = input.norm(p, dim, keepdim=True).clamp_min(eps).expand_as(input)\n", "step": null, "ts": 1650399644.6303535}, {"value": "  File \"/home/resifis/miniconda3/envs/kaustenv/lib/python3.9/site-packages/torch/_tensor.py\", line 498, in norm\n    return torch.norm(self, p, dim, keepdim, dtype=dtype)\n", "step": null, "ts": 1650399644.6303535}, {"value": "  File \"/home/resifis/miniconda3/envs/kaustenv/lib/python3.9/site-packages/torch/functional.py\", line 1590, in norm\n    return _VF.norm(input, p, _dim, keepdim=keepdim)  # type: ignore[attr-defined]\n", "step": null, "ts": 1650399644.6303535}, {"value": "", "step": null, "ts": 1650399644.6303535}]}, "version": 144}
{"obj": {"type": "AssignBool", "path": ["sys", "failed"], "value": true}, "version": 145}
{"obj": {"type": "LogStrings", "path": ["monitoring", "stderr"], "values": [{"value": "Traceback (most recent call last):\n", "step": null, "ts": 1650399644.6310136}]}, "version": 146}
{"obj": {"type": "LogStrings", "path": ["monitoring", "stderr"], "values": [{"value": "  File \"/home/resifis/Desktop/kaustcode/Packages/models/src/models/train.py\", line 101, in <module>\n", "step": null, "ts": 1650399644.6314085}]}, "version": 147}
{"obj": {"type": "LogStrings", "path": ["monitoring", "stderr"], "values": [{"value": "    ", "step": null, "ts": 1650399644.6315958}]}, "version": 148}
{"obj": {"type": "LogStrings", "path": ["monitoring", "stderr"], "values": [{"value": "job.fit(WRFData,WRFData)", "step": null, "ts": 1650399644.6316795}]}, "version": 149}
{"obj": {"type": "LogStrings", "path": ["monitoring", "stderr"], "values": [{"value": "\n", "step": null, "ts": 1650399644.6320565}]}, "version": 150}
{"obj": {"type": "LogStrings", "path": ["monitoring", "stderr"], "values": [{"value": "  File \"/home/resifis/miniconda3/envs/kaustenv/lib/python3.9/site-packages/models/forecastors/utils/simple_engine.py\", line 164, in fit\n", "step": null, "ts": 1650399644.632426}]}, "version": 151}
{"obj": {"type": "LogStrings", "path": ["monitoring", "stderr"], "values": [{"value": "    ", "step": null, "ts": 1650399644.6326199}]}, "version": 152}
{"obj": {"type": "LogStrings", "path": ["monitoring", "stderr"], "values": [{"value": "tr_loss = self.train_fn(self.train_config.model,train_data_loader,sparse)", "step": null, "ts": 1650399644.6326993}]}, "version": 153}
{"obj": {"type": "LogStrings", "path": ["monitoring", "stderr"], "values": [{"value": "\n", "step": null, "ts": 1650399644.6330683}]}, "version": 154}
{"obj": {"type": "LogStrings", "path": ["monitoring", "stderr"], "values": [{"value": "  File \"/home/resifis/miniconda3/envs/kaustenv/lib/python3.9/site-packages/models/forecastors/utils/simple_engine.py\", line 83, in train_fn\n", "step": null, "ts": 1650399644.6334345}]}, "version": 155}
{"obj": {"type": "LogStrings", "path": ["monitoring", "stderr"], "values": [{"value": "    ", "step": null, "ts": 1650399644.6335876}]}, "version": 156}
{"obj": {"type": "LogStrings", "path": ["monitoring", "stderr"], "values": [{"value": "for index,train_batch in tqt:", "step": null, "ts": 1650399644.633663}]}, "version": 157}
{"obj": {"type": "LogStrings", "path": ["monitoring", "stderr"], "values": [{"value": "\n", "step": null, "ts": 1650399644.6340203}]}, "version": 158}
{"obj": {"type": "LogStrings", "path": ["monitoring", "stderr"], "values": [{"value": "  File \"/home/resifis/miniconda3/envs/kaustenv/lib/python3.9/site-packages/tqdm/std.py\", line 1195, in __iter__\n", "step": null, "ts": 1650399644.634383}]}, "version": 159}
{"obj": {"type": "LogStrings", "path": ["monitoring", "stderr"], "values": [{"value": "    ", "step": null, "ts": 1650399644.6346998}]}, "version": 160}
{"obj": {"type": "LogStrings", "path": ["monitoring", "stderr"], "values": [{"value": "for obj in iterable:", "step": null, "ts": 1650399644.6347797}]}, "version": 161}
{"obj": {"type": "LogStrings", "path": ["monitoring", "stderr"], "values": [{"value": "\n", "step": null, "ts": 1650399644.6351583}]}, "version": 162}
{"obj": {"type": "LogStrings", "path": ["monitoring", "stderr"], "values": [{"value": "  File \"/home/resifis/miniconda3/envs/kaustenv/lib/python3.9/site-packages/torch/utils/data/dataloader.py\", line 530, in __next__\n", "step": null, "ts": 1650399644.6355212}]}, "version": 163}
{"obj": {"type": "LogStrings", "path": ["monitoring", "stderr"], "values": [{"value": "    ", "step": null, "ts": 1650399644.6357522}]}, "version": 164}
{"obj": {"type": "LogStrings", "path": ["monitoring", "stderr"], "values": [{"value": "data = self._next_data()", "step": null, "ts": 1650399644.6358306}]}, "version": 165}
{"obj": {"type": "LogStrings", "path": ["monitoring", "stderr"], "values": [{"value": "\n", "step": null, "ts": 1650399644.6361852}]}, "version": 166}
{"obj": {"type": "LogStrings", "path": ["monitoring", "stderr"], "values": [{"value": "  File \"/home/resifis/miniconda3/envs/kaustenv/lib/python3.9/site-packages/torch/utils/data/dataloader.py\", line 570, in _next_data\n", "step": null, "ts": 1650399644.6365442}]}, "version": 167}
{"obj": {"type": "LogStrings", "path": ["monitoring", "stderr"], "values": [{"value": "    ", "step": null, "ts": 1650399644.6367736}]}, "version": 168}
{"obj": {"type": "LogStrings", "path": ["monitoring", "stderr"], "values": [{"value": "data = self._dataset_fetcher.fetch(index)  # may raise StopIteration", "step": null, "ts": 1650399644.6368525}]}, "version": 169}
{"obj": {"type": "LogStrings", "path": ["monitoring", "stderr"], "values": [{"value": "\n", "step": null, "ts": 1650399644.6372142}]}, "version": 170}
{"obj": {"type": "LogStrings", "path": ["monitoring", "stderr"], "values": [{"value": "  File \"/home/resifis/miniconda3/envs/kaustenv/lib/python3.9/site-packages/torch/utils/data/_utils/fetch.py\", line 49, in fetch\n", "step": null, "ts": 1650399644.63757}]}, "version": 171}
{"obj": {"type": "LogStrings", "path": ["monitoring", "stderr"], "values": [{"value": "    ", "step": null, "ts": 1650399644.6377182}]}, "version": 172}
{"obj": {"type": "LogStrings", "path": ["monitoring", "stderr"], "values": [{"value": "data = [self.dataset[idx] for idx in possibly_batched_index]", "step": null, "ts": 1650399644.637793}]}, "version": 173}
{"obj": {"type": "LogStrings", "path": ["monitoring", "stderr"], "values": [{"value": "\n", "step": null, "ts": 1650399644.6381438}]}, "version": 174}
{"obj": {"type": "LogStrings", "path": ["monitoring", "stderr"], "values": [{"value": "  File \"/home/resifis/miniconda3/envs/kaustenv/lib/python3.9/site-packages/torch/utils/data/_utils/fetch.py\", line 49, in <listcomp>\n", "step": null, "ts": 1650399644.638498}]}, "version": 175}
{"obj": {"type": "LogStrings", "path": ["monitoring", "stderr"], "values": [{"value": "    ", "step": null, "ts": 1650399644.6386468}]}, "version": 176}
{"obj": {"type": "LogStrings", "path": ["monitoring", "stderr"], "values": [{"value": "data = [self.dataset[idx] for idx in possibly_batched_index]", "step": null, "ts": 1650399644.6387224}]}, "version": 177}
{"obj": {"type": "LogStrings", "path": ["monitoring", "stderr"], "values": [{"value": "\n", "step": null, "ts": 1650399644.6390774}]}, "version": 178}
{"obj": {"type": "LogStrings", "path": ["monitoring", "stderr"], "values": [{"value": "  File \"/home/resifis/miniconda3/envs/kaustenv/lib/python3.9/site-packages/data_prep/dataset/wrf_data.py\", line 120, in __getitem__\n", "step": null, "ts": 1650399644.6394358}]}, "version": 179}
{"obj": {"type": "LogStrings", "path": ["monitoring", "stderr"], "values": [{"value": "    ", "step": null, "ts": 1650399644.639594}]}, "version": 180}
{"obj": {"type": "LogStrings", "path": ["monitoring", "stderr"], "values": [{"value": "all_data,target = self._get_tensor_data(item)", "step": null, "ts": 1650399644.6396697}]}, "version": 181}
{"obj": {"type": "LogStrings", "path": ["monitoring", "stderr"], "values": [{"value": "\n", "step": null, "ts": 1650399644.6400216}]}, "version": 182}
{"obj": {"type": "LogStrings", "path": ["monitoring", "stderr"], "values": [{"value": "  File \"/home/resifis/miniconda3/envs/kaustenv/lib/python3.9/site-packages/data_prep/dataset/wrf_data.py\", line 104, in _get_tensor_data\n", "step": null, "ts": 1650399644.640376}]}, "version": 183}
{"obj": {"type": "LogStrings", "path": ["monitoring", "stderr"], "values": [{"value": "    ", "step": null, "ts": 1650399644.6405287}]}, "version": 184}
{"obj": {"type": "LogStrings", "path": ["monitoring", "stderr"], "values": [{"value": "WRFDataset._normalize(torch.flip(data_aerosol,dims = [1])).unsqueeze(0),", "step": null, "ts": 1650399644.6406057}]}, "version": 185}
{"obj": {"type": "LogStrings", "path": ["monitoring", "stderr"], "values": [{"value": "\n", "step": null, "ts": 1650399644.6409566}]}, "version": 186}
{"obj": {"type": "LogStrings", "path": ["monitoring", "stderr"], "values": [{"value": "  File \"/home/resifis/miniconda3/envs/kaustenv/lib/python3.9/site-packages/data_prep/dataset/wrf_data.py\", line 79, in _normalize\n", "step": null, "ts": 1650399644.641315}]}, "version": 187}
{"obj": {"type": "LogStrings", "path": ["monitoring", "stderr"], "values": [{"value": "    ", "step": null, "ts": 1650399644.6414635}]}, "version": 188}
{"obj": {"type": "LogStrings", "path": ["monitoring", "stderr"], "values": [{"value": "normalized_tensor = nn.functional.normalize(tensor,dim = 0)", "step": null, "ts": 1650399644.6415372}]}, "version": 189}
{"obj": {"type": "LogStrings", "path": ["monitoring", "stderr"], "values": [{"value": "\n", "step": null, "ts": 1650399644.6418874}]}, "version": 190}
{"obj": {"type": "LogStrings", "path": ["monitoring", "stderr"], "values": [{"value": "  File \"/home/resifis/miniconda3/envs/kaustenv/lib/python3.9/site-packages/torch/nn/functional.py\", line 4637, in normalize\n", "step": null, "ts": 1650399644.6422381}]}, "version": 191}
{"obj": {"type": "LogStrings", "path": ["monitoring", "stderr"], "values": [{"value": "    ", "step": null, "ts": 1650399644.643025}]}, "version": 192}
{"obj": {"type": "LogStrings", "path": ["monitoring", "stderr"], "values": [{"value": "denom = input.norm(p, dim, keepdim=True).clamp_min(eps).expand_as(input)", "step": null, "ts": 1650399644.6431315}]}, "version": 193}
{"obj": {"type": "LogStrings", "path": ["monitoring", "stderr"], "values": [{"value": "\n", "step": null, "ts": 1650399644.6435013}]}, "version": 194}
{"obj": {"type": "LogStrings", "path": ["monitoring", "stderr"], "values": [{"value": "  File \"/home/resifis/miniconda3/envs/kaustenv/lib/python3.9/site-packages/torch/_tensor.py\", line 498, in norm\n", "step": null, "ts": 1650399644.6438594}]}, "version": 195}
{"obj": {"type": "LogStrings", "path": ["monitoring", "stderr"], "values": [{"value": "    ", "step": null, "ts": 1650399644.6440783}]}, "version": 196}
{"obj": {"type": "LogStrings", "path": ["monitoring", "stderr"], "values": [{"value": "return torch.norm(self, p, dim, keepdim, dtype=dtype)", "step": null, "ts": 1650399644.6441567}]}, "version": 197}
{"obj": {"type": "LogStrings", "path": ["monitoring", "stderr"], "values": [{"value": "\n", "step": null, "ts": 1650399644.6445088}]}, "version": 198}
{"obj": {"type": "LogStrings", "path": ["monitoring", "stderr"], "values": [{"value": "  File \"/home/resifis/miniconda3/envs/kaustenv/lib/python3.9/site-packages/torch/functional.py\", line 1590, in norm\n", "step": null, "ts": 1650399644.6448631}]}, "version": 199}
{"obj": {"type": "LogStrings", "path": ["monitoring", "stderr"], "values": [{"value": "    ", "step": null, "ts": 1650399644.6452312}]}, "version": 200}
{"obj": {"type": "LogStrings", "path": ["monitoring", "stderr"], "values": [{"value": "return _VF.norm(input, p, _dim, keepdim=keepdim)  # type: ignore[attr-defined]", "step": null, "ts": 1650399644.6453104}]}, "version": 201}
{"obj": {"type": "LogStrings", "path": ["monitoring", "stderr"], "values": [{"value": "\n", "step": null, "ts": 1650399644.6456656}]}, "version": 202}
{"obj": {"type": "LogStrings", "path": ["monitoring", "stderr"], "values": [{"value": "KeyboardInterrupt", "step": null, "ts": 1650399644.645768}]}, "version": 203}
{"obj": {"type": "LogStrings", "path": ["monitoring", "stderr"], "values": [{"value": "", "step": null, "ts": 1650399644.6458378}]}, "version": 204}
{"obj": {"type": "LogStrings", "path": ["monitoring", "stderr"], "values": [{"value": "\n", "step": null, "ts": 1650399644.6461809}]}, "version": 205}
{"obj": {"type": "LogStrings", "path": ["monitoring", "stdout"], "values": [{"value": "", "step": null, "ts": 1650399644.6465797}]}, "version": 206}
{"obj": {"type": "LogStrings", "path": ["monitoring", "stdout"], "values": [{"value": "Shutting down background jobs, please wait a moment...\n", "step": null, "ts": 1650399644.647114}]}, "version": 207}
