{"obj": {"type": "AssignString", "path": ["sys", "name"], "value": "Untitled"}, "version": 1}
{"obj": {"type": "AssignString", "path": ["sys", "description"], "value": ""}, "version": 2}
{"obj": {"type": "AssignString", "path": ["sys", "hostname"], "value": "KW60717"}, "version": 3}
{"obj": {"type": "AssignBool", "path": ["sys", "failed"], "value": false}, "version": 4}
{"obj": {"type": "ClearStringLog", "path": ["monitoring", "stdout"]}, "version": 5}
{"obj": {"type": "ClearStringLog", "path": ["monitoring", "stderr"]}, "version": 6}
{"obj": {"type": "AssignString", "path": ["source_code", "entrypoint"], "value": "train.py"}, "version": 7}
{"obj": {"type": "UploadFileSet", "path": ["source_code", "files"], "file_globs": ["/home/resifis/Desktop/kaustcode/Packages/models/src/models/train.py"], "reset": "False"}, "version": 8}
{"obj": {"type": "ConfigFloatSeries", "path": ["monitoring", "cpu"], "min": 0.0, "max": 100.0, "unit": "%"}, "version": 9}
{"obj": {"type": "ClearFloatLog", "path": ["monitoring", "cpu"]}, "version": 10}
{"obj": {"type": "ConfigFloatSeries", "path": ["monitoring", "memory"], "min": 0.0, "max": 251.55138397216797, "unit": "GB"}, "version": 11}
{"obj": {"type": "ClearFloatLog", "path": ["monitoring", "memory"]}, "version": 12}
{"obj": {"type": "ConfigFloatSeries", "path": ["monitoring", "gpu_0"], "min": 0.0, "max": 100.0, "unit": "%"}, "version": 13}
{"obj": {"type": "ClearFloatLog", "path": ["monitoring", "gpu_0"]}, "version": 14}
{"obj": {"type": "ConfigFloatSeries", "path": ["monitoring", "gpu_1"], "min": 0.0, "max": 100.0, "unit": "%"}, "version": 15}
{"obj": {"type": "ClearFloatLog", "path": ["monitoring", "gpu_1"]}, "version": 16}
{"obj": {"type": "ConfigFloatSeries", "path": ["monitoring", "gpu_memory_0"], "min": 0.0, "max": 23.69952392578125, "unit": "GB"}, "version": 17}
{"obj": {"type": "ClearFloatLog", "path": ["monitoring", "gpu_memory_0"]}, "version": 18}
{"obj": {"type": "ConfigFloatSeries", "path": ["monitoring", "gpu_memory_1"], "min": 0.0, "max": 23.69952392578125, "unit": "GB"}, "version": 19}
{"obj": {"type": "ClearFloatLog", "path": ["monitoring", "gpu_memory_1"]}, "version": 20}
{"obj": {"type": "LogStrings", "path": ["monitoring", "stdout"], "values": [{"value": ".........EPOCH 0........", "step": null, "ts": 1653213980.2269692}]}, "version": 21}
{"obj": {"type": "LogStrings", "path": ["monitoring", "stdout"], "values": [{"value": "\n", "step": null, "ts": 1653213980.2273774}]}, "version": 22}
{"obj": {"type": "LogStrings", "path": ["monitoring", "stderr"], "values": [{"value": "\r  0%|                                                                                                                                                             | 0/500 [00:00<?, ?it/s]", "step": null, "ts": 1653213980.231202}]}, "version": 23}
{"obj": {"type": "LogFloats", "path": ["monitoring", "cpu"], "values": [{"value": 2.7, "step": null, "ts": 1653213980.2174616}]}, "version": 24}
{"obj": {"type": "LogFloats", "path": ["monitoring", "memory"], "values": [{"value": 15.290939331054688, "step": null, "ts": 1653213980.2174616}]}, "version": 25}
{"obj": {"type": "LogFloats", "path": ["monitoring", "gpu_0"], "values": [{"value": 2.0, "step": null, "ts": 1653213980.2174616}]}, "version": 26}
{"obj": {"type": "LogFloats", "path": ["monitoring", "gpu_memory_0"], "values": [{"value": 7.72216796875, "step": null, "ts": 1653213980.2174616}]}, "version": 27}
{"obj": {"type": "LogFloats", "path": ["monitoring", "gpu_memory_1"], "values": [{"value": 4.384033203125, "step": null, "ts": 1653213980.2174616}]}, "version": 28}
{"obj": {"type": "LogStrings", "path": ["monitoring", "stderr"], "values": [{"value": "", "step": null, "ts": 1653213982.5863595}]}, "version": 29}
{"obj": {"type": "LogStrings", "path": ["monitoring", "stderr"], "values": [{"value": "\r  0%|                                                                                                                                                             | 0/500 [00:02<?, ?it/s]", "step": null, "ts": 1653213982.588067}]}, "version": 30}
{"obj": {"type": "LogStrings", "path": ["monitoring", "stderr"], "values": [{"value": "\n", "step": null, "ts": 1653213982.588413}]}, "version": 31}
{"obj": {"type": "LogStrings", "path": ["monitoring", "traceback"], "values": [{"value": "An uncaught exception occurred while run was active on worker KW60717.", "step": null, "ts": 1653213982.5915847}, {"value": "Marking run as failed", "step": null, "ts": 1653213982.5915847}, {"value": "Traceback:", "step": null, "ts": 1653213982.5915847}, {"value": "  File \"/home/resifis/Desktop/kaustcode/Packages/models/src/models/train.py\", line 111, in <module>\n    job.fit(TrainData,ValidData)\n", "step": null, "ts": 1653213982.5915847}, {"value": "  File \"/home/resifis/anaconda3/envs/kaustenv/lib/python3.9/site-packages/models/forecastors/utils/simple_engine.py\", line 162, in fit\n    tr_loss = self.train_fn(self.train_config.model,train_data_loader)\n", "step": null, "ts": 1653213982.5915847}, {"value": "  File \"/home/resifis/anaconda3/envs/kaustenv/lib/python3.9/site-packages/models/forecastors/utils/simple_engine.py\", line 89, in train_fn\n    train_loss = self.train_config.criterion(pred_target,target)\n", "step": null, "ts": 1653213982.5915847}, {"value": "  File \"/home/resifis/anaconda3/envs/kaustenv/lib/python3.9/site-packages/torch/nn/modules/module.py\", line 1110, in _call_impl\n    return forward_call(*input, **kwargs)\n", "step": null, "ts": 1653213982.5915847}, {"value": "  File \"/home/resifis/anaconda3/envs/kaustenv/lib/python3.9/site-packages/models/forecastors/utils/loss.py\", line 107, in forward\n    return 1-self.ssim(yhat,y)\n", "step": null, "ts": 1653213982.5915847}, {"value": "  File \"/home/resifis/anaconda3/envs/kaustenv/lib/python3.9/site-packages/torch/nn/modules/module.py\", line 1110, in _call_impl\n    return forward_call(*input, **kwargs)\n", "step": null, "ts": 1653213982.5915847}, {"value": "  File \"/home/resifis/anaconda3/envs/kaustenv/lib/python3.9/site-packages/models/forecastors/utils/loss.py\", line 54, in forward\n    (_, channel, _, _, _) = img1.size()\n", "step": null, "ts": 1653213982.5915847}]}, "version": 32}
{"obj": {"type": "LogStrings", "path": ["monitoring", "traceback"], "values": [{"value": "not enough values to unpack (expected 5, got 4)", "step": null, "ts": 1653213982.5915847}]}, "version": 33}
{"obj": {"type": "AssignBool", "path": ["sys", "failed"], "value": true}, "version": 34}
{"obj": {"type": "LogStrings", "path": ["monitoring", "stderr"], "values": [{"value": "Traceback (most recent call last):\n", "step": null, "ts": 1653213982.592532}]}, "version": 35}
{"obj": {"type": "LogStrings", "path": ["monitoring", "stderr"], "values": [{"value": "  File \"/home/resifis/Desktop/kaustcode/Packages/models/src/models/train.py\", line 111, in <module>\n", "step": null, "ts": 1653213982.5926366}]}, "version": 36}
{"obj": {"type": "LogStrings", "path": ["monitoring", "stderr"], "values": [{"value": "    ", "step": null, "ts": 1653213982.5928483}]}, "version": 37}
{"obj": {"type": "LogStrings", "path": ["monitoring", "stderr"], "values": [{"value": "job.fit(TrainData,ValidData)", "step": null, "ts": 1653213982.5929425}]}, "version": 38}
{"obj": {"type": "LogStrings", "path": ["monitoring", "stderr"], "values": [{"value": "\n", "step": null, "ts": 1653213982.5930302}]}, "version": 39}
{"obj": {"type": "LogStrings", "path": ["monitoring", "stderr"], "values": [{"value": "  File \"/home/resifis/anaconda3/envs/kaustenv/lib/python3.9/site-packages/models/forecastors/utils/simple_engine.py\", line 162, in fit\n", "step": null, "ts": 1653213982.5931203}]}, "version": 40}
{"obj": {"type": "LogStrings", "path": ["monitoring", "stderr"], "values": [{"value": "    ", "step": null, "ts": 1653213982.5932884}]}, "version": 41}
{"obj": {"type": "LogStrings", "path": ["monitoring", "stderr"], "values": [{"value": "tr_loss = self.train_fn(self.train_config.model,train_data_loader)", "step": null, "ts": 1653213982.5933733}]}, "version": 42}
{"obj": {"type": "LogStrings", "path": ["monitoring", "stderr"], "values": [{"value": "\n", "step": null, "ts": 1653213982.5934632}]}, "version": 43}
{"obj": {"type": "LogStrings", "path": ["monitoring", "stderr"], "values": [{"value": "  File \"/home/resifis/anaconda3/envs/kaustenv/lib/python3.9/site-packages/models/forecastors/utils/simple_engine.py\", line 89, in train_fn\n", "step": null, "ts": 1653213982.5935478}]}, "version": 44}
{"obj": {"type": "LogStrings", "path": ["monitoring", "stderr"], "values": [{"value": "    ", "step": null, "ts": 1653213982.5936947}]}, "version": 45}
{"obj": {"type": "LogStrings", "path": ["monitoring", "stderr"], "values": [{"value": "train_loss = self.train_config.criterion(pred_target,target)", "step": null, "ts": 1653213982.5937772}]}, "version": 46}
{"obj": {"type": "LogStrings", "path": ["monitoring", "stderr"], "values": [{"value": "\n", "step": null, "ts": 1653213982.5938597}]}, "version": 47}
{"obj": {"type": "LogStrings", "path": ["monitoring", "stderr"], "values": [{"value": "  File \"/home/resifis/anaconda3/envs/kaustenv/lib/python3.9/site-packages/torch/nn/modules/module.py\", line 1110, in _call_impl\n", "step": null, "ts": 1653213982.5939438}]}, "version": 48}
{"obj": {"type": "LogStrings", "path": ["monitoring", "stderr"], "values": [{"value": "    ", "step": null, "ts": 1653213982.5943327}]}, "version": 49}
{"obj": {"type": "LogStrings", "path": ["monitoring", "stderr"], "values": [{"value": "return forward_call(*input, **kwargs)", "step": null, "ts": 1653213982.5944266}]}, "version": 50}
{"obj": {"type": "LogStrings", "path": ["monitoring", "stderr"], "values": [{"value": "\n", "step": null, "ts": 1653213982.5945156}]}, "version": 51}
{"obj": {"type": "LogStrings", "path": ["monitoring", "stderr"], "values": [{"value": "  File \"/home/resifis/anaconda3/envs/kaustenv/lib/python3.9/site-packages/models/forecastors/utils/loss.py\", line 107, in forward\n", "step": null, "ts": 1653213982.5946045}]}, "version": 52}
{"obj": {"type": "LogStrings", "path": ["monitoring", "stderr"], "values": [{"value": "    ", "step": null, "ts": 1653213982.5947587}]}, "version": 53}
{"obj": {"type": "LogStrings", "path": ["monitoring", "stderr"], "values": [{"value": "return 1-self.ssim(yhat,y)", "step": null, "ts": 1653213982.5948408}]}, "version": 54}
{"obj": {"type": "LogStrings", "path": ["monitoring", "stderr"], "values": [{"value": "\n", "step": null, "ts": 1653213982.594924}]}, "version": 55}
{"obj": {"type": "LogStrings", "path": ["monitoring", "stderr"], "values": [{"value": "  File \"/home/resifis/anaconda3/envs/kaustenv/lib/python3.9/site-packages/torch/nn/modules/module.py\", line 1110, in _call_impl\n", "step": null, "ts": 1653213982.5950103}]}, "version": 56}
{"obj": {"type": "LogStrings", "path": ["monitoring", "stderr"], "values": [{"value": "    ", "step": null, "ts": 1653213982.5953405}]}, "version": 57}
{"obj": {"type": "LogStrings", "path": ["monitoring", "stderr"], "values": [{"value": "return forward_call(*input, **kwargs)", "step": null, "ts": 1653213982.595427}]}, "version": 58}
{"obj": {"type": "LogStrings", "path": ["monitoring", "stderr"], "values": [{"value": "\n", "step": null, "ts": 1653213982.5955143}]}, "version": 59}
{"obj": {"type": "LogStrings", "path": ["monitoring", "stderr"], "values": [{"value": "  File \"/home/resifis/anaconda3/envs/kaustenv/lib/python3.9/site-packages/models/forecastors/utils/loss.py\", line 54, in forward\n", "step": null, "ts": 1653213982.5956006}]}, "version": 60}
{"obj": {"type": "LogStrings", "path": ["monitoring", "stderr"], "values": [{"value": "    ", "step": null, "ts": 1653213982.5957394}]}, "version": 61}
{"obj": {"type": "LogStrings", "path": ["monitoring", "stderr"], "values": [{"value": "(_, channel, _, _, _) = img1.size()", "step": null, "ts": 1653213982.595819}]}, "version": 62}
{"obj": {"type": "LogStrings", "path": ["monitoring", "stderr"], "values": [{"value": "\n", "step": null, "ts": 1653213982.5959015}]}, "version": 63}
{"obj": {"type": "LogStrings", "path": ["monitoring", "stderr"], "values": [{"value": "ValueError", "step": null, "ts": 1653213982.5960042}]}, "version": 64}
{"obj": {"type": "LogStrings", "path": ["monitoring", "stderr"], "values": [{"value": ": ", "step": null, "ts": 1653213982.5960834}]}, "version": 65}
{"obj": {"type": "LogStrings", "path": ["monitoring", "stderr"], "values": [{"value": "not enough values to unpack (expected 5, got 4)", "step": null, "ts": 1653213982.5961561}]}, "version": 66}
{"obj": {"type": "LogStrings", "path": ["monitoring", "stderr"], "values": [{"value": "\n", "step": null, "ts": 1653213982.596239}]}, "version": 67}
{"obj": {"type": "LogStrings", "path": ["monitoring", "stdout"], "values": [{"value": "", "step": null, "ts": 1653213982.59684}]}, "version": 68}
{"obj": {"type": "LogStrings", "path": ["monitoring", "stdout"], "values": [{"value": "Shutting down background jobs, please wait a moment...\n", "step": null, "ts": 1653213982.5970423}]}, "version": 69}
