{"obj": {"type": "AssignString", "path": ["sys", "name"], "value": "Untitled"}, "version": 1}
{"obj": {"type": "AssignString", "path": ["sys", "description"], "value": ""}, "version": 2}
{"obj": {"type": "AssignString", "path": ["sys", "hostname"], "value": "KW60717"}, "version": 3}
{"obj": {"type": "AssignBool", "path": ["sys", "failed"], "value": false}, "version": 4}
{"obj": {"type": "ClearStringLog", "path": ["monitoring", "stdout"]}, "version": 5}
{"obj": {"type": "ClearStringLog", "path": ["monitoring", "stderr"]}, "version": 6}
{"obj": {"type": "AssignString", "path": ["source_code", "entrypoint"], "value": "train.py"}, "version": 7}
{"obj": {"type": "UploadFileSet", "path": ["source_code", "files"], "file_globs": ["/home/resifis/Desktop/kaustcode/Packages/models/src/models/train.py"], "reset": "False"}, "version": 8}
{"obj": {"type": "ConfigFloatSeries", "path": ["monitoring", "cpu"], "min": 0.0, "max": 100.0, "unit": "%"}, "version": 9}
{"obj": {"type": "ClearFloatLog", "path": ["monitoring", "cpu"]}, "version": 10}
{"obj": {"type": "ConfigFloatSeries", "path": ["monitoring", "memory"], "min": 0.0, "max": 251.55138397216797, "unit": "GB"}, "version": 11}
{"obj": {"type": "ClearFloatLog", "path": ["monitoring", "memory"]}, "version": 12}
{"obj": {"type": "ConfigFloatSeries", "path": ["monitoring", "gpu_0"], "min": 0.0, "max": 100.0, "unit": "%"}, "version": 13}
{"obj": {"type": "ClearFloatLog", "path": ["monitoring", "gpu_0"]}, "version": 14}
{"obj": {"type": "ConfigFloatSeries", "path": ["monitoring", "gpu_1"], "min": 0.0, "max": 100.0, "unit": "%"}, "version": 15}
{"obj": {"type": "ClearFloatLog", "path": ["monitoring", "gpu_1"]}, "version": 16}
{"obj": {"type": "ConfigFloatSeries", "path": ["monitoring", "gpu_memory_0"], "min": 0.0, "max": 23.69952392578125, "unit": "GB"}, "version": 17}
{"obj": {"type": "ClearFloatLog", "path": ["monitoring", "gpu_memory_0"]}, "version": 18}
{"obj": {"type": "ConfigFloatSeries", "path": ["monitoring", "gpu_memory_1"], "min": 0.0, "max": 23.69952392578125, "unit": "GB"}, "version": 19}
{"obj": {"type": "ClearFloatLog", "path": ["monitoring", "gpu_memory_1"]}, "version": 20}
{"obj": {"type": "LogStrings", "path": ["monitoring", "stdout"], "values": [{"value": ".........EPOCH 0........", "step": null, "ts": 1649275003.0430148}]}, "version": 21}
{"obj": {"type": "LogStrings", "path": ["monitoring", "stdout"], "values": [{"value": "\n", "step": null, "ts": 1649275003.0441024}]}, "version": 22}
{"obj": {"type": "LogStrings", "path": ["monitoring", "stderr"], "values": [{"value": "\r  0%|                                                                                                                                                                                                 | 0/250 [00:00<?, ?it/s]", "step": null, "ts": 1649275003.047103}]}, "version": 23}
{"obj": {"type": "LogFloats", "path": ["monitoring", "cpu"], "values": [{"value": 3.4, "step": null, "ts": 1649275003.0333927}]}, "version": 24}
{"obj": {"type": "LogFloats", "path": ["monitoring", "memory"], "values": [{"value": 67.51168441772461, "step": null, "ts": 1649275003.0333927}]}, "version": 25}
{"obj": {"type": "LogFloats", "path": ["monitoring", "gpu_0"], "values": [{"value": 6.0, "step": null, "ts": 1649275003.0333927}]}, "version": 26}
{"obj": {"type": "LogFloats", "path": ["monitoring", "gpu_memory_0"], "values": [{"value": 2.399169921875, "step": null, "ts": 1649275003.0333927}]}, "version": 27}
{"obj": {"type": "LogFloats", "path": ["monitoring", "gpu_memory_1"], "values": [{"value": 1.853759765625, "step": null, "ts": 1649275003.0333927}]}, "version": 28}
{"obj": {"type": "LogStrings", "path": ["monitoring", "stderr"], "values": [{"value": "", "step": null, "ts": 1649275004.1213653}]}, "version": 29}
{"obj": {"type": "LogStrings", "path": ["monitoring", "stderr"], "values": [{"value": "\r  0%|                                                                                                                                                                                                 | 0/250 [00:01<?, ?it/s]", "step": null, "ts": 1649275004.121947}]}, "version": 30}
{"obj": {"type": "LogStrings", "path": ["monitoring", "stderr"], "values": [{"value": "\n", "step": null, "ts": 1649275004.122093}]}, "version": 31}
{"obj": {"type": "LogStrings", "path": ["monitoring", "traceback"], "values": [{"value": "An uncaught exception occurred while run was active on worker KW60717.", "step": null, "ts": 1649275004.1412487}, {"value": "Marking run as failed", "step": null, "ts": 1649275004.1412487}, {"value": "Traceback:", "step": null, "ts": 1649275004.1412487}, {"value": "  File \"/home/resifis/Desktop/kaustcode/Packages/models/src/models/train.py\", line 100, in <module>\n    job.fit(WRFData,WRFData)\n", "step": null, "ts": 1649275004.1412487}, {"value": "  File \"/home/resifis/anaconda3/envs/kaustenv/lib/python3.9/site-packages/models/forecastors/utils/engine.py\", line 259, in fit\n    tr_loss = self.train_fn(self.train_config.model,train_data_loader,run,sparse)\n", "step": null, "ts": 1649275004.1412487}, {"value": "  File \"/home/resifis/anaconda3/envs/kaustenv/lib/python3.9/site-packages/models/forecastors/utils/engine.py\", line 87, in train_fn\n    pred_target = model(data)\n", "step": null, "ts": 1649275004.1412487}, {"value": "  File \"/home/resifis/anaconda3/envs/kaustenv/lib/python3.9/site-packages/torch/nn/modules/module.py\", line 1110, in _call_impl\n    return forward_call(*input, **kwargs)\n", "step": null, "ts": 1649275004.1412487}, {"value": "  File \"/home/resifis/anaconda3/envs/kaustenv/lib/python3.9/site-packages/models/forecastors/Conv3DUNet/unet.py\", line 26, in forward\n    x1 = self.inc(x)\n", "step": null, "ts": 1649275004.1412487}, {"value": "  File \"/home/resifis/anaconda3/envs/kaustenv/lib/python3.9/site-packages/torch/nn/modules/module.py\", line 1110, in _call_impl\n    return forward_call(*input, **kwargs)\n", "step": null, "ts": 1649275004.1412487}, {"value": "  File \"/home/resifis/anaconda3/envs/kaustenv/lib/python3.9/site-packages/models/forecastors/Conv3DUNet/unet_utils.py\", line 24, in forward\n    return self.double_conv(x)\n", "step": null, "ts": 1649275004.1412487}]}, "version": 32}
{"obj": {"type": "LogStrings", "path": ["monitoring", "traceback"], "values": [{"value": "  File \"/home/resifis/anaconda3/envs/kaustenv/lib/python3.9/site-packages/torch/nn/modules/module.py\", line 1110, in _call_impl\n    return forward_call(*input, **kwargs)\n", "step": null, "ts": 1649275004.1412487}, {"value": "  File \"/home/resifis/anaconda3/envs/kaustenv/lib/python3.9/site-packages/torch/nn/modules/container.py\", line 141, in forward\n    input = module(input)\n", "step": null, "ts": 1649275004.1412487}, {"value": "  File \"/home/resifis/anaconda3/envs/kaustenv/lib/python3.9/site-packages/torch/nn/modules/module.py\", line 1110, in _call_impl\n    return forward_call(*input, **kwargs)\n", "step": null, "ts": 1649275004.1412487}, {"value": "  File \"/home/resifis/anaconda3/envs/kaustenv/lib/python3.9/site-packages/torch/nn/modules/conv.py\", line 592, in forward\n    return self._conv_forward(input, self.weight, self.bias)\n", "step": null, "ts": 1649275004.1412487}, {"value": "  File \"/home/resifis/anaconda3/envs/kaustenv/lib/python3.9/site-packages/torch/nn/modules/conv.py\", line 587, in _conv_forward\n    return F.conv3d(\n", "step": null, "ts": 1649275004.1412487}, {"value": "Given groups=1, weight of size [64, 3, 3, 3, 3], expected input[4, 6, 17, 213, 288] to have 3 channels, but got 6 channels instead", "step": null, "ts": 1649275004.1412487}]}, "version": 33}
{"obj": {"type": "AssignBool", "path": ["sys", "failed"], "value": true}, "version": 34}
{"obj": {"type": "LogStrings", "path": ["monitoring", "stderr"], "values": [{"value": "Traceback (most recent call last):\n", "step": null, "ts": 1649275004.1419115}]}, "version": 35}
{"obj": {"type": "LogStrings", "path": ["monitoring", "stderr"], "values": [{"value": "  File \"/home/resifis/Desktop/kaustcode/Packages/models/src/models/train.py\", line 100, in <module>\n", "step": null, "ts": 1649275004.142106}]}, "version": 36}
{"obj": {"type": "LogStrings", "path": ["monitoring", "stderr"], "values": [{"value": "    ", "step": null, "ts": 1649275004.1424623}]}, "version": 37}
{"obj": {"type": "LogStrings", "path": ["monitoring", "stderr"], "values": [{"value": "job.fit(WRFData,WRFData)", "step": null, "ts": 1649275004.142657}]}, "version": 38}
{"obj": {"type": "LogStrings", "path": ["monitoring", "stderr"], "values": [{"value": "\n", "step": null, "ts": 1649275004.1428266}]}, "version": 39}
{"obj": {"type": "LogStrings", "path": ["monitoring", "stderr"], "values": [{"value": "  File \"/home/resifis/anaconda3/envs/kaustenv/lib/python3.9/site-packages/models/forecastors/utils/engine.py\", line 259, in fit\n", "step": null, "ts": 1649275004.1429884}]}, "version": 40}
{"obj": {"type": "LogStrings", "path": ["monitoring", "stderr"], "values": [{"value": "    ", "step": null, "ts": 1649275004.1433618}]}, "version": 41}
{"obj": {"type": "LogStrings", "path": ["monitoring", "stderr"], "values": [{"value": "tr_loss = self.train_fn(self.train_config.model,train_data_loader,run,sparse)", "step": null, "ts": 1649275004.143563}]}, "version": 42}
{"obj": {"type": "LogStrings", "path": ["monitoring", "stderr"], "values": [{"value": "\n", "step": null, "ts": 1649275004.143721}]}, "version": 43}
{"obj": {"type": "LogStrings", "path": ["monitoring", "stderr"], "values": [{"value": "  File \"/home/resifis/anaconda3/envs/kaustenv/lib/python3.9/site-packages/models/forecastors/utils/engine.py\", line 87, in train_fn\n", "step": null, "ts": 1649275004.1438794}]}, "version": 44}
{"obj": {"type": "LogStrings", "path": ["monitoring", "stderr"], "values": [{"value": "    ", "step": null, "ts": 1649275004.144143}]}, "version": 45}
{"obj": {"type": "LogStrings", "path": ["monitoring", "stderr"], "values": [{"value": "pred_target = model(data)", "step": null, "ts": 1649275004.1442876}]}, "version": 46}
{"obj": {"type": "LogStrings", "path": ["monitoring", "stderr"], "values": [{"value": "\n", "step": null, "ts": 1649275004.1444325}]}, "version": 47}
{"obj": {"type": "LogStrings", "path": ["monitoring", "stderr"], "values": [{"value": "  File \"/home/resifis/anaconda3/envs/kaustenv/lib/python3.9/site-packages/torch/nn/modules/module.py\", line 1110, in _call_impl\n", "step": null, "ts": 1649275004.1445835}]}, "version": 48}
{"obj": {"type": "LogStrings", "path": ["monitoring", "stderr"], "values": [{"value": "    ", "step": null, "ts": 1649275004.1451573}]}, "version": 49}
{"obj": {"type": "LogStrings", "path": ["monitoring", "stderr"], "values": [{"value": "return forward_call(*input, **kwargs)", "step": null, "ts": 1649275004.1453118}]}, "version": 50}
{"obj": {"type": "LogStrings", "path": ["monitoring", "stderr"], "values": [{"value": "\n", "step": null, "ts": 1649275004.1454637}]}, "version": 51}
{"obj": {"type": "LogStrings", "path": ["monitoring", "stderr"], "values": [{"value": "  File \"/home/resifis/anaconda3/envs/kaustenv/lib/python3.9/site-packages/models/forecastors/Conv3DUNet/unet.py\", line 26, in forward\n", "step": null, "ts": 1649275004.1456182}]}, "version": 52}
{"obj": {"type": "LogStrings", "path": ["monitoring", "stderr"], "values": [{"value": "    ", "step": null, "ts": 1649275004.1458545}]}, "version": 53}
{"obj": {"type": "LogStrings", "path": ["monitoring", "stderr"], "values": [{"value": "x1 = self.inc(x)", "step": null, "ts": 1649275004.145998}]}, "version": 54}
{"obj": {"type": "LogStrings", "path": ["monitoring", "stderr"], "values": [{"value": "\n", "step": null, "ts": 1649275004.1461432}]}, "version": 55}
{"obj": {"type": "LogStrings", "path": ["monitoring", "stderr"], "values": [{"value": "  File \"/home/resifis/anaconda3/envs/kaustenv/lib/python3.9/site-packages/torch/nn/modules/module.py\", line 1110, in _call_impl\n", "step": null, "ts": 1649275004.1462944}]}, "version": 56}
{"obj": {"type": "LogStrings", "path": ["monitoring", "stderr"], "values": [{"value": "    ", "step": null, "ts": 1649275004.1468775}]}, "version": 57}
{"obj": {"type": "LogStrings", "path": ["monitoring", "stderr"], "values": [{"value": "return forward_call(*input, **kwargs)", "step": null, "ts": 1649275004.1470144}]}, "version": 58}
{"obj": {"type": "LogStrings", "path": ["monitoring", "stderr"], "values": [{"value": "\n", "step": null, "ts": 1649275004.1471033}]}, "version": 59}
{"obj": {"type": "LogStrings", "path": ["monitoring", "stderr"], "values": [{"value": "  File \"/home/resifis/anaconda3/envs/kaustenv/lib/python3.9/site-packages/models/forecastors/Conv3DUNet/unet_utils.py\", line 24, in forward\n", "step": null, "ts": 1649275004.1471949}]}, "version": 60}
{"obj": {"type": "LogStrings", "path": ["monitoring", "stderr"], "values": [{"value": "    ", "step": null, "ts": 1649275004.1473324}]}, "version": 61}
{"obj": {"type": "LogStrings", "path": ["monitoring", "stderr"], "values": [{"value": "return self.double_conv(x)", "step": null, "ts": 1649275004.147415}]}, "version": 62}
{"obj": {"type": "LogStrings", "path": ["monitoring", "stderr"], "values": [{"value": "\n", "step": null, "ts": 1649275004.1474998}]}, "version": 63}
{"obj": {"type": "LogStrings", "path": ["monitoring", "stderr"], "values": [{"value": "  File \"/home/resifis/anaconda3/envs/kaustenv/lib/python3.9/site-packages/torch/nn/modules/module.py\", line 1110, in _call_impl\n", "step": null, "ts": 1649275004.1475868}]}, "version": 64}
{"obj": {"type": "LogStrings", "path": ["monitoring", "stderr"], "values": [{"value": "    ", "step": null, "ts": 1649275004.147912}]}, "version": 65}
{"obj": {"type": "LogStrings", "path": ["monitoring", "stderr"], "values": [{"value": "return forward_call(*input, **kwargs)", "step": null, "ts": 1649275004.1480002}]}, "version": 66}
{"obj": {"type": "LogStrings", "path": ["monitoring", "stderr"], "values": [{"value": "\n", "step": null, "ts": 1649275004.1480877}]}, "version": 67}
{"obj": {"type": "LogStrings", "path": ["monitoring", "stderr"], "values": [{"value": "  File \"/home/resifis/anaconda3/envs/kaustenv/lib/python3.9/site-packages/torch/nn/modules/container.py\", line 141, in forward\n", "step": null, "ts": 1649275004.1481776}]}, "version": 68}
{"obj": {"type": "LogStrings", "path": ["monitoring", "stderr"], "values": [{"value": "    ", "step": null, "ts": 1649275004.1483338}]}, "version": 69}
{"obj": {"type": "LogStrings", "path": ["monitoring", "stderr"], "values": [{"value": "input = module(input)", "step": null, "ts": 1649275004.1484168}]}, "version": 70}
{"obj": {"type": "LogStrings", "path": ["monitoring", "stderr"], "values": [{"value": "\n", "step": null, "ts": 1649275004.1485014}]}, "version": 71}
{"obj": {"type": "LogStrings", "path": ["monitoring", "stderr"], "values": [{"value": "  File \"/home/resifis/anaconda3/envs/kaustenv/lib/python3.9/site-packages/torch/nn/modules/module.py\", line 1110, in _call_impl\n", "step": null, "ts": 1649275004.1485894}]}, "version": 72}
{"obj": {"type": "LogStrings", "path": ["monitoring", "stderr"], "values": [{"value": "    ", "step": null, "ts": 1649275004.1489122}]}, "version": 73}
{"obj": {"type": "LogStrings", "path": ["monitoring", "stderr"], "values": [{"value": "return forward_call(*input, **kwargs)", "step": null, "ts": 1649275004.149001}]}, "version": 74}
{"obj": {"type": "LogStrings", "path": ["monitoring", "stderr"], "values": [{"value": "\n", "step": null, "ts": 1649275004.149091}]}, "version": 75}
{"obj": {"type": "LogStrings", "path": ["monitoring", "stderr"], "values": [{"value": "  File \"/home/resifis/anaconda3/envs/kaustenv/lib/python3.9/site-packages/torch/nn/modules/conv.py\", line 592, in forward\n", "step": null, "ts": 1649275004.1491804}]}, "version": 76}
{"obj": {"type": "LogStrings", "path": ["monitoring", "stderr"], "values": [{"value": "    ", "step": null, "ts": 1649275004.1494913}]}, "version": 77}
{"obj": {"type": "LogStrings", "path": ["monitoring", "stderr"], "values": [{"value": "return self._conv_forward(input, self.weight, self.bias)", "step": null, "ts": 1649275004.1495845}]}, "version": 78}
{"obj": {"type": "LogStrings", "path": ["monitoring", "stderr"], "values": [{"value": "\n", "step": null, "ts": 1649275004.1496754}]}, "version": 79}
{"obj": {"type": "LogStrings", "path": ["monitoring", "stderr"], "values": [{"value": "  File \"/home/resifis/anaconda3/envs/kaustenv/lib/python3.9/site-packages/torch/nn/modules/conv.py\", line 587, in _conv_forward\n", "step": null, "ts": 1649275004.1497655}]}, "version": 80}
{"obj": {"type": "LogStrings", "path": ["monitoring", "stderr"], "values": [{"value": "    ", "step": null, "ts": 1649275004.150057}]}, "version": 81}
{"obj": {"type": "LogStrings", "path": ["monitoring", "stderr"], "values": [{"value": "return F.conv3d(", "step": null, "ts": 1649275004.150148}]}, "version": 82}
{"obj": {"type": "LogStrings", "path": ["monitoring", "stderr"], "values": [{"value": "\n", "step": null, "ts": 1649275004.1502368}]}, "version": 83}
{"obj": {"type": "LogStrings", "path": ["monitoring", "stderr"], "values": [{"value": "RuntimeError", "step": null, "ts": 1649275004.150332}]}, "version": 84}
{"obj": {"type": "LogStrings", "path": ["monitoring", "stderr"], "values": [{"value": ": ", "step": null, "ts": 1649275004.1504378}]}, "version": 85}
{"obj": {"type": "LogStrings", "path": ["monitoring", "stderr"], "values": [{"value": "Given groups=1, weight of size [64, 3, 3, 3, 3], expected input[4, 6, 17, 213, 288] to have 3 channels, but got 6 channels instead", "step": null, "ts": 1649275004.1505158}]}, "version": 86}
{"obj": {"type": "LogStrings", "path": ["monitoring", "stderr"], "values": [{"value": "\n", "step": null, "ts": 1649275004.1506104}]}, "version": 87}
{"obj": {"type": "LogStrings", "path": ["monitoring", "stdout"], "values": [{"value": "", "step": null, "ts": 1649275004.1510513}]}, "version": 88}
{"obj": {"type": "LogStrings", "path": ["monitoring", "stdout"], "values": [{"value": "Shutting down background jobs, please wait a moment...\n", "step": null, "ts": 1649275004.1512053}]}, "version": 89}
