{"obj": {"type": "AssignString", "path": ["sys", "name"], "value": "Untitled"}, "version": 1}
{"obj": {"type": "AssignString", "path": ["sys", "description"], "value": ""}, "version": 2}
{"obj": {"type": "AssignString", "path": ["sys", "hostname"], "value": "KW60717"}, "version": 3}
{"obj": {"type": "AssignBool", "path": ["sys", "failed"], "value": false}, "version": 4}
{"obj": {"type": "ClearStringLog", "path": ["monitoring", "stdout"]}, "version": 5}
{"obj": {"type": "ClearStringLog", "path": ["monitoring", "stderr"]}, "version": 6}
{"obj": {"type": "AssignString", "path": ["source_code", "entrypoint"], "value": "train.py"}, "version": 7}
{"obj": {"type": "UploadFileSet", "path": ["source_code", "files"], "file_globs": ["/home/resifis/Desktop/kaustcode/Packages/models/src/models/train.py"], "reset": "False"}, "version": 8}
{"obj": {"type": "ConfigFloatSeries", "path": ["monitoring", "cpu"], "min": 0.0, "max": 100.0, "unit": "%"}, "version": 9}
{"obj": {"type": "ClearFloatLog", "path": ["monitoring", "cpu"]}, "version": 10}
{"obj": {"type": "ConfigFloatSeries", "path": ["monitoring", "memory"], "min": 0.0, "max": 251.55138397216797, "unit": "GB"}, "version": 11}
{"obj": {"type": "ClearFloatLog", "path": ["monitoring", "memory"]}, "version": 12}
{"obj": {"type": "ConfigFloatSeries", "path": ["monitoring", "gpu_0"], "min": 0.0, "max": 100.0, "unit": "%"}, "version": 13}
{"obj": {"type": "ClearFloatLog", "path": ["monitoring", "gpu_0"]}, "version": 14}
{"obj": {"type": "ConfigFloatSeries", "path": ["monitoring", "gpu_1"], "min": 0.0, "max": 100.0, "unit": "%"}, "version": 15}
{"obj": {"type": "ClearFloatLog", "path": ["monitoring", "gpu_1"]}, "version": 16}
{"obj": {"type": "ConfigFloatSeries", "path": ["monitoring", "gpu_memory_0"], "min": 0.0, "max": 23.69952392578125, "unit": "GB"}, "version": 17}
{"obj": {"type": "ClearFloatLog", "path": ["monitoring", "gpu_memory_0"]}, "version": 18}
{"obj": {"type": "ConfigFloatSeries", "path": ["monitoring", "gpu_memory_1"], "min": 0.0, "max": 23.69952392578125, "unit": "GB"}, "version": 19}
{"obj": {"type": "ClearFloatLog", "path": ["monitoring", "gpu_memory_1"]}, "version": 20}
{"obj": {"type": "LogStrings", "path": ["monitoring", "stdout"], "values": [{"value": ".........EPOCH 0........", "step": null, "ts": 1653997812.299464}]}, "version": 21}
{"obj": {"type": "LogStrings", "path": ["monitoring", "stdout"], "values": [{"value": "\n", "step": null, "ts": 1653997812.3002143}]}, "version": 22}
{"obj": {"type": "LogStrings", "path": ["monitoring", "stderr"], "values": [{"value": "\r  0%|                                                                                                                                                                 | 0/500 [00:00<?, ?it/s]", "step": null, "ts": 1653997812.3035853}]}, "version": 23}
{"obj": {"type": "LogFloats", "path": ["monitoring", "cpu"], "values": [{"value": 3.7, "step": null, "ts": 1653997812.289975}]}, "version": 24}
{"obj": {"type": "LogFloats", "path": ["monitoring", "memory"], "values": [{"value": 13.07452392578125, "step": null, "ts": 1653997812.289975}]}, "version": 25}
{"obj": {"type": "LogFloats", "path": ["monitoring", "gpu_memory_0"], "values": [{"value": 0.8048095703125, "step": null, "ts": 1653997812.289975}]}, "version": 26}
{"obj": {"type": "LogFloats", "path": ["monitoring", "gpu_memory_1"], "values": [{"value": 2.343994140625, "step": null, "ts": 1653997812.289975}]}, "version": 27}
{"obj": {"type": "LogStrings", "path": ["monitoring", "stderr"], "values": [{"value": "\r  0%|                                                                                                         | 0/500 [00:04<?, ?it/s, Batch_number=0, Loss=1.05e+3, PSNR=3.91, SSIM=0.000736]", "step": null, "ts": 1653997817.0319247}]}, "version": 28}
{"obj": {"type": "LogStrings", "path": ["monitoring", "stderr"], "values": [{"value": "\r  0%|\u258f                                                                                                | 1/500 [00:04<39:19,  4.73s/it, Batch_number=0, Loss=1.05e+3, PSNR=3.91, SSIM=0.000736]", "step": null, "ts": 1653997817.0323598}]}, "version": 29}
{"obj": {"type": "LogStrings", "path": ["monitoring", "stderr"], "values": [{"value": "\r  0%|\u258f                                                                                                 | 1/500 [00:08<39:19,  4.73s/it, Batch_number=1, Loss=1.15e+3, PSNR=3.81, SSIM=0.00051]", "step": null, "ts": 1653997820.7491195}]}, "version": 30}
{"obj": {"type": "LogStrings", "path": ["monitoring", "stderr"], "values": [{"value": "\r  0%|\u258d                                                                                                 | 2/500 [00:08<34:18,  4.13s/it, Batch_number=1, Loss=1.15e+3, PSNR=3.81, SSIM=0.00051]", "step": null, "ts": 1653997820.7494128}]}, "version": 31}
{"obj": {"type": "LogFloats", "path": ["monitoring", "cpu"], "values": [{"value": 14.3, "step": null, "ts": 1653997822.3061094}]}, "version": 32}
{"obj": {"type": "LogFloats", "path": ["monitoring", "memory"], "values": [{"value": 14.090713500976562, "step": null, "ts": 1653997822.3061094}]}, "version": 33}
{"obj": {"type": "LogFloats", "path": ["monitoring", "gpu_0"], "values": [{"value": 8.0, "step": null, "ts": 1653997822.3061094}]}, "version": 34}
{"obj": {"type": "LogFloats", "path": ["monitoring", "gpu_memory_0"], "values": [{"value": 0.768310546875, "step": null, "ts": 1653997822.3061094}]}, "version": 35}
{"obj": {"type": "LogFloats", "path": ["monitoring", "gpu_memory_1"], "values": [{"value": 21.605712890625, "step": null, "ts": 1653997822.3061094}]}, "version": 36}
{"obj": {"type": "LogStrings", "path": ["monitoring", "stderr"], "values": [{"value": "\r  0%|\u258d                                                                                                 | 2/500 [00:11<34:18,  4.13s/it, Batch_number=2, Loss=1.04e+3, PSNR=5.2, SSIM=0.000449]", "step": null, "ts": 1653997824.3030095}]}, "version": 37}
{"obj": {"type": "LogStrings", "path": ["monitoring", "stderr"], "values": [{"value": "\r  1%|\u258c                                                                                                 | 3/500 [00:11<32:02,  3.87s/it, Batch_number=2, Loss=1.04e+3, PSNR=5.2, SSIM=0.000449]", "step": null, "ts": 1653997824.3033006}]}, "version": 38}
{"obj": {"type": "LogStrings", "path": ["monitoring", "stderr"], "values": [{"value": "\r  1%|\u258c                                                                                                | 3/500 [00:15<32:02,  3.87s/it, Batch_number=3, Loss=1.11e+3, PSNR=2.94, SSIM=0.000126]", "step": null, "ts": 1653997828.01486}]}, "version": 39}
{"obj": {"type": "LogStrings", "path": ["monitoring", "stderr"], "values": [{"value": "\r  1%|\u258a                                                                                                | 4/500 [00:15<31:28,  3.81s/it, Batch_number=3, Loss=1.11e+3, PSNR=2.94, SSIM=0.000126]", "step": null, "ts": 1653997828.0152693}]}, "version": 40}
{"obj": {"type": "LogStrings", "path": ["monitoring", "stderr"], "values": [{"value": "\r  1%|\u258a                                                                                                   | 4/500 [00:19<31:28,  3.81s/it, Batch_number=4, Loss=1.13e+3, PSNR=4, SSIM=0.000318]", "step": null, "ts": 1653997831.7396426}]}, "version": 41}
{"obj": {"type": "LogStrings", "path": ["monitoring", "stderr"], "values": [{"value": "\r  1%|\u2588                                                                                                   | 5/500 [00:19<31:09,  3.78s/it, Batch_number=4, Loss=1.13e+3, PSNR=4, SSIM=0.000318]", "step": null, "ts": 1653997831.7400696}]}, "version": 42}
{"obj": {"type": "LogFloats", "path": ["monitoring", "cpu"], "values": [{"value": 16.2, "step": null, "ts": 1653997832.3084505}]}, "version": 43}
{"obj": {"type": "LogFloats", "path": ["monitoring", "memory"], "values": [{"value": 14.007568359375, "step": null, "ts": 1653997832.3084505}]}, "version": 44}
{"obj": {"type": "LogFloats", "path": ["monitoring", "gpu_0"], "values": [{"value": 14.0, "step": null, "ts": 1653997832.3084505}]}, "version": 45}
{"obj": {"type": "LogFloats", "path": ["monitoring", "gpu_memory_0"], "values": [{"value": 0.765625, "step": null, "ts": 1653997832.3084505}]}, "version": 46}
{"obj": {"type": "LogFloats", "path": ["monitoring", "gpu_memory_1"], "values": [{"value": 21.605712890625, "step": null, "ts": 1653997832.3084505}]}, "version": 47}
{"obj": {"type": "LogStrings", "path": ["monitoring", "stderr"], "values": [{"value": "\r  1%|\u2589                                                                                                 | 5/500 [00:23<31:09,  3.78s/it, Batch_number=5, Loss=1.06e+3, PSNR=5.64, SSIM=0.00013]", "step": null, "ts": 1653997835.5765977}]}, "version": 48}
{"obj": {"type": "LogStrings", "path": ["monitoring", "stderr"], "values": [{"value": "\r  1%|\u2588\u258f                                                                                                | 6/500 [00:23<31:15,  3.80s/it, Batch_number=5, Loss=1.06e+3, PSNR=5.64, SSIM=0.00013]", "step": null, "ts": 1653997835.5769362}]}, "version": 49}
{"obj": {"type": "LogStrings", "path": ["monitoring", "stderr"], "values": [{"value": "\r  1%|\u2588\u258f                                                                                               | 6/500 [00:26<31:15,  3.80s/it, Batch_number=6, Loss=1.02e+3, PSNR=5.52, SSIM=0.000475]", "step": null, "ts": 1653997839.09626}]}, "version": 50}
{"obj": {"type": "LogStrings", "path": ["monitoring", "stderr"], "values": [{"value": "\r  1%|\u2588\u258e                                                                                               | 7/500 [00:26<30:27,  3.71s/it, Batch_number=6, Loss=1.02e+3, PSNR=5.52, SSIM=0.000475]", "step": null, "ts": 1653997839.0965412}]}, "version": 51}
{"obj": {"type": "LogFloats", "path": ["monitoring", "cpu"], "values": [{"value": 18.2, "step": null, "ts": 1653997842.3139331}]}, "version": 52}
{"obj": {"type": "LogFloats", "path": ["monitoring", "memory"], "values": [{"value": 14.129711151123047, "step": null, "ts": 1653997842.3139331}]}, "version": 53}
{"obj": {"type": "LogFloats", "path": ["monitoring", "gpu_0"], "values": [{"value": 20.0, "step": null, "ts": 1653997842.3139331}]}, "version": 54}
{"obj": {"type": "LogFloats", "path": ["monitoring", "gpu_memory_0"], "values": [{"value": 0.7716064453125, "step": null, "ts": 1653997842.3139331}]}, "version": 55}
{"obj": {"type": "LogFloats", "path": ["monitoring", "gpu_memory_1"], "values": [{"value": 21.605712890625, "step": null, "ts": 1653997842.3139331}]}, "version": 56}
{"obj": {"type": "LogStrings", "path": ["monitoring", "stderr"], "values": [{"value": "\r  1%|\u2588\u258e                                                                                               | 7/500 [00:30<30:27,  3.71s/it, Batch_number=7, Loss=1.01e+3, PSNR=4.18, SSIM=-.000307]", "step": null, "ts": 1653997842.9572423}]}, "version": 57}
{"obj": {"type": "LogStrings", "path": ["monitoring", "stderr"], "values": [{"value": "\r  2%|\u2588\u258c                                                                                               | 8/500 [00:30<30:47,  3.76s/it, Batch_number=7, Loss=1.01e+3, PSNR=4.18, SSIM=-.000307]", "step": null, "ts": 1653997842.9575567}]}, "version": 58}
{"obj": {"type": "LogStrings", "path": ["monitoring", "stderr"], "values": [{"value": "\r  2%|\u2588\u258c                                                                                                   | 8/500 [00:34<30:47,  3.76s/it, Batch_number=8, Loss=977, PSNR=6.43, SSIM=-8.67e-5]", "step": null, "ts": 1653997846.9078138}]}, "version": 59}
{"obj": {"type": "LogStrings", "path": ["monitoring", "stderr"], "values": [{"value": "\r  2%|\u2588\u258a                                                                                                   | 9/500 [00:34<31:13,  3.82s/it, Batch_number=8, Loss=977, PSNR=6.43, SSIM=-8.67e-5]", "step": null, "ts": 1653997846.9081094}]}, "version": 60}
{"obj": {"type": "LogStrings", "path": ["monitoring", "stderr"], "values": [{"value": "\r  2%|\u2588\u258a                                                                                                   | 9/500 [00:37<31:13,  3.82s/it, Batch_number=9, Loss=998, PSNR=3.94, SSIM=0.000317]", "step": null, "ts": 1653997850.0933042}]}, "version": 61}
{"obj": {"type": "LogStrings", "path": ["monitoring", "stderr"], "values": [{"value": "\r  2%|\u2588\u2588                                                                                                  | 10/500 [00:37<29:34,  3.62s/it, Batch_number=9, Loss=998, PSNR=3.94, SSIM=0.000317]", "step": null, "ts": 1653997850.0936303}]}, "version": 62}
{"obj": {"type": "LogFloats", "path": ["monitoring", "cpu"], "values": [{"value": 21.6, "step": null, "ts": 1653997852.3170764}]}, "version": 63}
{"obj": {"type": "LogFloats", "path": ["monitoring", "memory"], "values": [{"value": 14.210163116455078, "step": null, "ts": 1653997852.3170764}]}, "version": 64}
{"obj": {"type": "LogFloats", "path": ["monitoring", "gpu_0"], "values": [{"value": 38.0, "step": null, "ts": 1653997852.3170764}]}, "version": 65}
{"obj": {"type": "LogFloats", "path": ["monitoring", "gpu_memory_0"], "values": [{"value": 0.77313232421875, "step": null, "ts": 1653997852.3170764}]}, "version": 66}
{"obj": {"type": "LogFloats", "path": ["monitoring", "gpu_memory_1"], "values": [{"value": 21.605712890625, "step": null, "ts": 1653997852.3170764}]}, "version": 67}
{"obj": {"type": "LogStrings", "path": ["monitoring", "stderr"], "values": [{"value": "\r  2%|\u2588\u2588                                                                                                  | 10/500 [00:41<29:34,  3.62s/it, Batch_number=10, Loss=996, PSNR=4.15, SSIM=7.85e-5]", "step": null, "ts": 1653997853.5932245}]}, "version": 68}
{"obj": {"type": "LogStrings", "path": ["monitoring", "stderr"], "values": [{"value": "\r  2%|\u2588\u2588\u258f                                                                                                 | 11/500 [00:41<29:12,  3.58s/it, Batch_number=10, Loss=996, PSNR=4.15, SSIM=7.85e-5]", "step": null, "ts": 1653997853.5935094}]}, "version": 69}
{"obj": {"type": "LogStrings", "path": ["monitoring", "stderr"], "values": [{"value": "\r  2%|\u2588\u2588\u258f                                                                                                | 11/500 [00:45<29:12,  3.58s/it, Batch_number=11, Loss=989, PSNR=4.87, SSIM=0.000348]", "step": null, "ts": 1653997857.6390898}]}, "version": 70}
{"obj": {"type": "LogStrings", "path": ["monitoring", "stderr"], "values": [{"value": "\r  2%|\u2588\u2588\u258d                                                                                                | 12/500 [00:45<30:17,  3.72s/it, Batch_number=11, Loss=989, PSNR=4.87, SSIM=0.000348]", "step": null, "ts": 1653997857.6395547}]}, "version": 71}
{"obj": {"type": "LogStrings", "path": ["monitoring", "stderr"], "values": [{"value": "\r  2%|\u2588\u2588\u258d                                                                                                 | 12/500 [00:49<30:17,  3.72s/it, Batch_number=12, Loss=959, PSNR=6.18, SSIM=0.00114]", "step": null, "ts": 1653997861.328547}]}, "version": 72}
{"obj": {"type": "LogStrings", "path": ["monitoring", "stderr"], "values": [{"value": "\r  3%|\u2588\u2588\u258c                                                                                                 | 13/500 [00:49<30:08,  3.71s/it, Batch_number=12, Loss=959, PSNR=6.18, SSIM=0.00114]", "step": null, "ts": 1653997861.3288443}]}, "version": 73}
{"obj": {"type": "LogFloats", "path": ["monitoring", "cpu"], "values": [{"value": 17.4, "step": null, "ts": 1653997862.3203003}]}, "version": 74}
{"obj": {"type": "LogFloats", "path": ["monitoring", "memory"], "values": [{"value": 14.011611938476562, "step": null, "ts": 1653997862.3203003}]}, "version": 75}
{"obj": {"type": "LogFloats", "path": ["monitoring", "gpu_memory_0"], "values": [{"value": 0.79962158203125, "step": null, "ts": 1653997862.3203003}]}, "version": 76}
{"obj": {"type": "LogFloats", "path": ["monitoring", "gpu_memory_1"], "values": [{"value": 21.605712890625, "step": null, "ts": 1653997862.3203003}]}, "version": 77}
{"obj": {"type": "LogStrings", "path": ["monitoring", "stderr"], "values": [{"value": "\r  3%|\u2588\u2588\u258c                                                                                                | 13/500 [00:52<30:08,  3.71s/it, Batch_number=13, Loss=948, PSNR=5.67, SSIM=0.000869]", "step": null, "ts": 1653997864.7651556}]}, "version": 78}
{"obj": {"type": "LogStrings", "path": ["monitoring", "stderr"], "values": [{"value": "\r  3%|\u2588\u2588\u258a                                                                                                | 14/500 [00:52<29:24,  3.63s/it, Batch_number=13, Loss=948, PSNR=5.67, SSIM=0.000869]", "step": null, "ts": 1653997864.7654665}]}, "version": 79}
{"obj": {"type": "LogStrings", "path": ["monitoring", "stderr"], "values": [{"value": "\r  3%|\u2588\u2588\u258a                                                                                                 | 14/500 [00:55<29:24,  3.63s/it, Batch_number=14, Loss=924, PSNR=6.67, SSIM=0.00126]", "step": null, "ts": 1653997868.257019}]}, "version": 80}
{"obj": {"type": "LogStrings", "path": ["monitoring", "stderr"], "values": [{"value": "\r  3%|\u2588\u2588\u2588                                                                                                 | 15/500 [00:55<29:00,  3.59s/it, Batch_number=14, Loss=924, PSNR=6.67, SSIM=0.00126]", "step": null, "ts": 1653997868.2574835}]}, "version": 81}
{"obj": {"type": "LogStrings", "path": ["monitoring", "stderr"], "values": [{"value": "\r  3%|\u2588\u2588\u2588                                                                                                 | 15/500 [00:59<29:00,  3.59s/it, Batch_number=15, Loss=922, PSNR=5.49, SSIM=0.00179]", "step": null, "ts": 1653997871.5145636}]}, "version": 82}
{"obj": {"type": "LogStrings", "path": ["monitoring", "stderr"], "values": [{"value": "\r  3%|\u2588\u2588\u2588\u258f                                                                                                | 16/500 [00:59<28:08,  3.49s/it, Batch_number=15, Loss=922, PSNR=5.49, SSIM=0.00179]", "step": null, "ts": 1653997871.5148582}]}, "version": 83}
{"obj": {"type": "LogFloats", "path": ["monitoring", "cpu"], "values": [{"value": 13.0, "step": null, "ts": 1653997872.3247814}]}, "version": 84}
{"obj": {"type": "LogFloats", "path": ["monitoring", "memory"], "values": [{"value": 14.034584045410156, "step": null, "ts": 1653997872.3247814}]}, "version": 85}
{"obj": {"type": "LogFloats", "path": ["monitoring", "gpu_0"], "values": [{"value": 5.0, "step": null, "ts": 1653997872.3247814}]}, "version": 86}
{"obj": {"type": "LogFloats", "path": ["monitoring", "gpu_memory_0"], "values": [{"value": 0.77825927734375, "step": null, "ts": 1653997872.3247814}]}, "version": 87}
{"obj": {"type": "LogFloats", "path": ["monitoring", "gpu_memory_1"], "values": [{"value": 21.605712890625, "step": null, "ts": 1653997872.3247814}]}, "version": 88}
{"obj": {"type": "LogStrings", "path": ["monitoring", "stderr"], "values": [{"value": "\r  3%|\u2588\u2588\u2588\u258f                                                                                                 | 16/500 [01:02<28:08,  3.49s/it, Batch_number=16, Loss=907, PSNR=5.97, SSIM=0.0016]", "step": null, "ts": 1653997874.922}]}, "version": 89}
{"obj": {"type": "LogStrings", "path": ["monitoring", "stderr"], "values": [{"value": "\r  3%|\u2588\u2588\u2588\u258d                                                                                                 | 17/500 [01:02<27:53,  3.46s/it, Batch_number=16, Loss=907, PSNR=5.97, SSIM=0.0016]", "step": null, "ts": 1653997874.9223144}]}, "version": 90}
{"obj": {"type": "LogStrings", "path": ["monitoring", "stderr"], "values": [{"value": "\r  3%|\u2588\u2588\u2588\u258d                                                                                                | 17/500 [01:06<27:53,  3.46s/it, Batch_number=17, Loss=895, PSNR=5.74, SSIM=0.00234]", "step": null, "ts": 1653997878.5142663}]}, "version": 91}
{"obj": {"type": "LogStrings", "path": ["monitoring", "stderr"], "values": [{"value": "\r  4%|\u2588\u2588\u2588\u258c                                                                                                | 18/500 [01:06<28:08,  3.50s/it, Batch_number=17, Loss=895, PSNR=5.74, SSIM=0.00234]", "step": null, "ts": 1653997878.51465}]}, "version": 92}
{"obj": {"type": "LogStrings", "path": ["monitoring", "stderr"], "values": [{"value": "\r  4%|\u2588\u2588\u2588\u258c                                                                                               | 18/500 [01:09<28:08,  3.50s/it, Batch_number=18, Loss=905, PSNR=4.46, SSIM=0.000129]", "step": null, "ts": 1653997881.9822855}]}, "version": 93}
{"obj": {"type": "LogStrings", "path": ["monitoring", "stderr"], "values": [{"value": "\r  4%|\u2588\u2588\u2588\u258a                                                                                               | 19/500 [01:09<27:59,  3.49s/it, Batch_number=18, Loss=905, PSNR=4.46, SSIM=0.000129]", "step": null, "ts": 1653997881.9825642}]}, "version": 94}
{"obj": {"type": "LogFloats", "path": ["monitoring", "cpu"], "values": [{"value": 13.8, "step": null, "ts": 1653997882.3301558}]}, "version": 95}
{"obj": {"type": "LogFloats", "path": ["monitoring", "memory"], "values": [{"value": 13.926765441894531, "step": null, "ts": 1653997882.3301558}]}, "version": 96}
{"obj": {"type": "LogFloats", "path": ["monitoring", "gpu_0"], "values": [{"value": 6.0, "step": null, "ts": 1653997882.3301558}]}, "version": 97}
{"obj": {"type": "LogFloats", "path": ["monitoring", "gpu_1"], "values": [{"value": 11.0, "step": null, "ts": 1653997882.3301558}]}, "version": 98}
{"obj": {"type": "LogFloats", "path": ["monitoring", "gpu_memory_0"], "values": [{"value": 0.80108642578125, "step": null, "ts": 1653997882.3301558}]}, "version": 99}
{"obj": {"type": "LogFloats", "path": ["monitoring", "gpu_memory_1"], "values": [{"value": 21.605712890625, "step": null, "ts": 1653997882.3301558}]}, "version": 100}
{"obj": {"type": "LogStrings", "path": ["monitoring", "stderr"], "values": [{"value": "\r  4%|\u2588\u2588\u2588\u258a                                                                                                 | 19/500 [01:13<27:59,  3.49s/it, Batch_number=19, Loss=910, PSNR=4.1, SSIM=0.00119]", "step": null, "ts": 1653997885.4908004}]}, "version": 101}
{"obj": {"type": "LogStrings", "path": ["monitoring", "stderr"], "values": [{"value": "\r  4%|\u2588\u2588\u2588\u2588                                                                                                 | 20/500 [01:13<27:58,  3.50s/it, Batch_number=19, Loss=910, PSNR=4.1, SSIM=0.00119]", "step": null, "ts": 1653997885.4910984}]}, "version": 102}
{"obj": {"type": "LogStrings", "path": ["monitoring", "stderr"], "values": [{"value": "\r  4%|\u2588\u2588\u2588\u2589                                                                                               | 20/500 [01:16<27:58,  3.50s/it, Batch_number=20, Loss=926, PSNR=4.01, SSIM=0.000721]", "step": null, "ts": 1653997889.2476304}]}, "version": 103}
{"obj": {"type": "LogStrings", "path": ["monitoring", "stderr"], "values": [{"value": "\r  4%|\u2588\u2588\u2588\u2588\u258f                                                                                              | 21/500 [01:16<28:32,  3.58s/it, Batch_number=20, Loss=926, PSNR=4.01, SSIM=0.000721]", "step": null, "ts": 1653997889.2480152}]}, "version": 104}
{"obj": {"type": "LogFloats", "path": ["monitoring", "cpu"], "values": [{"value": 11.9, "step": null, "ts": 1653997892.3347661}]}, "version": 105}
{"obj": {"type": "LogFloats", "path": ["monitoring", "memory"], "values": [{"value": 13.97247314453125, "step": null, "ts": 1653997892.3347661}]}, "version": 106}
{"obj": {"type": "LogFloats", "path": ["monitoring", "gpu_0"], "values": [{"value": 32.0, "step": null, "ts": 1653997892.3347661}]}, "version": 107}
{"obj": {"type": "LogFloats", "path": ["monitoring", "gpu_memory_0"], "values": [{"value": 0.7828369140625, "step": null, "ts": 1653997892.3347661}]}, "version": 108}
{"obj": {"type": "LogFloats", "path": ["monitoring", "gpu_memory_1"], "values": [{"value": 21.605712890625, "step": null, "ts": 1653997892.3347661}]}, "version": 109}
{"obj": {"type": "LogStrings", "path": ["monitoring", "stderr"], "values": [{"value": "\r  4%|\u2588\u2588\u2588\u2588\u258f                                                                                              | 21/500 [01:20<28:32,  3.58s/it, Batch_number=21, Loss=937, PSNR=4.54, SSIM=0.000235]", "step": null, "ts": 1653997892.9895563}]}, "version": 110}
{"obj": {"type": "LogStrings", "path": ["monitoring", "stderr"], "values": [{"value": "\r  4%|\u2588\u2588\u2588\u2588\u258e                                                                                              | 22/500 [01:20<28:52,  3.63s/it, Batch_number=21, Loss=937, PSNR=4.54, SSIM=0.000235]", "step": null, "ts": 1653997892.9898624}]}, "version": 111}
{"obj": {"type": "LogStrings", "path": ["monitoring", "stderr"], "values": [{"value": "\r  4%|\u2588\u2588\u2588\u2588\u258e                                                                                              | 22/500 [01:24<28:52,  3.63s/it, Batch_number=22, Loss=947, PSNR=4.11, SSIM=0.000388]", "step": null, "ts": 1653997896.613444}]}, "version": 112}
{"obj": {"type": "LogStrings", "path": ["monitoring", "stderr"], "values": [{"value": "\r  5%|\u2588\u2588\u2588\u2588\u258c                                                                                              | 23/500 [01:24<28:49,  3.62s/it, Batch_number=22, Loss=947, PSNR=4.11, SSIM=0.000388]", "step": null, "ts": 1653997896.613724}]}, "version": 113}
{"obj": {"type": "LogStrings", "path": ["monitoring", "stderr"], "values": [{"value": "\r  5%|\u2588\u2588\u2588\u2588\u258c                                                                                               | 23/500 [01:28<28:49,  3.62s/it, Batch_number=23, Loss=939, PSNR=5.67, SSIM=0.00135]", "step": null, "ts": 1653997900.4368348}]}, "version": 114}
{"obj": {"type": "LogStrings", "path": ["monitoring", "stderr"], "values": [{"value": "\r  5%|\u2588\u2588\u2588\u2588\u258a                                                                                               | 24/500 [01:28<29:13,  3.68s/it, Batch_number=23, Loss=939, PSNR=5.67, SSIM=0.00135]", "step": null, "ts": 1653997900.437278}]}, "version": 115}
{"obj": {"type": "LogFloats", "path": ["monitoring", "cpu"], "values": [{"value": 14.1, "step": null, "ts": 1653997902.3409526}]}, "version": 116}
{"obj": {"type": "LogFloats", "path": ["monitoring", "memory"], "values": [{"value": 14.058380126953125, "step": null, "ts": 1653997902.3409526}]}, "version": 117}
{"obj": {"type": "LogFloats", "path": ["monitoring", "gpu_0"], "values": [{"value": 11.0, "step": null, "ts": 1653997902.3409526}]}, "version": 118}
{"obj": {"type": "LogFloats", "path": ["monitoring", "gpu_memory_0"], "values": [{"value": 0.80322265625, "step": null, "ts": 1653997902.3409526}]}, "version": 119}
{"obj": {"type": "LogFloats", "path": ["monitoring", "gpu_memory_1"], "values": [{"value": 21.605712890625, "step": null, "ts": 1653997902.3409526}]}, "version": 120}
{"obj": {"type": "LogStrings", "path": ["monitoring", "stderr"], "values": [{"value": "\r  5%|\u2588\u2588\u2588\u2588\u258a                                                                                               | 24/500 [01:31<29:13,  3.68s/it, Batch_number=24, Loss=948, PSNR=4.24, SSIM=0.00049]", "step": null, "ts": 1653997904.0543864}]}, "version": 121}
{"obj": {"type": "LogStrings", "path": ["monitoring", "stderr"], "values": [{"value": "\r  5%|\u2588\u2588\u2588\u2588\u2588                                                                                               | 25/500 [01:31<29:00,  3.66s/it, Batch_number=24, Loss=948, PSNR=4.24, SSIM=0.00049]", "step": null, "ts": 1653997904.0546749}]}, "version": 122}
{"obj": {"type": "LogStrings", "path": ["monitoring", "stderr"], "values": [{"value": "", "step": null, "ts": 1653997907.0288079}]}, "version": 123}
{"obj": {"type": "LogStrings", "path": ["monitoring", "stderr"], "values": [{"value": "\r  5%|\u2588\u2588\u2588\u2588\u2588                                                                                               | 25/500 [01:34<29:59,  3.79s/it, Batch_number=24, Loss=948, PSNR=4.24, SSIM=0.00049]", "step": null, "ts": 1653997907.0292976}]}, "version": 124}
{"obj": {"type": "LogStrings", "path": ["monitoring", "stderr"], "values": [{"value": "\n", "step": null, "ts": 1653997907.0294552}]}, "version": 125}
{"obj": {"type": "LogStrings", "path": ["monitoring", "traceback"], "values": [{"value": "An uncaught exception occurred while run was active on worker KW60717.", "step": null, "ts": 1653997907.031314}, {"value": "Marking run as failed", "step": null, "ts": 1653997907.031314}, {"value": "Traceback:", "step": null, "ts": 1653997907.031314}, {"value": "  File \"/home/resifis/Desktop/kaustcode/Packages/models/src/models/train.py\", line 118, in <module>\n    job.fit(TrainData,ValidData)\n", "step": null, "ts": 1653997907.031314}, {"value": "  File \"/home/resifis/anaconda3/envs/kaustenv/lib/python3.10/site-packages/models/forecastors/utils/simple_engine.py\", line 144, in fit\n    tr_loss = self.train_fn(self.train_config.model,train_data_loader)\n", "step": null, "ts": 1653997907.031314}, {"value": "  File \"/home/resifis/anaconda3/envs/kaustenv/lib/python3.10/site-packages/models/forecastors/utils/simple_engine.py\", line 63, in train_fn\n    for index,train_batch in tqt:\n", "step": null, "ts": 1653997907.031314}, {"value": "  File \"/home/resifis/anaconda3/envs/kaustenv/lib/python3.10/site-packages/tqdm/std.py\", line 1195, in __iter__\n    for obj in iterable:\n", "step": null, "ts": 1653997907.031314}, {"value": "  File \"/home/resifis/anaconda3/envs/kaustenv/lib/python3.10/site-packages/torch/utils/data/dataloader.py\", line 530, in __next__\n    data = self._next_data()\n", "step": null, "ts": 1653997907.031314}, {"value": "  File \"/home/resifis/anaconda3/envs/kaustenv/lib/python3.10/site-packages/torch/utils/data/dataloader.py\", line 570, in _next_data\n    data = self._dataset_fetcher.fetch(index)  # may raise StopIteration\n", "step": null, "ts": 1653997907.031314}, {"value": "  File \"/home/resifis/anaconda3/envs/kaustenv/lib/python3.10/site-packages/torch/utils/data/_utils/fetch.py\", line 49, in fetch\n    data = [self.dataset[idx] for idx in possibly_batched_index]\n", "step": null, "ts": 1653997907.031314}]}, "version": 126}
{"obj": {"type": "LogStrings", "path": ["monitoring", "traceback"], "values": [{"value": "  File \"/home/resifis/anaconda3/envs/kaustenv/lib/python3.10/site-packages/torch/utils/data/_utils/fetch.py\", line 49, in <listcomp>\n    data = [self.dataset[idx] for idx in possibly_batched_index]\n", "step": null, "ts": 1653997907.031314}, {"value": "  File \"/home/resifis/anaconda3/envs/kaustenv/lib/python3.10/site-packages/data_prep/dataset/wrf_data.py\", line 202, in __getitem__\n    all_data,target = self._get_tensor_data(item)\n", "step": null, "ts": 1653997907.031314}, {"value": "  File \"/home/resifis/anaconda3/envs/kaustenv/lib/python3.10/site-packages/data_prep/dataset/wrf_data.py\", line 181, in _get_tensor_data\n    all_data.append(WRFDataset._normalize(torch.flip(torch.tensor(data),dims = [1])).unsqueeze(0))\n", "step": null, "ts": 1653997907.031314}, {"value": "  File \"/home/resifis/anaconda3/envs/kaustenv/lib/python3.10/site-packages/data_prep/dataset/wrf_data.py\", line 106, in _normalize\n    normalized_tensor = nn.functional.normalize(tensor,dim = 0)\n", "step": null, "ts": 1653997907.031314}, {"value": "  File \"/home/resifis/anaconda3/envs/kaustenv/lib/python3.10/site-packages/torch/nn/functional.py\", line 4637, in normalize\n    denom = input.norm(p, dim, keepdim=True).clamp_min(eps).expand_as(input)\n", "step": null, "ts": 1653997907.031314}, {"value": "  File \"/home/resifis/anaconda3/envs/kaustenv/lib/python3.10/site-packages/torch/_tensor.py\", line 498, in norm\n    return torch.norm(self, p, dim, keepdim, dtype=dtype)\n", "step": null, "ts": 1653997907.031314}, {"value": "  File \"/home/resifis/anaconda3/envs/kaustenv/lib/python3.10/site-packages/torch/functional.py\", line 1590, in norm\n    return _VF.norm(input, p, _dim, keepdim=keepdim)  # type: ignore[attr-defined]\n", "step": null, "ts": 1653997907.031314}, {"value": "", "step": null, "ts": 1653997907.031314}]}, "version": 127}
{"obj": {"type": "AssignBool", "path": ["sys", "failed"], "value": true}, "version": 128}
{"obj": {"type": "LogStrings", "path": ["monitoring", "stderr"], "values": [{"value": "Traceback (most recent call last):\n", "step": null, "ts": 1653997907.03179}]}, "version": 129}
{"obj": {"type": "LogStrings", "path": ["monitoring", "stderr"], "values": [{"value": "  File \"/home/resifis/Desktop/kaustcode/Packages/models/src/models/train.py\", line 118, in <module>\n", "step": null, "ts": 1653997907.0319092}]}, "version": 130}
{"obj": {"type": "LogStrings", "path": ["monitoring", "stderr"], "values": [{"value": "    ", "step": null, "ts": 1653997907.0321162}]}, "version": 131}
{"obj": {"type": "LogStrings", "path": ["monitoring", "stderr"], "values": [{"value": "job.fit(TrainData,ValidData)", "step": null, "ts": 1653997907.032208}]}, "version": 132}
{"obj": {"type": "LogStrings", "path": ["monitoring", "stderr"], "values": [{"value": "\n", "step": null, "ts": 1653997907.0323114}]}, "version": 133}
{"obj": {"type": "LogStrings", "path": ["monitoring", "stderr"], "values": [{"value": "  File \"/home/resifis/anaconda3/envs/kaustenv/lib/python3.10/site-packages/models/forecastors/utils/simple_engine.py\", line 144, in fit\n", "step": null, "ts": 1653997907.0324097}]}, "version": 134}
{"obj": {"type": "LogStrings", "path": ["monitoring", "stderr"], "values": [{"value": "    ", "step": null, "ts": 1653997907.0325813}]}, "version": 135}
{"obj": {"type": "LogStrings", "path": ["monitoring", "stderr"], "values": [{"value": "tr_loss = self.train_fn(self.train_config.model,train_data_loader)", "step": null, "ts": 1653997907.0326653}]}, "version": 136}
{"obj": {"type": "LogStrings", "path": ["monitoring", "stderr"], "values": [{"value": "\n", "step": null, "ts": 1653997907.0327642}]}, "version": 137}
{"obj": {"type": "LogStrings", "path": ["monitoring", "stderr"], "values": [{"value": "  File \"/home/resifis/anaconda3/envs/kaustenv/lib/python3.10/site-packages/models/forecastors/utils/simple_engine.py\", line 63, in train_fn\n", "step": null, "ts": 1653997907.0328593}]}, "version": 138}
{"obj": {"type": "LogStrings", "path": ["monitoring", "stderr"], "values": [{"value": "    ", "step": null, "ts": 1653997907.033009}]}, "version": 139}
{"obj": {"type": "LogStrings", "path": ["monitoring", "stderr"], "values": [{"value": "for index,train_batch in tqt:", "step": null, "ts": 1653997907.03309}]}, "version": 140}
{"obj": {"type": "LogStrings", "path": ["monitoring", "stderr"], "values": [{"value": "\n", "step": null, "ts": 1653997907.0331893}]}, "version": 141}
{"obj": {"type": "LogStrings", "path": ["monitoring", "stderr"], "values": [{"value": "  File \"/home/resifis/anaconda3/envs/kaustenv/lib/python3.10/site-packages/tqdm/std.py\", line 1195, in __iter__\n", "step": null, "ts": 1653997907.0332844}]}, "version": 142}
{"obj": {"type": "LogStrings", "path": ["monitoring", "stderr"], "values": [{"value": "    ", "step": null, "ts": 1653997907.0336564}]}, "version": 143}
{"obj": {"type": "LogStrings", "path": ["monitoring", "stderr"], "values": [{"value": "for obj in iterable:", "step": null, "ts": 1653997907.033747}]}, "version": 144}
{"obj": {"type": "LogStrings", "path": ["monitoring", "stderr"], "values": [{"value": "\n", "step": null, "ts": 1653997907.033848}]}, "version": 145}
{"obj": {"type": "LogStrings", "path": ["monitoring", "stderr"], "values": [{"value": "  File \"/home/resifis/anaconda3/envs/kaustenv/lib/python3.10/site-packages/torch/utils/data/dataloader.py\", line 530, in __next__\n", "step": null, "ts": 1653997907.0339422}]}, "version": 146}
{"obj": {"type": "LogStrings", "path": ["monitoring", "stderr"], "values": [{"value": "    ", "step": null, "ts": 1653997907.0341892}]}, "version": 147}
{"obj": {"type": "LogStrings", "path": ["monitoring", "stderr"], "values": [{"value": "data = self._next_data()", "step": null, "ts": 1653997907.0343072}]}, "version": 148}
{"obj": {"type": "LogStrings", "path": ["monitoring", "stderr"], "values": [{"value": "\n", "step": null, "ts": 1653997907.0344112}]}, "version": 149}
{"obj": {"type": "LogStrings", "path": ["monitoring", "stderr"], "values": [{"value": "  File \"/home/resifis/anaconda3/envs/kaustenv/lib/python3.10/site-packages/torch/utils/data/dataloader.py\", line 570, in _next_data\n", "step": null, "ts": 1653997907.0345185}]}, "version": 150}
{"obj": {"type": "LogStrings", "path": ["monitoring", "stderr"], "values": [{"value": "    ", "step": null, "ts": 1653997907.034771}]}, "version": 151}
{"obj": {"type": "LogStrings", "path": ["monitoring", "stderr"], "values": [{"value": "data = self._dataset_fetcher.fetch(index)  # may raise StopIteration", "step": null, "ts": 1653997907.034857}]}, "version": 152}
{"obj": {"type": "LogStrings", "path": ["monitoring", "stderr"], "values": [{"value": "\n", "step": null, "ts": 1653997907.0349565}]}, "version": 153}
{"obj": {"type": "LogStrings", "path": ["monitoring", "stderr"], "values": [{"value": "  File \"/home/resifis/anaconda3/envs/kaustenv/lib/python3.10/site-packages/torch/utils/data/_utils/fetch.py\", line 49, in fetch\n", "step": null, "ts": 1653997907.0350509}]}, "version": 154}
{"obj": {"type": "LogStrings", "path": ["monitoring", "stderr"], "values": [{"value": "    ", "step": null, "ts": 1653997907.0351925}]}, "version": 155}
{"obj": {"type": "LogStrings", "path": ["monitoring", "stderr"], "values": [{"value": "data = [self.dataset[idx] for idx in possibly_batched_index]", "step": null, "ts": 1653997907.0352721}]}, "version": 156}
{"obj": {"type": "LogStrings", "path": ["monitoring", "stderr"], "values": [{"value": "\n", "step": null, "ts": 1653997907.035356}]}, "version": 157}
{"obj": {"type": "LogStrings", "path": ["monitoring", "stderr"], "values": [{"value": "  File \"/home/resifis/anaconda3/envs/kaustenv/lib/python3.10/site-packages/torch/utils/data/_utils/fetch.py\", line 49, in <listcomp>\n", "step": null, "ts": 1653997907.0354393}]}, "version": 158}
{"obj": {"type": "LogStrings", "path": ["monitoring", "stderr"], "values": [{"value": "    ", "step": null, "ts": 1653997907.0355747}]}, "version": 159}
{"obj": {"type": "LogStrings", "path": ["monitoring", "stderr"], "values": [{"value": "data = [self.dataset[idx] for idx in possibly_batched_index]", "step": null, "ts": 1653997907.0356529}]}, "version": 160}
{"obj": {"type": "LogStrings", "path": ["monitoring", "stderr"], "values": [{"value": "\n", "step": null, "ts": 1653997907.035735}]}, "version": 161}
{"obj": {"type": "LogStrings", "path": ["monitoring", "stderr"], "values": [{"value": "  File \"/home/resifis/anaconda3/envs/kaustenv/lib/python3.10/site-packages/data_prep/dataset/wrf_data.py\", line 202, in __getitem__\n", "step": null, "ts": 1653997907.0358176}]}, "version": 162}
{"obj": {"type": "LogStrings", "path": ["monitoring", "stderr"], "values": [{"value": "    ", "step": null, "ts": 1653997907.035977}]}, "version": 163}
{"obj": {"type": "LogStrings", "path": ["monitoring", "stderr"], "values": [{"value": "all_data,target = self._get_tensor_data(item)", "step": null, "ts": 1653997907.0360558}]}, "version": 164}
{"obj": {"type": "LogStrings", "path": ["monitoring", "stderr"], "values": [{"value": "\n", "step": null, "ts": 1653997907.0361366}]}, "version": 165}
{"obj": {"type": "LogStrings", "path": ["monitoring", "stderr"], "values": [{"value": "  File \"/home/resifis/anaconda3/envs/kaustenv/lib/python3.10/site-packages/data_prep/dataset/wrf_data.py\", line 181, in _get_tensor_data\n", "step": null, "ts": 1653997907.036219}]}, "version": 166}
{"obj": {"type": "LogStrings", "path": ["monitoring", "stderr"], "values": [{"value": "    ", "step": null, "ts": 1653997907.0363727}]}, "version": 167}
{"obj": {"type": "LogStrings", "path": ["monitoring", "stderr"], "values": [{"value": "all_data.append(WRFDataset._normalize(torch.flip(torch.tensor(data),dims = [1])).unsqueeze(0))", "step": null, "ts": 1653997907.036453}]}, "version": 168}
{"obj": {"type": "LogStrings", "path": ["monitoring", "stderr"], "values": [{"value": "\n", "step": null, "ts": 1653997907.0365348}]}, "version": 169}
{"obj": {"type": "LogStrings", "path": ["monitoring", "stderr"], "values": [{"value": "  File \"/home/resifis/anaconda3/envs/kaustenv/lib/python3.10/site-packages/data_prep/dataset/wrf_data.py\", line 106, in _normalize\n", "step": null, "ts": 1653997907.0366182}]}, "version": 170}
{"obj": {"type": "LogStrings", "path": ["monitoring", "stderr"], "values": [{"value": "    ", "step": null, "ts": 1653997907.036767}]}, "version": 171}
{"obj": {"type": "LogStrings", "path": ["monitoring", "stderr"], "values": [{"value": "normalized_tensor = nn.functional.normalize(tensor,dim = 0)", "step": null, "ts": 1653997907.036848}]}, "version": 172}
{"obj": {"type": "LogStrings", "path": ["monitoring", "stderr"], "values": [{"value": "\n", "step": null, "ts": 1653997907.0369298}]}, "version": 173}
{"obj": {"type": "LogStrings", "path": ["monitoring", "stderr"], "values": [{"value": "  File \"/home/resifis/anaconda3/envs/kaustenv/lib/python3.10/site-packages/torch/nn/functional.py\", line 4637, in normalize\n", "step": null, "ts": 1653997907.0370126}]}, "version": 174}
{"obj": {"type": "LogStrings", "path": ["monitoring", "stderr"], "values": [{"value": "    ", "step": null, "ts": 1653997907.0380042}]}, "version": 175}
{"obj": {"type": "LogStrings", "path": ["monitoring", "stderr"], "values": [{"value": "denom = input.norm(p, dim, keepdim=True).clamp_min(eps).expand_as(input)", "step": null, "ts": 1653997907.0381043}]}, "version": 176}
{"obj": {"type": "LogStrings", "path": ["monitoring", "stderr"], "values": [{"value": "\n", "step": null, "ts": 1653997907.0381951}]}, "version": 177}
{"obj": {"type": "LogStrings", "path": ["monitoring", "stderr"], "values": [{"value": "  File \"/home/resifis/anaconda3/envs/kaustenv/lib/python3.10/site-packages/torch/_tensor.py\", line 498, in norm\n", "step": null, "ts": 1653997907.0382817}]}, "version": 178}
{"obj": {"type": "LogStrings", "path": ["monitoring", "stderr"], "values": [{"value": "    ", "step": null, "ts": 1653997907.038513}]}, "version": 179}
{"obj": {"type": "LogStrings", "path": ["monitoring", "stderr"], "values": [{"value": "return torch.norm(self, p, dim, keepdim, dtype=dtype)", "step": null, "ts": 1653997907.0385954}]}, "version": 180}
{"obj": {"type": "LogStrings", "path": ["monitoring", "stderr"], "values": [{"value": "\n", "step": null, "ts": 1653997907.0386782}]}, "version": 181}
{"obj": {"type": "LogStrings", "path": ["monitoring", "stderr"], "values": [{"value": "  File \"/home/resifis/anaconda3/envs/kaustenv/lib/python3.10/site-packages/torch/functional.py\", line 1590, in norm\n", "step": null, "ts": 1653997907.0387616}]}, "version": 182}
{"obj": {"type": "LogStrings", "path": ["monitoring", "stderr"], "values": [{"value": "    ", "step": null, "ts": 1653997907.0391886}]}, "version": 183}
{"obj": {"type": "LogStrings", "path": ["monitoring", "stderr"], "values": [{"value": "return _VF.norm(input, p, _dim, keepdim=keepdim)  # type: ignore[attr-defined]", "step": null, "ts": 1653997907.0392725}]}, "version": 184}
{"obj": {"type": "LogStrings", "path": ["monitoring", "stderr"], "values": [{"value": "\n", "step": null, "ts": 1653997907.0393567}]}, "version": 185}
{"obj": {"type": "LogStrings", "path": ["monitoring", "stderr"], "values": [{"value": "KeyboardInterrupt", "step": null, "ts": 1653997907.0394495}]}, "version": 186}
{"obj": {"type": "LogStrings", "path": ["monitoring", "stderr"], "values": [{"value": "", "step": null, "ts": 1653997907.0395234}]}, "version": 187}
{"obj": {"type": "LogStrings", "path": ["monitoring", "stderr"], "values": [{"value": "\n", "step": null, "ts": 1653997907.0396028}]}, "version": 188}
{"obj": {"type": "LogStrings", "path": ["monitoring", "stdout"], "values": [{"value": "", "step": null, "ts": 1653997907.0400121}]}, "version": 189}
{"obj": {"type": "LogStrings", "path": ["monitoring", "stdout"], "values": [{"value": "Shutting down background jobs, please wait a moment...\n", "step": null, "ts": 1653997907.0402157}]}, "version": 190}
