{"obj": {"type": "AssignString", "path": ["sys", "name"], "value": "Untitled"}, "version": 1}
{"obj": {"type": "AssignString", "path": ["sys", "description"], "value": ""}, "version": 2}
{"obj": {"type": "AssignString", "path": ["sys", "hostname"], "value": "KW60717"}, "version": 3}
{"obj": {"type": "AssignBool", "path": ["sys", "failed"], "value": false}, "version": 4}
{"obj": {"type": "ClearStringLog", "path": ["monitoring", "stdout"]}, "version": 5}
{"obj": {"type": "ClearStringLog", "path": ["monitoring", "stderr"]}, "version": 6}
{"obj": {"type": "AssignString", "path": ["source_code", "entrypoint"], "value": "train.py"}, "version": 7}
{"obj": {"type": "UploadFileSet", "path": ["source_code", "files"], "file_globs": ["/home/resifis/Desktop/kaustcode/Packages/models/src/models/train.py"], "reset": "False"}, "version": 8}
{"obj": {"type": "ConfigFloatSeries", "path": ["monitoring", "cpu"], "min": 0.0, "max": 100.0, "unit": "%"}, "version": 9}
{"obj": {"type": "ClearFloatLog", "path": ["monitoring", "cpu"]}, "version": 10}
{"obj": {"type": "ConfigFloatSeries", "path": ["monitoring", "memory"], "min": 0.0, "max": 251.55138397216797, "unit": "GB"}, "version": 11}
{"obj": {"type": "ClearFloatLog", "path": ["monitoring", "memory"]}, "version": 12}
{"obj": {"type": "ConfigFloatSeries", "path": ["monitoring", "gpu_0"], "min": 0.0, "max": 100.0, "unit": "%"}, "version": 13}
{"obj": {"type": "ClearFloatLog", "path": ["monitoring", "gpu_0"]}, "version": 14}
{"obj": {"type": "ConfigFloatSeries", "path": ["monitoring", "gpu_1"], "min": 0.0, "max": 100.0, "unit": "%"}, "version": 15}
{"obj": {"type": "ClearFloatLog", "path": ["monitoring", "gpu_1"]}, "version": 16}
{"obj": {"type": "ConfigFloatSeries", "path": ["monitoring", "gpu_memory_0"], "min": 0.0, "max": 23.69952392578125, "unit": "GB"}, "version": 17}
{"obj": {"type": "ClearFloatLog", "path": ["monitoring", "gpu_memory_0"]}, "version": 18}
{"obj": {"type": "ConfigFloatSeries", "path": ["monitoring", "gpu_memory_1"], "min": 0.0, "max": 23.69952392578125, "unit": "GB"}, "version": 19}
{"obj": {"type": "ClearFloatLog", "path": ["monitoring", "gpu_memory_1"]}, "version": 20}
{"obj": {"type": "LogStrings", "path": ["monitoring", "stdout"], "values": [{"value": ".........EPOCH 0........", "step": null, "ts": 1652007327.4916914}]}, "version": 21}
{"obj": {"type": "LogStrings", "path": ["monitoring", "stdout"], "values": [{"value": "\n", "step": null, "ts": 1652007327.49271}]}, "version": 22}
{"obj": {"type": "LogStrings", "path": ["monitoring", "stderr"], "values": [{"value": "\r  0%|                                                                                                                                                                                                 | 0/500 [00:00<?, ?it/s]", "step": null, "ts": 1652007327.4962394}]}, "version": 23}
{"obj": {"type": "LogFloats", "path": ["monitoring", "cpu"], "values": [{"value": 3.1, "step": null, "ts": 1652007327.482931}]}, "version": 24}
{"obj": {"type": "LogFloats", "path": ["monitoring", "memory"], "values": [{"value": 9.255046844482422, "step": null, "ts": 1652007327.482931}]}, "version": 25}
{"obj": {"type": "LogFloats", "path": ["monitoring", "gpu_memory_0"], "values": [{"value": 0.53436279296875, "step": null, "ts": 1652007327.482931}]}, "version": 26}
{"obj": {"type": "LogFloats", "path": ["monitoring", "gpu_memory_1"], "values": [{"value": 1.853759765625, "step": null, "ts": 1652007327.482931}]}, "version": 27}
{"obj": {"type": "LogStrings", "path": ["monitoring", "stderr"], "values": [{"value": "", "step": null, "ts": 1652007327.7667007}]}, "version": 28}
{"obj": {"type": "LogStrings", "path": ["monitoring", "stderr"], "values": [{"value": "\r  0%|                                                                                                                                                                                                 | 0/500 [00:00<?, ?it/s]", "step": null, "ts": 1652007327.7674403}]}, "version": 29}
{"obj": {"type": "LogStrings", "path": ["monitoring", "stderr"], "values": [{"value": "\n", "step": null, "ts": 1652007327.7677667}]}, "version": 30}
{"obj": {"type": "LogStrings", "path": ["monitoring", "traceback"], "values": [{"value": "An uncaught exception occurred while run was active on worker KW60717.", "step": null, "ts": 1652007327.7689083}, {"value": "Marking run as failed", "step": null, "ts": 1652007327.7689083}, {"value": "Traceback:", "step": null, "ts": 1652007327.7689083}, {"value": "  File \"/home/resifis/Desktop/kaustcode/Packages/models/src/models/train.py\", line 103, in <module>\n    job.fit(WRFData,WRFData)\n", "step": null, "ts": 1652007327.7689083}, {"value": "  File \"/home/resifis/anaconda3/envs/kaustenv/lib/python3.9/site-packages/models/forecastors/utils/simple_engine.py\", line 167, in fit\n    tr_loss = self.train_fn(self.train_config.model,train_data_loader,sparse)\n", "step": null, "ts": 1652007327.7689083}, {"value": "  File \"/home/resifis/anaconda3/envs/kaustenv/lib/python3.9/site-packages/models/forecastors/utils/simple_engine.py\", line 83, in train_fn\n    for index,train_batch in tqt:\n", "step": null, "ts": 1652007327.7689083}, {"value": "  File \"/home/resifis/anaconda3/envs/kaustenv/lib/python3.9/site-packages/tqdm/std.py\", line 1195, in __iter__\n    for obj in iterable:\n", "step": null, "ts": 1652007327.7689083}, {"value": "  File \"/home/resifis/anaconda3/envs/kaustenv/lib/python3.9/site-packages/torch/utils/data/dataloader.py\", line 530, in __next__\n    data = self._next_data()\n", "step": null, "ts": 1652007327.7689083}, {"value": "  File \"/home/resifis/anaconda3/envs/kaustenv/lib/python3.9/site-packages/torch/utils/data/dataloader.py\", line 570, in _next_data\n    data = self._dataset_fetcher.fetch(index)  # may raise StopIteration\n", "step": null, "ts": 1652007327.7689083}, {"value": "  File \"/home/resifis/anaconda3/envs/kaustenv/lib/python3.9/site-packages/torch/utils/data/_utils/fetch.py\", line 49, in fetch\n    data = [self.dataset[idx] for idx in possibly_batched_index]\n", "step": null, "ts": 1652007327.7689083}]}, "version": 31}
{"obj": {"type": "LogStrings", "path": ["monitoring", "traceback"], "values": [{"value": "  File \"/home/resifis/anaconda3/envs/kaustenv/lib/python3.9/site-packages/torch/utils/data/_utils/fetch.py\", line 49, in <listcomp>\n    data = [self.dataset[idx] for idx in possibly_batched_index]\n", "step": null, "ts": 1652007327.7689083}, {"value": "  File \"/home/resifis/anaconda3/envs/kaustenv/lib/python3.9/site-packages/data_prep/dataset/wrf_data.py\", line 141, in __getitem__\n    all_data,target = self._get_tensor_data(item)\n", "step": null, "ts": 1652007327.7689083}, {"value": "  File \"/home/resifis/anaconda3/envs/kaustenv/lib/python3.9/site-packages/data_prep/dataset/wrf_data.py\", line 112, in _get_tensor_data\n    all_data.extend([WRFDataset._filtering(data_hcloud),\n", "step": null, "ts": 1652007327.7689083}, {"value": "  File \"/home/resifis/anaconda3/envs/kaustenv/lib/python3.9/site-packages/data_prep/dataset/wrf_data.py\", line 94, in _filtering\n    arr = filters.sobel(np.flip(arr_data[0],axis = 0))\n", "step": null, "ts": 1652007327.7689083}, {"value": "name 'filters' is not defined", "step": null, "ts": 1652007327.7689083}]}, "version": 32}
{"obj": {"type": "AssignBool", "path": ["sys", "failed"], "value": true}, "version": 33}
{"obj": {"type": "LogStrings", "path": ["monitoring", "stderr"], "values": [{"value": "Traceback (most recent call last):\n", "step": null, "ts": 1652007327.7695239}]}, "version": 34}
{"obj": {"type": "LogStrings", "path": ["monitoring", "stderr"], "values": [{"value": "  File \"/home/resifis/Desktop/kaustcode/Packages/models/src/models/train.py\", line 103, in <module>\n", "step": null, "ts": 1652007327.7699218}]}, "version": 35}
{"obj": {"type": "LogStrings", "path": ["monitoring", "stderr"], "values": [{"value": "    ", "step": null, "ts": 1652007327.7701035}]}, "version": 36}
{"obj": {"type": "LogStrings", "path": ["monitoring", "stderr"], "values": [{"value": "job.fit(WRFData,WRFData)", "step": null, "ts": 1652007327.7701812}]}, "version": 37}
{"obj": {"type": "LogStrings", "path": ["monitoring", "stderr"], "values": [{"value": "\n", "step": null, "ts": 1652007327.770566}]}, "version": 38}
{"obj": {"type": "LogStrings", "path": ["monitoring", "stderr"], "values": [{"value": "  File \"/home/resifis/anaconda3/envs/kaustenv/lib/python3.9/site-packages/models/forecastors/utils/simple_engine.py\", line 167, in fit\n", "step": null, "ts": 1652007327.7709496}]}, "version": 39}
{"obj": {"type": "LogStrings", "path": ["monitoring", "stderr"], "values": [{"value": "    ", "step": null, "ts": 1652007327.7711222}]}, "version": 40}
{"obj": {"type": "LogStrings", "path": ["monitoring", "stderr"], "values": [{"value": "tr_loss = self.train_fn(self.train_config.model,train_data_loader,sparse)", "step": null, "ts": 1652007327.771197}]}, "version": 41}
{"obj": {"type": "LogStrings", "path": ["monitoring", "stderr"], "values": [{"value": "\n", "step": null, "ts": 1652007327.7715871}]}, "version": 42}
{"obj": {"type": "LogStrings", "path": ["monitoring", "stderr"], "values": [{"value": "  File \"/home/resifis/anaconda3/envs/kaustenv/lib/python3.9/site-packages/models/forecastors/utils/simple_engine.py\", line 83, in train_fn\n", "step": null, "ts": 1652007327.7720034}]}, "version": 43}
{"obj": {"type": "LogStrings", "path": ["monitoring", "stderr"], "values": [{"value": "    ", "step": null, "ts": 1652007327.7721636}]}, "version": 44}
{"obj": {"type": "LogStrings", "path": ["monitoring", "stderr"], "values": [{"value": "for index,train_batch in tqt:", "step": null, "ts": 1652007327.77224}]}, "version": 45}
{"obj": {"type": "LogStrings", "path": ["monitoring", "stderr"], "values": [{"value": "\n", "step": null, "ts": 1652007327.7726283}]}, "version": 46}
{"obj": {"type": "LogStrings", "path": ["monitoring", "stderr"], "values": [{"value": "  File \"/home/resifis/anaconda3/envs/kaustenv/lib/python3.9/site-packages/tqdm/std.py\", line 1195, in __iter__\n", "step": null, "ts": 1652007327.773005}]}, "version": 47}
{"obj": {"type": "LogStrings", "path": ["monitoring", "stderr"], "values": [{"value": "    ", "step": null, "ts": 1652007327.7733274}]}, "version": 48}
{"obj": {"type": "LogStrings", "path": ["monitoring", "stderr"], "values": [{"value": "for obj in iterable:", "step": null, "ts": 1652007327.7734058}]}, "version": 49}
{"obj": {"type": "LogStrings", "path": ["monitoring", "stderr"], "values": [{"value": "\n", "step": null, "ts": 1652007327.77378}]}, "version": 50}
{"obj": {"type": "LogStrings", "path": ["monitoring", "stderr"], "values": [{"value": "  File \"/home/resifis/anaconda3/envs/kaustenv/lib/python3.9/site-packages/torch/utils/data/dataloader.py\", line 530, in __next__\n", "step": null, "ts": 1652007327.7741516}]}, "version": 51}
{"obj": {"type": "LogStrings", "path": ["monitoring", "stderr"], "values": [{"value": "    ", "step": null, "ts": 1652007327.7743835}]}, "version": 52}
{"obj": {"type": "LogStrings", "path": ["monitoring", "stderr"], "values": [{"value": "data = self._next_data()", "step": null, "ts": 1652007327.7744606}]}, "version": 53}
{"obj": {"type": "LogStrings", "path": ["monitoring", "stderr"], "values": [{"value": "\n", "step": null, "ts": 1652007327.774837}]}, "version": 54}
{"obj": {"type": "LogStrings", "path": ["monitoring", "stderr"], "values": [{"value": "  File \"/home/resifis/anaconda3/envs/kaustenv/lib/python3.9/site-packages/torch/utils/data/dataloader.py\", line 570, in _next_data\n", "step": null, "ts": 1652007327.775212}]}, "version": 55}
{"obj": {"type": "LogStrings", "path": ["monitoring", "stderr"], "values": [{"value": "    ", "step": null, "ts": 1652007327.7754447}]}, "version": 56}
{"obj": {"type": "LogStrings", "path": ["monitoring", "stderr"], "values": [{"value": "data = self._dataset_fetcher.fetch(index)  # may raise StopIteration", "step": null, "ts": 1652007327.7755232}]}, "version": 57}
{"obj": {"type": "LogStrings", "path": ["monitoring", "stderr"], "values": [{"value": "\n", "step": null, "ts": 1652007327.7759144}]}, "version": 58}
{"obj": {"type": "LogStrings", "path": ["monitoring", "stderr"], "values": [{"value": "  File \"/home/resifis/anaconda3/envs/kaustenv/lib/python3.9/site-packages/torch/utils/data/_utils/fetch.py\", line 49, in fetch\n", "step": null, "ts": 1652007327.7762926}]}, "version": 59}
{"obj": {"type": "LogStrings", "path": ["monitoring", "stderr"], "values": [{"value": "    ", "step": null, "ts": 1652007327.776447}]}, "version": 60}
{"obj": {"type": "LogStrings", "path": ["monitoring", "stderr"], "values": [{"value": "data = [self.dataset[idx] for idx in possibly_batched_index]", "step": null, "ts": 1652007327.7765222}]}, "version": 61}
{"obj": {"type": "LogStrings", "path": ["monitoring", "stderr"], "values": [{"value": "\n", "step": null, "ts": 1652007327.776893}]}, "version": 62}
{"obj": {"type": "LogStrings", "path": ["monitoring", "stderr"], "values": [{"value": "  File \"/home/resifis/anaconda3/envs/kaustenv/lib/python3.9/site-packages/torch/utils/data/_utils/fetch.py\", line 49, in <listcomp>\n", "step": null, "ts": 1652007327.7772632}]}, "version": 63}
{"obj": {"type": "LogStrings", "path": ["monitoring", "stderr"], "values": [{"value": "    ", "step": null, "ts": 1652007327.7774174}]}, "version": 64}
{"obj": {"type": "LogStrings", "path": ["monitoring", "stderr"], "values": [{"value": "data = [self.dataset[idx] for idx in possibly_batched_index]", "step": null, "ts": 1652007327.7774937}]}, "version": 65}
{"obj": {"type": "LogStrings", "path": ["monitoring", "stderr"], "values": [{"value": "\n", "step": null, "ts": 1652007327.7778661}]}, "version": 66}
{"obj": {"type": "LogStrings", "path": ["monitoring", "stderr"], "values": [{"value": "  File \"/home/resifis/anaconda3/envs/kaustenv/lib/python3.9/site-packages/data_prep/dataset/wrf_data.py\", line 141, in __getitem__\n", "step": null, "ts": 1652007327.778247}]}, "version": 67}
{"obj": {"type": "LogStrings", "path": ["monitoring", "stderr"], "values": [{"value": "    ", "step": null, "ts": 1652007327.7784119}]}, "version": 68}
{"obj": {"type": "LogStrings", "path": ["monitoring", "stderr"], "values": [{"value": "all_data,target = self._get_tensor_data(item)", "step": null, "ts": 1652007327.778488}]}, "version": 69}
{"obj": {"type": "LogStrings", "path": ["monitoring", "stderr"], "values": [{"value": "\n", "step": null, "ts": 1652007327.7788584}]}, "version": 70}
{"obj": {"type": "LogStrings", "path": ["monitoring", "stderr"], "values": [{"value": "  File \"/home/resifis/anaconda3/envs/kaustenv/lib/python3.9/site-packages/data_prep/dataset/wrf_data.py\", line 112, in _get_tensor_data\n", "step": null, "ts": 1652007327.7792323}]}, "version": 71}
{"obj": {"type": "LogStrings", "path": ["monitoring", "stderr"], "values": [{"value": "    ", "step": null, "ts": 1652007327.7793958}]}, "version": 72}
{"obj": {"type": "LogStrings", "path": ["monitoring", "stderr"], "values": [{"value": "all_data.extend([WRFDataset._filtering(data_hcloud),", "step": null, "ts": 1652007327.7794714}]}, "version": 73}
{"obj": {"type": "LogStrings", "path": ["monitoring", "stderr"], "values": [{"value": "\n", "step": null, "ts": 1652007327.7798512}]}, "version": 74}
{"obj": {"type": "LogStrings", "path": ["monitoring", "stderr"], "values": [{"value": "  File \"/home/resifis/anaconda3/envs/kaustenv/lib/python3.9/site-packages/data_prep/dataset/wrf_data.py\", line 94, in _filtering\n", "step": null, "ts": 1652007327.7802231}]}, "version": 75}
{"obj": {"type": "LogStrings", "path": ["monitoring", "stderr"], "values": [{"value": "    ", "step": null, "ts": 1652007327.7803807}]}, "version": 76}
{"obj": {"type": "LogStrings", "path": ["monitoring", "stderr"], "values": [{"value": "arr = filters.sobel(np.flip(arr_data[0],axis = 0))", "step": null, "ts": 1652007327.7804573}]}, "version": 77}
{"obj": {"type": "LogStrings", "path": ["monitoring", "stderr"], "values": [{"value": "\n", "step": null, "ts": 1652007327.781014}]}, "version": 78}
{"obj": {"type": "LogStrings", "path": ["monitoring", "stderr"], "values": [{"value": "NameError", "step": null, "ts": 1652007327.7811105}]}, "version": 79}
{"obj": {"type": "LogStrings", "path": ["monitoring", "stderr"], "values": [{"value": ": ", "step": null, "ts": 1652007327.781178}]}, "version": 80}
{"obj": {"type": "LogStrings", "path": ["monitoring", "stderr"], "values": [{"value": "name 'filters' is not defined", "step": null, "ts": 1652007327.781246}]}, "version": 81}
{"obj": {"type": "LogStrings", "path": ["monitoring", "stderr"], "values": [{"value": "\n", "step": null, "ts": 1652007327.7819307}]}, "version": 82}
{"obj": {"type": "LogStrings", "path": ["monitoring", "stdout"], "values": [{"value": "", "step": null, "ts": 1652007327.7823715}]}, "version": 83}
{"obj": {"type": "LogStrings", "path": ["monitoring", "stdout"], "values": [{"value": "Shutting down background jobs, please wait a moment...\n", "step": null, "ts": 1652007327.7829635}]}, "version": 84}
