{"obj": {"type": "AssignString", "path": ["sys", "name"], "value": "Untitled"}, "version": 1}
{"obj": {"type": "AssignString", "path": ["sys", "description"], "value": ""}, "version": 2}
{"obj": {"type": "AssignString", "path": ["sys", "hostname"], "value": "KW60717"}, "version": 3}
{"obj": {"type": "AssignBool", "path": ["sys", "failed"], "value": false}, "version": 4}
{"obj": {"type": "ClearStringLog", "path": ["monitoring", "stdout"]}, "version": 5}
{"obj": {"type": "ClearStringLog", "path": ["monitoring", "stderr"]}, "version": 6}
{"obj": {"type": "AssignString", "path": ["source_code", "entrypoint"], "value": "train.py"}, "version": 7}
{"obj": {"type": "UploadFileSet", "path": ["source_code", "files"], "file_globs": ["/home/resifis/Desktop/kaustcode/Packages/models/src/models/train.py"], "reset": "False"}, "version": 8}
{"obj": {"type": "ConfigFloatSeries", "path": ["monitoring", "cpu"], "min": 0.0, "max": 100.0, "unit": "%"}, "version": 9}
{"obj": {"type": "ClearFloatLog", "path": ["monitoring", "cpu"]}, "version": 10}
{"obj": {"type": "ConfigFloatSeries", "path": ["monitoring", "memory"], "min": 0.0, "max": 251.55138397216797, "unit": "GB"}, "version": 11}
{"obj": {"type": "ClearFloatLog", "path": ["monitoring", "memory"]}, "version": 12}
{"obj": {"type": "ConfigFloatSeries", "path": ["monitoring", "gpu_0"], "min": 0.0, "max": 100.0, "unit": "%"}, "version": 13}
{"obj": {"type": "ClearFloatLog", "path": ["monitoring", "gpu_0"]}, "version": 14}
{"obj": {"type": "ConfigFloatSeries", "path": ["monitoring", "gpu_1"], "min": 0.0, "max": 100.0, "unit": "%"}, "version": 15}
{"obj": {"type": "ClearFloatLog", "path": ["monitoring", "gpu_1"]}, "version": 16}
{"obj": {"type": "ConfigFloatSeries", "path": ["monitoring", "gpu_memory_0"], "min": 0.0, "max": 23.69952392578125, "unit": "GB"}, "version": 17}
{"obj": {"type": "ClearFloatLog", "path": ["monitoring", "gpu_memory_0"]}, "version": 18}
{"obj": {"type": "ConfigFloatSeries", "path": ["monitoring", "gpu_memory_1"], "min": 0.0, "max": 23.69952392578125, "unit": "GB"}, "version": 19}
{"obj": {"type": "ClearFloatLog", "path": ["monitoring", "gpu_memory_1"]}, "version": 20}
{"obj": {"type": "LogStrings", "path": ["monitoring", "stdout"], "values": [{"value": ".........EPOCH 0........", "step": null, "ts": 1653222039.4396842}]}, "version": 21}
{"obj": {"type": "LogStrings", "path": ["monitoring", "stdout"], "values": [{"value": "\n", "step": null, "ts": 1653222039.4414353}]}, "version": 22}
{"obj": {"type": "LogStrings", "path": ["monitoring", "stderr"], "values": [{"value": "\r  0%|                                                                                                                                                                 | 0/500 [00:00<?, ?it/s]", "step": null, "ts": 1653222039.4445732}]}, "version": 23}
{"obj": {"type": "LogFloats", "path": ["monitoring", "cpu"], "values": [{"value": 3.6, "step": null, "ts": 1653222039.4312034}]}, "version": 24}
{"obj": {"type": "LogFloats", "path": ["monitoring", "memory"], "values": [{"value": 15.336261749267578, "step": null, "ts": 1653222039.4312034}]}, "version": 25}
{"obj": {"type": "LogFloats", "path": ["monitoring", "gpu_memory_0"], "values": [{"value": 7.76123046875, "step": null, "ts": 1653222039.4312034}]}, "version": 26}
{"obj": {"type": "LogFloats", "path": ["monitoring", "gpu_memory_1"], "values": [{"value": 4.384033203125, "step": null, "ts": 1653222039.4312034}]}, "version": 27}
{"obj": {"type": "LogStrings", "path": ["monitoring", "stderr"], "values": [{"value": "\r  0%|                                                                                                                                       | 0/500 [00:04<?, ?it/s, Batch_number=0, Loss=5.7]", "step": null, "ts": 1653222043.8959148}]}, "version": 28}
{"obj": {"type": "LogStrings", "path": ["monitoring", "stderr"], "values": [{"value": "\r  0%|\u258e                                                                                                                              | 1/500 [00:04<37:01,  4.45s/it, Batch_number=0, Loss=5.7]", "step": null, "ts": 1653222043.8965287}]}, "version": 29}
{"obj": {"type": "LogStrings", "path": ["monitoring", "stderr"], "values": [{"value": "\r  0%|\u258e                                                                                                                             | 1/500 [00:05<37:01,  4.45s/it, Batch_number=1, Loss=5.18]", "step": null, "ts": 1653222044.7379334}]}, "version": 30}
{"obj": {"type": "LogStrings", "path": ["monitoring", "stderr"], "values": [{"value": "\r  0%|\u258c                                                                                                                             | 2/500 [00:05<19:19,  2.33s/it, Batch_number=1, Loss=5.18]", "step": null, "ts": 1653222044.738209}]}, "version": 31}
{"obj": {"type": "LogStrings", "path": ["monitoring", "stderr"], "values": [{"value": "\r  0%|\u258c                                                                                                                             | 2/500 [00:06<19:19,  2.33s/it, Batch_number=2, Loss=5.15]", "step": null, "ts": 1653222045.4897206}]}, "version": 32}
{"obj": {"type": "LogStrings", "path": ["monitoring", "stderr"], "values": [{"value": "\r  1%|\u258a                                                                                                                             | 3/500 [00:06<13:19,  1.61s/it, Batch_number=2, Loss=5.15]", "step": null, "ts": 1653222045.490011}]}, "version": 33}
{"obj": {"type": "LogStrings", "path": ["monitoring", "stderr"], "values": [{"value": "\r  1%|\u258a                                                                                                                             | 3/500 [00:06<13:19,  1.61s/it, Batch_number=3, Loss=4.88]", "step": null, "ts": 1653222046.2443752}]}, "version": 34}
{"obj": {"type": "LogStrings", "path": ["monitoring", "stderr"], "values": [{"value": "\r  1%|\u2588                                                                                                                             | 4/500 [00:06<10:30,  1.27s/it, Batch_number=3, Loss=4.88]", "step": null, "ts": 1653222046.2446554}]}, "version": 35}
{"obj": {"type": "LogStrings", "path": ["monitoring", "stderr"], "values": [{"value": "\r  1%|\u2588                                                                                                                             | 4/500 [00:07<10:30,  1.27s/it, Batch_number=4, Loss=4.75]", "step": null, "ts": 1653222046.970192}]}, "version": 36}
{"obj": {"type": "LogStrings", "path": ["monitoring", "stderr"], "values": [{"value": "\r  1%|\u2588\u258e                                                                                                                            | 5/500 [00:07<08:51,  1.07s/it, Batch_number=4, Loss=4.75]", "step": null, "ts": 1653222046.9704695}]}, "version": 37}
{"obj": {"type": "LogStrings", "path": ["monitoring", "stderr"], "values": [{"value": "\r  1%|\u2588\u258e                                                                                                                            | 5/500 [00:08<08:51,  1.07s/it, Batch_number=5, Loss=4.85]", "step": null, "ts": 1653222047.8293033}]}, "version": 38}
{"obj": {"type": "LogStrings", "path": ["monitoring", "stderr"], "values": [{"value": "\r  1%|\u2588\u258c                                                                                                                            | 6/500 [00:08<08:14,  1.00s/it, Batch_number=5, Loss=4.85]", "step": null, "ts": 1653222047.8295724}]}, "version": 39}
{"obj": {"type": "LogStrings", "path": ["monitoring", "stderr"], "values": [{"value": "\r  1%|\u2588\u258c                                                                                                                            | 6/500 [00:09<08:14,  1.00s/it, Batch_number=6, Loss=4.74]", "step": null, "ts": 1653222048.5949326}]}, "version": 40}
{"obj": {"type": "LogStrings", "path": ["monitoring", "stderr"], "values": [{"value": "\r  1%|\u2588\u258a                                                                                                                            | 7/500 [00:09<07:35,  1.08it/s, Batch_number=6, Loss=4.74]", "step": null, "ts": 1653222048.5952115}]}, "version": 41}
{"obj": {"type": "LogStrings", "path": ["monitoring", "stderr"], "values": [{"value": "\r  1%|\u2588\u258a                                                                                                                            | 7/500 [00:09<07:35,  1.08it/s, Batch_number=7, Loss=4.75]", "step": null, "ts": 1653222049.2808208}]}, "version": 42}
{"obj": {"type": "LogStrings", "path": ["monitoring", "stderr"], "values": [{"value": "\r  2%|\u2588\u2588                                                                                                                            | 8/500 [00:09<06:57,  1.18it/s, Batch_number=7, Loss=4.75]", "step": null, "ts": 1653222049.2812312}]}, "version": 43}
{"obj": {"type": "LogFloats", "path": ["monitoring", "cpu"], "values": [{"value": 51.0, "step": null, "ts": 1653222049.4468672}]}, "version": 44}
{"obj": {"type": "LogFloats", "path": ["monitoring", "memory"], "values": [{"value": 16.275428771972656, "step": null, "ts": 1653222049.4468672}]}, "version": 45}
{"obj": {"type": "LogFloats", "path": ["monitoring", "gpu_0"], "values": [{"value": 6.0, "step": null, "ts": 1653222049.4468672}]}, "version": 46}
{"obj": {"type": "LogFloats", "path": ["monitoring", "gpu_1"], "values": [{"value": 76.0, "step": null, "ts": 1653222049.4468672}]}, "version": 47}
{"obj": {"type": "LogFloats", "path": ["monitoring", "gpu_memory_0"], "values": [{"value": 7.7659912109375, "step": null, "ts": 1653222049.4468672}]}, "version": 48}
{"obj": {"type": "LogFloats", "path": ["monitoring", "gpu_memory_1"], "values": [{"value": 11.034423828125, "step": null, "ts": 1653222049.4468672}]}, "version": 49}
{"obj": {"type": "LogStrings", "path": ["monitoring", "stderr"], "values": [{"value": "\r  2%|\u2588\u2588                                                                                                                             | 8/500 [00:10<06:57,  1.18it/s, Batch_number=8, Loss=4.6]", "step": null, "ts": 1653222049.9723265}]}, "version": 50}
{"obj": {"type": "LogStrings", "path": ["monitoring", "stderr"], "values": [{"value": "\r  2%|\u2588\u2588\u258e                                                                                                                            | 9/500 [00:10<06:32,  1.25it/s, Batch_number=8, Loss=4.6]", "step": null, "ts": 1653222049.9726217}]}, "version": 51}
{"obj": {"type": "LogStrings", "path": ["monitoring", "stderr"], "values": [{"value": "\r  2%|\u2588\u2588\u258e                                                                                                                           | 9/500 [00:11<06:32,  1.25it/s, Batch_number=9, Loss=4.64]", "step": null, "ts": 1653222050.651155}]}, "version": 52}
{"obj": {"type": "LogStrings", "path": ["monitoring", "stderr"], "values": [{"value": "\r  2%|\u2588\u2588\u258c                                                                                                                          | 10/500 [00:11<06:13,  1.31it/s, Batch_number=9, Loss=4.64]", "step": null, "ts": 1653222050.6514425}]}, "version": 53}
{"obj": {"type": "LogStrings", "path": ["monitoring", "stderr"], "values": [{"value": "\r  2%|\u2588\u2588\u258d                                                                                                                         | 10/500 [00:11<06:13,  1.31it/s, Batch_number=10, Loss=4.71]", "step": null, "ts": 1653222051.4249551}]}, "version": 54}
{"obj": {"type": "LogStrings", "path": ["monitoring", "stderr"], "values": [{"value": "\r  2%|\u2588\u2588\u258b                                                                                                                         | 11/500 [00:11<06:14,  1.31it/s, Batch_number=10, Loss=4.71]", "step": null, "ts": 1653222051.4252372}]}, "version": 55}
{"obj": {"type": "LogStrings", "path": ["monitoring", "stderr"], "values": [{"value": "\r  2%|\u2588\u2588\u258b                                                                                                                         | 11/500 [00:12<06:14,  1.31it/s, Batch_number=11, Loss=4.71]", "step": null, "ts": 1653222052.1325665}]}, "version": 56}
{"obj": {"type": "LogStrings", "path": ["monitoring", "stderr"], "values": [{"value": "\r  2%|\u2588\u2588\u2589                                                                                                                         | 12/500 [00:12<06:05,  1.34it/s, Batch_number=11, Loss=4.71]", "step": null, "ts": 1653222052.1328704}]}, "version": 57}
{"obj": {"type": "LogStrings", "path": ["monitoring", "stderr"], "values": [{"value": "\r  2%|\u2588\u2588\u2588                                                                                                                          | 12/500 [00:13<06:05,  1.34it/s, Batch_number=12, Loss=4.8]", "step": null, "ts": 1653222052.8323398}]}, "version": 58}
{"obj": {"type": "LogStrings", "path": ["monitoring", "stderr"], "values": [{"value": "\r  3%|\u2588\u2588\u2588\u258e                                                                                                                         | 13/500 [00:13<05:57,  1.36it/s, Batch_number=12, Loss=4.8]", "step": null, "ts": 1653222052.8326857}]}, "version": 59}
{"obj": {"type": "LogStrings", "path": ["monitoring", "stderr"], "values": [{"value": "\r  3%|\u2588\u2588\u2588\u258e                                                                                                                         | 13/500 [00:14<05:57,  1.36it/s, Batch_number=13, Loss=4.8]", "step": null, "ts": 1653222053.5341778}]}, "version": 60}
{"obj": {"type": "LogStrings", "path": ["monitoring", "stderr"], "values": [{"value": "\r  3%|\u2588\u2588\u2588\u258c                                                                                                                         | 14/500 [00:14<05:51,  1.38it/s, Batch_number=13, Loss=4.8]", "step": null, "ts": 1653222053.5344825}]}, "version": 61}
{"obj": {"type": "LogStrings", "path": ["monitoring", "stderr"], "values": [{"value": "\r  3%|\u2588\u2588\u2588\u258d                                                                                                                        | 14/500 [00:14<05:51,  1.38it/s, Batch_number=14, Loss=4.72]", "step": null, "ts": 1653222054.2740023}]}, "version": 62}
{"obj": {"type": "LogStrings", "path": ["monitoring", "stderr"], "values": [{"value": "\r  3%|\u2588\u2588\u2588\u258b                                                                                                                        | 15/500 [00:14<05:53,  1.37it/s, Batch_number=14, Loss=4.72]", "step": null, "ts": 1653222054.2743957}]}, "version": 63}
{"obj": {"type": "LogStrings", "path": ["monitoring", "stderr"], "values": [{"value": "\r  3%|\u2588\u2588\u2588\u258a                                                                                                                         | 15/500 [00:15<05:53,  1.37it/s, Batch_number=15, Loss=4.8]", "step": null, "ts": 1653222055.0405602}]}, "version": 64}
{"obj": {"type": "LogStrings", "path": ["monitoring", "stderr"], "values": [{"value": "\r  3%|\u2588\u2588\u2588\u2588                                                                                                                         | 16/500 [00:15<05:58,  1.35it/s, Batch_number=15, Loss=4.8]", "step": null, "ts": 1653222055.0408304}]}, "version": 65}
{"obj": {"type": "LogStrings", "path": ["monitoring", "stderr"], "values": [{"value": "\r  3%|\u2588\u2588\u2588\u2589                                                                                                                        | 16/500 [00:16<05:58,  1.35it/s, Batch_number=16, Loss=4.87]", "step": null, "ts": 1653222055.751395}]}, "version": 66}
{"obj": {"type": "LogStrings", "path": ["monitoring", "stderr"], "values": [{"value": "\r  3%|\u2588\u2588\u2588\u2588\u258f                                                                                                                       | 17/500 [00:16<05:53,  1.37it/s, Batch_number=16, Loss=4.87]", "step": null, "ts": 1653222055.751651}]}, "version": 67}
{"obj": {"type": "LogStrings", "path": ["monitoring", "stderr"], "values": [{"value": "\r  3%|\u2588\u2588\u2588\u2588\u258f                                                                                                                       | 17/500 [00:16<05:53,  1.37it/s, Batch_number=17, Loss=4.89]", "step": null, "ts": 1653222056.4228861}]}, "version": 68}
{"obj": {"type": "LogStrings", "path": ["monitoring", "stderr"], "values": [{"value": "\r  4%|\u2588\u2588\u2588\u2588\u258d                                                                                                                       | 18/500 [00:16<05:43,  1.40it/s, Batch_number=17, Loss=4.89]", "step": null, "ts": 1653222056.4231622}]}, "version": 69}
{"obj": {"type": "LogStrings", "path": ["monitoring", "stderr"], "values": [{"value": "\r  4%|\u2588\u2588\u2588\u2588\u258d                                                                                                                       | 18/500 [00:17<05:43,  1.40it/s, Batch_number=18, Loss=4.82]", "step": null, "ts": 1653222057.140591}]}, "version": 70}
{"obj": {"type": "LogStrings", "path": ["monitoring", "stderr"], "values": [{"value": "\r  4%|\u2588\u2588\u2588\u2588\u258b                                                                                                                       | 19/500 [00:17<05:43,  1.40it/s, Batch_number=18, Loss=4.82]", "step": null, "ts": 1653222057.1408546}]}, "version": 71}
{"obj": {"type": "LogStrings", "path": ["monitoring", "stderr"], "values": [{"value": "\r  4%|\u2588\u2588\u2588\u2588\u258b                                                                                                                       | 19/500 [00:18<05:43,  1.40it/s, Batch_number=19, Loss=4.92]", "step": null, "ts": 1653222057.825044}]}, "version": 72}
{"obj": {"type": "LogStrings", "path": ["monitoring", "stderr"], "values": [{"value": "\r  4%|\u2588\u2588\u2588\u2588\u2589                                                                                                                       | 20/500 [00:18<05:38,  1.42it/s, Batch_number=19, Loss=4.92]", "step": null, "ts": 1653222057.8256383}]}, "version": 73}
{"obj": {"type": "LogStrings", "path": ["monitoring", "stderr"], "values": [{"value": "\r  4%|\u2588\u2588\u2588\u2588\u2589                                                                                                                       | 20/500 [00:19<05:38,  1.42it/s, Batch_number=20, Loss=4.85]", "step": null, "ts": 1653222058.5136487}]}, "version": 74}
{"obj": {"type": "LogStrings", "path": ["monitoring", "stderr"], "values": [{"value": "\r  4%|\u2588\u2588\u2588\u2588\u2588\u258f                                                                                                                      | 21/500 [00:19<05:35,  1.43it/s, Batch_number=20, Loss=4.85]", "step": null, "ts": 1653222058.5139174}]}, "version": 75}
{"obj": {"type": "LogStrings", "path": ["monitoring", "stderr"], "values": [{"value": "\r  4%|\u2588\u2588\u2588\u2588\u2588\u258f                                                                                                                      | 21/500 [00:19<05:35,  1.43it/s, Batch_number=21, Loss=4.81]", "step": null, "ts": 1653222059.1998801}]}, "version": 76}
{"obj": {"type": "LogStrings", "path": ["monitoring", "stderr"], "values": [{"value": "\r  4%|\u2588\u2588\u2588\u2588\u2588\u258d                                                                                                                      | 22/500 [00:19<05:32,  1.44it/s, Batch_number=21, Loss=4.81]", "step": null, "ts": 1653222059.200153}]}, "version": 77}
{"obj": {"type": "LogFloats", "path": ["monitoring", "cpu"], "values": [{"value": 75.0, "step": null, "ts": 1653222059.4497995}]}, "version": 78}
{"obj": {"type": "LogFloats", "path": ["monitoring", "memory"], "values": [{"value": 16.22772216796875, "step": null, "ts": 1653222059.4497995}]}, "version": 79}
{"obj": {"type": "LogFloats", "path": ["monitoring", "gpu_0"], "values": [{"value": 25.0, "step": null, "ts": 1653222059.4497995}]}, "version": 80}
{"obj": {"type": "LogFloats", "path": ["monitoring", "gpu_1"], "values": [{"value": 37.0, "step": null, "ts": 1653222059.4497995}]}, "version": 81}
{"obj": {"type": "LogFloats", "path": ["monitoring", "gpu_memory_0"], "values": [{"value": 7.7379150390625, "step": null, "ts": 1653222059.4497995}]}, "version": 82}
{"obj": {"type": "LogFloats", "path": ["monitoring", "gpu_memory_1"], "values": [{"value": 11.034423828125, "step": null, "ts": 1653222059.4497995}]}, "version": 83}
{"obj": {"type": "LogStrings", "path": ["monitoring", "stderr"], "values": [{"value": "\r  4%|\u2588\u2588\u2588\u2588\u2588\u258d                                                                                                                      | 22/500 [00:20<05:32,  1.44it/s, Batch_number=22, Loss=4.79]", "step": null, "ts": 1653222059.9288166}]}, "version": 84}
{"obj": {"type": "LogStrings", "path": ["monitoring", "stderr"], "values": [{"value": "\r  5%|\u2588\u2588\u2588\u2588\u2588\u258b                                                                                                                      | 23/500 [00:20<05:36,  1.42it/s, Batch_number=22, Loss=4.79]", "step": null, "ts": 1653222059.9290643}]}, "version": 85}
{"obj": {"type": "LogStrings", "path": ["monitoring", "stderr"], "values": [{"value": "\r  5%|\u2588\u2588\u2588\u2588\u2588\u258b                                                                                                                      | 23/500 [00:21<05:36,  1.42it/s, Batch_number=23, Loss=4.79]", "step": null, "ts": 1653222060.61262}]}, "version": 86}
{"obj": {"type": "LogStrings", "path": ["monitoring", "stderr"], "values": [{"value": "\r  5%|\u2588\u2588\u2588\u2588\u2588\u2589                                                                                                                      | 24/500 [00:21<05:32,  1.43it/s, Batch_number=23, Loss=4.79]", "step": null, "ts": 1653222060.6130283}]}, "version": 87}
{"obj": {"type": "LogStrings", "path": ["monitoring", "stderr"], "values": [{"value": "", "step": null, "ts": 1653222061.3139677}]}, "version": 88}
{"obj": {"type": "LogStrings", "path": ["monitoring", "stderr"], "values": [{"value": "\r  5%|\u2588\u2588\u2588\u2588\u2588\u2589                                                                                                                      | 24/500 [00:21<07:13,  1.10it/s, Batch_number=23, Loss=4.79]", "step": null, "ts": 1653222061.3142955}]}, "version": 89}
{"obj": {"type": "LogStrings", "path": ["monitoring", "stderr"], "values": [{"value": "\n", "step": null, "ts": 1653222061.3143845}]}, "version": 90}
{"obj": {"type": "LogStrings", "path": ["monitoring", "traceback"], "values": [{"value": "An uncaught exception occurred while run was active on worker KW60717.", "step": null, "ts": 1653222061.3148649}, {"value": "Marking run as failed", "step": null, "ts": 1653222061.3148649}, {"value": "Traceback:", "step": null, "ts": 1653222061.3148649}, {"value": "  File \"/home/resifis/Desktop/kaustcode/Packages/models/src/models/train.py\", line 112, in <module>\n    job.fit(TrainData,ValidData)\n", "step": null, "ts": 1653222061.3148649}, {"value": "  File \"/home/resifis/anaconda3/envs/kaustenv/lib/python3.9/site-packages/models/forecastors/utils/simple_engine.py\", line 162, in fit\n    tr_loss = self.train_fn(self.train_config.model,train_data_loader)\n", "step": null, "ts": 1653222061.3148649}, {"value": "  File \"/home/resifis/anaconda3/envs/kaustenv/lib/python3.9/site-packages/models/forecastors/utils/simple_engine.py\", line 92, in train_fn\n    tr_loss += train_loss.item()\n", "step": null, "ts": 1653222061.3148649}, {"value": "", "step": null, "ts": 1653222061.3148649}]}, "version": 91}
{"obj": {"type": "AssignBool", "path": ["sys", "failed"], "value": true}, "version": 92}
{"obj": {"type": "LogStrings", "path": ["monitoring", "stderr"], "values": [{"value": "Traceback (most recent call last):\n", "step": null, "ts": 1653222061.3150551}]}, "version": 93}
{"obj": {"type": "LogStrings", "path": ["monitoring", "stderr"], "values": [{"value": "  File \"/home/resifis/Desktop/kaustcode/Packages/models/src/models/train.py\", line 112, in <module>\n", "step": null, "ts": 1653222061.315114}]}, "version": 94}
{"obj": {"type": "LogStrings", "path": ["monitoring", "stderr"], "values": [{"value": "    ", "step": null, "ts": 1653222061.3152337}]}, "version": 95}
{"obj": {"type": "LogStrings", "path": ["monitoring", "stderr"], "values": [{"value": "job.fit(TrainData,ValidData)", "step": null, "ts": 1653222061.315284}]}, "version": 96}
{"obj": {"type": "LogStrings", "path": ["monitoring", "stderr"], "values": [{"value": "\n", "step": null, "ts": 1653222061.3153322}]}, "version": 97}
{"obj": {"type": "LogStrings", "path": ["monitoring", "stderr"], "values": [{"value": "  File \"/home/resifis/anaconda3/envs/kaustenv/lib/python3.9/site-packages/models/forecastors/utils/simple_engine.py\", line 162, in fit\n", "step": null, "ts": 1653222061.3153799}]}, "version": 98}
{"obj": {"type": "LogStrings", "path": ["monitoring", "stderr"], "values": [{"value": "    ", "step": null, "ts": 1653222061.315471}]}, "version": 99}
{"obj": {"type": "LogStrings", "path": ["monitoring", "stderr"], "values": [{"value": "tr_loss = self.train_fn(self.train_config.model,train_data_loader)", "step": null, "ts": 1653222061.3155158}]}, "version": 100}
{"obj": {"type": "LogStrings", "path": ["monitoring", "stderr"], "values": [{"value": "\n", "step": null, "ts": 1653222061.3155618}]}, "version": 101}
{"obj": {"type": "LogStrings", "path": ["monitoring", "stderr"], "values": [{"value": "  File \"/home/resifis/anaconda3/envs/kaustenv/lib/python3.9/site-packages/models/forecastors/utils/simple_engine.py\", line 92, in train_fn\n", "step": null, "ts": 1653222061.3156075}]}, "version": 102}
{"obj": {"type": "LogStrings", "path": ["monitoring", "stderr"], "values": [{"value": "    ", "step": null, "ts": 1653222061.3156896}]}, "version": 103}
{"obj": {"type": "LogStrings", "path": ["monitoring", "stderr"], "values": [{"value": "tr_loss += train_loss.item()        ", "step": null, "ts": 1653222061.3157332}]}, "version": 104}
{"obj": {"type": "LogStrings", "path": ["monitoring", "stderr"], "values": [{"value": "\n", "step": null, "ts": 1653222061.315778}]}, "version": 105}
{"obj": {"type": "LogStrings", "path": ["monitoring", "stderr"], "values": [{"value": "KeyboardInterrupt", "step": null, "ts": 1653222061.3158302}]}, "version": 106}
{"obj": {"type": "LogStrings", "path": ["monitoring", "stderr"], "values": [{"value": "", "step": null, "ts": 1653222061.3158715}]}, "version": 107}
{"obj": {"type": "LogStrings", "path": ["monitoring", "stderr"], "values": [{"value": "\n", "step": null, "ts": 1653222061.3159149}]}, "version": 108}
{"obj": {"type": "LogStrings", "path": ["monitoring", "stdout"], "values": [{"value": "", "step": null, "ts": 1653222061.316297}]}, "version": 109}
{"obj": {"type": "LogStrings", "path": ["monitoring", "stdout"], "values": [{"value": "Shutting down background jobs, please wait a moment...\n", "step": null, "ts": 1653222061.3164072}]}, "version": 110}
