{"obj": {"type": "AssignString", "path": ["sys", "name"], "value": "Untitled"}, "version": 1}
{"obj": {"type": "AssignString", "path": ["sys", "description"], "value": ""}, "version": 2}
{"obj": {"type": "AssignString", "path": ["sys", "hostname"], "value": "KW60717"}, "version": 3}
{"obj": {"type": "AssignBool", "path": ["sys", "failed"], "value": false}, "version": 4}
{"obj": {"type": "ClearStringLog", "path": ["monitoring", "stdout"]}, "version": 5}
{"obj": {"type": "ClearStringLog", "path": ["monitoring", "stderr"]}, "version": 6}
{"obj": {"type": "AssignString", "path": ["source_code", "entrypoint"], "value": "train.py"}, "version": 7}
{"obj": {"type": "UploadFileSet", "path": ["source_code", "files"], "file_globs": ["/home/resifis/Desktop/kaustcode/Packages/models/src/models/train.py"], "reset": "False"}, "version": 8}
{"obj": {"type": "ConfigFloatSeries", "path": ["monitoring", "cpu"], "min": 0.0, "max": 100.0, "unit": "%"}, "version": 9}
{"obj": {"type": "ClearFloatLog", "path": ["monitoring", "cpu"]}, "version": 10}
{"obj": {"type": "ConfigFloatSeries", "path": ["monitoring", "memory"], "min": 0.0, "max": 251.55138397216797, "unit": "GB"}, "version": 11}
{"obj": {"type": "ClearFloatLog", "path": ["monitoring", "memory"]}, "version": 12}
{"obj": {"type": "ConfigFloatSeries", "path": ["monitoring", "gpu_0"], "min": 0.0, "max": 100.0, "unit": "%"}, "version": 13}
{"obj": {"type": "ClearFloatLog", "path": ["monitoring", "gpu_0"]}, "version": 14}
{"obj": {"type": "ConfigFloatSeries", "path": ["monitoring", "gpu_1"], "min": 0.0, "max": 100.0, "unit": "%"}, "version": 15}
{"obj": {"type": "ClearFloatLog", "path": ["monitoring", "gpu_1"]}, "version": 16}
{"obj": {"type": "ConfigFloatSeries", "path": ["monitoring", "gpu_memory_0"], "min": 0.0, "max": 23.69952392578125, "unit": "GB"}, "version": 17}
{"obj": {"type": "ClearFloatLog", "path": ["monitoring", "gpu_memory_0"]}, "version": 18}
{"obj": {"type": "ConfigFloatSeries", "path": ["monitoring", "gpu_memory_1"], "min": 0.0, "max": 23.69952392578125, "unit": "GB"}, "version": 19}
{"obj": {"type": "ClearFloatLog", "path": ["monitoring", "gpu_memory_1"]}, "version": 20}
{"obj": {"type": "LogStrings", "path": ["monitoring", "stdout"], "values": [{"value": ".........EPOCH 0........", "step": null, "ts": 1653281790.507675}]}, "version": 21}
{"obj": {"type": "LogStrings", "path": ["monitoring", "stdout"], "values": [{"value": "\n", "step": null, "ts": 1653281790.5081089}]}, "version": 22}
{"obj": {"type": "LogStrings", "path": ["monitoring", "stderr"], "values": [{"value": "\r  0%|                                                                                                                                                                 | 0/500 [00:00<?, ?it/s]", "step": null, "ts": 1653281790.5111146}]}, "version": 23}
{"obj": {"type": "LogFloats", "path": ["monitoring", "cpu"], "values": [{"value": 3.0, "step": null, "ts": 1653281790.4981048}]}, "version": 24}
{"obj": {"type": "LogFloats", "path": ["monitoring", "memory"], "values": [{"value": 14.805961608886719, "step": null, "ts": 1653281790.4981048}]}, "version": 25}
{"obj": {"type": "LogFloats", "path": ["monitoring", "gpu_memory_0"], "values": [{"value": 0.589599609375, "step": null, "ts": 1653281790.4981048}]}, "version": 26}
{"obj": {"type": "LogFloats", "path": ["monitoring", "gpu_memory_1"], "values": [{"value": 16.581298828125, "step": null, "ts": 1653281790.4981048}]}, "version": 27}
{"obj": {"type": "LogStrings", "path": ["monitoring", "stderr"], "values": [{"value": "\r  0%|          | 0/500 [00:03<?, ?it/s, Batch_number=0, Loss=405, PSNR=tensor(5.7767, device='cuda:0', grad_fn=<MulBackward0>), SSIM=tensor(0.0014, device='cuda:0', grad_fn=<MeanBackward0>)]", "step": null, "ts": 1653281794.203063}]}, "version": 28}
{"obj": {"type": "LogStrings", "path": ["monitoring", "stderr"], "values": [{"value": "\r  0%|  | 1/500 [00:03<30:42,  3.69s/it, Batch_number=0, Loss=405, PSNR=tensor(5.7767, device='cuda:0', grad_fn=<MulBackward0>), SSIM=tensor(0.0014, device='cuda:0', grad_fn=<MeanBackward0>)]", "step": null, "ts": 1653281794.2037141}]}, "version": 29}
{"obj": {"type": "LogStrings", "path": ["monitoring", "stderr"], "values": [{"value": "\r  0%|  | 1/500 [00:04<30:42,  3.69s/it, Batch_number=1, Loss=433, PSNR=tensor(4.2525, device='cuda:0', grad_fn=<MulBackward0>), SSIM=tensor(0.0004, device='cuda:0', grad_fn=<MeanBackward0>)]", "step": null, "ts": 1653281795.0427804}]}, "version": 30}
{"obj": {"type": "LogStrings", "path": ["monitoring", "stderr"], "values": [{"value": "\r  0%|  | 2/500 [00:04<16:43,  2.01s/it, Batch_number=1, Loss=433, PSNR=tensor(4.2525, device='cuda:0', grad_fn=<MulBackward0>), SSIM=tensor(0.0004, device='cuda:0', grad_fn=<MeanBackward0>)]", "step": null, "ts": 1653281795.0430713}]}, "version": 31}
{"obj": {"type": "LogStrings", "path": ["monitoring", "stderr"], "values": [{"value": "\r  0%|  | 2/500 [00:05<16:43,  2.01s/it, Batch_number=2, Loss=438, PSNR=tensor(4.9544, device='cuda:0', grad_fn=<MulBackward0>), SSIM=tensor(0.0006, device='cuda:0', grad_fn=<MeanBackward0>)]", "step": null, "ts": 1653281795.868861}]}, "version": 32}
{"obj": {"type": "LogStrings", "path": ["monitoring", "stderr"], "values": [{"value": "\r  1%|  | 3/500 [00:05<12:11,  1.47s/it, Batch_number=2, Loss=438, PSNR=tensor(4.9544, device='cuda:0', grad_fn=<MulBackward0>), SSIM=tensor(0.0006, device='cuda:0', grad_fn=<MeanBackward0>)]", "step": null, "ts": 1653281795.8691387}]}, "version": 33}
{"obj": {"type": "LogStrings", "path": ["monitoring", "stderr"], "values": [{"value": "\r  1%|  | 3/500 [00:06<12:11,  1.47s/it, Batch_number=3, Loss=439, PSNR=tensor(4.9969, device='cuda:0', grad_fn=<MulBackward0>), SSIM=tensor(0.0016, device='cuda:0', grad_fn=<MeanBackward0>)]", "step": null, "ts": 1653281796.6384318}]}, "version": 34}
{"obj": {"type": "LogStrings", "path": ["monitoring", "stderr"], "values": [{"value": "\r  1%|  | 4/500 [00:06<09:52,  1.19s/it, Batch_number=3, Loss=439, PSNR=tensor(4.9969, device='cuda:0', grad_fn=<MulBackward0>), SSIM=tensor(0.0016, device='cuda:0', grad_fn=<MeanBackward0>)]", "step": null, "ts": 1653281796.6387885}]}, "version": 35}
{"obj": {"type": "LogStrings", "path": ["monitoring", "stderr"], "values": [{"value": "\r  1%|  | 4/500 [00:06<09:52,  1.19s/it, Batch_number=4, Loss=437, PSNR=tensor(4.2046, device='cuda:0', grad_fn=<MulBackward0>), SSIM=tensor(0.0013, device='cuda:0', grad_fn=<MeanBackward0>)]", "step": null, "ts": 1653281797.37683}]}, "version": 36}
{"obj": {"type": "LogStrings", "path": ["monitoring", "stderr"], "values": [{"value": "\r  1%|  | 5/500 [00:06<08:29,  1.03s/it, Batch_number=4, Loss=437, PSNR=tensor(4.2046, device='cuda:0', grad_fn=<MulBackward0>), SSIM=tensor(0.0013, device='cuda:0', grad_fn=<MeanBackward0>)]", "step": null, "ts": 1653281797.3771045}]}, "version": 37}
{"obj": {"type": "LogStrings", "path": ["monitoring", "stderr"], "values": [{"value": "\r  1%|  | 5/500 [00:07<08:29,  1.03s/it, Batch_number=5, Loss=466, PSNR=tensor(3.5042, device='cuda:0', grad_fn=<MulBackward0>), SSIM=tensor(0.0012, device='cuda:0', grad_fn=<MeanBackward0>)]", "step": null, "ts": 1653281798.1113515}]}, "version": 38}
{"obj": {"type": "LogStrings", "path": ["monitoring", "stderr"], "values": [{"value": "\r  1%|  | 6/500 [00:07<07:39,  1.08it/s, Batch_number=5, Loss=466, PSNR=tensor(3.5042, device='cuda:0', grad_fn=<MulBackward0>), SSIM=tensor(0.0012, device='cuda:0', grad_fn=<MeanBackward0>)]", "step": null, "ts": 1653281798.1116252}]}, "version": 39}
{"obj": {"type": "LogStrings", "path": ["monitoring", "stderr"], "values": [{"value": "\r  1%|  | 6/500 [00:08<07:39,  1.08it/s, Batch_number=6, Loss=463, PSNR=tensor(4.8554, device='cuda:0', grad_fn=<MulBackward0>), SSIM=tensor(0.0014, device='cuda:0', grad_fn=<MeanBackward0>)]", "step": null, "ts": 1653281798.851904}]}, "version": 40}
{"obj": {"type": "LogStrings", "path": ["monitoring", "stderr"], "values": [{"value": "\r  1%|  | 7/500 [00:08<07:07,  1.15it/s, Batch_number=6, Loss=463, PSNR=tensor(4.8554, device='cuda:0', grad_fn=<MulBackward0>), SSIM=tensor(0.0014, device='cuda:0', grad_fn=<MeanBackward0>)]", "step": null, "ts": 1653281798.8521855}]}, "version": 41}
{"obj": {"type": "LogStrings", "path": ["monitoring", "stderr"], "values": [{"value": "\r  1%|  | 7/500 [00:09<07:07,  1.15it/s, Batch_number=7, Loss=465, PSNR=tensor(4.8403, device='cuda:0', grad_fn=<MulBackward0>), SSIM=tensor(0.0029, device='cuda:0', grad_fn=<MeanBackward0>)]", "step": null, "ts": 1653281799.5835319}]}, "version": 42}
{"obj": {"type": "LogStrings", "path": ["monitoring", "stderr"], "values": [{"value": "\r  2%|  | 8/500 [00:09<06:45,  1.21it/s, Batch_number=7, Loss=465, PSNR=tensor(4.8403, device='cuda:0', grad_fn=<MulBackward0>), SSIM=tensor(0.0029, device='cuda:0', grad_fn=<MeanBackward0>)]", "step": null, "ts": 1653281799.5837924}]}, "version": 43}
{"obj": {"type": "LogStrings", "path": ["monitoring", "stderr"], "values": [{"value": "\r  2%|  | 8/500 [00:09<06:45,  1.21it/s, Batch_number=8, Loss=478, PSNR=tensor(4.3086, device='cuda:0', grad_fn=<MulBackward0>), SSIM=tensor(0.0010, device='cuda:0', grad_fn=<MeanBackward0>)]", "step": null, "ts": 1653281800.3253357}]}, "version": 44}
{"obj": {"type": "LogStrings", "path": ["monitoring", "stderr"], "values": [{"value": "\r  2%|  | 9/500 [00:09<06:32,  1.25it/s, Batch_number=8, Loss=478, PSNR=tensor(4.3086, device='cuda:0', grad_fn=<MulBackward0>), SSIM=tensor(0.0010, device='cuda:0', grad_fn=<MeanBackward0>)]", "step": null, "ts": 1653281800.3256}]}, "version": 45}
{"obj": {"type": "LogFloats", "path": ["monitoring", "cpu"], "values": [{"value": 52.8, "step": null, "ts": 1653281800.5139477}]}, "version": 46}
{"obj": {"type": "LogFloats", "path": ["monitoring", "memory"], "values": [{"value": 15.709365844726562, "step": null, "ts": 1653281800.5139477}]}, "version": 47}
{"obj": {"type": "LogFloats", "path": ["monitoring", "gpu_0"], "values": [{"value": 13.0, "step": null, "ts": 1653281800.5139477}]}, "version": 48}
{"obj": {"type": "LogFloats", "path": ["monitoring", "gpu_1"], "values": [{"value": 79.0, "step": null, "ts": 1653281800.5139477}]}, "version": 49}
{"obj": {"type": "LogFloats", "path": ["monitoring", "gpu_memory_0"], "values": [{"value": 0.593505859375, "step": null, "ts": 1653281800.5139477}]}, "version": 50}
{"obj": {"type": "LogFloats", "path": ["monitoring", "gpu_memory_1"], "values": [{"value": 23.231689453125, "step": null, "ts": 1653281800.5139477}]}, "version": 51}
{"obj": {"type": "LogStrings", "path": ["monitoring", "stderr"], "values": [{"value": "\r  2%|  | 9/500 [00:10<06:32,  1.25it/s, Batch_number=9, Loss=496, PSNR=tensor(3.3238, device='cuda:0', grad_fn=<MulBackward0>), SSIM=tensor(0.0009, device='cuda:0', grad_fn=<MeanBackward0>)]", "step": null, "ts": 1653281801.0611894}]}, "version": 52}
{"obj": {"type": "LogStrings", "path": ["monitoring", "stderr"], "values": [{"value": "\r  2%| | 10/500 [00:10<06:21,  1.28it/s, Batch_number=9, Loss=496, PSNR=tensor(3.3238, device='cuda:0', grad_fn=<MulBackward0>), SSIM=tensor(0.0009, device='cuda:0', grad_fn=<MeanBackward0>)]", "step": null, "ts": 1653281801.0614493}]}, "version": 53}
{"obj": {"type": "LogStrings", "path": ["monitoring", "stderr"], "values": [{"value": "\r  2%| | 10/500 [00:11<06:21,  1.28it/s, Batch_number=10, Loss=510, PSNR=tensor(3.6945, device='cuda:0', grad_fn=<MulBackward0>), SSIM=tensor(0.0007, device='cuda:0', grad_fn=<MeanBackward0>)", "step": null, "ts": 1653281801.8162444}]}, "version": 54}
{"obj": {"type": "LogStrings", "path": ["monitoring", "stderr"], "values": [{"value": "\r  2%| | 11/500 [00:11<06:17,  1.30it/s, Batch_number=10, Loss=510, PSNR=tensor(3.6945, device='cuda:0', grad_fn=<MulBackward0>), SSIM=tensor(0.0007, device='cuda:0', grad_fn=<MeanBackward0>)", "step": null, "ts": 1653281801.816482}]}, "version": 55}
{"obj": {"type": "LogStrings", "path": ["monitoring", "stderr"], "values": [{"value": "\r  2%| | 11/500 [00:12<06:17,  1.30it/s, Batch_number=11, Loss=509, PSNR=tensor(4.8694, device='cuda:0', grad_fn=<MulBackward0>), SSIM=tensor(0.0026, device='cuda:0', grad_fn=<MeanBackward0>)", "step": null, "ts": 1653281802.5484483}]}, "version": 56}
{"obj": {"type": "LogStrings", "path": ["monitoring", "stderr"], "values": [{"value": "\r  2%| | 12/500 [00:12<06:10,  1.32it/s, Batch_number=11, Loss=509, PSNR=tensor(4.8694, device='cuda:0', grad_fn=<MulBackward0>), SSIM=tensor(0.0026, device='cuda:0', grad_fn=<MeanBackward0>)", "step": null, "ts": 1653281802.5487127}]}, "version": 57}
{"obj": {"type": "LogStrings", "path": ["monitoring", "stderr"], "values": [{"value": "\r  2%| | 12/500 [00:12<06:10,  1.32it/s, Batch_number=12, Loss=514, PSNR=tensor(3.9433, device='cuda:0', grad_fn=<MulBackward0>), SSIM=tensor(0.0022, device='cuda:0', grad_fn=<MeanBackward0>)", "step": null, "ts": 1653281803.3223548}]}, "version": 58}
{"obj": {"type": "LogStrings", "path": ["monitoring", "stderr"], "values": [{"value": "\r  3%| | 13/500 [00:12<06:12,  1.31it/s, Batch_number=12, Loss=514, PSNR=tensor(3.9433, device='cuda:0', grad_fn=<MulBackward0>), SSIM=tensor(0.0022, device='cuda:0', grad_fn=<MeanBackward0>)", "step": null, "ts": 1653281803.322625}]}, "version": 59}
{"obj": {"type": "LogStrings", "path": ["monitoring", "stderr"], "values": [{"value": "\r  3%| | 13/500 [00:13<06:12,  1.31it/s, Batch_number=13, Loss=521, PSNR=tensor(3.4235, device='cuda:0', grad_fn=<MulBackward0>), SSIM=tensor(0.0024, device='cuda:0', grad_fn=<MeanBackward0>)", "step": null, "ts": 1653281804.0551896}]}, "version": 60}
{"obj": {"type": "LogStrings", "path": ["monitoring", "stderr"], "values": [{"value": "\r  3%| | 14/500 [00:13<06:06,  1.33it/s, Batch_number=13, Loss=521, PSNR=tensor(3.4235, device='cuda:0', grad_fn=<MulBackward0>), SSIM=tensor(0.0024, device='cuda:0', grad_fn=<MeanBackward0>)", "step": null, "ts": 1653281804.0554404}]}, "version": 61}
{"obj": {"type": "LogStrings", "path": ["monitoring", "stderr"], "values": [{"value": "", "step": null, "ts": 1653281804.166507}]}, "version": 62}
{"obj": {"type": "LogStrings", "path": ["monitoring", "stderr"], "values": [{"value": "\r  3%| | 14/500 [00:13<07:54,  1.03it/s, Batch_number=13, Loss=521, PSNR=tensor(3.4235, device='cuda:0', grad_fn=<MulBackward0>), SSIM=tensor(0.0024, device='cuda:0', grad_fn=<MeanBackward0>)", "step": null, "ts": 1653281804.1668782}]}, "version": 63}
{"obj": {"type": "LogStrings", "path": ["monitoring", "stderr"], "values": [{"value": "\n", "step": null, "ts": 1653281804.1669853}]}, "version": 64}
{"obj": {"type": "LogStrings", "path": ["monitoring", "traceback"], "values": [{"value": "An uncaught exception occurred while run was active on worker KW60717.", "step": null, "ts": 1653281804.1683545}, {"value": "Marking run as failed", "step": null, "ts": 1653281804.1683545}, {"value": "Traceback:", "step": null, "ts": 1653281804.1683545}, {"value": "  File \"/home/resifis/Desktop/kaustcode/Packages/models/src/models/train.py\", line 113, in <module>\n    job.fit(TrainData,ValidData)\n", "step": null, "ts": 1653281804.1683545}, {"value": "  File \"/home/resifis/anaconda3/envs/kaustenv/lib/python3.10/site-packages/models/forecastors/utils/simple_engine.py\", line 144, in fit\n    tr_loss = self.train_fn(self.train_config.model,train_data_loader)\n", "step": null, "ts": 1653281804.1683545}, {"value": "  File \"/home/resifis/anaconda3/envs/kaustenv/lib/python3.10/site-packages/models/forecastors/utils/simple_engine.py\", line 63, in train_fn\n    for index,train_batch in tqt:\n", "step": null, "ts": 1653281804.1683545}, {"value": "  File \"/home/resifis/anaconda3/envs/kaustenv/lib/python3.10/site-packages/tqdm/std.py\", line 1195, in __iter__\n    for obj in iterable:\n", "step": null, "ts": 1653281804.1683545}, {"value": "  File \"/home/resifis/anaconda3/envs/kaustenv/lib/python3.10/site-packages/torch/utils/data/dataloader.py\", line 530, in __next__\n    data = self._next_data()\n", "step": null, "ts": 1653281804.1683545}, {"value": "  File \"/home/resifis/anaconda3/envs/kaustenv/lib/python3.10/site-packages/torch/utils/data/dataloader.py\", line 570, in _next_data\n    data = self._dataset_fetcher.fetch(index)  # may raise StopIteration\n", "step": null, "ts": 1653281804.1683545}, {"value": "  File \"/home/resifis/anaconda3/envs/kaustenv/lib/python3.10/site-packages/torch/utils/data/_utils/fetch.py\", line 49, in fetch\n    data = [self.dataset[idx] for idx in possibly_batched_index]\n", "step": null, "ts": 1653281804.1683545}]}, "version": 65}
{"obj": {"type": "LogStrings", "path": ["monitoring", "traceback"], "values": [{"value": "  File \"/home/resifis/anaconda3/envs/kaustenv/lib/python3.10/site-packages/torch/utils/data/_utils/fetch.py\", line 49, in <listcomp>\n    data = [self.dataset[idx] for idx in possibly_batched_index]\n", "step": null, "ts": 1653281804.1683545}, {"value": "  File \"/home/resifis/anaconda3/envs/kaustenv/lib/python3.10/site-packages/data_prep/dataset/wrf_data.py\", line 195, in __getitem__\n    all_data,target = self._get_tensor_data(item)\n", "step": null, "ts": 1653281804.1683545}, {"value": "  File \"/home/resifis/anaconda3/envs/kaustenv/lib/python3.10/site-packages/data_prep/dataset/wrf_data.py\", line 136, in _get_tensor_data\n    data_aerosol = 100*np.array(self.aerosol.variables[\"aod5503d\"][item:item+self.window_size,:,:])\n", "step": null, "ts": 1653281804.1683545}, {"value": "  File \"src/netCDF4/_netCDF4.pyx\", line 4445, in netCDF4._netCDF4.Variable.__getitem__\n", "step": null, "ts": 1653281804.1683545}, {"value": "  File \"src/netCDF4/_netCDF4.pyx\", line 4592, in netCDF4._netCDF4.Variable._toma\n", "step": null, "ts": 1653281804.1683545}, {"value": "  File \"/home/resifis/anaconda3/envs/kaustenv/lib/python3.10/site-packages/numpy/core/_methods.py\", line 54, in _any\n    def _any(a, axis=None, dtype=None, out=None, keepdims=False, *, where=True):\n", "step": null, "ts": 1653281804.1683545}, {"value": "", "step": null, "ts": 1653281804.1683545}]}, "version": 66}
{"obj": {"type": "AssignBool", "path": ["sys", "failed"], "value": true}, "version": 67}
{"obj": {"type": "LogStrings", "path": ["monitoring", "stderr"], "values": [{"value": "Traceback (most recent call last):\n", "step": null, "ts": 1653281804.1687024}]}, "version": 68}
{"obj": {"type": "LogStrings", "path": ["monitoring", "stderr"], "values": [{"value": "  File \"/home/resifis/Desktop/kaustcode/Packages/models/src/models/train.py\", line 113, in <module>\n", "step": null, "ts": 1653281804.1687884}]}, "version": 69}
{"obj": {"type": "LogStrings", "path": ["monitoring", "stderr"], "values": [{"value": "    ", "step": null, "ts": 1653281804.168957}]}, "version": 70}
{"obj": {"type": "LogStrings", "path": ["monitoring", "stderr"], "values": [{"value": "job.fit(TrainData,ValidData)", "step": null, "ts": 1653281804.1690264}]}, "version": 71}
{"obj": {"type": "LogStrings", "path": ["monitoring", "stderr"], "values": [{"value": "\n", "step": null, "ts": 1653281804.169103}]}, "version": 72}
{"obj": {"type": "LogStrings", "path": ["monitoring", "stderr"], "values": [{"value": "  File \"/home/resifis/anaconda3/envs/kaustenv/lib/python3.10/site-packages/models/forecastors/utils/simple_engine.py\", line 144, in fit\n", "step": null, "ts": 1653281804.1691751}]}, "version": 73}
{"obj": {"type": "LogStrings", "path": ["monitoring", "stderr"], "values": [{"value": "    ", "step": null, "ts": 1653281804.1693015}]}, "version": 74}
{"obj": {"type": "LogStrings", "path": ["monitoring", "stderr"], "values": [{"value": "tr_loss = self.train_fn(self.train_config.model,train_data_loader)", "step": null, "ts": 1653281804.169387}]}, "version": 75}
{"obj": {"type": "LogStrings", "path": ["monitoring", "stderr"], "values": [{"value": "\n", "step": null, "ts": 1653281804.169461}]}, "version": 76}
{"obj": {"type": "LogStrings", "path": ["monitoring", "stderr"], "values": [{"value": "  File \"/home/resifis/anaconda3/envs/kaustenv/lib/python3.10/site-packages/models/forecastors/utils/simple_engine.py\", line 63, in train_fn\n", "step": null, "ts": 1653281804.1695309}]}, "version": 77}
{"obj": {"type": "LogStrings", "path": ["monitoring", "stderr"], "values": [{"value": "    ", "step": null, "ts": 1653281804.1696498}]}, "version": 78}
{"obj": {"type": "LogStrings", "path": ["monitoring", "stderr"], "values": [{"value": "for index,train_batch in tqt:", "step": null, "ts": 1653281804.1697114}]}, "version": 79}
{"obj": {"type": "LogStrings", "path": ["monitoring", "stderr"], "values": [{"value": "\n", "step": null, "ts": 1653281804.169783}]}, "version": 80}
{"obj": {"type": "LogStrings", "path": ["monitoring", "stderr"], "values": [{"value": "  File \"/home/resifis/anaconda3/envs/kaustenv/lib/python3.10/site-packages/tqdm/std.py\", line 1195, in __iter__\n", "step": null, "ts": 1653281804.1698532}]}, "version": 81}
{"obj": {"type": "LogStrings", "path": ["monitoring", "stderr"], "values": [{"value": "    ", "step": null, "ts": 1653281804.1701198}]}, "version": 82}
{"obj": {"type": "LogStrings", "path": ["monitoring", "stderr"], "values": [{"value": "for obj in iterable:", "step": null, "ts": 1653281804.1701865}]}, "version": 83}
{"obj": {"type": "LogStrings", "path": ["monitoring", "stderr"], "values": [{"value": "\n", "step": null, "ts": 1653281804.17026}]}, "version": 84}
{"obj": {"type": "LogStrings", "path": ["monitoring", "stderr"], "values": [{"value": "  File \"/home/resifis/anaconda3/envs/kaustenv/lib/python3.10/site-packages/torch/utils/data/dataloader.py\", line 530, in __next__\n", "step": null, "ts": 1653281804.1703303}]}, "version": 85}
{"obj": {"type": "LogStrings", "path": ["monitoring", "stderr"], "values": [{"value": "    ", "step": null, "ts": 1653281804.1705096}]}, "version": 86}
{"obj": {"type": "LogStrings", "path": ["monitoring", "stderr"], "values": [{"value": "data = self._next_data()", "step": null, "ts": 1653281804.1705723}]}, "version": 87}
{"obj": {"type": "LogStrings", "path": ["monitoring", "stderr"], "values": [{"value": "\n", "step": null, "ts": 1653281804.1706498}]}, "version": 88}
{"obj": {"type": "LogStrings", "path": ["monitoring", "stderr"], "values": [{"value": "  File \"/home/resifis/anaconda3/envs/kaustenv/lib/python3.10/site-packages/torch/utils/data/dataloader.py\", line 570, in _next_data\n", "step": null, "ts": 1653281804.170719}]}, "version": 89}
{"obj": {"type": "LogStrings", "path": ["monitoring", "stderr"], "values": [{"value": "    ", "step": null, "ts": 1653281804.1708977}]}, "version": 90}
{"obj": {"type": "LogStrings", "path": ["monitoring", "stderr"], "values": [{"value": "data = self._dataset_fetcher.fetch(index)  # may raise StopIteration", "step": null, "ts": 1653281804.1709597}]}, "version": 91}
{"obj": {"type": "LogStrings", "path": ["monitoring", "stderr"], "values": [{"value": "\n", "step": null, "ts": 1653281804.1710336}]}, "version": 92}
{"obj": {"type": "LogStrings", "path": ["monitoring", "stderr"], "values": [{"value": "  File \"/home/resifis/anaconda3/envs/kaustenv/lib/python3.10/site-packages/torch/utils/data/_utils/fetch.py\", line 49, in fetch\n", "step": null, "ts": 1653281804.171103}]}, "version": 93}
{"obj": {"type": "LogStrings", "path": ["monitoring", "stderr"], "values": [{"value": "    ", "step": null, "ts": 1653281804.171208}]}, "version": 94}
{"obj": {"type": "LogStrings", "path": ["monitoring", "stderr"], "values": [{"value": "data = [self.dataset[idx] for idx in possibly_batched_index]", "step": null, "ts": 1653281804.1712666}]}, "version": 95}
{"obj": {"type": "LogStrings", "path": ["monitoring", "stderr"], "values": [{"value": "\n", "step": null, "ts": 1653281804.171336}]}, "version": 96}
{"obj": {"type": "LogStrings", "path": ["monitoring", "stderr"], "values": [{"value": "  File \"/home/resifis/anaconda3/envs/kaustenv/lib/python3.10/site-packages/torch/utils/data/_utils/fetch.py\", line 49, in <listcomp>\n", "step": null, "ts": 1653281804.1714041}]}, "version": 97}
{"obj": {"type": "LogStrings", "path": ["monitoring", "stderr"], "values": [{"value": "    ", "step": null, "ts": 1653281804.1715045}]}, "version": 98}
{"obj": {"type": "LogStrings", "path": ["monitoring", "stderr"], "values": [{"value": "data = [self.dataset[idx] for idx in possibly_batched_index]", "step": null, "ts": 1653281804.1715631}]}, "version": 99}
{"obj": {"type": "LogStrings", "path": ["monitoring", "stderr"], "values": [{"value": "\n", "step": null, "ts": 1653281804.171632}]}, "version": 100}
{"obj": {"type": "LogStrings", "path": ["monitoring", "stderr"], "values": [{"value": "  File \"/home/resifis/anaconda3/envs/kaustenv/lib/python3.10/site-packages/data_prep/dataset/wrf_data.py\", line 195, in __getitem__\n", "step": null, "ts": 1653281804.171706}]}, "version": 101}
{"obj": {"type": "LogStrings", "path": ["monitoring", "stderr"], "values": [{"value": "    ", "step": null, "ts": 1653281804.1718242}]}, "version": 102}
{"obj": {"type": "LogStrings", "path": ["monitoring", "stderr"], "values": [{"value": "all_data,target = self._get_tensor_data(item)", "step": null, "ts": 1653281804.1718836}]}, "version": 103}
{"obj": {"type": "LogStrings", "path": ["monitoring", "stderr"], "values": [{"value": "\n", "step": null, "ts": 1653281804.1719532}]}, "version": 104}
{"obj": {"type": "LogStrings", "path": ["monitoring", "stderr"], "values": [{"value": "  File \"/home/resifis/anaconda3/envs/kaustenv/lib/python3.10/site-packages/data_prep/dataset/wrf_data.py\", line 136, in _get_tensor_data\n", "step": null, "ts": 1653281804.1720214}]}, "version": 105}
{"obj": {"type": "LogStrings", "path": ["monitoring", "stderr"], "values": [{"value": "    ", "step": null, "ts": 1653281804.1721306}]}, "version": 106}
{"obj": {"type": "LogStrings", "path": ["monitoring", "stderr"], "values": [{"value": "data_aerosol = 100*np.array(self.aerosol.variables[\"aod5503d\"][item:item+self.window_size,:,:])", "step": null, "ts": 1653281804.1721892}]}, "version": 107}
{"obj": {"type": "LogStrings", "path": ["monitoring", "stderr"], "values": [{"value": "\n", "step": null, "ts": 1653281804.1722593}]}, "version": 108}
{"obj": {"type": "LogStrings", "path": ["monitoring", "stderr"], "values": [{"value": "  File \"src/netCDF4/_netCDF4.pyx\", line 4445, in netCDF4._netCDF4.Variable.__getitem__\n", "step": null, "ts": 1653281804.1723268}]}, "version": 109}
{"obj": {"type": "LogStrings", "path": ["monitoring", "stderr"], "values": [{"value": "  File \"src/netCDF4/_netCDF4.pyx\", line 4592, in netCDF4._netCDF4.Variable._toma\n", "step": null, "ts": 1653281804.1724837}]}, "version": 110}
{"obj": {"type": "LogStrings", "path": ["monitoring", "stderr"], "values": [{"value": "  File \"/home/resifis/anaconda3/envs/kaustenv/lib/python3.10/site-packages/numpy/core/_methods.py\", line 54, in _any\n", "step": null, "ts": 1653281804.1725948}]}, "version": 111}
{"obj": {"type": "LogStrings", "path": ["monitoring", "stderr"], "values": [{"value": "    ", "step": null, "ts": 1653281804.172704}]}, "version": 112}
{"obj": {"type": "LogStrings", "path": ["monitoring", "stderr"], "values": [{"value": "def _any(a, axis=None, dtype=None, out=None, keepdims=False, *, where=True):", "step": null, "ts": 1653281804.1727636}]}, "version": 113}
{"obj": {"type": "LogStrings", "path": ["monitoring", "stderr"], "values": [{"value": "\n", "step": null, "ts": 1653281804.172833}]}, "version": 114}
{"obj": {"type": "LogStrings", "path": ["monitoring", "stderr"], "values": [{"value": "KeyboardInterrupt", "step": null, "ts": 1653281804.1729128}]}, "version": 115}
{"obj": {"type": "LogStrings", "path": ["monitoring", "stderr"], "values": [{"value": "", "step": null, "ts": 1653281804.172986}]}, "version": 116}
{"obj": {"type": "LogStrings", "path": ["monitoring", "stderr"], "values": [{"value": "\n", "step": null, "ts": 1653281804.1730564}]}, "version": 117}
{"obj": {"type": "LogStrings", "path": ["monitoring", "stdout"], "values": [{"value": "", "step": null, "ts": 1653281804.1734118}]}, "version": 118}
{"obj": {"type": "LogStrings", "path": ["monitoring", "stdout"], "values": [{"value": "Shutting down background jobs, please wait a moment...\n", "step": null, "ts": 1653281804.1735554}]}, "version": 119}
