{"obj": {"type": "AssignString", "path": ["sys", "name"], "value": "Untitled"}, "version": 1}
{"obj": {"type": "AssignString", "path": ["sys", "description"], "value": ""}, "version": 2}
{"obj": {"type": "AssignString", "path": ["sys", "hostname"], "value": "KW60717"}, "version": 3}
{"obj": {"type": "AssignBool", "path": ["sys", "failed"], "value": false}, "version": 4}
{"obj": {"type": "ClearStringLog", "path": ["monitoring", "stdout"]}, "version": 5}
{"obj": {"type": "ClearStringLog", "path": ["monitoring", "stderr"]}, "version": 6}
{"obj": {"type": "AssignString", "path": ["source_code", "entrypoint"], "value": "train.py"}, "version": 7}
{"obj": {"type": "UploadFileSet", "path": ["source_code", "files"], "file_globs": ["/home/resifis/Desktop/kaustcode/Packages/models/src/models/train.py"], "reset": "False"}, "version": 8}
{"obj": {"type": "ConfigFloatSeries", "path": ["monitoring", "cpu"], "min": 0.0, "max": 100.0, "unit": "%"}, "version": 9}
{"obj": {"type": "ClearFloatLog", "path": ["monitoring", "cpu"]}, "version": 10}
{"obj": {"type": "ConfigFloatSeries", "path": ["monitoring", "memory"], "min": 0.0, "max": 251.55138778686523, "unit": "GB"}, "version": 11}
{"obj": {"type": "ClearFloatLog", "path": ["monitoring", "memory"]}, "version": 12}
{"obj": {"type": "ConfigFloatSeries", "path": ["monitoring", "gpu_0"], "min": 0.0, "max": 100.0, "unit": "%"}, "version": 13}
{"obj": {"type": "ClearFloatLog", "path": ["monitoring", "gpu_0"]}, "version": 14}
{"obj": {"type": "ConfigFloatSeries", "path": ["monitoring", "gpu_1"], "min": 0.0, "max": 100.0, "unit": "%"}, "version": 15}
{"obj": {"type": "ClearFloatLog", "path": ["monitoring", "gpu_1"]}, "version": 16}
{"obj": {"type": "ConfigFloatSeries", "path": ["monitoring", "gpu_memory_0"], "min": 0.0, "max": 23.69952392578125, "unit": "GB"}, "version": 17}
{"obj": {"type": "ClearFloatLog", "path": ["monitoring", "gpu_memory_0"]}, "version": 18}
{"obj": {"type": "ConfigFloatSeries", "path": ["monitoring", "gpu_memory_1"], "min": 0.0, "max": 23.69952392578125, "unit": "GB"}, "version": 19}
{"obj": {"type": "ClearFloatLog", "path": ["monitoring", "gpu_memory_1"]}, "version": 20}
{"obj": {"type": "LogStrings", "path": ["monitoring", "stdout"], "values": [{"value": ".........EPOCH 0........", "step": null, "ts": 1654341533.7712953}]}, "version": 21}
{"obj": {"type": "LogStrings", "path": ["monitoring", "stdout"], "values": [{"value": "\n", "step": null, "ts": 1654341533.772114}]}, "version": 22}
{"obj": {"type": "LogStrings", "path": ["monitoring", "stderr"], "values": [{"value": "\r  0%|                                                                                                                                                                                                 | 0/500 [00:00<?, ?it/s]", "step": null, "ts": 1654341533.775462}]}, "version": 23}
{"obj": {"type": "LogFloats", "path": ["monitoring", "cpu"], "values": [{"value": 2.8, "step": null, "ts": 1654341533.763789}]}, "version": 24}
{"obj": {"type": "LogFloats", "path": ["monitoring", "memory"], "values": [{"value": 19.929744720458984, "step": null, "ts": 1654341533.763789}]}, "version": 25}
{"obj": {"type": "LogFloats", "path": ["monitoring", "gpu_memory_0"], "values": [{"value": 0.60540771484375, "step": null, "ts": 1654341533.763789}]}, "version": 26}
{"obj": {"type": "LogFloats", "path": ["monitoring", "gpu_memory_1"], "values": [{"value": 5.009033203125, "step": null, "ts": 1654341533.763789}]}, "version": 27}
{"obj": {"type": "LogStrings", "path": ["monitoring", "stdout"], "values": [{"value": "x shape", "step": null, "ts": 1654341534.312437}]}, "version": 28}
{"obj": {"type": "LogStrings", "path": ["monitoring", "stdout"], "values": [{"value": " ", "step": null, "ts": 1654341534.3126023}]}, "version": 29}
{"obj": {"type": "LogStrings", "path": ["monitoring", "stdout"], "values": [{"value": "torch.Size([4, 12, 16, 106, 144])", "step": null, "ts": 1654341534.3126638}]}, "version": 30}
{"obj": {"type": "LogStrings", "path": ["monitoring", "stdout"], "values": [{"value": "\n", "step": null, "ts": 1654341534.3127217}]}, "version": 31}
{"obj": {"type": "LogStrings", "path": ["monitoring", "stderr"], "values": [{"value": "\r  0%|                                                                                                                                              | 0/500 [00:04<?, ?it/s, Batch_number=0, Loss=309, PSNR=6.7, SSIM=-9.58e-5]", "step": null, "ts": 1654341538.650812}]}, "version": 32}
{"obj": {"type": "LogStrings", "path": ["monitoring", "stderr"], "values": [{"value": "\r  0%|\u258e                                                                                                                                     | 1/500 [00:04<40:32,  4.88s/it, Batch_number=0, Loss=309, PSNR=6.7, SSIM=-9.58e-5]", "step": null, "ts": 1654341538.6515024}]}, "version": 33}
{"obj": {"type": "LogStrings", "path": ["monitoring", "stdout"], "values": [{"value": "x shape", "step": null, "ts": 1654341540.9344153}]}, "version": 34}
{"obj": {"type": "LogStrings", "path": ["monitoring", "stdout"], "values": [{"value": " ", "step": null, "ts": 1654341540.9346726}]}, "version": 35}
{"obj": {"type": "LogStrings", "path": ["monitoring", "stdout"], "values": [{"value": "torch.Size([4, 12, 16, 106, 144])", "step": null, "ts": 1654341540.934784}]}, "version": 36}
{"obj": {"type": "LogStrings", "path": ["monitoring", "stdout"], "values": [{"value": "\n", "step": null, "ts": 1654341540.9348874}]}, "version": 37}
{"obj": {"type": "LogStrings", "path": ["monitoring", "stderr"], "values": [{"value": "\r  0%|\u258e                                                                                                                                    | 1/500 [00:07<40:32,  4.88s/it, Batch_number=1, Loss=460, PSNR=3.74, SSIM=0.000614]", "step": null, "ts": 1654341541.314824}]}, "version": 38}
{"obj": {"type": "LogStrings", "path": ["monitoring", "stderr"], "values": [{"value": "\r  0%|\u258c                                                                                                                                    | 2/500 [00:07<29:40,  3.57s/it, Batch_number=1, Loss=460, PSNR=3.74, SSIM=0.000614]", "step": null, "ts": 1654341541.3152215}]}, "version": 39}
{"obj": {"type": "LogStrings", "path": ["monitoring", "stdout"], "values": [{"value": "x shape", "step": null, "ts": 1654341543.566277}]}, "version": 40}
{"obj": {"type": "LogStrings", "path": ["monitoring", "stdout"], "values": [{"value": " ", "step": null, "ts": 1654341543.5665252}]}, "version": 41}
{"obj": {"type": "LogStrings", "path": ["monitoring", "stdout"], "values": [{"value": "torch.Size([4, 12, 16, 106, 144])", "step": null, "ts": 1654341543.5666418}]}, "version": 42}
{"obj": {"type": "LogStrings", "path": ["monitoring", "stdout"], "values": [{"value": "\n", "step": null, "ts": 1654341543.566745}]}, "version": 43}
{"obj": {"type": "LogFloats", "path": ["monitoring", "cpu"], "values": [{"value": 10.1, "step": null, "ts": 1654341543.7776756}]}, "version": 44}
{"obj": {"type": "LogFloats", "path": ["monitoring", "memory"], "values": [{"value": 20.76586151123047, "step": null, "ts": 1654341543.7776756}]}, "version": 45}
{"obj": {"type": "LogFloats", "path": ["monitoring", "gpu_0"], "values": [{"value": 11.0, "step": null, "ts": 1654341543.7776756}]}, "version": 46}
{"obj": {"type": "LogFloats", "path": ["monitoring", "gpu_1"], "values": [{"value": 98.0, "step": null, "ts": 1654341543.7776756}]}, "version": 47}
{"obj": {"type": "LogFloats", "path": ["monitoring", "gpu_memory_0"], "values": [{"value": 0.60931396484375, "step": null, "ts": 1654341543.7776756}]}, "version": 48}
{"obj": {"type": "LogFloats", "path": ["monitoring", "gpu_memory_1"], "values": [{"value": 13.118408203125, "step": null, "ts": 1654341543.7776756}]}, "version": 49}
{"obj": {"type": "LogStrings", "path": ["monitoring", "stderr"], "values": [{"value": "\r  0%|\u258c                                                                                                                                     | 2/500 [00:10<29:40,  3.57s/it, Batch_number=2, Loss=487, PSNR=4.79, SSIM=0.00135]", "step": null, "ts": 1654341543.9434924}]}, "version": 50}
{"obj": {"type": "LogStrings", "path": ["monitoring", "stderr"], "values": [{"value": "\r  1%|\u258a                                                                                                                                     | 3/500 [00:10<26:01,  3.14s/it, Batch_number=2, Loss=487, PSNR=4.79, SSIM=0.00135]", "step": null, "ts": 1654341543.9438605}]}, "version": 51}
{"obj": {"type": "LogStrings", "path": ["monitoring", "stdout"], "values": [{"value": "x shape", "step": null, "ts": 1654341546.1936383}]}, "version": 52}
{"obj": {"type": "LogStrings", "path": ["monitoring", "stdout"], "values": [{"value": " ", "step": null, "ts": 1654341546.1938832}]}, "version": 53}
{"obj": {"type": "LogStrings", "path": ["monitoring", "stdout"], "values": [{"value": "torch.Size([4, 12, 16, 106, 144])", "step": null, "ts": 1654341546.1939912}]}, "version": 54}
{"obj": {"type": "LogStrings", "path": ["monitoring", "stdout"], "values": [{"value": "\n", "step": null, "ts": 1654341546.1940944}]}, "version": 55}
{"obj": {"type": "LogStrings", "path": ["monitoring", "stderr"], "values": [{"value": "\r  1%|\u258a                                                                                                                                    | 3/500 [00:12<26:01,  3.14s/it, Batch_number=3, Loss=486, PSNR=4.32, SSIM=0.000241]", "step": null, "ts": 1654341546.5683498}]}, "version": 56}
{"obj": {"type": "LogStrings", "path": ["monitoring", "stderr"], "values": [{"value": "\r  1%|\u2588                                                                                                                                    | 4/500 [00:12<24:17,  2.94s/it, Batch_number=3, Loss=486, PSNR=4.32, SSIM=0.000241]", "step": null, "ts": 1654341546.568744}]}, "version": 57}
{"obj": {"type": "LogStrings", "path": ["monitoring", "stdout"], "values": [{"value": "x shape", "step": null, "ts": 1654341548.8473308}]}, "version": 58}
{"obj": {"type": "LogStrings", "path": ["monitoring", "stdout"], "values": [{"value": " ", "step": null, "ts": 1654341548.8478038}]}, "version": 59}
{"obj": {"type": "LogStrings", "path": ["monitoring", "stdout"], "values": [{"value": "torch.Size([4, 12, 16, 106, 144])", "step": null, "ts": 1654341548.8487954}]}, "version": 60}
{"obj": {"type": "LogStrings", "path": ["monitoring", "stdout"], "values": [{"value": "\n", "step": null, "ts": 1654341548.8489707}]}, "version": 61}
{"obj": {"type": "LogStrings", "path": ["monitoring", "stderr"], "values": [{"value": "\r  1%|\u2588                                                                                                                                    | 4/500 [00:15<24:17,  2.94s/it, Batch_number=4, Loss=473, PSNR=5.15, SSIM=0.000333]", "step": null, "ts": 1654341549.2201157}]}, "version": 62}
{"obj": {"type": "LogStrings", "path": ["monitoring", "stderr"], "values": [{"value": "\r  1%|\u2588\u258e                                                                                                                                   | 5/500 [00:15<23:23,  2.83s/it, Batch_number=4, Loss=473, PSNR=5.15, SSIM=0.000333]", "step": null, "ts": 1654341549.2205138}]}, "version": 63}
{"obj": {"type": "LogStrings", "path": ["monitoring", "stdout"], "values": [{"value": "x shape", "step": null, "ts": 1654341551.5152926}]}, "version": 64}
{"obj": {"type": "LogStrings", "path": ["monitoring", "stdout"], "values": [{"value": " ", "step": null, "ts": 1654341551.5155108}]}, "version": 65}
{"obj": {"type": "LogStrings", "path": ["monitoring", "stdout"], "values": [{"value": "torch.Size([4, 12, 16, 106, 144])", "step": null, "ts": 1654341551.5156186}]}, "version": 66}
{"obj": {"type": "LogStrings", "path": ["monitoring", "stdout"], "values": [{"value": "\n", "step": null, "ts": 1654341551.5157218}]}, "version": 67}
{"obj": {"type": "LogStrings", "path": ["monitoring", "stderr"], "values": [{"value": "\r  1%|\u2588\u258e                                                                                                                                    | 5/500 [00:18<23:23,  2.83s/it, Batch_number=5, Loss=496, PSNR=4.2, SSIM=0.000396]", "step": null, "ts": 1654341551.8973706}]}, "version": 68}
{"obj": {"type": "LogStrings", "path": ["monitoring", "stderr"], "values": [{"value": "\r  1%|\u2588\u258c                                                                                                                                    | 6/500 [00:18<22:53,  2.78s/it, Batch_number=5, Loss=496, PSNR=4.2, SSIM=0.000396]", "step": null, "ts": 1654341551.8977866}]}, "version": 69}
{"obj": {"type": "LogFloats", "path": ["monitoring", "cpu"], "values": [{"value": 12.6, "step": null, "ts": 1654341553.7821193}]}, "version": 70}
{"obj": {"type": "LogFloats", "path": ["monitoring", "memory"], "values": [{"value": 20.820796966552734, "step": null, "ts": 1654341553.7821193}]}, "version": 71}
{"obj": {"type": "LogFloats", "path": ["monitoring", "gpu_memory_0"], "values": [{"value": 0.60931396484375, "step": null, "ts": 1654341553.7821193}]}, "version": 72}
{"obj": {"type": "LogFloats", "path": ["monitoring", "gpu_memory_1"], "values": [{"value": 13.118408203125, "step": null, "ts": 1654341553.7821193}]}, "version": 73}
{"obj": {"type": "LogStrings", "path": ["monitoring", "stdout"], "values": [{"value": "x shape", "step": null, "ts": 1654341554.2101161}]}, "version": 74}
{"obj": {"type": "LogStrings", "path": ["monitoring", "stdout"], "values": [{"value": " ", "step": null, "ts": 1654341554.21035}]}, "version": 75}
{"obj": {"type": "LogStrings", "path": ["monitoring", "stdout"], "values": [{"value": "torch.Size([4, 12, 16, 106, 144])", "step": null, "ts": 1654341554.2104766}]}, "version": 76}
{"obj": {"type": "LogStrings", "path": ["monitoring", "stdout"], "values": [{"value": "\n", "step": null, "ts": 1654341554.2105849}]}, "version": 77}
{"obj": {"type": "LogStrings", "path": ["monitoring", "stderr"], "values": [{"value": "\r  1%|\u2588\u258c                                                                                                                                   | 6/500 [00:20<22:53,  2.78s/it, Batch_number=6, Loss=520, PSNR=3.54, SSIM=0.000392]", "step": null, "ts": 1654341554.5837433}]}, "version": 78}
{"obj": {"type": "LogStrings", "path": ["monitoring", "stderr"], "values": [{"value": "\r  1%|\u2588\u258a                                                                                                                                   | 7/500 [00:20<22:35,  2.75s/it, Batch_number=6, Loss=520, PSNR=3.54, SSIM=0.000392]", "step": null, "ts": 1654341554.5841484}]}, "version": 79}
{"obj": {"type": "LogStrings", "path": ["monitoring", "stdout"], "values": [{"value": "x shape", "step": null, "ts": 1654341556.9479291}]}, "version": 80}
{"obj": {"type": "LogStrings", "path": ["monitoring", "stdout"], "values": [{"value": " ", "step": null, "ts": 1654341556.9484193}]}, "version": 81}
{"obj": {"type": "LogStrings", "path": ["monitoring", "stdout"], "values": [{"value": "torch.Size([4, 12, 16, 106, 144])", "step": null, "ts": 1654341556.9485338}]}, "version": 82}
{"obj": {"type": "LogStrings", "path": ["monitoring", "stdout"], "values": [{"value": "\n", "step": null, "ts": 1654341556.9486501}]}, "version": 83}
{"obj": {"type": "LogStrings", "path": ["monitoring", "stderr"], "values": [{"value": "\r  1%|\u2588\u258a                                                                                                                                   | 7/500 [00:23<22:35,  2.75s/it, Batch_number=7, Loss=531, PSNR=3.63, SSIM=0.000787]", "step": null, "ts": 1654341557.3275652}]}, "version": 84}
{"obj": {"type": "LogStrings", "path": ["monitoring", "stderr"], "values": [{"value": "\r  2%|\u2588\u2588\u258f                                                                                                                                  | 8/500 [00:23<22:32,  2.75s/it, Batch_number=7, Loss=531, PSNR=3.63, SSIM=0.000787]", "step": null, "ts": 1654341557.3279903}]}, "version": 85}
{"obj": {"type": "LogStrings", "path": ["monitoring", "stdout"], "values": [{"value": "x shape", "step": null, "ts": 1654341559.7338946}]}, "version": 86}
{"obj": {"type": "LogStrings", "path": ["monitoring", "stdout"], "values": [{"value": " ", "step": null, "ts": 1654341559.7343163}]}, "version": 87}
{"obj": {"type": "LogStrings", "path": ["monitoring", "stdout"], "values": [{"value": "torch.Size([4, 12, 16, 106, 144])", "step": null, "ts": 1654341559.734441}]}, "version": 88}
{"obj": {"type": "LogStrings", "path": ["monitoring", "stdout"], "values": [{"value": "\n", "step": null, "ts": 1654341559.734569}]}, "version": 89}
{"obj": {"type": "LogStrings", "path": ["monitoring", "stderr"], "values": [{"value": "\r  2%|\u2588\u2588\u258f                                                                                                                                  | 8/500 [00:26<22:32,  2.75s/it, Batch_number=8, Loss=536, PSNR=3.79, SSIM=0.000481]", "step": null, "ts": 1654341560.1151028}]}, "version": 90}
{"obj": {"type": "LogStrings", "path": ["monitoring", "stderr"], "values": [{"value": "\r  2%|\u2588\u2588\u258d                                                                                                                                  | 9/500 [00:26<22:35,  2.76s/it, Batch_number=8, Loss=536, PSNR=3.79, SSIM=0.000481]", "step": null, "ts": 1654341560.1155603}]}, "version": 91}
{"obj": {"type": "LogStrings", "path": ["monitoring", "stdout"], "values": [{"value": "x shape", "step": null, "ts": 1654341562.352942}]}, "version": 92}
{"obj": {"type": "LogStrings", "path": ["monitoring", "stdout"], "values": [{"value": " ", "step": null, "ts": 1654341562.3531823}]}, "version": 93}
{"obj": {"type": "LogStrings", "path": ["monitoring", "stdout"], "values": [{"value": "torch.Size([4, 12, 16, 106, 144])", "step": null, "ts": 1654341562.3532934}]}, "version": 94}
{"obj": {"type": "LogStrings", "path": ["monitoring", "stdout"], "values": [{"value": "\n", "step": null, "ts": 1654341562.3533983}]}, "version": 95}
{"obj": {"type": "LogStrings", "path": ["monitoring", "stderr"], "values": [{"value": "\r  2%|\u2588\u2588\u258d                                                                                                                                  | 9/500 [00:28<22:35,  2.76s/it, Batch_number=9, Loss=540, PSNR=4.14, SSIM=0.000892]", "step": null, "ts": 1654341562.7319932}]}, "version": 96}
{"obj": {"type": "LogStrings", "path": ["monitoring", "stderr"], "values": [{"value": "\r  2%|\u2588\u2588\u258b                                                                                                                                 | 10/500 [00:28<22:10,  2.72s/it, Batch_number=9, Loss=540, PSNR=4.14, SSIM=0.000892]", "step": null, "ts": 1654341562.7324076}]}, "version": 97}
{"obj": {"type": "LogFloats", "path": ["monitoring", "cpu"], "values": [{"value": 12.6, "step": null, "ts": 1654341563.7876122}]}, "version": 98}
{"obj": {"type": "LogFloats", "path": ["monitoring", "memory"], "values": [{"value": 20.82101058959961, "step": null, "ts": 1654341563.7876122}]}, "version": 99}
{"obj": {"type": "LogFloats", "path": ["monitoring", "gpu_memory_0"], "values": [{"value": 0.60931396484375, "step": null, "ts": 1654341563.7876122}]}, "version": 100}
{"obj": {"type": "LogFloats", "path": ["monitoring", "gpu_memory_1"], "values": [{"value": 13.118408203125, "step": null, "ts": 1654341563.7876122}]}, "version": 101}
{"obj": {"type": "LogStrings", "path": ["monitoring", "stdout"], "values": [{"value": "x shape", "step": null, "ts": 1654341565.0276332}]}, "version": 102}
{"obj": {"type": "LogStrings", "path": ["monitoring", "stdout"], "values": [{"value": " ", "step": null, "ts": 1654341565.0278761}]}, "version": 103}
{"obj": {"type": "LogStrings", "path": ["monitoring", "stdout"], "values": [{"value": "torch.Size([4, 12, 16, 106, 144])", "step": null, "ts": 1654341565.0279932}]}, "version": 104}
{"obj": {"type": "LogStrings", "path": ["monitoring", "stdout"], "values": [{"value": "\n", "step": null, "ts": 1654341565.0280962}]}, "version": 105}
{"obj": {"type": "LogStrings", "path": ["monitoring", "stderr"], "values": [{"value": "\r  2%|\u2588\u2588\u258b                                                                                                                                 | 10/500 [00:31<22:10,  2.72s/it, Batch_number=10, Loss=547, PSNR=3.8, SSIM=0.000277]", "step": null, "ts": 1654341565.4004562}]}, "version": 106}
{"obj": {"type": "LogStrings", "path": ["monitoring", "stderr"], "values": [{"value": "\r  2%|\u2588\u2588\u2589                                                                                                                                 | 11/500 [00:31<22:01,  2.70s/it, Batch_number=10, Loss=547, PSNR=3.8, SSIM=0.000277]", "step": null, "ts": 1654341565.4008596}]}, "version": 107}
{"obj": {"type": "LogStrings", "path": ["monitoring", "stdout"], "values": [{"value": "x shape", "step": null, "ts": 1654341567.6335487}]}, "version": 108}
{"obj": {"type": "LogStrings", "path": ["monitoring", "stdout"], "values": [{"value": " ", "step": null, "ts": 1654341567.6337912}]}, "version": 109}
{"obj": {"type": "LogStrings", "path": ["monitoring", "stdout"], "values": [{"value": "torch.Size([4, 12, 16, 106, 144])", "step": null, "ts": 1654341567.633903}]}, "version": 110}
{"obj": {"type": "LogStrings", "path": ["monitoring", "stdout"], "values": [{"value": "\n", "step": null, "ts": 1654341567.6340082}]}, "version": 111}
{"obj": {"type": "LogStrings", "path": ["monitoring", "stderr"], "values": [{"value": "\r  2%|\u2588\u2588\u2589                                                                                                                                 | 11/500 [00:34<22:01,  2.70s/it, Batch_number=11, Loss=537, PSNR=5.2, SSIM=0.000434]", "step": null, "ts": 1654341568.005973}]}, "version": 112}
{"obj": {"type": "LogStrings", "path": ["monitoring", "stderr"], "values": [{"value": "\r  2%|\u2588\u2588\u2588\u258f                                                                                                                                | 12/500 [00:34<21:44,  2.67s/it, Batch_number=11, Loss=537, PSNR=5.2, SSIM=0.000434]", "step": null, "ts": 1654341568.006404}]}, "version": 113}
{"obj": {"type": "LogStrings", "path": ["monitoring", "stdout"], "values": [{"value": "x shape", "step": null, "ts": 1654341570.3383443}]}, "version": 114}
{"obj": {"type": "LogStrings", "path": ["monitoring", "stdout"], "values": [{"value": " ", "step": null, "ts": 1654341570.338819}]}, "version": 115}
{"obj": {"type": "LogStrings", "path": ["monitoring", "stdout"], "values": [{"value": "torch.Size([4, 12, 16, 106, 144])", "step": null, "ts": 1654341570.3389413}]}, "version": 116}
{"obj": {"type": "LogStrings", "path": ["monitoring", "stdout"], "values": [{"value": "\n", "step": null, "ts": 1654341570.3390553}]}, "version": 117}
{"obj": {"type": "LogStrings", "path": ["monitoring", "stderr"], "values": [{"value": "\r  2%|\u2588\u2588\u2588\u258f                                                                                                                               | 12/500 [00:36<21:44,  2.67s/it, Batch_number=12, Loss=540, PSNR=4.31, SSIM=0.000915]", "step": null, "ts": 1654341570.7189372}]}, "version": 118}
{"obj": {"type": "LogStrings", "path": ["monitoring", "stderr"], "values": [{"value": "\r  3%|\u2588\u2588\u2588\u258d                                                                                                                               | 13/500 [00:36<21:47,  2.68s/it, Batch_number=12, Loss=540, PSNR=4.31, SSIM=0.000915]", "step": null, "ts": 1654341570.7192268}]}, "version": 119}
{"obj": {"type": "LogStrings", "path": ["monitoring", "stdout"], "values": [{"value": "x shape", "step": null, "ts": 1654341572.958203}]}, "version": 120}
{"obj": {"type": "LogStrings", "path": ["monitoring", "stdout"], "values": [{"value": " ", "step": null, "ts": 1654341572.9584694}]}, "version": 121}
{"obj": {"type": "LogStrings", "path": ["monitoring", "stdout"], "values": [{"value": "torch.Size([4, 12, 16, 106, 144])", "step": null, "ts": 1654341572.9585881}]}, "version": 122}
{"obj": {"type": "LogStrings", "path": ["monitoring", "stdout"], "values": [{"value": "\n", "step": null, "ts": 1654341572.9586928}]}, "version": 123}
{"obj": {"type": "LogStrings", "path": ["monitoring", "stderr"], "values": [{"value": "\r  3%|\u2588\u2588\u2588\u258d                                                                                                                               | 13/500 [00:39<21:47,  2.68s/it, Batch_number=13, Loss=545, PSNR=3.91, SSIM=0.000752]", "step": null, "ts": 1654341573.3354926}]}, "version": 124}
{"obj": {"type": "LogStrings", "path": ["monitoring", "stderr"], "values": [{"value": "\r  3%|\u2588\u2588\u2588\u258b                                                                                                                               | 14/500 [00:39<21:34,  2.66s/it, Batch_number=13, Loss=545, PSNR=3.91, SSIM=0.000752]", "step": null, "ts": 1654341573.3359132}]}, "version": 125}
{"obj": {"type": "LogFloats", "path": ["monitoring", "cpu"], "values": [{"value": 12.6, "step": null, "ts": 1654341573.7910595}]}, "version": 126}
{"obj": {"type": "LogFloats", "path": ["monitoring", "memory"], "values": [{"value": 20.824237823486328, "step": null, "ts": 1654341573.7910595}]}, "version": 127}
{"obj": {"type": "LogFloats", "path": ["monitoring", "gpu_memory_0"], "values": [{"value": 0.60931396484375, "step": null, "ts": 1654341573.7910595}]}, "version": 128}
{"obj": {"type": "LogFloats", "path": ["monitoring", "gpu_memory_1"], "values": [{"value": 13.118408203125, "step": null, "ts": 1654341573.7910595}]}, "version": 129}
{"obj": {"type": "LogStrings", "path": ["monitoring", "stdout"], "values": [{"value": "x shape", "step": null, "ts": 1654341575.6018984}]}, "version": 130}
{"obj": {"type": "LogStrings", "path": ["monitoring", "stdout"], "values": [{"value": " ", "step": null, "ts": 1654341575.6021416}]}, "version": 131}
{"obj": {"type": "LogStrings", "path": ["monitoring", "stdout"], "values": [{"value": "torch.Size([4, 12, 16, 106, 144])", "step": null, "ts": 1654341575.6022553}]}, "version": 132}
{"obj": {"type": "LogStrings", "path": ["monitoring", "stdout"], "values": [{"value": "\n", "step": null, "ts": 1654341575.6023605}]}, "version": 133}
{"obj": {"type": "LogStrings", "path": ["monitoring", "stderr"], "values": [{"value": "\r  3%|\u2588\u2588\u2588\u258b                                                                                                                                | 14/500 [00:42<21:34,  2.66s/it, Batch_number=14, Loss=531, PSNR=5.76, SSIM=0.00171]", "step": null, "ts": 1654341575.976359}]}, "version": 134}
{"obj": {"type": "LogStrings", "path": ["monitoring", "stderr"], "values": [{"value": "\r  3%|\u2588\u2588\u2588\u2589                                                                                                                                | 15/500 [00:42<21:28,  2.66s/it, Batch_number=14, Loss=531, PSNR=5.76, SSIM=0.00171]", "step": null, "ts": 1654341575.9767654}]}, "version": 135}
{"obj": {"type": "LogStrings", "path": ["monitoring", "stdout"], "values": [{"value": "x shape", "step": null, "ts": 1654341578.277565}]}, "version": 136}
{"obj": {"type": "LogStrings", "path": ["monitoring", "stdout"], "values": [{"value": " ", "step": null, "ts": 1654341578.278047}]}, "version": 137}
{"obj": {"type": "LogStrings", "path": ["monitoring", "stdout"], "values": [{"value": "torch.Size([4, 12, 16, 106, 144])", "step": null, "ts": 1654341578.2781644}]}, "version": 138}
{"obj": {"type": "LogStrings", "path": ["monitoring", "stdout"], "values": [{"value": "\n", "step": null, "ts": 1654341578.278283}]}, "version": 139}
{"obj": {"type": "LogStrings", "path": ["monitoring", "stderr"], "values": [{"value": "\r  3%|\u2588\u2588\u2588\u2589                                                                                                                               | 15/500 [00:44<21:28,  2.66s/it, Batch_number=15, Loss=528, PSNR=4.24, SSIM=0.000564]", "step": null, "ts": 1654341578.6633527}]}, "version": 140}
{"obj": {"type": "LogStrings", "path": ["monitoring", "stderr"], "values": [{"value": "\r  3%|\u2588\u2588\u2588\u2588\u258f                                                                                                                              | 16/500 [00:44<21:30,  2.67s/it, Batch_number=15, Loss=528, PSNR=4.24, SSIM=0.000564]", "step": null, "ts": 1654341578.663781}]}, "version": 141}
{"obj": {"type": "LogStrings", "path": ["monitoring", "stdout"], "values": [{"value": "x shape", "step": null, "ts": 1654341581.0276413}]}, "version": 142}
{"obj": {"type": "LogStrings", "path": ["monitoring", "stdout"], "values": [{"value": " ", "step": null, "ts": 1654341581.0278833}]}, "version": 143}
{"obj": {"type": "LogStrings", "path": ["monitoring", "stdout"], "values": [{"value": "torch.Size([4, 12, 16, 106, 144])", "step": null, "ts": 1654341581.0280025}]}, "version": 144}
{"obj": {"type": "LogStrings", "path": ["monitoring", "stdout"], "values": [{"value": "\n", "step": null, "ts": 1654341581.028106}]}, "version": 145}
{"obj": {"type": "LogStrings", "path": ["monitoring", "stderr"], "values": [{"value": "\r  3%|\u2588\u2588\u2588\u2588\u258f                                                                                                                               | 16/500 [00:47<21:30,  2.67s/it, Batch_number=16, Loss=535, PSNR=3.58, SSIM=0.00123]", "step": null, "ts": 1654341581.3995478}]}, "version": 146}
{"obj": {"type": "LogStrings", "path": ["monitoring", "stderr"], "values": [{"value": "\r  3%|\u2588\u2588\u2588\u2588\u258d                                                                                                                               | 17/500 [00:47<21:37,  2.69s/it, Batch_number=16, Loss=535, PSNR=3.58, SSIM=0.00123]", "step": null, "ts": 1654341581.3998005}]}, "version": 147}
{"obj": {"type": "LogStrings", "path": ["monitoring", "stdout"], "values": [{"value": "x shape", "step": null, "ts": 1654341583.626113}]}, "version": 148}
{"obj": {"type": "LogStrings", "path": ["monitoring", "stdout"], "values": [{"value": " ", "step": null, "ts": 1654341583.6263523}]}, "version": 149}
{"obj": {"type": "LogStrings", "path": ["monitoring", "stdout"], "values": [{"value": "torch.Size([4, 12, 16, 106, 144])", "step": null, "ts": 1654341583.6264782}]}, "version": 150}
{"obj": {"type": "LogStrings", "path": ["monitoring", "stdout"], "values": [{"value": "\n", "step": null, "ts": 1654341583.6265843}]}, "version": 151}
{"obj": {"type": "LogFloats", "path": ["monitoring", "cpu"], "values": [{"value": 13.1, "step": null, "ts": 1654341583.7960963}]}, "version": 152}
{"obj": {"type": "LogFloats", "path": ["monitoring", "memory"], "values": [{"value": 20.81258773803711, "step": null, "ts": 1654341583.7960963}]}, "version": 153}
{"obj": {"type": "LogFloats", "path": ["monitoring", "gpu_0"], "values": [{"value": 11.0, "step": null, "ts": 1654341583.7960963}]}, "version": 154}
{"obj": {"type": "LogFloats", "path": ["monitoring", "gpu_1"], "values": [{"value": 63.0, "step": null, "ts": 1654341583.7960963}]}, "version": 155}
{"obj": {"type": "LogFloats", "path": ["monitoring", "gpu_memory_0"], "values": [{"value": 0.60552978515625, "step": null, "ts": 1654341583.7960963}]}, "version": 156}
{"obj": {"type": "LogFloats", "path": ["monitoring", "gpu_memory_1"], "values": [{"value": 13.118408203125, "step": null, "ts": 1654341583.7960963}]}, "version": 157}
{"obj": {"type": "LogStrings", "path": ["monitoring", "stderr"], "values": [{"value": "\r  3%|\u2588\u2588\u2588\u2588\u258d                                                                                                                               | 17/500 [00:50<21:37,  2.69s/it, Batch_number=17, Loss=530, PSNR=5.15, SSIM=0.00127]", "step": null, "ts": 1654341583.9993196}]}, "version": 158}
{"obj": {"type": "LogStrings", "path": ["monitoring", "stderr"], "values": [{"value": "\r  4%|\u2588\u2588\u2588\u2588\u258a                                                                                                                               | 18/500 [00:50<21:22,  2.66s/it, Batch_number=17, Loss=530, PSNR=5.15, SSIM=0.00127]", "step": null, "ts": 1654341583.999707}]}, "version": 159}
{"obj": {"type": "LogStrings", "path": ["monitoring", "stderr"], "values": [{"value": "", "step": null, "ts": 1654341584.6749988}]}, "version": 160}
{"obj": {"type": "LogStrings", "path": ["monitoring", "stderr"], "values": [{"value": "\r  4%|\u2588\u2588\u2588\u2588\u258a                                                                                                                               | 18/500 [00:50<22:42,  2.83s/it, Batch_number=17, Loss=530, PSNR=5.15, SSIM=0.00127]", "step": null, "ts": 1654341584.675674}]}, "version": 161}
{"obj": {"type": "LogStrings", "path": ["monitoring", "stderr"], "values": [{"value": "\n", "step": null, "ts": 1654341584.6758745}]}, "version": 162}
{"obj": {"type": "LogStrings", "path": ["monitoring", "traceback"], "values": [{"value": "An uncaught exception occurred while run was active on worker KW60717.", "step": null, "ts": 1654341584.6782668}, {"value": "Marking run as failed", "step": null, "ts": 1654341584.6782668}, {"value": "Traceback:", "step": null, "ts": 1654341584.6782668}, {"value": "  File \"/home/resifis/Desktop/kaustcode/Packages/models/src/models/train.py\", line 122, in <module>\n    job.fit(TrainData,ValidData)\n", "step": null, "ts": 1654341584.6782668}, {"value": "  File \"/home/resifis/anaconda3/envs/kaustenv/lib/python3.10/site-packages/models/forecastors/utils/simple_engine.py\", line 144, in fit\n    tr_loss = self.train_fn(self.train_config.model,train_data_loader)\n", "step": null, "ts": 1654341584.6782668}, {"value": "  File \"/home/resifis/anaconda3/envs/kaustenv/lib/python3.10/site-packages/models/forecastors/utils/simple_engine.py\", line 63, in train_fn\n    for index,train_batch in tqt:\n", "step": null, "ts": 1654341584.6782668}, {"value": "  File \"/home/resifis/anaconda3/envs/kaustenv/lib/python3.10/site-packages/tqdm/std.py\", line 1195, in __iter__\n    for obj in iterable:\n", "step": null, "ts": 1654341584.6782668}, {"value": "  File \"/home/resifis/anaconda3/envs/kaustenv/lib/python3.10/site-packages/torch/utils/data/dataloader.py\", line 530, in __next__\n    data = self._next_data()\n", "step": null, "ts": 1654341584.6782668}, {"value": "  File \"/home/resifis/anaconda3/envs/kaustenv/lib/python3.10/site-packages/torch/utils/data/dataloader.py\", line 570, in _next_data\n    data = self._dataset_fetcher.fetch(index)  # may raise StopIteration\n", "step": null, "ts": 1654341584.6782668}, {"value": "  File \"/home/resifis/anaconda3/envs/kaustenv/lib/python3.10/site-packages/torch/utils/data/_utils/fetch.py\", line 49, in fetch\n    data = [self.dataset[idx] for idx in possibly_batched_index]\n", "step": null, "ts": 1654341584.6782668}]}, "version": 163}
{"obj": {"type": "LogStrings", "path": ["monitoring", "traceback"], "values": [{"value": "  File \"/home/resifis/anaconda3/envs/kaustenv/lib/python3.10/site-packages/torch/utils/data/_utils/fetch.py\", line 49, in <listcomp>\n    data = [self.dataset[idx] for idx in possibly_batched_index]\n", "step": null, "ts": 1654341584.6782668}, {"value": "  File \"/home/resifis/anaconda3/envs/kaustenv/lib/python3.10/site-packages/data_prep/dataset/wrf_data.py\", line 202, in __getitem__\n    all_data,target = self._get_tensor_data(item)\n", "step": null, "ts": 1654341584.6782668}, {"value": "  File \"/home/resifis/anaconda3/envs/kaustenv/lib/python3.10/site-packages/data_prep/dataset/wrf_data.py\", line 143, in _get_tensor_data\n    data_aerosol = 100*np.array(self.aerosol.variables[\"aod5503d\"][item:item+self.window_size,:,:])\n", "step": null, "ts": 1654341584.6782668}, {"value": "  File \"src/netCDF4/_netCDF4.pyx\", line 4445, in netCDF4._netCDF4.Variable.__getitem__\n", "step": null, "ts": 1654341584.6782668}, {"value": "  File \"src/netCDF4/_netCDF4.pyx\", line 4592, in netCDF4._netCDF4.Variable._toma\n", "step": null, "ts": 1654341584.6782668}, {"value": "  File \"/home/resifis/anaconda3/envs/kaustenv/lib/python3.10/site-packages/numpy/core/_methods.py\", line 54, in _any\n    def _any(a, axis=None, dtype=None, out=None, keepdims=False, *, where=True):\n", "step": null, "ts": 1654341584.6782668}, {"value": "", "step": null, "ts": 1654341584.6782668}]}, "version": 164}
{"obj": {"type": "AssignBool", "path": ["sys", "failed"], "value": true}, "version": 165}
{"obj": {"type": "LogStrings", "path": ["monitoring", "stderr"], "values": [{"value": "Traceback (most recent call last):\n", "step": null, "ts": 1654341584.6788452}]}, "version": 166}
{"obj": {"type": "LogStrings", "path": ["monitoring", "stderr"], "values": [{"value": "  File \"/home/resifis/Desktop/kaustcode/Packages/models/src/models/train.py\", line 122, in <module>\n", "step": null, "ts": 1654341584.6789498}]}, "version": 167}
{"obj": {"type": "LogStrings", "path": ["monitoring", "stderr"], "values": [{"value": "    ", "step": null, "ts": 1654341584.679161}]}, "version": 168}
{"obj": {"type": "LogStrings", "path": ["monitoring", "stderr"], "values": [{"value": "job.fit(TrainData,ValidData)", "step": null, "ts": 1654341584.6792514}]}, "version": 169}
{"obj": {"type": "LogStrings", "path": ["monitoring", "stderr"], "values": [{"value": "\n", "step": null, "ts": 1654341584.6793714}]}, "version": 170}
{"obj": {"type": "LogStrings", "path": ["monitoring", "stderr"], "values": [{"value": "  File \"/home/resifis/anaconda3/envs/kaustenv/lib/python3.10/site-packages/models/forecastors/utils/simple_engine.py\", line 144, in fit\n", "step": null, "ts": 1654341584.67946}]}, "version": 171}
{"obj": {"type": "LogStrings", "path": ["monitoring", "stderr"], "values": [{"value": "    ", "step": null, "ts": 1654341584.6796272}]}, "version": 172}
{"obj": {"type": "LogStrings", "path": ["monitoring", "stderr"], "values": [{"value": "tr_loss = self.train_fn(self.train_config.model,train_data_loader)", "step": null, "ts": 1654341584.6797113}]}, "version": 173}
{"obj": {"type": "LogStrings", "path": ["monitoring", "stderr"], "values": [{"value": "\n", "step": null, "ts": 1654341584.6797948}]}, "version": 174}
{"obj": {"type": "LogStrings", "path": ["monitoring", "stderr"], "values": [{"value": "  File \"/home/resifis/anaconda3/envs/kaustenv/lib/python3.10/site-packages/models/forecastors/utils/simple_engine.py\", line 63, in train_fn\n", "step": null, "ts": 1654341584.6798787}]}, "version": 175}
{"obj": {"type": "LogStrings", "path": ["monitoring", "stderr"], "values": [{"value": "    ", "step": null, "ts": 1654341584.6800184}]}, "version": 176}
{"obj": {"type": "LogStrings", "path": ["monitoring", "stderr"], "values": [{"value": "for index,train_batch in tqt:", "step": null, "ts": 1654341584.680099}]}, "version": 177}
{"obj": {"type": "LogStrings", "path": ["monitoring", "stderr"], "values": [{"value": "\n", "step": null, "ts": 1654341584.6801815}]}, "version": 178}
{"obj": {"type": "LogStrings", "path": ["monitoring", "stderr"], "values": [{"value": "  File \"/home/resifis/anaconda3/envs/kaustenv/lib/python3.10/site-packages/tqdm/std.py\", line 1195, in __iter__\n", "step": null, "ts": 1654341584.6802661}]}, "version": 179}
{"obj": {"type": "LogStrings", "path": ["monitoring", "stderr"], "values": [{"value": "    ", "step": null, "ts": 1654341584.6806216}]}, "version": 180}
{"obj": {"type": "LogStrings", "path": ["monitoring", "stderr"], "values": [{"value": "for obj in iterable:", "step": null, "ts": 1654341584.6807098}]}, "version": 181}
{"obj": {"type": "LogStrings", "path": ["monitoring", "stderr"], "values": [{"value": "\n", "step": null, "ts": 1654341584.680796}]}, "version": 182}
{"obj": {"type": "LogStrings", "path": ["monitoring", "stderr"], "values": [{"value": "  File \"/home/resifis/anaconda3/envs/kaustenv/lib/python3.10/site-packages/torch/utils/data/dataloader.py\", line 530, in __next__\n", "step": null, "ts": 1654341584.6808841}]}, "version": 183}
{"obj": {"type": "LogStrings", "path": ["monitoring", "stderr"], "values": [{"value": "    ", "step": null, "ts": 1654341584.6811252}]}, "version": 184}
{"obj": {"type": "LogStrings", "path": ["monitoring", "stderr"], "values": [{"value": "data = self._next_data()", "step": null, "ts": 1654341584.6812103}]}, "version": 185}
{"obj": {"type": "LogStrings", "path": ["monitoring", "stderr"], "values": [{"value": "\n", "step": null, "ts": 1654341584.6812935}]}, "version": 186}
{"obj": {"type": "LogStrings", "path": ["monitoring", "stderr"], "values": [{"value": "  File \"/home/resifis/anaconda3/envs/kaustenv/lib/python3.10/site-packages/torch/utils/data/dataloader.py\", line 570, in _next_data\n", "step": null, "ts": 1654341584.6813772}]}, "version": 187}
{"obj": {"type": "LogStrings", "path": ["monitoring", "stderr"], "values": [{"value": "    ", "step": null, "ts": 1654341584.6816201}]}, "version": 188}
{"obj": {"type": "LogStrings", "path": ["monitoring", "stderr"], "values": [{"value": "data = self._dataset_fetcher.fetch(index)  # may raise StopIteration", "step": null, "ts": 1654341584.6817033}]}, "version": 189}
{"obj": {"type": "LogStrings", "path": ["monitoring", "stderr"], "values": [{"value": "\n", "step": null, "ts": 1654341584.6817915}]}, "version": 190}
{"obj": {"type": "LogStrings", "path": ["monitoring", "stderr"], "values": [{"value": "  File \"/home/resifis/anaconda3/envs/kaustenv/lib/python3.10/site-packages/torch/utils/data/_utils/fetch.py\", line 49, in fetch\n", "step": null, "ts": 1654341584.6818752}]}, "version": 191}
{"obj": {"type": "LogStrings", "path": ["monitoring", "stderr"], "values": [{"value": "    ", "step": null, "ts": 1654341584.6820157}]}, "version": 192}
{"obj": {"type": "LogStrings", "path": ["monitoring", "stderr"], "values": [{"value": "data = [self.dataset[idx] for idx in possibly_batched_index]", "step": null, "ts": 1654341584.6820962}]}, "version": 193}
{"obj": {"type": "LogStrings", "path": ["monitoring", "stderr"], "values": [{"value": "\n", "step": null, "ts": 1654341584.6821766}]}, "version": 194}
{"obj": {"type": "LogStrings", "path": ["monitoring", "stderr"], "values": [{"value": "  File \"/home/resifis/anaconda3/envs/kaustenv/lib/python3.10/site-packages/torch/utils/data/_utils/fetch.py\", line 49, in <listcomp>\n", "step": null, "ts": 1654341584.6822588}]}, "version": 195}
{"obj": {"type": "LogStrings", "path": ["monitoring", "stderr"], "values": [{"value": "    ", "step": null, "ts": 1654341584.6823936}]}, "version": 196}
{"obj": {"type": "LogStrings", "path": ["monitoring", "stderr"], "values": [{"value": "data = [self.dataset[idx] for idx in possibly_batched_index]", "step": null, "ts": 1654341584.6824806}]}, "version": 197}
{"obj": {"type": "LogStrings", "path": ["monitoring", "stderr"], "values": [{"value": "\n", "step": null, "ts": 1654341584.6825643}]}, "version": 198}
{"obj": {"type": "LogStrings", "path": ["monitoring", "stderr"], "values": [{"value": "  File \"/home/resifis/anaconda3/envs/kaustenv/lib/python3.10/site-packages/data_prep/dataset/wrf_data.py\", line 202, in __getitem__\n", "step": null, "ts": 1654341584.6826463}]}, "version": 199}
{"obj": {"type": "LogStrings", "path": ["monitoring", "stderr"], "values": [{"value": "    ", "step": null, "ts": 1654341584.6828105}]}, "version": 200}
{"obj": {"type": "LogStrings", "path": ["monitoring", "stderr"], "values": [{"value": "all_data,target = self._get_tensor_data(item)", "step": null, "ts": 1654341584.6828902}]}, "version": 201}
{"obj": {"type": "LogStrings", "path": ["monitoring", "stderr"], "values": [{"value": "\n", "step": null, "ts": 1654341584.6829712}]}, "version": 202}
{"obj": {"type": "LogStrings", "path": ["monitoring", "stderr"], "values": [{"value": "  File \"/home/resifis/anaconda3/envs/kaustenv/lib/python3.10/site-packages/data_prep/dataset/wrf_data.py\", line 143, in _get_tensor_data\n", "step": null, "ts": 1654341584.6830573}]}, "version": 203}
{"obj": {"type": "LogStrings", "path": ["monitoring", "stderr"], "values": [{"value": "    ", "step": null, "ts": 1654341584.6832106}]}, "version": 204}
{"obj": {"type": "LogStrings", "path": ["monitoring", "stderr"], "values": [{"value": "data_aerosol = 100*np.array(self.aerosol.variables[\"aod5503d\"][item:item+self.window_size,:,:])", "step": null, "ts": 1654341584.683291}]}, "version": 205}
{"obj": {"type": "LogStrings", "path": ["monitoring", "stderr"], "values": [{"value": "\n", "step": null, "ts": 1654341584.683372}]}, "version": 206}
{"obj": {"type": "LogStrings", "path": ["monitoring", "stderr"], "values": [{"value": "  File \"src/netCDF4/_netCDF4.pyx\", line 4445, in netCDF4._netCDF4.Variable.__getitem__\n", "step": null, "ts": 1654341584.6834538}]}, "version": 207}
{"obj": {"type": "LogStrings", "path": ["monitoring", "stderr"], "values": [{"value": "  File \"src/netCDF4/_netCDF4.pyx\", line 4592, in netCDF4._netCDF4.Variable._toma\n", "step": null, "ts": 1654341584.683652}]}, "version": 208}
{"obj": {"type": "LogStrings", "path": ["monitoring", "stderr"], "values": [{"value": "  File \"/home/resifis/anaconda3/envs/kaustenv/lib/python3.10/site-packages/numpy/core/_methods.py\", line 54, in _any\n", "step": null, "ts": 1654341584.6837888}]}, "version": 209}
{"obj": {"type": "LogStrings", "path": ["monitoring", "stderr"], "values": [{"value": "    ", "step": null, "ts": 1654341584.683935}]}, "version": 210}
{"obj": {"type": "LogStrings", "path": ["monitoring", "stderr"], "values": [{"value": "def _any(a, axis=None, dtype=None, out=None, keepdims=False, *, where=True):", "step": null, "ts": 1654341584.684041}]}, "version": 211}
{"obj": {"type": "LogStrings", "path": ["monitoring", "stderr"], "values": [{"value": "\n", "step": null, "ts": 1654341584.684126}]}, "version": 212}
{"obj": {"type": "LogStrings", "path": ["monitoring", "stderr"], "values": [{"value": "KeyboardInterrupt", "step": null, "ts": 1654341584.684216}]}, "version": 213}
{"obj": {"type": "LogStrings", "path": ["monitoring", "stderr"], "values": [{"value": "", "step": null, "ts": 1654341584.6842885}]}, "version": 214}
{"obj": {"type": "LogStrings", "path": ["monitoring", "stderr"], "values": [{"value": "\n", "step": null, "ts": 1654341584.684367}]}, "version": 215}
{"obj": {"type": "LogStrings", "path": ["monitoring", "stdout"], "values": [{"value": "Shutting down background jobs, please wait a moment...\n", "step": null, "ts": 1654341584.684979}]}, "version": 216}
