{"obj": {"type": "AssignString", "path": ["sys", "name"], "value": "Untitled"}, "version": 1}
{"obj": {"type": "AssignString", "path": ["sys", "description"], "value": ""}, "version": 2}
{"obj": {"type": "AssignString", "path": ["sys", "hostname"], "value": "KW60717"}, "version": 3}
{"obj": {"type": "AssignBool", "path": ["sys", "failed"], "value": false}, "version": 4}
{"obj": {"type": "ClearStringLog", "path": ["monitoring", "stdout"]}, "version": 5}
{"obj": {"type": "ClearStringLog", "path": ["monitoring", "stderr"]}, "version": 6}
{"obj": {"type": "AssignString", "path": ["source_code", "entrypoint"], "value": "train_multienc.py"}, "version": 7}
{"obj": {"type": "UploadFileSet", "path": ["source_code", "files"], "file_globs": ["/home/resifis/Desktop/kaustcode/Packages/models/src/models/train_multienc.py"], "reset": "False"}, "version": 8}
{"obj": {"type": "ConfigFloatSeries", "path": ["monitoring", "cpu"], "min": 0.0, "max": 100.0, "unit": "%"}, "version": 9}
{"obj": {"type": "ClearFloatLog", "path": ["monitoring", "cpu"]}, "version": 10}
{"obj": {"type": "ConfigFloatSeries", "path": ["monitoring", "memory"], "min": 0.0, "max": 251.55138397216797, "unit": "GB"}, "version": 11}
{"obj": {"type": "ClearFloatLog", "path": ["monitoring", "memory"]}, "version": 12}
{"obj": {"type": "ConfigFloatSeries", "path": ["monitoring", "gpu_0"], "min": 0.0, "max": 100.0, "unit": "%"}, "version": 13}
{"obj": {"type": "ClearFloatLog", "path": ["monitoring", "gpu_0"]}, "version": 14}
{"obj": {"type": "ConfigFloatSeries", "path": ["monitoring", "gpu_1"], "min": 0.0, "max": 100.0, "unit": "%"}, "version": 15}
{"obj": {"type": "ClearFloatLog", "path": ["monitoring", "gpu_1"]}, "version": 16}
{"obj": {"type": "ConfigFloatSeries", "path": ["monitoring", "gpu_memory_0"], "min": 0.0, "max": 23.69952392578125, "unit": "GB"}, "version": 17}
{"obj": {"type": "ClearFloatLog", "path": ["monitoring", "gpu_memory_0"]}, "version": 18}
{"obj": {"type": "ConfigFloatSeries", "path": ["monitoring", "gpu_memory_1"], "min": 0.0, "max": 23.69952392578125, "unit": "GB"}, "version": 19}
{"obj": {"type": "ClearFloatLog", "path": ["monitoring", "gpu_memory_1"]}, "version": 20}
{"obj": {"type": "LogStrings", "path": ["monitoring", "stdout"], "values": [{"value": ".........EPOCH 0........", "step": null, "ts": 1653399788.105387}]}, "version": 21}
{"obj": {"type": "LogStrings", "path": ["monitoring", "stdout"], "values": [{"value": "\n", "step": null, "ts": 1653399788.1056378}]}, "version": 22}
{"obj": {"type": "LogFloats", "path": ["monitoring", "cpu"], "values": [{"value": 3.2, "step": null, "ts": 1653399788.0944421}]}, "version": 23}
{"obj": {"type": "LogStrings", "path": ["monitoring", "stderr"], "values": [{"value": "\r  0%|                                                                                                                                                                 | 0/500 [00:00<?, ?it/s]", "step": null, "ts": 1653399788.1087878}]}, "version": 24}
{"obj": {"type": "LogFloats", "path": ["monitoring", "memory"], "values": [{"value": 12.253658294677734, "step": null, "ts": 1653399788.0944421}]}, "version": 25}
{"obj": {"type": "LogFloats", "path": ["monitoring", "gpu_0"], "values": [{"value": 6.0, "step": null, "ts": 1653399788.0944421}]}, "version": 26}
{"obj": {"type": "LogFloats", "path": ["monitoring", "gpu_memory_0"], "values": [{"value": 0.6304931640625, "step": null, "ts": 1653399788.0944421}]}, "version": 27}
{"obj": {"type": "LogFloats", "path": ["monitoring", "gpu_memory_1"], "values": [{"value": 1.869384765625, "step": null, "ts": 1653399788.0944421}]}, "version": 28}
{"obj": {"type": "LogStrings", "path": ["monitoring", "stderr"], "values": [{"value": "", "step": null, "ts": 1653399789.5795658}]}, "version": 29}
{"obj": {"type": "LogStrings", "path": ["monitoring", "stderr"], "values": [{"value": "\r  0%|                                                                                                                                                                 | 0/500 [00:01<?, ?it/s]", "step": null, "ts": 1653399789.5799282}]}, "version": 30}
{"obj": {"type": "LogStrings", "path": ["monitoring", "stderr"], "values": [{"value": "\n", "step": null, "ts": 1653399789.5800247}]}, "version": 31}
{"obj": {"type": "LogStrings", "path": ["monitoring", "traceback"], "values": [{"value": "An uncaught exception occurred while run was active on worker KW60717.", "step": null, "ts": 1653399789.581044}, {"value": "Marking run as failed", "step": null, "ts": 1653399789.581044}, {"value": "Traceback:", "step": null, "ts": 1653399789.581044}, {"value": "  File \"/home/resifis/Desktop/kaustcode/Packages/models/src/models/train_multienc.py\", line 112, in <module>\n    job.fit(TrainData,ValidData)\n", "step": null, "ts": 1653399789.581044}, {"value": "  File \"/home/resifis/anaconda3/envs/kaustenv/lib/python3.10/site-packages/models/forecastors/utils/multi_encengine.py\", line 146, in fit\n    tr_loss = self.train_fn(self.train_config.model,train_data_loader)\n", "step": null, "ts": 1653399789.581044}, {"value": "  File \"/home/resifis/anaconda3/envs/kaustenv/lib/python3.10/site-packages/models/forecastors/utils/multi_encengine.py\", line 68, in train_fn\n    pred_target = model(train_batch)\n", "step": null, "ts": 1653399789.581044}, {"value": "  File \"/home/resifis/anaconda3/envs/kaustenv/lib/python3.10/site-packages/torch/nn/modules/module.py\", line 1110, in _call_impl\n    return forward_call(*input, **kwargs)\n", "step": null, "ts": 1653399789.581044}, {"value": "  File \"/home/resifis/anaconda3/envs/kaustenv/lib/python3.10/site-packages/models/forecastors/mulit_encoder_unet/muti_encunet.py\", line 33, in forward\n    x1 = self.encode_all(data_dict)\n", "step": null, "ts": 1653399789.581044}, {"value": "  File \"/home/resifis/anaconda3/envs/kaustenv/lib/python3.10/site-packages/models/forecastors/mulit_encoder_unet/muti_encunet.py\", line 28, in encode_all\n    list_enc.append(layer(data_dict[key]))\n", "step": null, "ts": 1653399789.581044}, {"value": "  File \"/home/resifis/anaconda3/envs/kaustenv/lib/python3.10/site-packages/torch/nn/modules/module.py\", line 1110, in _call_impl\n    return forward_call(*input, **kwargs)\n", "step": null, "ts": 1653399789.581044}]}, "version": 32}
{"obj": {"type": "LogStrings", "path": ["monitoring", "traceback"], "values": [{"value": "  File \"/home/resifis/anaconda3/envs/kaustenv/lib/python3.10/site-packages/models/forecastors/mulit_encoder_unet/unet_utils.py\", line 24, in forward\n    return self.double_conv(x)\n", "step": null, "ts": 1653399789.581044}, {"value": "  File \"/home/resifis/anaconda3/envs/kaustenv/lib/python3.10/site-packages/torch/nn/modules/module.py\", line 1110, in _call_impl\n    return forward_call(*input, **kwargs)\n", "step": null, "ts": 1653399789.581044}, {"value": "  File \"/home/resifis/anaconda3/envs/kaustenv/lib/python3.10/site-packages/torch/nn/modules/container.py\", line 141, in forward\n    input = module(input)\n", "step": null, "ts": 1653399789.581044}, {"value": "  File \"/home/resifis/anaconda3/envs/kaustenv/lib/python3.10/site-packages/torch/nn/modules/module.py\", line 1110, in _call_impl\n    return forward_call(*input, **kwargs)\n", "step": null, "ts": 1653399789.581044}, {"value": "  File \"/home/resifis/anaconda3/envs/kaustenv/lib/python3.10/site-packages/torch/nn/modules/conv.py\", line 592, in forward\n    return self._conv_forward(input, self.weight, self.bias)\n", "step": null, "ts": 1653399789.581044}, {"value": "  File \"/home/resifis/anaconda3/envs/kaustenv/lib/python3.10/site-packages/torch/nn/modules/conv.py\", line 587, in _conv_forward\n    return F.conv3d(\n", "step": null, "ts": 1653399789.581044}, {"value": "Input type (torch.cuda.FloatTensor) and weight type (torch.FloatTensor) should be the same", "step": null, "ts": 1653399789.581044}]}, "version": 33}
{"obj": {"type": "AssignBool", "path": ["sys", "failed"], "value": true}, "version": 34}
{"obj": {"type": "LogStrings", "path": ["monitoring", "stderr"], "values": [{"value": "Traceback (most recent call last):\n", "step": null, "ts": 1653399789.5812893}]}, "version": 35}
{"obj": {"type": "LogStrings", "path": ["monitoring", "stderr"], "values": [{"value": "  File \"/home/resifis/Desktop/kaustcode/Packages/models/src/models/train_multienc.py\", line 112, in <module>\n", "step": null, "ts": 1653399789.5813556}]}, "version": 36}
{"obj": {"type": "LogStrings", "path": ["monitoring", "stderr"], "values": [{"value": "    ", "step": null, "ts": 1653399789.5814786}]}, "version": 37}
{"obj": {"type": "LogStrings", "path": ["monitoring", "stderr"], "values": [{"value": "job.fit(TrainData,ValidData)", "step": null, "ts": 1653399789.5815303}]}, "version": 38}
{"obj": {"type": "LogStrings", "path": ["monitoring", "stderr"], "values": [{"value": "\n", "step": null, "ts": 1653399789.5815804}]}, "version": 39}
{"obj": {"type": "LogStrings", "path": ["monitoring", "stderr"], "values": [{"value": "  File \"/home/resifis/anaconda3/envs/kaustenv/lib/python3.10/site-packages/models/forecastors/utils/multi_encengine.py\", line 146, in fit\n", "step": null, "ts": 1653399789.5816302}]}, "version": 40}
{"obj": {"type": "LogStrings", "path": ["monitoring", "stderr"], "values": [{"value": "    ", "step": null, "ts": 1653399789.5817513}]}, "version": 41}
{"obj": {"type": "LogStrings", "path": ["monitoring", "stderr"], "values": [{"value": "tr_loss = self.train_fn(self.train_config.model,train_data_loader)", "step": null, "ts": 1653399789.581801}]}, "version": 42}
{"obj": {"type": "LogStrings", "path": ["monitoring", "stderr"], "values": [{"value": "\n", "step": null, "ts": 1653399789.5818663}]}, "version": 43}
{"obj": {"type": "LogStrings", "path": ["monitoring", "stderr"], "values": [{"value": "  File \"/home/resifis/anaconda3/envs/kaustenv/lib/python3.10/site-packages/models/forecastors/utils/multi_encengine.py\", line 68, in train_fn\n", "step": null, "ts": 1653399789.5819163}]}, "version": 44}
{"obj": {"type": "LogStrings", "path": ["monitoring", "stderr"], "values": [{"value": "    ", "step": null, "ts": 1653399789.5819983}]}, "version": 45}
{"obj": {"type": "LogStrings", "path": ["monitoring", "stderr"], "values": [{"value": "pred_target = model(train_batch)", "step": null, "ts": 1653399789.5820456}]}, "version": 46}
{"obj": {"type": "LogStrings", "path": ["monitoring", "stderr"], "values": [{"value": "\n", "step": null, "ts": 1653399789.5820928}]}, "version": 47}
{"obj": {"type": "LogStrings", "path": ["monitoring", "stderr"], "values": [{"value": "  File \"/home/resifis/anaconda3/envs/kaustenv/lib/python3.10/site-packages/torch/nn/modules/module.py\", line 1110, in _call_impl\n", "step": null, "ts": 1653399789.5821424}]}, "version": 48}
{"obj": {"type": "LogStrings", "path": ["monitoring", "stderr"], "values": [{"value": "    ", "step": null, "ts": 1653399789.582343}]}, "version": 49}
{"obj": {"type": "LogStrings", "path": ["monitoring", "stderr"], "values": [{"value": "return forward_call(*input, **kwargs)", "step": null, "ts": 1653399789.5823948}]}, "version": 50}
{"obj": {"type": "LogStrings", "path": ["monitoring", "stderr"], "values": [{"value": "\n", "step": null, "ts": 1653399789.5824454}]}, "version": 51}
{"obj": {"type": "LogStrings", "path": ["monitoring", "stderr"], "values": [{"value": "  File \"/home/resifis/anaconda3/envs/kaustenv/lib/python3.10/site-packages/models/forecastors/mulit_encoder_unet/muti_encunet.py\", line 33, in forward\n", "step": null, "ts": 1653399789.5824957}]}, "version": 52}
{"obj": {"type": "LogStrings", "path": ["monitoring", "stderr"], "values": [{"value": "    ", "step": null, "ts": 1653399789.5825753}]}, "version": 53}
{"obj": {"type": "LogStrings", "path": ["monitoring", "stderr"], "values": [{"value": "x1 = self.encode_all(data_dict)", "step": null, "ts": 1653399789.5826213}]}, "version": 54}
{"obj": {"type": "LogStrings", "path": ["monitoring", "stderr"], "values": [{"value": "\n", "step": null, "ts": 1653399789.582668}]}, "version": 55}
{"obj": {"type": "LogStrings", "path": ["monitoring", "stderr"], "values": [{"value": "  File \"/home/resifis/anaconda3/envs/kaustenv/lib/python3.10/site-packages/models/forecastors/mulit_encoder_unet/muti_encunet.py\", line 28, in encode_all\n", "step": null, "ts": 1653399789.5827172}]}, "version": 56}
{"obj": {"type": "LogStrings", "path": ["monitoring", "stderr"], "values": [{"value": "    ", "step": null, "ts": 1653399789.5827913}]}, "version": 57}
{"obj": {"type": "LogStrings", "path": ["monitoring", "stderr"], "values": [{"value": "list_enc.append(layer(data_dict[key]))", "step": null, "ts": 1653399789.5828373}]}, "version": 58}
{"obj": {"type": "LogStrings", "path": ["monitoring", "stderr"], "values": [{"value": "\n", "step": null, "ts": 1653399789.5828846}]}, "version": 59}
{"obj": {"type": "LogStrings", "path": ["monitoring", "stderr"], "values": [{"value": "  File \"/home/resifis/anaconda3/envs/kaustenv/lib/python3.10/site-packages/torch/nn/modules/module.py\", line 1110, in _call_impl\n", "step": null, "ts": 1653399789.5829327}]}, "version": 60}
{"obj": {"type": "LogStrings", "path": ["monitoring", "stderr"], "values": [{"value": "    ", "step": null, "ts": 1653399789.583121}]}, "version": 61}
{"obj": {"type": "LogStrings", "path": ["monitoring", "stderr"], "values": [{"value": "return forward_call(*input, **kwargs)", "step": null, "ts": 1653399789.5831716}]}, "version": 62}
{"obj": {"type": "LogStrings", "path": ["monitoring", "stderr"], "values": [{"value": "\n", "step": null, "ts": 1653399789.5832207}]}, "version": 63}
{"obj": {"type": "LogStrings", "path": ["monitoring", "stderr"], "values": [{"value": "  File \"/home/resifis/anaconda3/envs/kaustenv/lib/python3.10/site-packages/models/forecastors/mulit_encoder_unet/unet_utils.py\", line 24, in forward\n", "step": null, "ts": 1653399789.5832703}]}, "version": 64}
{"obj": {"type": "LogStrings", "path": ["monitoring", "stderr"], "values": [{"value": "    ", "step": null, "ts": 1653399789.5833552}]}, "version": 65}
{"obj": {"type": "LogStrings", "path": ["monitoring", "stderr"], "values": [{"value": "return self.double_conv(x)", "step": null, "ts": 1653399789.5833995}]}, "version": 66}
{"obj": {"type": "LogStrings", "path": ["monitoring", "stderr"], "values": [{"value": "\n", "step": null, "ts": 1653399789.5834446}]}, "version": 67}
{"obj": {"type": "LogStrings", "path": ["monitoring", "stderr"], "values": [{"value": "  File \"/home/resifis/anaconda3/envs/kaustenv/lib/python3.10/site-packages/torch/nn/modules/module.py\", line 1110, in _call_impl\n", "step": null, "ts": 1653399789.5834913}]}, "version": 68}
{"obj": {"type": "LogStrings", "path": ["monitoring", "stderr"], "values": [{"value": "    ", "step": null, "ts": 1653399789.583673}]}, "version": 69}
{"obj": {"type": "LogStrings", "path": ["monitoring", "stderr"], "values": [{"value": "return forward_call(*input, **kwargs)", "step": null, "ts": 1653399789.5837212}]}, "version": 70}
{"obj": {"type": "LogStrings", "path": ["monitoring", "stderr"], "values": [{"value": "\n", "step": null, "ts": 1653399789.5837684}]}, "version": 71}
{"obj": {"type": "LogStrings", "path": ["monitoring", "stderr"], "values": [{"value": "  File \"/home/resifis/anaconda3/envs/kaustenv/lib/python3.10/site-packages/torch/nn/modules/container.py\", line 141, in forward\n", "step": null, "ts": 1653399789.583816}]}, "version": 72}
{"obj": {"type": "LogStrings", "path": ["monitoring", "stderr"], "values": [{"value": "    ", "step": null, "ts": 1653399789.583901}]}, "version": 73}
{"obj": {"type": "LogStrings", "path": ["monitoring", "stderr"], "values": [{"value": "input = module(input)", "step": null, "ts": 1653399789.5839622}]}, "version": 74}
{"obj": {"type": "LogStrings", "path": ["monitoring", "stderr"], "values": [{"value": "\n", "step": null, "ts": 1653399789.58401}]}, "version": 75}
{"obj": {"type": "LogStrings", "path": ["monitoring", "stderr"], "values": [{"value": "  File \"/home/resifis/anaconda3/envs/kaustenv/lib/python3.10/site-packages/torch/nn/modules/module.py\", line 1110, in _call_impl\n", "step": null, "ts": 1653399789.5840585}]}, "version": 76}
{"obj": {"type": "LogStrings", "path": ["monitoring", "stderr"], "values": [{"value": "    ", "step": null, "ts": 1653399789.5842445}]}, "version": 77}
{"obj": {"type": "LogStrings", "path": ["monitoring", "stderr"], "values": [{"value": "return forward_call(*input, **kwargs)", "step": null, "ts": 1653399789.5842936}]}, "version": 78}
{"obj": {"type": "LogStrings", "path": ["monitoring", "stderr"], "values": [{"value": "\n", "step": null, "ts": 1653399789.584342}]}, "version": 79}
{"obj": {"type": "LogStrings", "path": ["monitoring", "stderr"], "values": [{"value": "  File \"/home/resifis/anaconda3/envs/kaustenv/lib/python3.10/site-packages/torch/nn/modules/conv.py\", line 592, in forward\n", "step": null, "ts": 1653399789.5843906}]}, "version": 80}
{"obj": {"type": "LogStrings", "path": ["monitoring", "stderr"], "values": [{"value": "    ", "step": null, "ts": 1653399789.584565}]}, "version": 81}
{"obj": {"type": "LogStrings", "path": ["monitoring", "stderr"], "values": [{"value": "return self._conv_forward(input, self.weight, self.bias)", "step": null, "ts": 1653399789.584616}]}, "version": 82}
{"obj": {"type": "LogStrings", "path": ["monitoring", "stderr"], "values": [{"value": "\n", "step": null, "ts": 1653399789.5846834}]}, "version": 83}
{"obj": {"type": "LogStrings", "path": ["monitoring", "stderr"], "values": [{"value": "  File \"/home/resifis/anaconda3/envs/kaustenv/lib/python3.10/site-packages/torch/nn/modules/conv.py\", line 587, in _conv_forward\n", "step": null, "ts": 1653399789.5847347}]}, "version": 84}
{"obj": {"type": "LogStrings", "path": ["monitoring", "stderr"], "values": [{"value": "    ", "step": null, "ts": 1653399789.5849078}]}, "version": 85}
{"obj": {"type": "LogStrings", "path": ["monitoring", "stderr"], "values": [{"value": "return F.conv3d(", "step": null, "ts": 1653399789.584961}]}, "version": 86}
{"obj": {"type": "LogStrings", "path": ["monitoring", "stderr"], "values": [{"value": "\n", "step": null, "ts": 1653399789.5850115}]}, "version": 87}
{"obj": {"type": "LogStrings", "path": ["monitoring", "stderr"], "values": [{"value": "RuntimeError", "step": null, "ts": 1653399789.585066}]}, "version": 88}
{"obj": {"type": "LogStrings", "path": ["monitoring", "stderr"], "values": [{"value": ": ", "step": null, "ts": 1653399789.5851102}]}, "version": 89}
{"obj": {"type": "LogStrings", "path": ["monitoring", "stderr"], "values": [{"value": "Input type (torch.cuda.FloatTensor) and weight type (torch.FloatTensor) should be the same", "step": null, "ts": 1653399789.585153}]}, "version": 90}
{"obj": {"type": "LogStrings", "path": ["monitoring", "stderr"], "values": [{"value": "\n", "step": null, "ts": 1653399789.5852}]}, "version": 91}
{"obj": {"type": "LogStrings", "path": ["monitoring", "stdout"], "values": [{"value": "", "step": null, "ts": 1653399789.5854552}]}, "version": 92}
{"obj": {"type": "LogStrings", "path": ["monitoring", "stdout"], "values": [{"value": "Shutting down background jobs, please wait a moment...\n", "step": null, "ts": 1653399789.5855465}]}, "version": 93}
