{"obj": {"type": "AssignString", "path": ["sys", "name"], "value": "Untitled"}, "version": 1}
{"obj": {"type": "AssignString", "path": ["sys", "description"], "value": ""}, "version": 2}
{"obj": {"type": "AssignString", "path": ["sys", "hostname"], "value": "KW60717"}, "version": 3}
{"obj": {"type": "AssignBool", "path": ["sys", "failed"], "value": false}, "version": 4}
{"obj": {"type": "ClearStringLog", "path": ["monitoring", "stdout"]}, "version": 5}
{"obj": {"type": "ClearStringLog", "path": ["monitoring", "stderr"]}, "version": 6}
{"obj": {"type": "AssignString", "path": ["source_code", "entrypoint"], "value": "train.py"}, "version": 7}
{"obj": {"type": "UploadFileSet", "path": ["source_code", "files"], "file_globs": ["/home/resifis/Desktop/kaustcode/Packages/models/src/models/train.py"], "reset": "False"}, "version": 8}
{"obj": {"type": "ConfigFloatSeries", "path": ["monitoring", "cpu"], "min": 0.0, "max": 100.0, "unit": "%"}, "version": 9}
{"obj": {"type": "ClearFloatLog", "path": ["monitoring", "cpu"]}, "version": 10}
{"obj": {"type": "ConfigFloatSeries", "path": ["monitoring", "memory"], "min": 0.0, "max": 251.55138397216797, "unit": "GB"}, "version": 11}
{"obj": {"type": "ClearFloatLog", "path": ["monitoring", "memory"]}, "version": 12}
{"obj": {"type": "ConfigFloatSeries", "path": ["monitoring", "gpu_0"], "min": 0.0, "max": 100.0, "unit": "%"}, "version": 13}
{"obj": {"type": "ClearFloatLog", "path": ["monitoring", "gpu_0"]}, "version": 14}
{"obj": {"type": "ConfigFloatSeries", "path": ["monitoring", "gpu_1"], "min": 0.0, "max": 100.0, "unit": "%"}, "version": 15}
{"obj": {"type": "ClearFloatLog", "path": ["monitoring", "gpu_1"]}, "version": 16}
{"obj": {"type": "ConfigFloatSeries", "path": ["monitoring", "gpu_memory_0"], "min": 0.0, "max": 23.69952392578125, "unit": "GB"}, "version": 17}
{"obj": {"type": "ClearFloatLog", "path": ["monitoring", "gpu_memory_0"]}, "version": 18}
{"obj": {"type": "ConfigFloatSeries", "path": ["monitoring", "gpu_memory_1"], "min": 0.0, "max": 23.69952392578125, "unit": "GB"}, "version": 19}
{"obj": {"type": "ClearFloatLog", "path": ["monitoring", "gpu_memory_1"]}, "version": 20}
{"obj": {"type": "LogStrings", "path": ["monitoring", "stdout"], "values": [{"value": ".........EPOCH 0........", "step": null, "ts": 1650400841.507795}]}, "version": 21}
{"obj": {"type": "LogStrings", "path": ["monitoring", "stdout"], "values": [{"value": "\n", "step": null, "ts": 1650400841.5097203}]}, "version": 22}
{"obj": {"type": "LogStrings", "path": ["monitoring", "stderr"], "values": [{"value": "\r  0%|                                                                                                                                                                          | 0/500 [00:00<?, ?it/s]", "step": null, "ts": 1650400841.513385}]}, "version": 23}
{"obj": {"type": "LogFloats", "path": ["monitoring", "cpu"], "values": [{"value": 4.3, "step": null, "ts": 1650400841.4992769}]}, "version": 24}
{"obj": {"type": "LogFloats", "path": ["monitoring", "memory"], "values": [{"value": 43.896202087402344, "step": null, "ts": 1650400841.4992769}]}, "version": 25}
{"obj": {"type": "LogFloats", "path": ["monitoring", "gpu_0"], "values": [{"value": 3.0, "step": null, "ts": 1650400841.4992769}]}, "version": 26}
{"obj": {"type": "LogFloats", "path": ["monitoring", "gpu_memory_0"], "values": [{"value": 0.71124267578125, "step": null, "ts": 1650400841.4992769}]}, "version": 27}
{"obj": {"type": "LogFloats", "path": ["monitoring", "gpu_memory_1"], "values": [{"value": 1.853759765625, "step": null, "ts": 1650400841.4992769}]}, "version": 28}
{"obj": {"type": "LogStrings", "path": ["monitoring", "stderr"], "values": [{"value": "", "step": null, "ts": 1650400842.0410903}]}, "version": 29}
{"obj": {"type": "LogStrings", "path": ["monitoring", "stderr"], "values": [{"value": "\r  0%|                                                                                                                                                                          | 0/500 [00:00<?, ?it/s]", "step": null, "ts": 1650400842.0418293}]}, "version": 30}
{"obj": {"type": "LogStrings", "path": ["monitoring", "stderr"], "values": [{"value": "\n", "step": null, "ts": 1650400842.042158}]}, "version": 31}
{"obj": {"type": "LogStrings", "path": ["monitoring", "traceback"], "values": [{"value": "An uncaught exception occurred while run was active on worker KW60717.", "step": null, "ts": 1650400842.0437806}, {"value": "Marking run as failed", "step": null, "ts": 1650400842.0437806}, {"value": "Traceback:", "step": null, "ts": 1650400842.0437806}, {"value": "  File \"/home/resifis/Desktop/kaustcode/Packages/models/src/models/train.py\", line 101, in <module>\n    job.fit(WRFData,WRFData)\n", "step": null, "ts": 1650400842.0437806}, {"value": "  File \"/home/resifis/miniconda3/envs/kaustenv/lib/python3.9/site-packages/models/forecastors/utils/simple_engine.py\", line 164, in fit\n    tr_loss = self.train_fn(self.train_config.model,train_data_loader,sparse)\n", "step": null, "ts": 1650400842.0437806}, {"value": "  File \"/home/resifis/miniconda3/envs/kaustenv/lib/python3.9/site-packages/models/forecastors/utils/simple_engine.py\", line 88, in train_fn\n    pred_target = model(data)\n", "step": null, "ts": 1650400842.0437806}, {"value": "  File \"/home/resifis/miniconda3/envs/kaustenv/lib/python3.9/site-packages/torch/nn/modules/module.py\", line 1110, in _call_impl\n    return forward_call(*input, **kwargs)\n", "step": null, "ts": 1650400842.0437806}, {"value": "  File \"/home/resifis/miniconda3/envs/kaustenv/lib/python3.9/site-packages/models/forecastors/Conv3DUNet/unet.py\", line 26, in forward\n    x1 = self.inc(x)\n", "step": null, "ts": 1650400842.0437806}, {"value": "  File \"/home/resifis/miniconda3/envs/kaustenv/lib/python3.9/site-packages/torch/nn/modules/module.py\", line 1110, in _call_impl\n    return forward_call(*input, **kwargs)\n", "step": null, "ts": 1650400842.0437806}, {"value": "  File \"/home/resifis/miniconda3/envs/kaustenv/lib/python3.9/site-packages/models/forecastors/Conv3DUNet/unet_utils.py\", line 24, in forward\n    return self.double_conv(x)\n", "step": null, "ts": 1650400842.0437806}]}, "version": 32}
{"obj": {"type": "LogStrings", "path": ["monitoring", "traceback"], "values": [{"value": "  File \"/home/resifis/miniconda3/envs/kaustenv/lib/python3.9/site-packages/torch/nn/modules/module.py\", line 1110, in _call_impl\n    return forward_call(*input, **kwargs)\n", "step": null, "ts": 1650400842.0437806}, {"value": "  File \"/home/resifis/miniconda3/envs/kaustenv/lib/python3.9/site-packages/torch/nn/modules/container.py\", line 141, in forward\n    input = module(input)\n", "step": null, "ts": 1650400842.0437806}, {"value": "  File \"/home/resifis/miniconda3/envs/kaustenv/lib/python3.9/site-packages/torch/nn/modules/module.py\", line 1110, in _call_impl\n    return forward_call(*input, **kwargs)\n", "step": null, "ts": 1650400842.0437806}, {"value": "  File \"/home/resifis/miniconda3/envs/kaustenv/lib/python3.9/site-packages/torch/nn/modules/conv.py\", line 592, in forward\n    return self._conv_forward(input, self.weight, self.bias)\n", "step": null, "ts": 1650400842.0437806}, {"value": "  File \"/home/resifis/miniconda3/envs/kaustenv/lib/python3.9/site-packages/torch/nn/modules/conv.py\", line 587, in _conv_forward\n    return F.conv3d(\n", "step": null, "ts": 1650400842.0437806}, {"value": "Given groups=1, weight of size [64, 6, 3, 3, 3], expected input[4, 8, 17, 213, 288] to have 6 channels, but got 8 channels instead", "step": null, "ts": 1650400842.0437806}]}, "version": 33}
{"obj": {"type": "AssignBool", "path": ["sys", "failed"], "value": true}, "version": 34}
{"obj": {"type": "LogStrings", "path": ["monitoring", "stderr"], "values": [{"value": "Traceback (most recent call last):\n", "step": null, "ts": 1650400842.0444162}]}, "version": 35}
{"obj": {"type": "LogStrings", "path": ["monitoring", "stderr"], "values": [{"value": "  File \"/home/resifis/Desktop/kaustcode/Packages/models/src/models/train.py\", line 101, in <module>\n", "step": null, "ts": 1650400842.0448122}]}, "version": 36}
{"obj": {"type": "LogStrings", "path": ["monitoring", "stderr"], "values": [{"value": "    ", "step": null, "ts": 1650400842.0449939}]}, "version": 37}
{"obj": {"type": "LogStrings", "path": ["monitoring", "stderr"], "values": [{"value": "job.fit(WRFData,WRFData)", "step": null, "ts": 1650400842.045074}]}, "version": 38}
{"obj": {"type": "LogStrings", "path": ["monitoring", "stderr"], "values": [{"value": "\n", "step": null, "ts": 1650400842.045447}]}, "version": 39}
{"obj": {"type": "LogStrings", "path": ["monitoring", "stderr"], "values": [{"value": "  File \"/home/resifis/miniconda3/envs/kaustenv/lib/python3.9/site-packages/models/forecastors/utils/simple_engine.py\", line 164, in fit\n", "step": null, "ts": 1650400842.0458243}]}, "version": 40}
{"obj": {"type": "LogStrings", "path": ["monitoring", "stderr"], "values": [{"value": "    ", "step": null, "ts": 1650400842.045995}]}, "version": 41}
{"obj": {"type": "LogStrings", "path": ["monitoring", "stderr"], "values": [{"value": "tr_loss = self.train_fn(self.train_config.model,train_data_loader,sparse)", "step": null, "ts": 1650400842.0460956}]}, "version": 42}
{"obj": {"type": "LogStrings", "path": ["monitoring", "stderr"], "values": [{"value": "\n", "step": null, "ts": 1650400842.046466}]}, "version": 43}
{"obj": {"type": "LogStrings", "path": ["monitoring", "stderr"], "values": [{"value": "  File \"/home/resifis/miniconda3/envs/kaustenv/lib/python3.9/site-packages/models/forecastors/utils/simple_engine.py\", line 88, in train_fn\n", "step": null, "ts": 1650400842.0468369}]}, "version": 44}
{"obj": {"type": "LogStrings", "path": ["monitoring", "stderr"], "values": [{"value": "    ", "step": null, "ts": 1650400842.0470028}]}, "version": 45}
{"obj": {"type": "LogStrings", "path": ["monitoring", "stderr"], "values": [{"value": "pred_target = model(data)", "step": null, "ts": 1650400842.0470812}]}, "version": 46}
{"obj": {"type": "LogStrings", "path": ["monitoring", "stderr"], "values": [{"value": "\n", "step": null, "ts": 1650400842.0474503}]}, "version": 47}
{"obj": {"type": "LogStrings", "path": ["monitoring", "stderr"], "values": [{"value": "  File \"/home/resifis/miniconda3/envs/kaustenv/lib/python3.9/site-packages/torch/nn/modules/module.py\", line 1110, in _call_impl\n", "step": null, "ts": 1650400842.0478132}]}, "version": 48}
{"obj": {"type": "LogStrings", "path": ["monitoring", "stderr"], "values": [{"value": "    ", "step": null, "ts": 1650400842.0481422}]}, "version": 49}
{"obj": {"type": "LogStrings", "path": ["monitoring", "stderr"], "values": [{"value": "return forward_call(*input, **kwargs)", "step": null, "ts": 1650400842.048277}]}, "version": 50}
{"obj": {"type": "LogStrings", "path": ["monitoring", "stderr"], "values": [{"value": "\n", "step": null, "ts": 1650400842.0486848}]}, "version": 51}
{"obj": {"type": "LogStrings", "path": ["monitoring", "stderr"], "values": [{"value": "  File \"/home/resifis/miniconda3/envs/kaustenv/lib/python3.9/site-packages/models/forecastors/Conv3DUNet/unet.py\", line 26, in forward\n", "step": null, "ts": 1650400842.0490525}]}, "version": 52}
{"obj": {"type": "LogStrings", "path": ["monitoring", "stderr"], "values": [{"value": "    ", "step": null, "ts": 1650400842.0492017}]}, "version": 53}
{"obj": {"type": "LogStrings", "path": ["monitoring", "stderr"], "values": [{"value": "x1 = self.inc(x)", "step": null, "ts": 1650400842.049276}]}, "version": 54}
{"obj": {"type": "LogStrings", "path": ["monitoring", "stderr"], "values": [{"value": "\n", "step": null, "ts": 1650400842.0496328}]}, "version": 55}
{"obj": {"type": "LogStrings", "path": ["monitoring", "stderr"], "values": [{"value": "  File \"/home/resifis/miniconda3/envs/kaustenv/lib/python3.9/site-packages/torch/nn/modules/module.py\", line 1110, in _call_impl\n", "step": null, "ts": 1650400842.049993}]}, "version": 56}
{"obj": {"type": "LogStrings", "path": ["monitoring", "stderr"], "values": [{"value": "    ", "step": null, "ts": 1650400842.0502856}]}, "version": 57}
{"obj": {"type": "LogStrings", "path": ["monitoring", "stderr"], "values": [{"value": "return forward_call(*input, **kwargs)", "step": null, "ts": 1650400842.050364}]}, "version": 58}
{"obj": {"type": "LogStrings", "path": ["monitoring", "stderr"], "values": [{"value": "\n", "step": null, "ts": 1650400842.050726}]}, "version": 59}
{"obj": {"type": "LogStrings", "path": ["monitoring", "stderr"], "values": [{"value": "  File \"/home/resifis/miniconda3/envs/kaustenv/lib/python3.9/site-packages/models/forecastors/Conv3DUNet/unet_utils.py\", line 24, in forward\n", "step": null, "ts": 1650400842.0510967}]}, "version": 60}
{"obj": {"type": "LogStrings", "path": ["monitoring", "stderr"], "values": [{"value": "    ", "step": null, "ts": 1650400842.0512428}]}, "version": 61}
{"obj": {"type": "LogStrings", "path": ["monitoring", "stderr"], "values": [{"value": "return self.double_conv(x)", "step": null, "ts": 1650400842.0513186}]}, "version": 62}
{"obj": {"type": "LogStrings", "path": ["monitoring", "stderr"], "values": [{"value": "\n", "step": null, "ts": 1650400842.0516763}]}, "version": 63}
{"obj": {"type": "LogStrings", "path": ["monitoring", "stderr"], "values": [{"value": "  File \"/home/resifis/miniconda3/envs/kaustenv/lib/python3.9/site-packages/torch/nn/modules/module.py\", line 1110, in _call_impl\n", "step": null, "ts": 1650400842.0520334}]}, "version": 64}
{"obj": {"type": "LogStrings", "path": ["monitoring", "stderr"], "values": [{"value": "    ", "step": null, "ts": 1650400842.052328}]}, "version": 65}
{"obj": {"type": "LogStrings", "path": ["monitoring", "stderr"], "values": [{"value": "return forward_call(*input, **kwargs)", "step": null, "ts": 1650400842.0524073}]}, "version": 66}
{"obj": {"type": "LogStrings", "path": ["monitoring", "stderr"], "values": [{"value": "\n", "step": null, "ts": 1650400842.0527663}]}, "version": 67}
{"obj": {"type": "LogStrings", "path": ["monitoring", "stderr"], "values": [{"value": "  File \"/home/resifis/miniconda3/envs/kaustenv/lib/python3.9/site-packages/torch/nn/modules/container.py\", line 141, in forward\n", "step": null, "ts": 1650400842.0533504}]}, "version": 68}
{"obj": {"type": "LogStrings", "path": ["monitoring", "stderr"], "values": [{"value": "    ", "step": null, "ts": 1650400842.053519}]}, "version": 69}
{"obj": {"type": "LogStrings", "path": ["monitoring", "stderr"], "values": [{"value": "input = module(input)", "step": null, "ts": 1650400842.0535972}]}, "version": 70}
{"obj": {"type": "LogStrings", "path": ["monitoring", "stderr"], "values": [{"value": "\n", "step": null, "ts": 1650400842.0540738}]}, "version": 71}
{"obj": {"type": "LogStrings", "path": ["monitoring", "stderr"], "values": [{"value": "  File \"/home/resifis/miniconda3/envs/kaustenv/lib/python3.9/site-packages/torch/nn/modules/module.py\", line 1110, in _call_impl\n", "step": null, "ts": 1650400842.0544991}]}, "version": 72}
{"obj": {"type": "LogStrings", "path": ["monitoring", "stderr"], "values": [{"value": "    ", "step": null, "ts": 1650400842.054795}]}, "version": 73}
{"obj": {"type": "LogStrings", "path": ["monitoring", "stderr"], "values": [{"value": "return forward_call(*input, **kwargs)", "step": null, "ts": 1650400842.054874}]}, "version": 74}
{"obj": {"type": "LogStrings", "path": ["monitoring", "stderr"], "values": [{"value": "\n", "step": null, "ts": 1650400842.0552478}]}, "version": 75}
{"obj": {"type": "LogStrings", "path": ["monitoring", "stderr"], "values": [{"value": "  File \"/home/resifis/miniconda3/envs/kaustenv/lib/python3.9/site-packages/torch/nn/modules/conv.py\", line 592, in forward\n", "step": null, "ts": 1650400842.0556169}]}, "version": 76}
{"obj": {"type": "LogStrings", "path": ["monitoring", "stderr"], "values": [{"value": "    ", "step": null, "ts": 1650400842.0559006}]}, "version": 77}
{"obj": {"type": "LogStrings", "path": ["monitoring", "stderr"], "values": [{"value": "return self._conv_forward(input, self.weight, self.bias)", "step": null, "ts": 1650400842.0559828}]}, "version": 78}
{"obj": {"type": "LogStrings", "path": ["monitoring", "stderr"], "values": [{"value": "\n", "step": null, "ts": 1650400842.0563529}]}, "version": 79}
{"obj": {"type": "LogStrings", "path": ["monitoring", "stderr"], "values": [{"value": "  File \"/home/resifis/miniconda3/envs/kaustenv/lib/python3.9/site-packages/torch/nn/modules/conv.py\", line 587, in _conv_forward\n", "step": null, "ts": 1650400842.056718}]}, "version": 80}
{"obj": {"type": "LogStrings", "path": ["monitoring", "stderr"], "values": [{"value": "    ", "step": null, "ts": 1650400842.0569813}]}, "version": 81}
{"obj": {"type": "LogStrings", "path": ["monitoring", "stderr"], "values": [{"value": "return F.conv3d(", "step": null, "ts": 1650400842.0570617}]}, "version": 82}
{"obj": {"type": "LogStrings", "path": ["monitoring", "stderr"], "values": [{"value": "\n", "step": null, "ts": 1650400842.0574298}]}, "version": 83}
{"obj": {"type": "LogStrings", "path": ["monitoring", "stderr"], "values": [{"value": "RuntimeError", "step": null, "ts": 1650400842.0575235}]}, "version": 84}
{"obj": {"type": "LogStrings", "path": ["monitoring", "stderr"], "values": [{"value": ": ", "step": null, "ts": 1650400842.0576103}]}, "version": 85}
{"obj": {"type": "LogStrings", "path": ["monitoring", "stderr"], "values": [{"value": "Given groups=1, weight of size [64, 6, 3, 3, 3], expected input[4, 8, 17, 213, 288] to have 6 channels, but got 8 channels instead", "step": null, "ts": 1650400842.057673}]}, "version": 86}
{"obj": {"type": "LogStrings", "path": ["monitoring", "stderr"], "values": [{"value": "\n", "step": null, "ts": 1650400842.0580266}]}, "version": 87}
{"obj": {"type": "LogStrings", "path": ["monitoring", "stdout"], "values": [{"value": "", "step": null, "ts": 1650400842.058296}]}, "version": 88}
{"obj": {"type": "LogStrings", "path": ["monitoring", "stdout"], "values": [{"value": "Shutting down background jobs, please wait a moment...\n", "step": null, "ts": 1650400842.0587115}]}, "version": 89}
