{"obj": {"type": "AssignString", "path": ["sys", "name"], "value": "Untitled"}, "version": 1}
{"obj": {"type": "AssignString", "path": ["sys", "description"], "value": ""}, "version": 2}
{"obj": {"type": "AssignString", "path": ["sys", "hostname"], "value": "KW60717"}, "version": 3}
{"obj": {"type": "AssignBool", "path": ["sys", "failed"], "value": false}, "version": 4}
{"obj": {"type": "ClearStringLog", "path": ["monitoring", "stdout"]}, "version": 5}
{"obj": {"type": "ClearStringLog", "path": ["monitoring", "stderr"]}, "version": 6}
{"obj": {"type": "ConfigFloatSeries", "path": ["monitoring", "cpu"], "min": 0.0, "max": 100.0, "unit": "%"}, "version": 7}
{"obj": {"type": "ClearFloatLog", "path": ["monitoring", "cpu"]}, "version": 8}
{"obj": {"type": "ConfigFloatSeries", "path": ["monitoring", "memory"], "min": 0.0, "max": 251.55138397216797, "unit": "GB"}, "version": 9}
{"obj": {"type": "ClearFloatLog", "path": ["monitoring", "memory"]}, "version": 10}
{"obj": {"type": "ConfigFloatSeries", "path": ["monitoring", "gpu_0"], "min": 0.0, "max": 100.0, "unit": "%"}, "version": 11}
{"obj": {"type": "ClearFloatLog", "path": ["monitoring", "gpu_0"]}, "version": 12}
{"obj": {"type": "ConfigFloatSeries", "path": ["monitoring", "gpu_1"], "min": 0.0, "max": 100.0, "unit": "%"}, "version": 13}
{"obj": {"type": "ClearFloatLog", "path": ["monitoring", "gpu_1"]}, "version": 14}
{"obj": {"type": "ConfigFloatSeries", "path": ["monitoring", "gpu_memory_0"], "min": 0.0, "max": 23.69952392578125, "unit": "GB"}, "version": 15}
{"obj": {"type": "ClearFloatLog", "path": ["monitoring", "gpu_memory_0"]}, "version": 16}
{"obj": {"type": "ConfigFloatSeries", "path": ["monitoring", "gpu_memory_1"], "min": 0.0, "max": 23.69952392578125, "unit": "GB"}, "version": 17}
{"obj": {"type": "ClearFloatLog", "path": ["monitoring", "gpu_memory_1"]}, "version": 18}
{"obj": {"type": "LogFloats", "path": ["monitoring", "cpu"], "values": [{"value": 90.6, "step": null, "ts": 1652189562.2141244}]}, "version": 19}
{"obj": {"type": "LogFloats", "path": ["monitoring", "memory"], "values": [{"value": 47.72117233276367, "step": null, "ts": 1652189562.2141244}]}, "version": 20}
{"obj": {"type": "LogFloats", "path": ["monitoring", "gpu_0"], "values": [{"value": 2.0, "step": null, "ts": 1652189562.2141244}]}, "version": 21}
{"obj": {"type": "LogFloats", "path": ["monitoring", "gpu_memory_0"], "values": [{"value": 1.51495361328125, "step": null, "ts": 1652189562.2141244}]}, "version": 22}
{"obj": {"type": "LogFloats", "path": ["monitoring", "gpu_memory_1"], "values": [{"value": 22.402587890625, "step": null, "ts": 1652189562.2141244}]}, "version": 23}
{"obj": {"type": "LogStrings", "path": ["monitoring", "stdout"], "values": [{"value": "", "step": null, "ts": 1652189562.2260675}]}, "version": 24}
{"obj": {"type": "LogStrings", "path": ["monitoring", "stdout"], "values": [{"value": "Remember to stop your run once you\u2019ve finished logging your metadata (https://docs.neptune.ai/api-reference/run#.stop). It will be stopped automatically only when the notebook kernel/interactive console is terminated.\n", "step": null, "ts": 1652189562.2262437}]}, "version": 25}
{"obj": {"type": "LogStrings", "path": ["monitoring", "stdout"], "values": [{"value": ".........EPOCH 0........", "step": null, "ts": 1652189562.227586}]}, "version": 26}
{"obj": {"type": "LogStrings", "path": ["monitoring", "stdout"], "values": [{"value": "\n", "step": null, "ts": 1652189562.2278154}]}, "version": 27}
{"obj": {"type": "LogStrings", "path": ["monitoring", "stderr"], "values": [{"value": "\r  0%|                                                 | 0/16074 [00:00<?, ?it/s]", "step": null, "ts": 1652189562.234483}]}, "version": 28}
{"obj": {"type": "LogStrings", "path": ["monitoring", "stdout"], "values": [{"value": "torch.Size([3, 1, 213, 288])", "step": null, "ts": 1652189564.176086}]}, "version": 29}
{"obj": {"type": "LogStrings", "path": ["monitoring", "stdout"], "values": [{"value": " ", "step": null, "ts": 1652189564.1762588}]}, "version": 30}
{"obj": {"type": "LogStrings", "path": ["monitoring", "stdout"], "values": [{"value": "torch.Size([3, 213, 288])", "step": null, "ts": 1652189564.176354}]}, "version": 31}
{"obj": {"type": "LogStrings", "path": ["monitoring", "stdout"], "values": [{"value": "\n", "step": null, "ts": 1652189564.176433}]}, "version": 32}
{"obj": {"type": "LogStrings", "path": ["monitoring", "stderr"], "values": [{"value": "/home/resifis/anaconda3/envs/kaustenv/lib/python3.9/site-packages/torch/nn/modules/loss.py:529: UserWarning: Using a target size (torch.Size([3, 213, 288])) that is different to the input size (torch.Size([3, 1, 213, 288])). This will likely lead to incorrect results due to broadcasting. Please ensure they have the same size.\n  return F.mse_loss(input, target, reduction=self.reduction)\n", "step": null, "ts": 1652189564.1771066}]}, "version": 33}
{"obj": {"type": "LogStrings", "path": ["monitoring", "stderr"], "values": [{"value": "\r  0%|                       | 0/16074 [00:02<?, ?it/s, Batch_number=0, Loss=189]", "step": null, "ts": 1652189565.1540625}]}, "version": 34}
{"obj": {"type": "LogStrings", "path": ["monitoring", "stderr"], "values": [{"value": "\r  0%|            | 1/16074 [00:02<13:02:09,  2.92s/it, Batch_number=0, Loss=189]", "step": null, "ts": 1652189565.154914}]}, "version": 35}
{"obj": {"type": "LogStrings", "path": ["monitoring", "stdout"], "values": [{"value": "torch.Size([3, 1, 213, 288])", "step": null, "ts": 1652189565.19456}]}, "version": 36}
{"obj": {"type": "LogStrings", "path": ["monitoring", "stdout"], "values": [{"value": " ", "step": null, "ts": 1652189565.195072}]}, "version": 37}
{"obj": {"type": "LogStrings", "path": ["monitoring", "stdout"], "values": [{"value": "torch.Size([3, 213, 288])", "step": null, "ts": 1652189565.1952505}]}, "version": 38}
{"obj": {"type": "LogStrings", "path": ["monitoring", "stdout"], "values": [{"value": "\n", "step": null, "ts": 1652189565.195391}]}, "version": 39}
{"obj": {"type": "LogStrings", "path": ["monitoring", "stderr"], "values": [{"value": "\r  0%|            | 1/16074 [00:03<13:02:09,  2.92s/it, Batch_number=1, Loss=411]", "step": null, "ts": 1652189565.3283463}]}, "version": 40}
{"obj": {"type": "LogStrings", "path": ["monitoring", "stderr"], "values": [{"value": "\r  0%|             | 2/16074 [00:03<5:49:30,  1.30s/it, Batch_number=1, Loss=411]", "step": null, "ts": 1652189565.3296168}]}, "version": 41}
{"obj": {"type": "LogStrings", "path": ["monitoring", "stdout"], "values": [{"value": "torch.Size([3, 1, 213, 288])", "step": null, "ts": 1652189565.3529975}]}, "version": 42}
{"obj": {"type": "LogStrings", "path": ["monitoring", "stdout"], "values": [{"value": " ", "step": null, "ts": 1652189565.3652132}]}, "version": 43}
{"obj": {"type": "LogStrings", "path": ["monitoring", "stdout"], "values": [{"value": "torch.Size([3, 213, 288])", "step": null, "ts": 1652189565.3656743}]}, "version": 44}
{"obj": {"type": "LogStrings", "path": ["monitoring", "stdout"], "values": [{"value": "\n", "step": null, "ts": 1652189565.3660493}]}, "version": 45}
{"obj": {"type": "LogStrings", "path": ["monitoring", "stderr"], "values": [{"value": "\r  0%|             | 2/16074 [00:03<5:49:30,  1.30s/it, Batch_number=2, Loss=496]", "step": null, "ts": 1652189565.4990513}]}, "version": 46}
{"obj": {"type": "LogStrings", "path": ["monitoring", "stderr"], "values": [{"value": "\r  0%|             | 3/16074 [00:03<3:30:51,  1.27it/s, Batch_number=2, Loss=496]", "step": null, "ts": 1652189565.5005586}]}, "version": 47}
{"obj": {"type": "LogStrings", "path": ["monitoring", "stdout"], "values": [{"value": "torch.Size([3, 1, 213, 288])", "step": null, "ts": 1652189565.5375147}]}, "version": 48}
{"obj": {"type": "LogStrings", "path": ["monitoring", "stdout"], "values": [{"value": " ", "step": null, "ts": 1652189565.55197}]}, "version": 49}
{"obj": {"type": "LogStrings", "path": ["monitoring", "stdout"], "values": [{"value": "torch.Size([3, 213, 288])", "step": null, "ts": 1652189565.5523884}]}, "version": 50}
{"obj": {"type": "LogStrings", "path": ["monitoring", "stdout"], "values": [{"value": "\n", "step": null, "ts": 1652189565.5527823}]}, "version": 51}
{"obj": {"type": "LogStrings", "path": ["monitoring", "stderr"], "values": [{"value": "\r  0%|             | 3/16074 [00:03<3:30:51,  1.27it/s, Batch_number=3, Loss=431]", "step": null, "ts": 1652189565.6781547}]}, "version": 52}
{"obj": {"type": "LogStrings", "path": ["monitoring", "stderr"], "values": [{"value": "\r  0%|             | 4/16074 [00:03<2:28:02,  1.81it/s, Batch_number=3, Loss=431]", "step": null, "ts": 1652189565.6938617}]}, "version": 53}
{"obj": {"type": "LogStrings", "path": ["monitoring", "stdout"], "values": [{"value": "torch.Size([3, 1, 213, 288])", "step": null, "ts": 1652189565.7467918}]}, "version": 54}
{"obj": {"type": "LogStrings", "path": ["monitoring", "stdout"], "values": [{"value": " ", "step": null, "ts": 1652189565.7474303}]}, "version": 55}
{"obj": {"type": "LogStrings", "path": ["monitoring", "stdout"], "values": [{"value": "torch.Size([3, 213, 288])", "step": null, "ts": 1652189565.7478058}]}, "version": 56}
{"obj": {"type": "LogStrings", "path": ["monitoring", "stdout"], "values": [{"value": "\n", "step": null, "ts": 1652189565.748132}]}, "version": 57}
{"obj": {"type": "LogStrings", "path": ["monitoring", "stderr"], "values": [{"value": "\r  0%|             | 4/16074 [00:03<2:28:02,  1.81it/s, Batch_number=4, Loss=382]", "step": null, "ts": 1652189565.8775713}]}, "version": 58}
{"obj": {"type": "LogStrings", "path": ["monitoring", "stderr"], "values": [{"value": "\r  0%|             | 5/16074 [00:03<1:52:28,  2.38it/s, Batch_number=4, Loss=382]", "step": null, "ts": 1652189565.8790193}]}, "version": 59}
{"obj": {"type": "LogStrings", "path": ["monitoring", "stdout"], "values": [{"value": "torch.Size([3, 1, 213, 288])", "step": null, "ts": 1652189565.9330657}]}, "version": 60}
{"obj": {"type": "LogStrings", "path": ["monitoring", "stdout"], "values": [{"value": " ", "step": null, "ts": 1652189565.9335399}]}, "version": 61}
{"obj": {"type": "LogStrings", "path": ["monitoring", "stdout"], "values": [{"value": "torch.Size([3, 213, 288])", "step": null, "ts": 1652189565.9339042}]}, "version": 62}
{"obj": {"type": "LogStrings", "path": ["monitoring", "stdout"], "values": [{"value": "\n", "step": null, "ts": 1652189565.9342241}]}, "version": 63}
{"obj": {"type": "LogStrings", "path": ["monitoring", "stderr"], "values": [{"value": "\r  0%|             | 5/16074 [00:03<1:52:28,  2.38it/s, Batch_number=5, Loss=423]", "step": null, "ts": 1652189566.063724}]}, "version": 64}
{"obj": {"type": "LogStrings", "path": ["monitoring", "stderr"], "values": [{"value": "\r  0%|             | 6/16074 [00:03<1:31:10,  2.94it/s, Batch_number=5, Loss=423]", "step": null, "ts": 1652189566.0649266}]}, "version": 65}
{"obj": {"type": "LogStrings", "path": ["monitoring", "stdout"], "values": [{"value": "torch.Size([3, 1, 213, 288])", "step": null, "ts": 1652189566.1130328}]}, "version": 66}
{"obj": {"type": "LogStrings", "path": ["monitoring", "stdout"], "values": [{"value": " ", "step": null, "ts": 1652189566.1134832}]}, "version": 67}
{"obj": {"type": "LogStrings", "path": ["monitoring", "stdout"], "values": [{"value": "torch.Size([3, 213, 288])", "step": null, "ts": 1652189566.113841}]}, "version": 68}
{"obj": {"type": "LogStrings", "path": ["monitoring", "stdout"], "values": [{"value": "\n", "step": null, "ts": 1652189566.1141603}]}, "version": 69}
{"obj": {"type": "LogStrings", "path": ["monitoring", "stderr"], "values": [{"value": "\r  0%|             | 6/16074 [00:04<1:31:10,  2.94it/s, Batch_number=6, Loss=457]", "step": null, "ts": 1652189566.243076}]}, "version": 70}
{"obj": {"type": "LogStrings", "path": ["monitoring", "stderr"], "values": [{"value": "\r  0%|             | 7/16074 [00:04<1:17:04,  3.47it/s, Batch_number=6, Loss=457]", "step": null, "ts": 1652189566.244276}]}, "version": 71}
{"obj": {"type": "LogStrings", "path": ["monitoring", "stdout"], "values": [{"value": "torch.Size([3, 1, 213, 288])", "step": null, "ts": 1652189566.3036735}]}, "version": 72}
{"obj": {"type": "LogStrings", "path": ["monitoring", "stdout"], "values": [{"value": " ", "step": null, "ts": 1652189566.304154}]}, "version": 73}
{"obj": {"type": "LogStrings", "path": ["monitoring", "stdout"], "values": [{"value": "torch.Size([3, 213, 288])", "step": null, "ts": 1652189566.3045173}]}, "version": 74}
{"obj": {"type": "LogStrings", "path": ["monitoring", "stdout"], "values": [{"value": "\n", "step": null, "ts": 1652189566.3048356}]}, "version": 75}
{"obj": {"type": "LogStrings", "path": ["monitoring", "stderr"], "values": [{"value": "\r  0%|             | 7/16074 [00:04<1:17:04,  3.47it/s, Batch_number=7, Loss=430]", "step": null, "ts": 1652189566.4452798}]}, "version": 76}
{"obj": {"type": "LogStrings", "path": ["monitoring", "stderr"], "values": [{"value": "\r  0%|             | 8/16074 [00:04<1:09:45,  3.84it/s, Batch_number=7, Loss=430]", "step": null, "ts": 1652189566.4463627}]}, "version": 77}
{"obj": {"type": "LogStrings", "path": ["monitoring", "stdout"], "values": [{"value": "torch.Size([3, 1, 213, 288])", "step": null, "ts": 1652189566.4968228}]}, "version": 78}
{"obj": {"type": "LogStrings", "path": ["monitoring", "stdout"], "values": [{"value": " ", "step": null, "ts": 1652189566.4972734}]}, "version": 79}
{"obj": {"type": "LogStrings", "path": ["monitoring", "stdout"], "values": [{"value": "torch.Size([3, 213, 288])", "step": null, "ts": 1652189566.4976377}]}, "version": 80}
{"obj": {"type": "LogStrings", "path": ["monitoring", "stdout"], "values": [{"value": "\n", "step": null, "ts": 1652189566.4979472}]}, "version": 81}
{"obj": {"type": "LogStrings", "path": ["monitoring", "stderr"], "values": [{"value": "\r  0%|             | 8/16074 [00:04<1:09:45,  3.84it/s, Batch_number=8, Loss=403]", "step": null, "ts": 1652189566.6329784}]}, "version": 82}
{"obj": {"type": "LogStrings", "path": ["monitoring", "stderr"], "values": [{"value": "\r  0%|             | 9/16074 [00:04<1:03:40,  4.21it/s, Batch_number=8, Loss=403]", "step": null, "ts": 1652189566.6341863}]}, "version": 83}
{"obj": {"type": "LogStrings", "path": ["monitoring", "stdout"], "values": [{"value": "torch.Size([3, 1, 213, 288])", "step": null, "ts": 1652189566.6850939}]}, "version": 84}
{"obj": {"type": "LogStrings", "path": ["monitoring", "stdout"], "values": [{"value": " ", "step": null, "ts": 1652189566.6855783}]}, "version": 85}
{"obj": {"type": "LogStrings", "path": ["monitoring", "stdout"], "values": [{"value": "torch.Size([3, 213, 288])", "step": null, "ts": 1652189566.685948}]}, "version": 86}
{"obj": {"type": "LogStrings", "path": ["monitoring", "stdout"], "values": [{"value": "\n", "step": null, "ts": 1652189566.686266}]}, "version": 87}
{"obj": {"type": "LogStrings", "path": ["monitoring", "stderr"], "values": [{"value": "\r  0%|             | 9/16074 [00:04<1:03:40,  4.21it/s, Batch_number=9, Loss=426]", "step": null, "ts": 1652189566.8236299}]}, "version": 88}
{"obj": {"type": "LogStrings", "path": ["monitoring", "stderr"], "values": [{"value": "\r  0%|              | 10/16074 [00:04<59:46,  4.48it/s, Batch_number=9, Loss=426]", "step": null, "ts": 1652189566.8248622}]}, "version": 89}
{"obj": {"type": "LogStrings", "path": ["monitoring", "stdout"], "values": [{"value": "torch.Size([3, 1, 213, 288])", "step": null, "ts": 1652189566.8768787}]}, "version": 90}
{"obj": {"type": "LogStrings", "path": ["monitoring", "stdout"], "values": [{"value": " ", "step": null, "ts": 1652189566.8773525}]}, "version": 91}
{"obj": {"type": "LogStrings", "path": ["monitoring", "stdout"], "values": [{"value": "torch.Size([3, 213, 288])", "step": null, "ts": 1652189566.8777208}]}, "version": 92}
{"obj": {"type": "LogStrings", "path": ["monitoring", "stdout"], "values": [{"value": "\n", "step": null, "ts": 1652189566.8780417}]}, "version": 93}
{"obj": {"type": "LogStrings", "path": ["monitoring", "stderr"], "values": [{"value": "\r  0%|             | 10/16074 [00:04<59:46,  4.48it/s, Batch_number=10, Loss=447]", "step": null, "ts": 1652189567.0151935}]}, "version": 94}
{"obj": {"type": "LogStrings", "path": ["monitoring", "stderr"], "values": [{"value": "\r  0%|             | 11/16074 [00:04<57:13,  4.68it/s, Batch_number=10, Loss=447]", "step": null, "ts": 1652189567.016831}]}, "version": 95}
{"obj": {"type": "LogStrings", "path": ["monitoring", "stdout"], "values": [{"value": "torch.Size([3, 1, 213, 288])", "step": null, "ts": 1652189567.073133}]}, "version": 96}
{"obj": {"type": "LogStrings", "path": ["monitoring", "stdout"], "values": [{"value": " ", "step": null, "ts": 1652189567.0738716}]}, "version": 97}
{"obj": {"type": "LogStrings", "path": ["monitoring", "stdout"], "values": [{"value": "torch.Size([3, 213, 288])", "step": null, "ts": 1652189567.0742562}]}, "version": 98}
{"obj": {"type": "LogStrings", "path": ["monitoring", "stdout"], "values": [{"value": "\n", "step": null, "ts": 1652189567.0746734}]}, "version": 99}
{"obj": {"type": "LogStrings", "path": ["monitoring", "stderr"], "values": [{"value": "\r  0%|             | 11/16074 [00:04<57:13,  4.68it/s, Batch_number=11, Loss=430]", "step": null, "ts": 1652189567.1999032}]}, "version": 100}
{"obj": {"type": "LogStrings", "path": ["monitoring", "stderr"], "values": [{"value": "\r  0%|             | 12/16074 [00:04<54:48,  4.88it/s, Batch_number=11, Loss=430]", "step": null, "ts": 1652189567.2012599}]}, "version": 101}
{"obj": {"type": "LogStrings", "path": ["monitoring", "stdout"], "values": [{"value": "torch.Size([3, 1, 213, 288])", "step": null, "ts": 1652189567.2546687}]}, "version": 102}
{"obj": {"type": "LogStrings", "path": ["monitoring", "stdout"], "values": [{"value": " ", "step": null, "ts": 1652189567.2551713}]}, "version": 103}
{"obj": {"type": "LogStrings", "path": ["monitoring", "stdout"], "values": [{"value": "torch.Size([3, 213, 288])", "step": null, "ts": 1652189567.255538}]}, "version": 104}
{"obj": {"type": "LogStrings", "path": ["monitoring", "stdout"], "values": [{"value": "\n", "step": null, "ts": 1652189567.255876}]}, "version": 105}
{"obj": {"type": "LogStrings", "path": ["monitoring", "stderr"], "values": [{"value": "\r  0%|             | 12/16074 [00:05<54:48,  4.88it/s, Batch_number=12, Loss=411]", "step": null, "ts": 1652189567.3800685}]}, "version": 106}
{"obj": {"type": "LogStrings", "path": ["monitoring", "stderr"], "values": [{"value": "\r  0%|             | 13/16074 [00:05<52:47,  5.07it/s, Batch_number=12, Loss=411]", "step": null, "ts": 1652189567.3808687}]}, "version": 107}
{"obj": {"type": "LogStrings", "path": ["monitoring", "stdout"], "values": [{"value": "torch.Size([3, 1, 213, 288])", "step": null, "ts": 1652189567.3980637}]}, "version": 108}
{"obj": {"type": "LogStrings", "path": ["monitoring", "stdout"], "values": [{"value": " ", "step": null, "ts": 1652189567.3982458}]}, "version": 109}
{"obj": {"type": "LogStrings", "path": ["monitoring", "stdout"], "values": [{"value": "torch.Size([3, 213, 288])", "step": null, "ts": 1652189567.398391}]}, "version": 110}
{"obj": {"type": "LogStrings", "path": ["monitoring", "stdout"], "values": [{"value": "\n", "step": null, "ts": 1652189567.3985195}]}, "version": 111}
{"obj": {"type": "LogStrings", "path": ["monitoring", "stderr"], "values": [{"value": "\r  0%|             | 13/16074 [00:05<52:47,  5.07it/s, Batch_number=13, Loss=426]", "step": null, "ts": 1652189567.5513694}]}, "version": 112}
{"obj": {"type": "LogStrings", "path": ["monitoring", "stderr"], "values": [{"value": "\r  0%|             | 14/16074 [00:05<50:42,  5.28it/s, Batch_number=13, Loss=426]", "step": null, "ts": 1652189567.5523188}]}, "version": 113}
{"obj": {"type": "LogStrings", "path": ["monitoring", "stdout"], "values": [{"value": "torch.Size([3, 1, 213, 288])", "step": null, "ts": 1652189567.5883102}]}, "version": 114}
{"obj": {"type": "LogStrings", "path": ["monitoring", "stdout"], "values": [{"value": " ", "step": null, "ts": 1652189567.5886488}]}, "version": 115}
{"obj": {"type": "LogStrings", "path": ["monitoring", "stdout"], "values": [{"value": "torch.Size([3, 213, 288])", "step": null, "ts": 1652189567.5889103}]}, "version": 116}
{"obj": {"type": "LogStrings", "path": ["monitoring", "stdout"], "values": [{"value": "\n", "step": null, "ts": 1652189567.5891404}]}, "version": 117}
{"obj": {"type": "LogStrings", "path": ["monitoring", "stderr"], "values": [{"value": "\r  0%|             | 14/16074 [00:05<50:42,  5.28it/s, Batch_number=14, Loss=442]", "step": null, "ts": 1652189567.726409}]}, "version": 118}
{"obj": {"type": "LogStrings", "path": ["monitoring", "stderr"], "values": [{"value": "\r  0%|             | 15/16074 [00:05<49:31,  5.40it/s, Batch_number=14, Loss=442]", "step": null, "ts": 1652189567.727397}]}, "version": 119}
{"obj": {"type": "LogStrings", "path": ["monitoring", "stdout"], "values": [{"value": "torch.Size([3, 1, 213, 288])", "step": null, "ts": 1652189567.7630112}]}, "version": 120}
{"obj": {"type": "LogStrings", "path": ["monitoring", "stdout"], "values": [{"value": " ", "step": null, "ts": 1652189567.7633584}]}, "version": 121}
{"obj": {"type": "LogStrings", "path": ["monitoring", "stdout"], "values": [{"value": "torch.Size([3, 213, 288])", "step": null, "ts": 1652189567.7636232}]}, "version": 122}
{"obj": {"type": "LogStrings", "path": ["monitoring", "stdout"], "values": [{"value": "\n", "step": null, "ts": 1652189567.763863}]}, "version": 123}
{"obj": {"type": "LogStrings", "path": ["monitoring", "stderr"], "values": [{"value": "\r  0%|             | 15/16074 [00:05<49:31,  5.40it/s, Batch_number=15, Loss=429]", "step": null, "ts": 1652189567.901979}]}, "version": 124}
{"obj": {"type": "LogStrings", "path": ["monitoring", "stderr"], "values": [{"value": "\r  0%|             | 16/16074 [00:05<48:44,  5.49it/s, Batch_number=15, Loss=429]", "step": null, "ts": 1652189567.9026337}]}, "version": 125}
{"obj": {"type": "LogStrings", "path": ["monitoring", "stdout"], "values": [{"value": "torch.Size([3, 1, 213, 288])", "step": null, "ts": 1652189567.9443464}]}, "version": 126}
{"obj": {"type": "LogStrings", "path": ["monitoring", "stdout"], "values": [{"value": " ", "step": null, "ts": 1652189567.9446878}]}, "version": 127}
{"obj": {"type": "LogStrings", "path": ["monitoring", "stdout"], "values": [{"value": "torch.Size([3, 213, 288])", "step": null, "ts": 1652189567.9449441}]}, "version": 128}
{"obj": {"type": "LogStrings", "path": ["monitoring", "stdout"], "values": [{"value": "\n", "step": null, "ts": 1652189567.945168}]}, "version": 129}
{"obj": {"type": "LogStrings", "path": ["monitoring", "stderr"], "values": [{"value": "\r  0%|             | 16/16074 [00:05<48:44,  5.49it/s, Batch_number=16, Loss=415]", "step": null, "ts": 1652189568.087839}]}, "version": 130}
{"obj": {"type": "LogStrings", "path": ["monitoring", "stderr"], "values": [{"value": "\r  0%|             | 17/16074 [00:05<49:03,  5.45it/s, Batch_number=16, Loss=415]", "step": null, "ts": 1652189568.0889053}]}, "version": 131}
{"obj": {"type": "LogStrings", "path": ["monitoring", "stdout"], "values": [{"value": "torch.Size([3, 1, 213, 288])", "step": null, "ts": 1652189568.1245556}]}, "version": 132}
{"obj": {"type": "LogStrings", "path": ["monitoring", "stdout"], "values": [{"value": " ", "step": null, "ts": 1652189568.1248891}]}, "version": 133}
{"obj": {"type": "LogStrings", "path": ["monitoring", "stdout"], "values": [{"value": "torch.Size([3, 213, 288])", "step": null, "ts": 1652189568.1251504}]}, "version": 134}
{"obj": {"type": "LogStrings", "path": ["monitoring", "stdout"], "values": [{"value": "\n", "step": null, "ts": 1652189568.1253793}]}, "version": 135}
{"obj": {"type": "LogStrings", "path": ["monitoring", "stderr"], "values": [{"value": "\r  0%|             | 17/16074 [00:06<49:03,  5.45it/s, Batch_number=17, Loss=427]", "step": null, "ts": 1652189568.2643466}]}, "version": 136}
{"obj": {"type": "LogStrings", "path": ["monitoring", "stderr"], "values": [{"value": "\r  0%|             | 18/16074 [00:06<48:30,  5.52it/s, Batch_number=17, Loss=427]", "step": null, "ts": 1652189568.265302}]}, "version": 137}
{"obj": {"type": "LogStrings", "path": ["monitoring", "stdout"], "values": [{"value": "torch.Size([3, 1, 213, 288])", "step": null, "ts": 1652189568.3051186}]}, "version": 138}
{"obj": {"type": "LogStrings", "path": ["monitoring", "stdout"], "values": [{"value": " ", "step": null, "ts": 1652189568.3054788}]}, "version": 139}
{"obj": {"type": "LogStrings", "path": ["monitoring", "stdout"], "values": [{"value": "torch.Size([3, 213, 288])", "step": null, "ts": 1652189568.305741}]}, "version": 140}
{"obj": {"type": "LogStrings", "path": ["monitoring", "stdout"], "values": [{"value": "\n", "step": null, "ts": 1652189568.305975}]}, "version": 141}
{"obj": {"type": "LogStrings", "path": ["monitoring", "stderr"], "values": [{"value": "\r  0%|             | 18/16074 [00:06<48:30,  5.52it/s, Batch_number=18, Loss=439]", "step": null, "ts": 1652189568.4516625}]}, "version": 142}
{"obj": {"type": "LogStrings", "path": ["monitoring", "stderr"], "values": [{"value": "\r  0%|             | 19/16074 [00:06<48:59,  5.46it/s, Batch_number=18, Loss=439]", "step": null, "ts": 1652189568.4526694}]}, "version": 143}
{"obj": {"type": "LogStrings", "path": ["monitoring", "stdout"], "values": [{"value": "torch.Size([3, 1, 213, 288])", "step": null, "ts": 1652189568.495521}]}, "version": 144}
{"obj": {"type": "LogStrings", "path": ["monitoring", "stdout"], "values": [{"value": " ", "step": null, "ts": 1652189568.495898}]}, "version": 145}
{"obj": {"type": "LogStrings", "path": ["monitoring", "stdout"], "values": [{"value": "torch.Size([3, 213, 288])", "step": null, "ts": 1652189568.4961624}]}, "version": 146}
{"obj": {"type": "LogStrings", "path": ["monitoring", "stdout"], "values": [{"value": "\n", "step": null, "ts": 1652189568.4963894}]}, "version": 147}
{"obj": {"type": "LogStrings", "path": ["monitoring", "stderr"], "values": [{"value": "\r  0%|             | 19/16074 [00:06<48:59,  5.46it/s, Batch_number=19, Loss=430]", "step": null, "ts": 1652189568.63283}]}, "version": 148}
{"obj": {"type": "LogStrings", "path": ["monitoring", "stderr"], "values": [{"value": "\r  0%|             | 20/16074 [00:06<48:50,  5.48it/s, Batch_number=19, Loss=430]", "step": null, "ts": 1652189568.633914}]}, "version": 149}
{"obj": {"type": "LogStrings", "path": ["monitoring", "stdout"], "values": [{"value": "torch.Size([3, 1, 213, 288])", "step": null, "ts": 1652189568.7038827}]}, "version": 150}
{"obj": {"type": "LogStrings", "path": ["monitoring", "stdout"], "values": [{"value": " ", "step": null, "ts": 1652189568.704233}]}, "version": 151}
{"obj": {"type": "LogStrings", "path": ["monitoring", "stdout"], "values": [{"value": "torch.Size([3, 213, 288])", "step": null, "ts": 1652189568.7044966}]}, "version": 152}
{"obj": {"type": "LogStrings", "path": ["monitoring", "stdout"], "values": [{"value": "\n", "step": null, "ts": 1652189568.7047281}]}, "version": 153}
{"obj": {"type": "LogStrings", "path": ["monitoring", "stderr"], "values": [{"value": "\r  0%|             | 20/16074 [00:06<48:50,  5.48it/s, Batch_number=20, Loss=418]", "step": null, "ts": 1652189568.8404906}]}, "version": 154}
{"obj": {"type": "LogStrings", "path": ["monitoring", "stderr"], "values": [{"value": "\r  0%|             | 21/16074 [00:06<50:50,  5.26it/s, Batch_number=20, Loss=418]", "step": null, "ts": 1652189568.8414974}]}, "version": 155}
{"obj": {"type": "LogStrings", "path": ["monitoring", "stdout"], "values": [{"value": "torch.Size([3, 1, 213, 288])", "step": null, "ts": 1652189568.8815064}]}, "version": 156}
{"obj": {"type": "LogStrings", "path": ["monitoring", "stdout"], "values": [{"value": " ", "step": null, "ts": 1652189568.8818507}]}, "version": 157}
{"obj": {"type": "LogStrings", "path": ["monitoring", "stdout"], "values": [{"value": "torch.Size([3, 213, 288])", "step": null, "ts": 1652189568.8821146}]}, "version": 158}
{"obj": {"type": "LogStrings", "path": ["monitoring", "stdout"], "values": [{"value": "\n", "step": null, "ts": 1652189568.882348}]}, "version": 159}
{"obj": {"type": "LogStrings", "path": ["monitoring", "stderr"], "values": [{"value": "\r  0%|             | 21/16074 [00:06<50:50,  5.26it/s, Batch_number=21, Loss=428]", "step": null, "ts": 1652189569.0230348}]}, "version": 160}
{"obj": {"type": "LogStrings", "path": ["monitoring", "stderr"], "values": [{"value": "\r  0%|             | 22/16074 [00:06<50:14,  5.33it/s, Batch_number=21, Loss=428]", "step": null, "ts": 1652189569.0240083}]}, "version": 161}
{"obj": {"type": "LogStrings", "path": ["monitoring", "stdout"], "values": [{"value": "torch.Size([3, 1, 213, 288])", "step": null, "ts": 1652189569.0637326}]}, "version": 162}
{"obj": {"type": "LogStrings", "path": ["monitoring", "stdout"], "values": [{"value": " ", "step": null, "ts": 1652189569.0640821}]}, "version": 163}
{"obj": {"type": "LogStrings", "path": ["monitoring", "stdout"], "values": [{"value": "torch.Size([3, 213, 288])", "step": null, "ts": 1652189569.06434}]}, "version": 164}
{"obj": {"type": "LogStrings", "path": ["monitoring", "stdout"], "values": [{"value": "\n", "step": null, "ts": 1652189569.06462}]}, "version": 165}
{"obj": {"type": "LogStrings", "path": ["monitoring", "stderr"], "values": [{"value": "\r  0%|             | 22/16074 [00:06<50:14,  5.33it/s, Batch_number=22, Loss=439]", "step": null, "ts": 1652189569.2009506}]}, "version": 166}
{"obj": {"type": "LogStrings", "path": ["monitoring", "stderr"], "values": [{"value": "\r  0%|             | 23/16074 [00:06<49:27,  5.41it/s, Batch_number=22, Loss=439]", "step": null, "ts": 1652189569.2021055}]}, "version": 167}
{"obj": {"type": "LogStrings", "path": ["monitoring", "stdout"], "values": [{"value": "torch.Size([3, 1, 213, 288])", "step": null, "ts": 1652189569.2773273}]}, "version": 168}
{"obj": {"type": "LogStrings", "path": ["monitoring", "stdout"], "values": [{"value": " ", "step": null, "ts": 1652189569.2777028}]}, "version": 169}
{"obj": {"type": "LogStrings", "path": ["monitoring", "stdout"], "values": [{"value": "torch.Size([3, 213, 288])", "step": null, "ts": 1652189569.2779648}]}, "version": 170}
{"obj": {"type": "LogStrings", "path": ["monitoring", "stdout"], "values": [{"value": "\n", "step": null, "ts": 1652189569.2781954}]}, "version": 171}
{"obj": {"type": "LogStrings", "path": ["monitoring", "stderr"], "values": [{"value": "\r  0%|             | 23/16074 [00:07<49:27,  5.41it/s, Batch_number=23, Loss=431]", "step": null, "ts": 1652189569.411}]}, "version": 172}
{"obj": {"type": "LogStrings", "path": ["monitoring", "stderr"], "values": [{"value": "\r  0%|             | 24/16074 [00:07<51:27,  5.20it/s, Batch_number=23, Loss=431]", "step": null, "ts": 1652189569.4117074}]}, "version": 173}
{"obj": {"type": "LogStrings", "path": ["monitoring", "stdout"], "values": [{"value": "torch.Size([3, 1, 213, 288])", "step": null, "ts": 1652189569.4305227}]}, "version": 174}
{"obj": {"type": "LogStrings", "path": ["monitoring", "stdout"], "values": [{"value": " ", "step": null, "ts": 1652189569.430794}]}, "version": 175}
{"obj": {"type": "LogStrings", "path": ["monitoring", "stdout"], "values": [{"value": "torch.Size([3, 213, 288])", "step": null, "ts": 1652189569.4310005}]}, "version": 176}
{"obj": {"type": "LogStrings", "path": ["monitoring", "stdout"], "values": [{"value": "\n", "step": null, "ts": 1652189569.431153}]}, "version": 177}
{"obj": {"type": "LogStrings", "path": ["monitoring", "stderr"], "values": [{"value": "\r  0%|             | 24/16074 [00:07<51:27,  5.20it/s, Batch_number=24, Loss=421]", "step": null, "ts": 1652189569.5722218}]}, "version": 178}
{"obj": {"type": "LogStrings", "path": ["monitoring", "stderr"], "values": [{"value": "\r  0%|             | 25/16074 [00:07<49:01,  5.46it/s, Batch_number=24, Loss=421]", "step": null, "ts": 1652189569.5738473}]}, "version": 179}
{"obj": {"type": "LogStrings", "path": ["monitoring", "stdout"], "values": [{"value": "torch.Size([3, 1, 213, 288])", "step": null, "ts": 1652189569.5917246}]}, "version": 180}
{"obj": {"type": "LogStrings", "path": ["monitoring", "stdout"], "values": [{"value": " ", "step": null, "ts": 1652189569.5919025}]}, "version": 181}
{"obj": {"type": "LogStrings", "path": ["monitoring", "stdout"], "values": [{"value": "torch.Size([3, 213, 288])", "step": null, "ts": 1652189569.5920486}]}, "version": 182}
{"obj": {"type": "LogStrings", "path": ["monitoring", "stdout"], "values": [{"value": "\n", "step": null, "ts": 1652189569.5921793}]}, "version": 183}
{"obj": {"type": "LogStrings", "path": ["monitoring", "stderr"], "values": [{"value": "\r  0%|             | 25/16074 [00:07<49:01,  5.46it/s, Batch_number=25, Loss=430]", "step": null, "ts": 1652189569.738741}]}, "version": 184}
{"obj": {"type": "LogStrings", "path": ["monitoring", "stderr"], "values": [{"value": "\r  0%|             | 26/16074 [00:07<47:36,  5.62it/s, Batch_number=25, Loss=430]", "step": null, "ts": 1652189569.7397113}]}, "version": 185}
{"obj": {"type": "LogStrings", "path": ["monitoring", "stdout"], "values": [{"value": "torch.Size([3, 1, 213, 288])", "step": null, "ts": 1652189569.7736995}]}, "version": 186}
{"obj": {"type": "LogStrings", "path": ["monitoring", "stdout"], "values": [{"value": " ", "step": null, "ts": 1652189569.774041}]}, "version": 187}
{"obj": {"type": "LogStrings", "path": ["monitoring", "stdout"], "values": [{"value": "torch.Size([3, 213, 288])", "step": null, "ts": 1652189569.7743056}]}, "version": 188}
{"obj": {"type": "LogStrings", "path": ["monitoring", "stdout"], "values": [{"value": "\n", "step": null, "ts": 1652189569.774535}]}, "version": 189}
{"obj": {"type": "LogStrings", "path": ["monitoring", "stderr"], "values": [{"value": "\r  0%|             | 26/16074 [00:07<47:36,  5.62it/s, Batch_number=26, Loss=439]", "step": null, "ts": 1652189569.915992}]}, "version": 190}
{"obj": {"type": "LogStrings", "path": ["monitoring", "stderr"], "values": [{"value": "\r  0%|             | 27/16074 [00:07<47:33,  5.62it/s, Batch_number=26, Loss=439]", "step": null, "ts": 1652189569.917064}]}, "version": 191}
{"obj": {"type": "LogStrings", "path": ["monitoring", "stdout"], "values": [{"value": "torch.Size([3, 1, 213, 288])", "step": null, "ts": 1652189569.9709096}]}, "version": 192}
{"obj": {"type": "LogStrings", "path": ["monitoring", "stdout"], "values": [{"value": " ", "step": null, "ts": 1652189569.971293}]}, "version": 193}
{"obj": {"type": "LogStrings", "path": ["monitoring", "stdout"], "values": [{"value": "torch.Size([3, 213, 288])", "step": null, "ts": 1652189569.9715524}]}, "version": 194}
{"obj": {"type": "LogStrings", "path": ["monitoring", "stdout"], "values": [{"value": "\n", "step": null, "ts": 1652189569.9717937}]}, "version": 195}
{"obj": {"type": "LogStrings", "path": ["monitoring", "stderr"], "values": [{"value": "\r  0%|             | 27/16074 [00:07<47:33,  5.62it/s, Batch_number=27, Loss=433]", "step": null, "ts": 1652189570.114864}]}, "version": 196}
{"obj": {"type": "LogStrings", "path": ["monitoring", "stderr"], "values": [{"value": "\r  0%|             | 28/16074 [00:07<49:14,  5.43it/s, Batch_number=27, Loss=433]", "step": null, "ts": 1652189570.116267}]}, "version": 197}
{"obj": {"type": "LogStrings", "path": ["monitoring", "stdout"], "values": [{"value": "torch.Size([3, 1, 213, 288])", "step": null, "ts": 1652189570.1552556}]}, "version": 198}
{"obj": {"type": "LogStrings", "path": ["monitoring", "stdout"], "values": [{"value": " ", "step": null, "ts": 1652189570.155607}]}, "version": 199}
{"obj": {"type": "LogStrings", "path": ["monitoring", "stdout"], "values": [{"value": "torch.Size([3, 213, 288])", "step": null, "ts": 1652189570.1559367}]}, "version": 200}
{"obj": {"type": "LogStrings", "path": ["monitoring", "stdout"], "values": [{"value": "\n", "step": null, "ts": 1652189570.1561713}]}, "version": 201}
{"obj": {"type": "LogStrings", "path": ["monitoring", "stderr"], "values": [{"value": "\r  0%|             | 28/16074 [00:08<49:14,  5.43it/s, Batch_number=28, Loss=424]", "step": null, "ts": 1652189570.289054}]}, "version": 202}
{"obj": {"type": "LogStrings", "path": ["monitoring", "stderr"], "values": [{"value": "\r  0%|             | 29/16074 [00:08<48:26,  5.52it/s, Batch_number=28, Loss=424]", "step": null, "ts": 1652189570.2900925}]}, "version": 203}
{"obj": {"type": "LogStrings", "path": ["monitoring", "stdout"], "values": [{"value": "torch.Size([3, 1, 213, 288])", "step": null, "ts": 1652189570.3334265}]}, "version": 204}
{"obj": {"type": "LogStrings", "path": ["monitoring", "stdout"], "values": [{"value": " ", "step": null, "ts": 1652189570.3337948}]}, "version": 205}
{"obj": {"type": "LogStrings", "path": ["monitoring", "stdout"], "values": [{"value": "torch.Size([3, 213, 288])", "step": null, "ts": 1652189570.334052}]}, "version": 206}
{"obj": {"type": "LogStrings", "path": ["monitoring", "stdout"], "values": [{"value": "\n", "step": null, "ts": 1652189570.3342757}]}, "version": 207}
{"obj": {"type": "LogStrings", "path": ["monitoring", "stderr"], "values": [{"value": "\r  0%|             | 29/16074 [00:08<48:26,  5.52it/s, Batch_number=29, Loss=432]", "step": null, "ts": 1652189570.468687}]}, "version": 208}
{"obj": {"type": "LogStrings", "path": ["monitoring", "stderr"], "values": [{"value": "\r  0%|             | 30/16074 [00:08<48:19,  5.53it/s, Batch_number=29, Loss=432]", "step": null, "ts": 1652189570.4697862}]}, "version": 209}
{"obj": {"type": "LogStrings", "path": ["monitoring", "stdout"], "values": [{"value": "torch.Size([3, 1, 213, 288])", "step": null, "ts": 1652189570.5143476}]}, "version": 210}
{"obj": {"type": "LogStrings", "path": ["monitoring", "stdout"], "values": [{"value": " ", "step": null, "ts": 1652189570.5147676}]}, "version": 211}
{"obj": {"type": "LogStrings", "path": ["monitoring", "stdout"], "values": [{"value": "torch.Size([3, 213, 288])", "step": null, "ts": 1652189570.5150306}]}, "version": 212}
{"obj": {"type": "LogStrings", "path": ["monitoring", "stdout"], "values": [{"value": "\n", "step": null, "ts": 1652189570.5152597}]}, "version": 213}
{"obj": {"type": "LogStrings", "path": ["monitoring", "stderr"], "values": [{"value": "\r  0%|             | 30/16074 [00:08<48:19,  5.53it/s, Batch_number=30, Loss=440]", "step": null, "ts": 1652189570.655471}]}, "version": 214}
{"obj": {"type": "LogStrings", "path": ["monitoring", "stderr"], "values": [{"value": "\r  0%|             | 31/16074 [00:08<48:48,  5.48it/s, Batch_number=30, Loss=440]", "step": null, "ts": 1652189570.6565335}]}, "version": 215}
{"obj": {"type": "LogStrings", "path": ["monitoring", "stdout"], "values": [{"value": "torch.Size([3, 1, 213, 288])", "step": null, "ts": 1652189570.6917117}]}, "version": 216}
{"obj": {"type": "LogStrings", "path": ["monitoring", "stdout"], "values": [{"value": " ", "step": null, "ts": 1652189570.6920362}]}, "version": 217}
{"obj": {"type": "LogStrings", "path": ["monitoring", "stdout"], "values": [{"value": "torch.Size([3, 213, 288])", "step": null, "ts": 1652189570.6922908}]}, "version": 218}
{"obj": {"type": "LogStrings", "path": ["monitoring", "stdout"], "values": [{"value": "\n", "step": null, "ts": 1652189570.6925185}]}, "version": 219}
{"obj": {"type": "LogStrings", "path": ["monitoring", "stderr"], "values": [{"value": "\r  0%|             | 31/16074 [00:08<48:48,  5.48it/s, Batch_number=31, Loss=435]", "step": null, "ts": 1652189570.826906}]}, "version": 220}
{"obj": {"type": "LogStrings", "path": ["monitoring", "stderr"], "values": [{"value": "\r  0%|             | 32/16074 [00:08<48:01,  5.57it/s, Batch_number=31, Loss=435]", "step": null, "ts": 1652189570.8294508}]}, "version": 221}
{"obj": {"type": "LogStrings", "path": ["monitoring", "stdout"], "values": [{"value": "torch.Size([3, 1, 213, 288])", "step": null, "ts": 1652189570.8806298}]}, "version": 222}
{"obj": {"type": "LogStrings", "path": ["monitoring", "stdout"], "values": [{"value": " ", "step": null, "ts": 1652189570.8809786}]}, "version": 223}
{"obj": {"type": "LogStrings", "path": ["monitoring", "stdout"], "values": [{"value": "torch.Size([3, 213, 288])", "step": null, "ts": 1652189570.8812373}]}, "version": 224}
{"obj": {"type": "LogStrings", "path": ["monitoring", "stdout"], "values": [{"value": "\n", "step": null, "ts": 1652189570.8814647}]}, "version": 225}
{"obj": {"type": "LogStrings", "path": ["monitoring", "stderr"], "values": [{"value": "\r  0%|             | 32/16074 [00:08<48:01,  5.57it/s, Batch_number=32, Loss=428]", "step": null, "ts": 1652189571.0210986}]}, "version": 226}
{"obj": {"type": "LogStrings", "path": ["monitoring", "stderr"], "values": [{"value": "\r  0%|             | 33/16074 [00:08<49:09,  5.44it/s, Batch_number=32, Loss=428]", "step": null, "ts": 1652189571.0232937}]}, "version": 227}
{"obj": {"type": "LogStrings", "path": ["monitoring", "stdout"], "values": [{"value": "torch.Size([3, 1, 213, 288])", "step": null, "ts": 1652189571.0608492}]}, "version": 228}
{"obj": {"type": "LogStrings", "path": ["monitoring", "stdout"], "values": [{"value": " ", "step": null, "ts": 1652189571.0611959}]}, "version": 229}
{"obj": {"type": "LogStrings", "path": ["monitoring", "stdout"], "values": [{"value": "torch.Size([3, 213, 288])", "step": null, "ts": 1652189571.0614588}]}, "version": 230}
{"obj": {"type": "LogStrings", "path": ["monitoring", "stdout"], "values": [{"value": "\n", "step": null, "ts": 1652189571.061689}]}, "version": 231}
{"obj": {"type": "LogStrings", "path": ["monitoring", "stderr"], "values": [{"value": "\r  0%|             | 33/16074 [00:08<49:09,  5.44it/s, Batch_number=33, Loss=434]", "step": null, "ts": 1652189571.180699}]}, "version": 232}
{"obj": {"type": "LogStrings", "path": ["monitoring", "stderr"], "values": [{"value": "\r  0%|             | 34/16074 [00:08<47:06,  5.67it/s, Batch_number=33, Loss=434]", "step": null, "ts": 1652189571.181391}]}, "version": 233}
{"obj": {"type": "LogStrings", "path": ["monitoring", "stdout"], "values": [{"value": "torch.Size([3, 1, 213, 288])", "step": null, "ts": 1652189571.207316}]}, "version": 234}
{"obj": {"type": "LogStrings", "path": ["monitoring", "stdout"], "values": [{"value": " ", "step": null, "ts": 1652189571.2076678}]}, "version": 235}
{"obj": {"type": "LogStrings", "path": ["monitoring", "stdout"], "values": [{"value": "torch.Size([3, 213, 288])", "step": null, "ts": 1652189571.2078938}]}, "version": 236}
{"obj": {"type": "LogStrings", "path": ["monitoring", "stdout"], "values": [{"value": "\n", "step": null, "ts": 1652189571.2080686}]}, "version": 237}
{"obj": {"type": "LogStrings", "path": ["monitoring", "stderr"], "values": [{"value": "\r  0%|             | 34/16074 [00:09<47:06,  5.67it/s, Batch_number=34, Loss=442]", "step": null, "ts": 1652189571.3500423}]}, "version": 238}
{"obj": {"type": "LogStrings", "path": ["monitoring", "stderr"], "values": [{"value": "\r  0%|             | 35/16074 [00:09<46:34,  5.74it/s, Batch_number=34, Loss=442]", "step": null, "ts": 1652189571.3513215}]}, "version": 239}
{"obj": {"type": "LogStrings", "path": ["monitoring", "stdout"], "values": [{"value": "torch.Size([3, 1, 213, 288])", "step": null, "ts": 1652189571.3910832}]}, "version": 240}
{"obj": {"type": "LogStrings", "path": ["monitoring", "stdout"], "values": [{"value": " ", "step": null, "ts": 1652189571.3914871}]}, "version": 241}
{"obj": {"type": "LogStrings", "path": ["monitoring", "stdout"], "values": [{"value": "torch.Size([3, 213, 288])", "step": null, "ts": 1652189571.391767}]}, "version": 242}
{"obj": {"type": "LogStrings", "path": ["monitoring", "stdout"], "values": [{"value": "\n", "step": null, "ts": 1652189571.3920074}]}, "version": 243}
{"obj": {"type": "LogStrings", "path": ["monitoring", "stderr"], "values": [{"value": "\r  0%|             | 35/16074 [00:09<46:34,  5.74it/s, Batch_number=35, Loss=437]", "step": null, "ts": 1652189571.532944}]}, "version": 244}
{"obj": {"type": "LogStrings", "path": ["monitoring", "stderr"], "values": [{"value": "\r  0%|             | 36/16074 [00:09<47:16,  5.65it/s, Batch_number=35, Loss=437]", "step": null, "ts": 1652189571.534173}]}, "version": 245}
{"obj": {"type": "LogStrings", "path": ["monitoring", "stdout"], "values": [{"value": "torch.Size([3, 1, 213, 288])", "step": null, "ts": 1652189571.5717504}]}, "version": 246}
{"obj": {"type": "LogStrings", "path": ["monitoring", "stdout"], "values": [{"value": " ", "step": null, "ts": 1652189571.572138}]}, "version": 247}
{"obj": {"type": "LogStrings", "path": ["monitoring", "stdout"], "values": [{"value": "torch.Size([3, 213, 288])", "step": null, "ts": 1652189571.5724096}]}, "version": 248}
{"obj": {"type": "LogStrings", "path": ["monitoring", "stdout"], "values": [{"value": "\n", "step": null, "ts": 1652189571.5726433}]}, "version": 249}
{"obj": {"type": "LogStrings", "path": ["monitoring", "stderr"], "values": [{"value": "\r  0%|             | 36/16074 [00:09<47:16,  5.65it/s, Batch_number=36, Loss=430]", "step": null, "ts": 1652189571.7093916}]}, "version": 250}
{"obj": {"type": "LogStrings", "path": ["monitoring", "stderr"], "values": [{"value": "\r  0%|             | 37/16074 [00:09<47:13,  5.66it/s, Batch_number=36, Loss=430]", "step": null, "ts": 1652189571.7105947}]}, "version": 251}
{"obj": {"type": "LogStrings", "path": ["monitoring", "stdout"], "values": [{"value": "torch.Size([3, 1, 213, 288])", "step": null, "ts": 1652189571.7490907}]}, "version": 252}
{"obj": {"type": "LogStrings", "path": ["monitoring", "stdout"], "values": [{"value": " ", "step": null, "ts": 1652189571.7495248}]}, "version": 253}
{"obj": {"type": "LogStrings", "path": ["monitoring", "stdout"], "values": [{"value": "torch.Size([3, 213, 288])", "step": null, "ts": 1652189571.7497938}]}, "version": 254}
{"obj": {"type": "LogStrings", "path": ["monitoring", "stdout"], "values": [{"value": "\n", "step": null, "ts": 1652189571.7500236}]}, "version": 255}
{"obj": {"type": "LogStrings", "path": ["monitoring", "stderr"], "values": [{"value": "\r  0%|             | 37/16074 [00:09<47:13,  5.66it/s, Batch_number=37, Loss=436]", "step": null, "ts": 1652189571.8938136}]}, "version": 256}
{"obj": {"type": "LogStrings", "path": ["monitoring", "stderr"], "values": [{"value": "\r  0%|             | 38/16074 [00:09<47:50,  5.59it/s, Batch_number=37, Loss=436]", "step": null, "ts": 1652189571.89504}]}, "version": 257}
{"obj": {"type": "LogStrings", "path": ["monitoring", "stdout"], "values": [{"value": "torch.Size([3, 1, 213, 288])", "step": null, "ts": 1652189571.9323053}]}, "version": 258}
{"obj": {"type": "LogStrings", "path": ["monitoring", "stdout"], "values": [{"value": " ", "step": null, "ts": 1652189571.9327269}]}, "version": 259}
{"obj": {"type": "LogStrings", "path": ["monitoring", "stdout"], "values": [{"value": "torch.Size([3, 213, 288])", "step": null, "ts": 1652189571.9329965}]}, "version": 260}
{"obj": {"type": "LogStrings", "path": ["monitoring", "stdout"], "values": [{"value": "\n", "step": null, "ts": 1652189571.933228}]}, "version": 261}
{"obj": {"type": "LogStrings", "path": ["monitoring", "stderr"], "values": [{"value": "\r  0%|             | 38/16074 [00:09<47:50,  5.59it/s, Batch_number=38, Loss=443]", "step": null, "ts": 1652189572.0744967}]}, "version": 262}
{"obj": {"type": "LogStrings", "path": ["monitoring", "stderr"], "values": [{"value": "\r  0%|             | 39/16074 [00:09<47:59,  5.57it/s, Batch_number=38, Loss=443]", "step": null, "ts": 1652189572.0760462}]}, "version": 263}
{"obj": {"type": "LogStrings", "path": ["monitoring", "stdout"], "values": [{"value": "torch.Size([3, 1, 213, 288])", "step": null, "ts": 1652189572.1162083}]}, "version": 264}
{"obj": {"type": "LogStrings", "path": ["monitoring", "stdout"], "values": [{"value": " ", "step": null, "ts": 1652189572.116712}]}, "version": 265}
{"obj": {"type": "LogStrings", "path": ["monitoring", "stdout"], "values": [{"value": "torch.Size([3, 213, 288])", "step": null, "ts": 1652189572.1169872}]}, "version": 266}
{"obj": {"type": "LogStrings", "path": ["monitoring", "stdout"], "values": [{"value": "\n", "step": null, "ts": 1652189572.1172154}]}, "version": 267}
{"obj": {"type": "LogFloats", "path": ["monitoring", "cpu"], "values": [{"value": 96.0, "step": null, "ts": 1652189572.2180521}]}, "version": 268}
{"obj": {"type": "LogFloats", "path": ["monitoring", "memory"], "values": [{"value": 48.38405990600586, "step": null, "ts": 1652189572.2180521}]}, "version": 269}
{"obj": {"type": "LogFloats", "path": ["monitoring", "gpu_0"], "values": [{"value": 73.0, "step": null, "ts": 1652189572.2180521}]}, "version": 270}
{"obj": {"type": "LogFloats", "path": ["monitoring", "gpu_memory_0"], "values": [{"value": 3.64056396484375, "step": null, "ts": 1652189572.2180521}]}, "version": 271}
{"obj": {"type": "LogFloats", "path": ["monitoring", "gpu_memory_1"], "values": [{"value": 22.402587890625, "step": null, "ts": 1652189572.2180521}]}, "version": 272}
{"obj": {"type": "LogStrings", "path": ["monitoring", "stderr"], "values": [{"value": "\r  0%|             | 39/16074 [00:10<47:59,  5.57it/s, Batch_number=39, Loss=439]", "step": null, "ts": 1652189572.2569456}]}, "version": 273}
{"obj": {"type": "LogStrings", "path": ["monitoring", "stderr"], "values": [{"value": "\r  0%|             | 40/16074 [00:10<48:12,  5.54it/s, Batch_number=39, Loss=439]", "step": null, "ts": 1652189572.2582119}]}, "version": 274}
{"obj": {"type": "LogStrings", "path": ["monitoring", "stdout"], "values": [{"value": "torch.Size([3, 1, 213, 288])", "step": null, "ts": 1652189572.29609}]}, "version": 275}
{"obj": {"type": "LogStrings", "path": ["monitoring", "stdout"], "values": [{"value": " ", "step": null, "ts": 1652189572.2965136}]}, "version": 276}
{"obj": {"type": "LogStrings", "path": ["monitoring", "stdout"], "values": [{"value": "torch.Size([3, 213, 288])", "step": null, "ts": 1652189572.296782}]}, "version": 277}
{"obj": {"type": "LogStrings", "path": ["monitoring", "stdout"], "values": [{"value": "\n", "step": null, "ts": 1652189572.2970138}]}, "version": 278}
{"obj": {"type": "LogStrings", "path": ["monitoring", "stderr"], "values": [{"value": "\r  0%|             | 40/16074 [00:10<48:12,  5.54it/s, Batch_number=40, Loss=433]", "step": null, "ts": 1652189572.4373283}]}, "version": 279}
{"obj": {"type": "LogStrings", "path": ["monitoring", "stderr"], "values": [{"value": "\r  0%|             | 41/16074 [00:10<48:11,  5.54it/s, Batch_number=40, Loss=433]", "step": null, "ts": 1652189572.4385471}]}, "version": 280}
{"obj": {"type": "LogStrings", "path": ["monitoring", "stdout"], "values": [{"value": "torch.Size([3, 1, 213, 288])", "step": null, "ts": 1652189572.4797757}]}, "version": 281}
{"obj": {"type": "LogStrings", "path": ["monitoring", "stdout"], "values": [{"value": " ", "step": null, "ts": 1652189572.480184}]}, "version": 282}
{"obj": {"type": "LogStrings", "path": ["monitoring", "stdout"], "values": [{"value": "torch.Size([3, 213, 288])", "step": null, "ts": 1652189572.4804466}]}, "version": 283}
{"obj": {"type": "LogStrings", "path": ["monitoring", "stdout"], "values": [{"value": "\n", "step": null, "ts": 1652189572.4806807}]}, "version": 284}
{"obj": {"type": "LogStrings", "path": ["monitoring", "stderr"], "values": [{"value": "\r  0%|             | 41/16074 [00:10<48:11,  5.54it/s, Batch_number=41, Loss=438]", "step": null, "ts": 1652189572.6177216}]}, "version": 285}
{"obj": {"type": "LogStrings", "path": ["monitoring", "stderr"], "values": [{"value": "\r  0%|             | 42/16074 [00:10<48:11,  5.54it/s, Batch_number=41, Loss=438]", "step": null, "ts": 1652189572.6189542}]}, "version": 286}
{"obj": {"type": "LogStrings", "path": ["monitoring", "stdout"], "values": [{"value": "torch.Size([3, 1, 213, 288])", "step": null, "ts": 1652189572.673038}]}, "version": 287}
{"obj": {"type": "LogStrings", "path": ["monitoring", "stdout"], "values": [{"value": " ", "step": null, "ts": 1652189572.6735482}]}, "version": 288}
{"obj": {"type": "LogStrings", "path": ["monitoring", "stdout"], "values": [{"value": "torch.Size([3, 213, 288])", "step": null, "ts": 1652189572.6738245}]}, "version": 289}
{"obj": {"type": "LogStrings", "path": ["monitoring", "stdout"], "values": [{"value": "\n", "step": null, "ts": 1652189572.6740572}]}, "version": 290}
{"obj": {"type": "LogStrings", "path": ["monitoring", "stderr"], "values": [{"value": "\r  0%|             | 42/16074 [00:10<48:11,  5.54it/s, Batch_number=42, Loss=443]", "step": null, "ts": 1652189572.8097904}]}, "version": 291}
{"obj": {"type": "LogStrings", "path": ["monitoring", "stderr"], "values": [{"value": "\r  0%|             | 43/16074 [00:10<49:15,  5.42it/s, Batch_number=42, Loss=443]", "step": null, "ts": 1652189572.8127134}]}, "version": 292}
{"obj": {"type": "LogStrings", "path": ["monitoring", "stdout"], "values": [{"value": "torch.Size([3, 1, 213, 288])", "step": null, "ts": 1652189572.8561301}]}, "version": 293}
{"obj": {"type": "LogStrings", "path": ["monitoring", "stdout"], "values": [{"value": " ", "step": null, "ts": 1652189572.8566525}]}, "version": 294}
{"obj": {"type": "LogStrings", "path": ["monitoring", "stdout"], "values": [{"value": "torch.Size([3, 213, 288])", "step": null, "ts": 1652189572.8569272}]}, "version": 295}
{"obj": {"type": "LogStrings", "path": ["monitoring", "stdout"], "values": [{"value": "\n", "step": null, "ts": 1652189572.8571575}]}, "version": 296}
{"obj": {"type": "LogStrings", "path": ["monitoring", "stderr"], "values": [{"value": "\r  0%|             | 43/16074 [00:10<49:15,  5.42it/s, Batch_number=43, Loss=439]", "step": null, "ts": 1652189572.9966397}]}, "version": 297}
{"obj": {"type": "LogStrings", "path": ["monitoring", "stderr"], "values": [{"value": "\r  0%|             | 44/16074 [00:10<49:26,  5.40it/s, Batch_number=43, Loss=439]", "step": null, "ts": 1652189572.999423}]}, "version": 298}
{"obj": {"type": "LogStrings", "path": ["monitoring", "stdout"], "values": [{"value": "torch.Size([3, 1, 213, 288])", "step": null, "ts": 1652189573.0611274}]}, "version": 299}
{"obj": {"type": "LogStrings", "path": ["monitoring", "stdout"], "values": [{"value": " ", "step": null, "ts": 1652189573.0615306}]}, "version": 300}
{"obj": {"type": "LogStrings", "path": ["monitoring", "stdout"], "values": [{"value": "torch.Size([3, 213, 288])", "step": null, "ts": 1652189573.0617983}]}, "version": 301}
{"obj": {"type": "LogStrings", "path": ["monitoring", "stdout"], "values": [{"value": "\n", "step": null, "ts": 1652189573.0620334}]}, "version": 302}
{"obj": {"type": "LogStrings", "path": ["monitoring", "stderr"], "values": [{"value": "\r  0%|             | 44/16074 [00:10<49:26,  5.40it/s, Batch_number=44, Loss=433]", "step": null, "ts": 1652189573.2007496}]}, "version": 303}
{"obj": {"type": "LogStrings", "path": ["monitoring", "stderr"], "values": [{"value": "\r  0%|             | 45/16074 [00:10<50:53,  5.25it/s, Batch_number=44, Loss=433]", "step": null, "ts": 1652189573.2024317}]}, "version": 304}
{"obj": {"type": "LogStrings", "path": ["monitoring", "stdout"], "values": [{"value": "torch.Size([3, 1, 213, 288])", "step": null, "ts": 1652189573.242589}]}, "version": 305}
{"obj": {"type": "LogStrings", "path": ["monitoring", "stdout"], "values": [{"value": " ", "step": null, "ts": 1652189573.2428226}]}, "version": 306}
{"obj": {"type": "LogStrings", "path": ["monitoring", "stdout"], "values": [{"value": "torch.Size([3, 213, 288])", "step": null, "ts": 1652189573.2429767}]}, "version": 307}
{"obj": {"type": "LogStrings", "path": ["monitoring", "stdout"], "values": [{"value": "\n", "step": null, "ts": 1652189573.24311}]}, "version": 308}
{"obj": {"type": "LogStrings", "path": ["monitoring", "stderr"], "values": [{"value": "\r  0%|             | 45/16074 [00:11<50:53,  5.25it/s, Batch_number=45, Loss=436]", "step": null, "ts": 1652189573.383326}]}, "version": 309}
{"obj": {"type": "LogStrings", "path": ["monitoring", "stderr"], "values": [{"value": "\r  0%|             | 46/16074 [00:11<50:23,  5.30it/s, Batch_number=45, Loss=436]", "step": null, "ts": 1652189573.3866107}]}, "version": 310}
{"obj": {"type": "LogStrings", "path": ["monitoring", "stdout"], "values": [{"value": "torch.Size([3, 1, 213, 288])", "step": null, "ts": 1652189573.4313493}]}, "version": 311}
{"obj": {"type": "LogStrings", "path": ["monitoring", "stdout"], "values": [{"value": " ", "step": null, "ts": 1652189573.431544}]}, "version": 312}
{"obj": {"type": "LogStrings", "path": ["monitoring", "stdout"], "values": [{"value": "torch.Size([3, 213, 288])", "step": null, "ts": 1652189573.4317074}]}, "version": 313}
{"obj": {"type": "LogStrings", "path": ["monitoring", "stdout"], "values": [{"value": "\n", "step": null, "ts": 1652189573.4318419}]}, "version": 314}
{"obj": {"type": "LogStrings", "path": ["monitoring", "stderr"], "values": [{"value": "\r  0%|             | 46/16074 [00:11<50:23,  5.30it/s, Batch_number=46, Loss=439]", "step": null, "ts": 1652189573.5730135}]}, "version": 315}
{"obj": {"type": "LogStrings", "path": ["monitoring", "stderr"], "values": [{"value": "\r  0%|             | 47/16074 [00:11<50:30,  5.29it/s, Batch_number=46, Loss=439]", "step": null, "ts": 1652189573.5768933}]}, "version": 316}
{"obj": {"type": "LogStrings", "path": ["monitoring", "stdout"], "values": [{"value": "torch.Size([3, 1, 213, 288])", "step": null, "ts": 1652189573.6096094}]}, "version": 317}
{"obj": {"type": "LogStrings", "path": ["monitoring", "stdout"], "values": [{"value": " ", "step": null, "ts": 1652189573.609816}]}, "version": 318}
{"obj": {"type": "LogStrings", "path": ["monitoring", "stdout"], "values": [{"value": "torch.Size([3, 213, 288])", "step": null, "ts": 1652189573.6099691}]}, "version": 319}
{"obj": {"type": "LogStrings", "path": ["monitoring", "stdout"], "values": [{"value": "\n", "step": null, "ts": 1652189573.6101024}]}, "version": 320}
{"obj": {"type": "LogStrings", "path": ["monitoring", "stderr"], "values": [{"value": "\r  0%|             | 47/16074 [00:11<50:30,  5.29it/s, Batch_number=47, Loss=435]", "step": null, "ts": 1652189573.7493465}]}, "version": 321}
{"obj": {"type": "LogStrings", "path": ["monitoring", "stderr"], "values": [{"value": "\r  0%|             | 48/16074 [00:11<49:23,  5.41it/s, Batch_number=47, Loss=435]", "step": null, "ts": 1652189573.7519042}]}, "version": 322}
{"obj": {"type": "LogStrings", "path": ["monitoring", "stdout"], "values": [{"value": "torch.Size([3, 1, 213, 288])", "step": null, "ts": 1652189573.7882397}]}, "version": 323}
{"obj": {"type": "LogStrings", "path": ["monitoring", "stdout"], "values": [{"value": " ", "step": null, "ts": 1652189573.788601}]}, "version": 324}
{"obj": {"type": "LogStrings", "path": ["monitoring", "stdout"], "values": [{"value": "torch.Size([3, 213, 288])", "step": null, "ts": 1652189573.788777}]}, "version": 325}
{"obj": {"type": "LogStrings", "path": ["monitoring", "stdout"], "values": [{"value": "\n", "step": null, "ts": 1652189573.788926}]}, "version": 326}
{"obj": {"type": "LogStrings", "path": ["monitoring", "stderr"], "values": [{"value": "\r  0%|             | 48/16074 [00:11<49:23,  5.41it/s, Batch_number=48, Loss=430]", "step": null, "ts": 1652189573.9280894}]}, "version": 327}
{"obj": {"type": "LogStrings", "path": ["monitoring", "stderr"], "values": [{"value": "\r  0%|             | 49/16074 [00:11<48:55,  5.46it/s, Batch_number=48, Loss=430]", "step": null, "ts": 1652189573.9309747}]}, "version": 328}
{"obj": {"type": "LogStrings", "path": ["monitoring", "stdout"], "values": [{"value": "torch.Size([3, 1, 213, 288])", "step": null, "ts": 1652189573.950389}]}, "version": 329}
{"obj": {"type": "LogStrings", "path": ["monitoring", "stdout"], "values": [{"value": " ", "step": null, "ts": 1652189573.9507442}]}, "version": 330}
{"obj": {"type": "LogStrings", "path": ["monitoring", "stdout"], "values": [{"value": "torch.Size([3, 213, 288])", "step": null, "ts": 1652189573.9509673}]}, "version": 331}
{"obj": {"type": "LogStrings", "path": ["monitoring", "stdout"], "values": [{"value": "\n", "step": null, "ts": 1652189573.951157}]}, "version": 332}
{"obj": {"type": "LogStrings", "path": ["monitoring", "stderr"], "values": [{"value": "\r  0%|             | 49/16074 [00:11<48:55,  5.46it/s, Batch_number=49, Loss=433]", "step": null, "ts": 1652189574.1009178}]}, "version": 333}
{"obj": {"type": "LogStrings", "path": ["monitoring", "stderr"], "values": [{"value": "\r  0%|             | 50/16074 [00:11<47:56,  5.57it/s, Batch_number=49, Loss=433]", "step": null, "ts": 1652189574.102128}]}, "version": 334}
{"obj": {"type": "LogStrings", "path": ["monitoring", "stdout"], "values": [{"value": "torch.Size([3, 1, 213, 288])", "step": null, "ts": 1652189574.13815}]}, "version": 335}
{"obj": {"type": "LogStrings", "path": ["monitoring", "stdout"], "values": [{"value": " ", "step": null, "ts": 1652189574.138468}]}, "version": 336}
{"obj": {"type": "LogStrings", "path": ["monitoring", "stdout"], "values": [{"value": "torch.Size([3, 213, 288])", "step": null, "ts": 1652189574.1387236}]}, "version": 337}
{"obj": {"type": "LogStrings", "path": ["monitoring", "stdout"], "values": [{"value": "\n", "step": null, "ts": 1652189574.1389494}]}, "version": 338}
{"obj": {"type": "LogStrings", "path": ["monitoring", "stderr"], "values": [{"value": "\r  0%|             | 50/16074 [00:12<47:56,  5.57it/s, Batch_number=50, Loss=438]", "step": null, "ts": 1652189574.2799144}]}, "version": 339}
{"obj": {"type": "LogStrings", "path": ["monitoring", "stderr"], "values": [{"value": "\r  0%|             | 51/16074 [00:12<47:52,  5.58it/s, Batch_number=50, Loss=438]", "step": null, "ts": 1652189574.2808845}]}, "version": 340}
{"obj": {"type": "LogStrings", "path": ["monitoring", "stdout"], "values": [{"value": "torch.Size([3, 1, 213, 288])", "step": null, "ts": 1652189574.3166187}]}, "version": 341}
{"obj": {"type": "LogStrings", "path": ["monitoring", "stdout"], "values": [{"value": " ", "step": null, "ts": 1652189574.3169487}]}, "version": 342}
{"obj": {"type": "LogStrings", "path": ["monitoring", "stdout"], "values": [{"value": "torch.Size([3, 213, 288])", "step": null, "ts": 1652189574.3172028}]}, "version": 343}
{"obj": {"type": "LogStrings", "path": ["monitoring", "stdout"], "values": [{"value": "\n", "step": null, "ts": 1652189574.317427}]}, "version": 344}
{"obj": {"type": "LogStrings", "path": ["monitoring", "stderr"], "values": [{"value": "\r  0%|             | 51/16074 [00:12<47:52,  5.58it/s, Batch_number=51, Loss=435]", "step": null, "ts": 1652189574.454446}]}, "version": 345}
{"obj": {"type": "LogStrings", "path": ["monitoring", "stderr"], "values": [{"value": "\r  0%|             | 52/16074 [00:12<47:29,  5.62it/s, Batch_number=51, Loss=435]", "step": null, "ts": 1652189574.4554713}]}, "version": 346}
{"obj": {"type": "LogStrings", "path": ["monitoring", "stdout"], "values": [{"value": "torch.Size([3, 1, 213, 288])", "step": null, "ts": 1652189574.492075}]}, "version": 347}
{"obj": {"type": "LogStrings", "path": ["monitoring", "stdout"], "values": [{"value": " ", "step": null, "ts": 1652189574.492725}]}, "version": 348}
{"obj": {"type": "LogStrings", "path": ["monitoring", "stdout"], "values": [{"value": "torch.Size([3, 213, 288])", "step": null, "ts": 1652189574.4929929}]}, "version": 349}
{"obj": {"type": "LogStrings", "path": ["monitoring", "stdout"], "values": [{"value": "\n", "step": null, "ts": 1652189574.4932528}]}, "version": 350}
{"obj": {"type": "LogStrings", "path": ["monitoring", "stderr"], "values": [{"value": "\r  0%|             | 52/16074 [00:12<47:29,  5.62it/s, Batch_number=52, Loss=430]", "step": null, "ts": 1652189574.628914}]}, "version": 351}
{"obj": {"type": "LogStrings", "path": ["monitoring", "stderr"], "values": [{"value": "\r  0%|             | 53/16074 [00:12<47:15,  5.65it/s, Batch_number=52, Loss=430]", "step": null, "ts": 1652189574.6304057}]}, "version": 352}
{"obj": {"type": "LogStrings", "path": ["monitoring", "stdout"], "values": [{"value": "torch.Size([3, 1, 213, 288])", "step": null, "ts": 1652189574.7098246}]}, "version": 353}
{"obj": {"type": "LogStrings", "path": ["monitoring", "stdout"], "values": [{"value": " ", "step": null, "ts": 1652189574.7102425}]}, "version": 354}
{"obj": {"type": "LogStrings", "path": ["monitoring", "stdout"], "values": [{"value": "torch.Size([3, 213, 288])", "step": null, "ts": 1652189574.7105052}]}, "version": 355}
{"obj": {"type": "LogStrings", "path": ["monitoring", "stdout"], "values": [{"value": "\n", "step": null, "ts": 1652189574.7107375}]}, "version": 356}
{"obj": {"type": "LogStrings", "path": ["monitoring", "stderr"], "values": [{"value": "\r  0%|             | 53/16074 [00:12<47:15,  5.65it/s, Batch_number=53, Loss=434]", "step": null, "ts": 1652189574.8511267}]}, "version": 357}
{"obj": {"type": "LogStrings", "path": ["monitoring", "stderr"], "values": [{"value": "\r  0%|             | 54/16074 [00:12<50:51,  5.25it/s, Batch_number=53, Loss=434]", "step": null, "ts": 1652189574.8522952}]}, "version": 358}
{"obj": {"type": "LogStrings", "path": ["monitoring", "stdout"], "values": [{"value": "torch.Size([3, 1, 213, 288])", "step": null, "ts": 1652189574.887124}]}, "version": 359}
{"obj": {"type": "LogStrings", "path": ["monitoring", "stdout"], "values": [{"value": " ", "step": null, "ts": 1652189574.8874645}]}, "version": 360}
{"obj": {"type": "LogStrings", "path": ["monitoring", "stdout"], "values": [{"value": "torch.Size([3, 213, 288])", "step": null, "ts": 1652189574.8877285}]}, "version": 361}
{"obj": {"type": "LogStrings", "path": ["monitoring", "stdout"], "values": [{"value": "\n", "step": null, "ts": 1652189574.8879592}]}, "version": 362}
{"obj": {"type": "LogStrings", "path": ["monitoring", "stderr"], "values": [{"value": "\r  0%|             | 54/16074 [00:12<50:51,  5.25it/s, Batch_number=54, Loss=439]", "step": null, "ts": 1652189575.0253196}]}, "version": 363}
{"obj": {"type": "LogStrings", "path": ["monitoring", "stderr"], "values": [{"value": "\r  0%|             | 55/16074 [00:12<49:32,  5.39it/s, Batch_number=54, Loss=439]", "step": null, "ts": 1652189575.0263636}]}, "version": 364}
{"obj": {"type": "LogStrings", "path": ["monitoring", "stdout"], "values": [{"value": "torch.Size([3, 1, 213, 288])", "step": null, "ts": 1652189575.060515}]}, "version": 365}
{"obj": {"type": "LogStrings", "path": ["monitoring", "stdout"], "values": [{"value": " ", "step": null, "ts": 1652189575.0608432}]}, "version": 366}
{"obj": {"type": "LogStrings", "path": ["monitoring", "stdout"], "values": [{"value": "torch.Size([3, 213, 288])", "step": null, "ts": 1652189575.0610993}]}, "version": 367}
{"obj": {"type": "LogStrings", "path": ["monitoring", "stdout"], "values": [{"value": "\n", "step": null, "ts": 1652189575.0613244}]}, "version": 368}
{"obj": {"type": "LogStrings", "path": ["monitoring", "stderr"], "values": [{"value": "\r  0%|             | 55/16074 [00:12<49:32,  5.39it/s, Batch_number=55, Loss=435]", "step": null, "ts": 1652189575.2022443}]}, "version": 369}
{"obj": {"type": "LogStrings", "path": ["monitoring", "stderr"], "values": [{"value": "\r  0%|             | 56/16074 [00:12<48:50,  5.47it/s, Batch_number=55, Loss=435]", "step": null, "ts": 1652189575.2032678}]}, "version": 370}
{"obj": {"type": "LogStrings", "path": ["monitoring", "stdout"], "values": [{"value": "torch.Size([3, 1, 213, 288])", "step": null, "ts": 1652189575.244439}]}, "version": 371}
{"obj": {"type": "LogStrings", "path": ["monitoring", "stdout"], "values": [{"value": " ", "step": null, "ts": 1652189575.2447932}]}, "version": 372}
{"obj": {"type": "LogStrings", "path": ["monitoring", "stdout"], "values": [{"value": "torch.Size([3, 213, 288])", "step": null, "ts": 1652189575.2450671}]}, "version": 373}
{"obj": {"type": "LogStrings", "path": ["monitoring", "stdout"], "values": [{"value": "\n", "step": null, "ts": 1652189575.245298}]}, "version": 374}
{"obj": {"type": "LogStrings", "path": ["monitoring", "stderr"], "values": [{"value": "\r  0%|             | 56/16074 [00:13<48:50,  5.47it/s, Batch_number=56, Loss=431]", "step": null, "ts": 1652189575.3844903}]}, "version": 375}
{"obj": {"type": "LogStrings", "path": ["monitoring", "stderr"], "values": [{"value": "\r  0%|             | 57/16074 [00:13<48:46,  5.47it/s, Batch_number=56, Loss=431]", "step": null, "ts": 1652189575.385509}]}, "version": 376}
{"obj": {"type": "LogStrings", "path": ["monitoring", "stdout"], "values": [{"value": "torch.Size([3, 1, 213, 288])", "step": null, "ts": 1652189575.4189572}]}, "version": 377}
{"obj": {"type": "LogStrings", "path": ["monitoring", "stdout"], "values": [{"value": " ", "step": null, "ts": 1652189575.4192657}]}, "version": 378}
{"obj": {"type": "LogStrings", "path": ["monitoring", "stdout"], "values": [{"value": "torch.Size([3, 213, 288])", "step": null, "ts": 1652189575.4195218}]}, "version": 379}
{"obj": {"type": "LogStrings", "path": ["monitoring", "stdout"], "values": [{"value": "\n", "step": null, "ts": 1652189575.4197578}]}, "version": 380}
{"obj": {"type": "LogStrings", "path": ["monitoring", "stderr"], "values": [{"value": "\r  0%|             | 57/16074 [00:13<48:46,  5.47it/s, Batch_number=57, Loss=434]", "step": null, "ts": 1652189575.5554204}]}, "version": 381}
{"obj": {"type": "LogStrings", "path": ["monitoring", "stderr"], "values": [{"value": "\r  0%|             | 58/16074 [00:13<47:49,  5.58it/s, Batch_number=57, Loss=434]", "step": null, "ts": 1652189575.5564265}]}, "version": 382}
{"obj": {"type": "LogStrings", "path": ["monitoring", "stdout"], "values": [{"value": "torch.Size([3, 1, 213, 288])", "step": null, "ts": 1652189575.589282}]}, "version": 383}
{"obj": {"type": "LogStrings", "path": ["monitoring", "stdout"], "values": [{"value": " ", "step": null, "ts": 1652189575.5896587}]}, "version": 384}
{"obj": {"type": "LogStrings", "path": ["monitoring", "stdout"], "values": [{"value": "torch.Size([3, 213, 288])", "step": null, "ts": 1652189575.5899193}]}, "version": 385}
{"obj": {"type": "LogStrings", "path": ["monitoring", "stdout"], "values": [{"value": "\n", "step": null, "ts": 1652189575.5901494}]}, "version": 386}
{"obj": {"type": "LogStrings", "path": ["monitoring", "stderr"], "values": [{"value": "\r  0%|             | 58/16074 [00:13<47:49,  5.58it/s, Batch_number=58, Loss=438]", "step": null, "ts": 1652189575.7286336}]}, "version": 387}
{"obj": {"type": "LogStrings", "path": ["monitoring", "stderr"], "values": [{"value": "\r  0%|             | 59/16074 [00:13<47:20,  5.64it/s, Batch_number=58, Loss=438]", "step": null, "ts": 1652189575.729625}]}, "version": 388}
{"obj": {"type": "LogStrings", "path": ["monitoring", "stdout"], "values": [{"value": "torch.Size([3, 1, 213, 288])", "step": null, "ts": 1652189575.763626}]}, "version": 389}
{"obj": {"type": "LogStrings", "path": ["monitoring", "stdout"], "values": [{"value": " ", "step": null, "ts": 1652189575.7639465}]}, "version": 390}
{"obj": {"type": "LogStrings", "path": ["monitoring", "stdout"], "values": [{"value": "torch.Size([3, 213, 288])", "step": null, "ts": 1652189575.764201}]}, "version": 391}
{"obj": {"type": "LogStrings", "path": ["monitoring", "stdout"], "values": [{"value": "\n", "step": null, "ts": 1652189575.764426}]}, "version": 392}
{"obj": {"type": "LogStrings", "path": ["monitoring", "stderr"], "values": [{"value": "\r  0%|             | 59/16074 [00:13<47:20,  5.64it/s, Batch_number=59, Loss=434]", "step": null, "ts": 1652189575.901927}]}, "version": 393}
{"obj": {"type": "LogStrings", "path": ["monitoring", "stderr"], "values": [{"value": "\r  0%|             | 60/16074 [00:13<47:01,  5.68it/s, Batch_number=59, Loss=434]", "step": null, "ts": 1652189575.9029455}]}, "version": 394}
{"obj": {"type": "LogStrings", "path": ["monitoring", "stdout"], "values": [{"value": "torch.Size([3, 1, 213, 288])", "step": null, "ts": 1652189575.948159}]}, "version": 395}
{"obj": {"type": "LogStrings", "path": ["monitoring", "stdout"], "values": [{"value": " ", "step": null, "ts": 1652189575.9485984}]}, "version": 396}
{"obj": {"type": "LogStrings", "path": ["monitoring", "stdout"], "values": [{"value": "torch.Size([3, 213, 288])", "step": null, "ts": 1652189575.9488692}]}, "version": 397}
{"obj": {"type": "LogStrings", "path": ["monitoring", "stdout"], "values": [{"value": "\n", "step": null, "ts": 1652189575.9490936}]}, "version": 398}
{"obj": {"type": "LogStrings", "path": ["monitoring", "stderr"], "values": [{"value": "\r  0%|             | 60/16074 [00:13<47:01,  5.68it/s, Batch_number=60, Loss=430]", "step": null, "ts": 1652189576.0864596}]}, "version": 399}
{"obj": {"type": "LogStrings", "path": ["monitoring", "stderr"], "values": [{"value": "\r  0%|             | 61/16074 [00:13<47:41,  5.60it/s, Batch_number=60, Loss=430]", "step": null, "ts": 1652189576.087473}]}, "version": 400}
{"obj": {"type": "LogStrings", "path": ["monitoring", "stdout"], "values": [{"value": "torch.Size([3, 1, 213, 288])", "step": null, "ts": 1652189576.1652684}]}, "version": 401}
{"obj": {"type": "LogStrings", "path": ["monitoring", "stdout"], "values": [{"value": " ", "step": null, "ts": 1652189576.1683629}]}, "version": 402}
{"obj": {"type": "LogStrings", "path": ["monitoring", "stdout"], "values": [{"value": "torch.Size([3, 213, 288])", "step": null, "ts": 1652189576.1687198}]}, "version": 403}
{"obj": {"type": "LogStrings", "path": ["monitoring", "stdout"], "values": [{"value": "\n", "step": null, "ts": 1652189576.1690173}]}, "version": 404}
{"obj": {"type": "LogStrings", "path": ["monitoring", "stderr"], "values": [{"value": "\r  0%|             | 61/16074 [00:14<47:41,  5.60it/s, Batch_number=61, Loss=432]", "step": null, "ts": 1652189576.2965932}]}, "version": 405}
{"obj": {"type": "LogStrings", "path": ["monitoring", "stderr"], "values": [{"value": "\r  0%|             | 62/16074 [00:14<50:54,  5.24it/s, Batch_number=61, Loss=432]", "step": null, "ts": 1652189576.3061364}]}, "version": 406}
{"obj": {"type": "LogStrings", "path": ["monitoring", "stdout"], "values": [{"value": "torch.Size([3, 1, 213, 288])", "step": null, "ts": 1652189576.3399024}]}, "version": 407}
{"obj": {"type": "LogStrings", "path": ["monitoring", "stdout"], "values": [{"value": " ", "step": null, "ts": 1652189576.340244}]}, "version": 408}
{"obj": {"type": "LogStrings", "path": ["monitoring", "stdout"], "values": [{"value": "torch.Size([3, 213, 288])", "step": null, "ts": 1652189576.340498}]}, "version": 409}
{"obj": {"type": "LogStrings", "path": ["monitoring", "stdout"], "values": [{"value": "\n", "step": null, "ts": 1652189576.3407378}]}, "version": 410}
{"obj": {"type": "LogStrings", "path": ["monitoring", "stderr"], "values": [{"value": "\r  0%|             | 62/16074 [00:14<50:54,  5.24it/s, Batch_number=62, Loss=435]", "step": null, "ts": 1652189576.484737}]}, "version": 411}
{"obj": {"type": "LogStrings", "path": ["monitoring", "stderr"], "values": [{"value": "\r  0%|             | 63/16074 [00:14<49:58,  5.34it/s, Batch_number=62, Loss=435]", "step": null, "ts": 1652189576.4857907}]}, "version": 412}
{"obj": {"type": "LogStrings", "path": ["monitoring", "stdout"], "values": [{"value": "torch.Size([3, 1, 213, 288])", "step": null, "ts": 1652189576.5183358}]}, "version": 413}
{"obj": {"type": "LogStrings", "path": ["monitoring", "stdout"], "values": [{"value": " ", "step": null, "ts": 1652189576.5187612}]}, "version": 414}
{"obj": {"type": "LogStrings", "path": ["monitoring", "stdout"], "values": [{"value": "torch.Size([3, 213, 288])", "step": null, "ts": 1652189576.5190284}]}, "version": 415}
{"obj": {"type": "LogStrings", "path": ["monitoring", "stdout"], "values": [{"value": "\n", "step": null, "ts": 1652189576.5192556}]}, "version": 416}
{"obj": {"type": "LogStrings", "path": ["monitoring", "stderr"], "values": [{"value": "\r  0%|             | 63/16074 [00:14<49:58,  5.34it/s, Batch_number=63, Loss=432]", "step": null, "ts": 1652189576.6652453}]}, "version": 417}
{"obj": {"type": "LogStrings", "path": ["monitoring", "stderr"], "values": [{"value": "\r  0%|             | 64/16074 [00:14<49:28,  5.39it/s, Batch_number=63, Loss=432]", "step": null, "ts": 1652189576.6667078}]}, "version": 418}
{"obj": {"type": "LogStrings", "path": ["monitoring", "stdout"], "values": [{"value": "torch.Size([3, 1, 213, 288])", "step": null, "ts": 1652189576.7014425}]}, "version": 419}
{"obj": {"type": "LogStrings", "path": ["monitoring", "stdout"], "values": [{"value": " ", "step": null, "ts": 1652189576.7017891}]}, "version": 420}
{"obj": {"type": "LogStrings", "path": ["monitoring", "stdout"], "values": [{"value": "torch.Size([3, 213, 288])", "step": null, "ts": 1652189576.702045}]}, "version": 421}
{"obj": {"type": "LogStrings", "path": ["monitoring", "stdout"], "values": [{"value": "\n", "step": null, "ts": 1652189576.7022712}]}, "version": 422}
{"obj": {"type": "LogStrings", "path": ["monitoring", "stderr"], "values": [{"value": "\r  0%|             | 64/16074 [00:14<49:28,  5.39it/s, Batch_number=64, Loss=428]", "step": null, "ts": 1652189576.8442137}]}, "version": 423}
{"obj": {"type": "LogStrings", "path": ["monitoring", "stderr"], "values": [{"value": "\r  0%|             | 65/16074 [00:14<48:55,  5.45it/s, Batch_number=64, Loss=428]", "step": null, "ts": 1652189576.8451388}]}, "version": 424}
{"obj": {"type": "LogStrings", "path": ["monitoring", "stdout"], "values": [{"value": "torch.Size([3, 1, 213, 288])", "step": null, "ts": 1652189576.885823}]}, "version": 425}
{"obj": {"type": "LogStrings", "path": ["monitoring", "stdout"], "values": [{"value": " ", "step": null, "ts": 1652189576.8861365}]}, "version": 426}
{"obj": {"type": "LogStrings", "path": ["monitoring", "stdout"], "values": [{"value": "torch.Size([3, 213, 288])", "step": null, "ts": 1652189576.886386}]}, "version": 427}
{"obj": {"type": "LogStrings", "path": ["monitoring", "stdout"], "values": [{"value": "\n", "step": null, "ts": 1652189576.886683}]}, "version": 428}
{"obj": {"type": "LogStrings", "path": ["monitoring", "stderr"], "values": [{"value": "\r  0%|             | 65/16074 [00:14<48:55,  5.45it/s, Batch_number=65, Loss=430]", "step": null, "ts": 1652189577.0289237}]}, "version": 429}
{"obj": {"type": "LogStrings", "path": ["monitoring", "stderr"], "values": [{"value": "\r  0%|             | 66/16074 [00:14<49:01,  5.44it/s, Batch_number=65, Loss=430]", "step": null, "ts": 1652189577.0298915}]}, "version": 430}
{"obj": {"type": "LogStrings", "path": ["monitoring", "stdout"], "values": [{"value": "torch.Size([3, 1, 213, 288])", "step": null, "ts": 1652189577.0634582}]}, "version": 431}
{"obj": {"type": "LogStrings", "path": ["monitoring", "stdout"], "values": [{"value": " ", "step": null, "ts": 1652189577.0637956}]}, "version": 432}
{"obj": {"type": "LogStrings", "path": ["monitoring", "stdout"], "values": [{"value": "torch.Size([3, 213, 288])", "step": null, "ts": 1652189577.064056}]}, "version": 433}
{"obj": {"type": "LogStrings", "path": ["monitoring", "stdout"], "values": [{"value": "\n", "step": null, "ts": 1652189577.0642834}]}, "version": 434}
{"obj": {"type": "LogStrings", "path": ["monitoring", "stderr"], "values": [{"value": "\r  0%|             | 66/16074 [00:14<49:01,  5.44it/s, Batch_number=66, Loss=434]", "step": null, "ts": 1652189577.2028508}]}, "version": 435}
{"obj": {"type": "LogStrings", "path": ["monitoring", "stderr"], "values": [{"value": "\r  0%|             | 67/16074 [00:14<48:14,  5.53it/s, Batch_number=66, Loss=434]", "step": null, "ts": 1652189577.203866}]}, "version": 436}
{"obj": {"type": "LogStrings", "path": ["monitoring", "stdout"], "values": [{"value": "torch.Size([3, 1, 213, 288])", "step": null, "ts": 1652189577.241192}]}, "version": 437}
{"obj": {"type": "LogStrings", "path": ["monitoring", "stdout"], "values": [{"value": " ", "step": null, "ts": 1652189577.2415318}]}, "version": 438}
{"obj": {"type": "LogStrings", "path": ["monitoring", "stdout"], "values": [{"value": "torch.Size([3, 213, 288])", "step": null, "ts": 1652189577.2417872}]}, "version": 439}
{"obj": {"type": "LogStrings", "path": ["monitoring", "stdout"], "values": [{"value": "\n", "step": null, "ts": 1652189577.2420096}]}, "version": 440}
{"obj": {"type": "LogStrings", "path": ["monitoring", "stderr"], "values": [{"value": "\r  0%|             | 67/16074 [00:15<48:14,  5.53it/s, Batch_number=67, Loss=431]", "step": null, "ts": 1652189577.3879848}]}, "version": 441}
{"obj": {"type": "LogStrings", "path": ["monitoring", "stderr"], "values": [{"value": "\r  0%|             | 68/16074 [00:15<48:35,  5.49it/s, Batch_number=67, Loss=431]", "step": null, "ts": 1652189577.38908}]}, "version": 442}
{"obj": {"type": "LogStrings", "path": ["monitoring", "stdout"], "values": [{"value": "torch.Size([3, 1, 213, 288])", "step": null, "ts": 1652189577.4230537}]}, "version": 443}
{"obj": {"type": "LogStrings", "path": ["monitoring", "stdout"], "values": [{"value": " ", "step": null, "ts": 1652189577.4234004}]}, "version": 444}
{"obj": {"type": "LogStrings", "path": ["monitoring", "stdout"], "values": [{"value": "torch.Size([3, 213, 288])", "step": null, "ts": 1652189577.4236603}]}, "version": 445}
{"obj": {"type": "LogStrings", "path": ["monitoring", "stdout"], "values": [{"value": "\n", "step": null, "ts": 1652189577.423892}]}, "version": 446}
{"obj": {"type": "LogStrings", "path": ["monitoring", "stderr"], "values": [{"value": "\r  0%|             | 68/16074 [00:15<48:35,  5.49it/s, Batch_number=68, Loss=427]", "step": null, "ts": 1652189577.5621564}]}, "version": 447}
{"obj": {"type": "LogStrings", "path": ["monitoring", "stderr"], "values": [{"value": "\r  0%|             | 69/16074 [00:15<47:56,  5.56it/s, Batch_number=68, Loss=427]", "step": null, "ts": 1652189577.5631483}]}, "version": 448}
{"obj": {"type": "LogStrings", "path": ["monitoring", "stdout"], "values": [{"value": "torch.Size([3, 1, 213, 288])", "step": null, "ts": 1652189577.6069345}]}, "version": 449}
{"obj": {"type": "LogStrings", "path": ["monitoring", "stdout"], "values": [{"value": " ", "step": null, "ts": 1652189577.6072886}]}, "version": 450}
{"obj": {"type": "LogStrings", "path": ["monitoring", "stdout"], "values": [{"value": "torch.Size([3, 213, 288])", "step": null, "ts": 1652189577.60754}]}, "version": 451}
{"obj": {"type": "LogStrings", "path": ["monitoring", "stdout"], "values": [{"value": "\n", "step": null, "ts": 1652189577.607781}]}, "version": 452}
{"obj": {"type": "LogStrings", "path": ["monitoring", "stderr"], "values": [{"value": "\r  0%|             | 69/16074 [00:15<47:56,  5.56it/s, Batch_number=69, Loss=431]", "step": null, "ts": 1652189577.7602165}]}, "version": 453}
{"obj": {"type": "LogStrings", "path": ["monitoring", "stderr"], "values": [{"value": "\r  0%|             | 70/16074 [00:15<49:25,  5.40it/s, Batch_number=69, Loss=431]", "step": null, "ts": 1652189577.761406}]}, "version": 454}
{"obj": {"type": "LogStrings", "path": ["monitoring", "stdout"], "values": [{"value": "torch.Size([3, 1, 213, 288])", "step": null, "ts": 1652189577.7961671}]}, "version": 455}
{"obj": {"type": "LogStrings", "path": ["monitoring", "stdout"], "values": [{"value": " ", "step": null, "ts": 1652189577.7965076}]}, "version": 456}
{"obj": {"type": "LogStrings", "path": ["monitoring", "stdout"], "values": [{"value": "torch.Size([3, 213, 288])", "step": null, "ts": 1652189577.796763}]}, "version": 457}
{"obj": {"type": "LogStrings", "path": ["monitoring", "stdout"], "values": [{"value": "\n", "step": null, "ts": 1652189577.796989}]}, "version": 458}
{"obj": {"type": "LogStrings", "path": ["monitoring", "stderr"], "values": [{"value": "\r  0%|             | 70/16074 [00:15<49:25,  5.40it/s, Batch_number=70, Loss=434]", "step": null, "ts": 1652189577.9373174}]}, "version": 459}
{"obj": {"type": "LogStrings", "path": ["monitoring", "stderr"], "values": [{"value": "\r  0%|             | 71/16074 [00:15<48:44,  5.47it/s, Batch_number=70, Loss=434]", "step": null, "ts": 1652189577.938341}]}, "version": 460}
{"obj": {"type": "LogStrings", "path": ["monitoring", "stdout"], "values": [{"value": "torch.Size([3, 1, 213, 288])", "step": null, "ts": 1652189577.971956}]}, "version": 461}
{"obj": {"type": "LogStrings", "path": ["monitoring", "stdout"], "values": [{"value": " ", "step": null, "ts": 1652189577.9722798}]}, "version": 462}
{"obj": {"type": "LogStrings", "path": ["monitoring", "stdout"], "values": [{"value": "torch.Size([3, 213, 288])", "step": null, "ts": 1652189577.972532}]}, "version": 463}
{"obj": {"type": "LogStrings", "path": ["monitoring", "stdout"], "values": [{"value": "\n", "step": null, "ts": 1652189577.9727526}]}, "version": 464}
{"obj": {"type": "LogStrings", "path": ["monitoring", "stderr"], "values": [{"value": "\r  0%|             | 71/16074 [00:15<48:44,  5.47it/s, Batch_number=71, Loss=432]", "step": null, "ts": 1652189578.1237347}]}, "version": 465}
{"obj": {"type": "LogStrings", "path": ["monitoring", "stderr"], "values": [{"value": "\r  0%|             | 72/16074 [00:15<49:02,  5.44it/s, Batch_number=71, Loss=432]", "step": null, "ts": 1652189578.1248248}]}, "version": 466}
{"obj": {"type": "LogStrings", "path": ["monitoring", "stdout"], "values": [{"value": "torch.Size([3, 1, 213, 288])", "step": null, "ts": 1652189578.158821}]}, "version": 467}
{"obj": {"type": "LogStrings", "path": ["monitoring", "stdout"], "values": [{"value": " ", "step": null, "ts": 1652189578.1591692}]}, "version": 468}
{"obj": {"type": "LogStrings", "path": ["monitoring", "stdout"], "values": [{"value": "torch.Size([3, 213, 288])", "step": null, "ts": 1652189578.1594236}]}, "version": 469}
{"obj": {"type": "LogStrings", "path": ["monitoring", "stdout"], "values": [{"value": "\n", "step": null, "ts": 1652189578.1596458}]}, "version": 470}
{"obj": {"type": "LogStrings", "path": ["monitoring", "stderr"], "values": [{"value": "\r  0%|             | 72/16074 [00:16<49:02,  5.44it/s, Batch_number=72, Loss=429]", "step": null, "ts": 1652189578.2987378}]}, "version": 471}
{"obj": {"type": "LogStrings", "path": ["monitoring", "stderr"], "values": [{"value": "\r  0%|             | 73/16074 [00:16<48:19,  5.52it/s, Batch_number=72, Loss=429]", "step": null, "ts": 1652189578.299803}]}, "version": 472}
{"obj": {"type": "LogStrings", "path": ["monitoring", "stdout"], "values": [{"value": "torch.Size([3, 1, 213, 288])", "step": null, "ts": 1652189578.3428564}]}, "version": 473}
{"obj": {"type": "LogStrings", "path": ["monitoring", "stdout"], "values": [{"value": " ", "step": null, "ts": 1652189578.343855}]}, "version": 474}
{"obj": {"type": "LogStrings", "path": ["monitoring", "stdout"], "values": [{"value": "torch.Size([3, 213, 288])", "step": null, "ts": 1652189578.3440194}]}, "version": 475}
{"obj": {"type": "LogStrings", "path": ["monitoring", "stdout"], "values": [{"value": "\n", "step": null, "ts": 1652189578.3441544}]}, "version": 476}
{"obj": {"type": "LogStrings", "path": ["monitoring", "stderr"], "values": [{"value": "\r  0%|             | 73/16074 [00:16<48:19,  5.52it/s, Batch_number=73, Loss=431]", "step": null, "ts": 1652189578.483619}]}, "version": 477}
{"obj": {"type": "LogStrings", "path": ["monitoring", "stderr"], "values": [{"value": "\r  0%|             | 74/16074 [00:16<48:37,  5.48it/s, Batch_number=73, Loss=431]", "step": null, "ts": 1652189578.4847221}]}, "version": 478}
{"obj": {"type": "LogStrings", "path": ["monitoring", "stdout"], "values": [{"value": "torch.Size([3, 1, 213, 288])", "step": null, "ts": 1652189578.5279348}]}, "version": 479}
{"obj": {"type": "LogStrings", "path": ["monitoring", "stdout"], "values": [{"value": " ", "step": null, "ts": 1652189578.528281}]}, "version": 480}
{"obj": {"type": "LogStrings", "path": ["monitoring", "stdout"], "values": [{"value": "torch.Size([3, 213, 288])", "step": null, "ts": 1652189578.5285387}]}, "version": 481}
{"obj": {"type": "LogStrings", "path": ["monitoring", "stdout"], "values": [{"value": "\n", "step": null, "ts": 1652189578.5287662}]}, "version": 482}
{"obj": {"type": "LogStrings", "path": ["monitoring", "stderr"], "values": [{"value": "\r  0%|             | 74/16074 [00:16<48:37,  5.48it/s, Batch_number=74, Loss=434]", "step": null, "ts": 1652189578.6632102}]}, "version": 483}
{"obj": {"type": "LogStrings", "path": ["monitoring", "stderr"], "values": [{"value": "\r  0%|             | 75/16074 [00:16<48:22,  5.51it/s, Batch_number=74, Loss=434]", "step": null, "ts": 1652189578.6639044}]}, "version": 484}
{"obj": {"type": "LogStrings", "path": ["monitoring", "stdout"], "values": [{"value": "torch.Size([3, 1, 213, 288])", "step": null, "ts": 1652189578.681497}]}, "version": 485}
{"obj": {"type": "LogStrings", "path": ["monitoring", "stdout"], "values": [{"value": " ", "step": null, "ts": 1652189578.6816778}]}, "version": 486}
{"obj": {"type": "LogStrings", "path": ["monitoring", "stdout"], "values": [{"value": "torch.Size([3, 213, 288])", "step": null, "ts": 1652189578.6818283}]}, "version": 487}
{"obj": {"type": "LogStrings", "path": ["monitoring", "stdout"], "values": [{"value": "\n", "step": null, "ts": 1652189578.6819627}]}, "version": 488}
{"obj": {"type": "LogStrings", "path": ["monitoring", "stderr"], "values": [{"value": "\r  0%|             | 75/16074 [00:16<48:22,  5.51it/s, Batch_number=75, Loss=432]", "step": null, "ts": 1652189578.82597}]}, "version": 489}
{"obj": {"type": "LogStrings", "path": ["monitoring", "stderr"], "values": [{"value": "\r  0%|             | 76/16074 [00:16<46:52,  5.69it/s, Batch_number=75, Loss=432]", "step": null, "ts": 1652189578.8266869}]}, "version": 490}
{"obj": {"type": "LogStrings", "path": ["monitoring", "stdout"], "values": [{"value": "torch.Size([3, 1, 213, 288])", "step": null, "ts": 1652189578.869612}]}, "version": 491}
{"obj": {"type": "LogStrings", "path": ["monitoring", "stdout"], "values": [{"value": " ", "step": null, "ts": 1652189578.869801}]}, "version": 492}
{"obj": {"type": "LogStrings", "path": ["monitoring", "stdout"], "values": [{"value": "torch.Size([3, 213, 288])", "step": null, "ts": 1652189578.869952}]}, "version": 493}
{"obj": {"type": "LogStrings", "path": ["monitoring", "stdout"], "values": [{"value": "\n", "step": null, "ts": 1652189578.8700862}]}, "version": 494}
{"obj": {"type": "LogStrings", "path": ["monitoring", "stderr"], "values": [{"value": "\r  0%|             | 76/16074 [00:16<46:52,  5.69it/s, Batch_number=76, Loss=429]", "step": null, "ts": 1652189579.0145855}]}, "version": 495}
{"obj": {"type": "LogStrings", "path": ["monitoring", "stderr"], "values": [{"value": "\r  0%|             | 77/16074 [00:16<48:17,  5.52it/s, Batch_number=76, Loss=429]", "step": null, "ts": 1652189579.0200822}]}, "version": 496}
{"obj": {"type": "LogStrings", "path": ["monitoring", "stdout"], "values": [{"value": "torch.Size([3, 1, 213, 288])", "step": null, "ts": 1652189579.051338}]}, "version": 497}
{"obj": {"type": "LogStrings", "path": ["monitoring", "stdout"], "values": [{"value": " ", "step": null, "ts": 1652189579.0516584}]}, "version": 498}
{"obj": {"type": "LogStrings", "path": ["monitoring", "stdout"], "values": [{"value": "torch.Size([3, 213, 288])", "step": null, "ts": 1652189579.05192}]}, "version": 499}
{"obj": {"type": "LogStrings", "path": ["monitoring", "stdout"], "values": [{"value": "\n", "step": null, "ts": 1652189579.0521502}]}, "version": 500}
{"obj": {"type": "LogStrings", "path": ["monitoring", "stderr"], "values": [{"value": "", "step": null, "ts": 1652189579.0938287}]}, "version": 501}
{"obj": {"type": "LogStrings", "path": ["monitoring", "stderr"], "values": [{"value": "\r  0%|             | 77/16074 [00:16<58:22,  4.57it/s, Batch_number=76, Loss=429]", "step": null, "ts": 1652189579.094518}]}, "version": 502}
{"obj": {"type": "LogStrings", "path": ["monitoring", "stderr"], "values": [{"value": "\n", "step": null, "ts": 1652189579.0964758}]}, "version": 503}
{"obj": {"type": "LogStrings", "path": ["monitoring", "stderr"], "values": [{"value": "\nKeyboardInterrupt\n", "step": null, "ts": 1652189579.3639226}]}, "version": 504}
{"obj": {"type": "LogStrings", "path": ["monitoring", "stderr"], "values": [{"value": "\n", "step": null, "ts": 1652189579.3642435}]}, "version": 505}
{"obj": {"type": "LogFloats", "path": ["monitoring", "cpu"], "values": [{"value": 95.2, "step": null, "ts": 1652189582.2202477}]}, "version": 506}
{"obj": {"type": "LogFloats", "path": ["monitoring", "memory"], "values": [{"value": 48.25355911254883, "step": null, "ts": 1652189582.2202477}]}, "version": 507}
{"obj": {"type": "LogFloats", "path": ["monitoring", "gpu_0"], "values": [{"value": 7.0, "step": null, "ts": 1652189582.2202477}]}, "version": 508}
{"obj": {"type": "LogFloats", "path": ["monitoring", "gpu_1"], "values": [{"value": 86.0, "step": null, "ts": 1652189582.2202477}]}, "version": 509}
{"obj": {"type": "LogFloats", "path": ["monitoring", "gpu_memory_0"], "values": [{"value": 3.6524658203125, "step": null, "ts": 1652189582.2202477}]}, "version": 510}
{"obj": {"type": "LogFloats", "path": ["monitoring", "gpu_memory_1"], "values": [{"value": 22.402587890625, "step": null, "ts": 1652189582.2202477}]}, "version": 511}
{"obj": {"type": "LogFloats", "path": ["monitoring", "cpu"], "values": [{"value": 90.4, "step": null, "ts": 1652189592.2232955}]}, "version": 512}
{"obj": {"type": "LogFloats", "path": ["monitoring", "memory"], "values": [{"value": 48.238311767578125, "step": null, "ts": 1652189592.2232955}]}, "version": 513}
{"obj": {"type": "LogFloats", "path": ["monitoring", "gpu_memory_0"], "values": [{"value": 3.6661376953125, "step": null, "ts": 1652189592.2232955}]}, "version": 514}
{"obj": {"type": "LogFloats", "path": ["monitoring", "gpu_memory_1"], "values": [{"value": 22.402587890625, "step": null, "ts": 1652189592.2232955}]}, "version": 515}
{"obj": {"type": "LogFloats", "path": ["monitoring", "cpu"], "values": [{"value": 89.4, "step": null, "ts": 1652189602.2254207}]}, "version": 516}
{"obj": {"type": "LogFloats", "path": ["monitoring", "memory"], "values": [{"value": 48.413612365722656, "step": null, "ts": 1652189602.2254207}]}, "version": 517}
{"obj": {"type": "LogFloats", "path": ["monitoring", "gpu_0"], "values": [{"value": 3.0, "step": null, "ts": 1652189602.2254207}]}, "version": 518}
{"obj": {"type": "LogFloats", "path": ["monitoring", "gpu_memory_0"], "values": [{"value": 3.6446533203125, "step": null, "ts": 1652189602.2254207}]}, "version": 519}
{"obj": {"type": "LogFloats", "path": ["monitoring", "gpu_memory_1"], "values": [{"value": 22.402587890625, "step": null, "ts": 1652189602.2254207}]}, "version": 520}
{"obj": {"type": "LogFloats", "path": ["monitoring", "cpu"], "values": [{"value": 90.8, "step": null, "ts": 1652189612.2273934}]}, "version": 521}
{"obj": {"type": "LogFloats", "path": ["monitoring", "memory"], "values": [{"value": 48.36997604370117, "step": null, "ts": 1652189612.2273934}]}, "version": 522}
{"obj": {"type": "LogFloats", "path": ["monitoring", "gpu_memory_0"], "values": [{"value": 3.65118408203125, "step": null, "ts": 1652189612.2273934}]}, "version": 523}
{"obj": {"type": "LogFloats", "path": ["monitoring", "gpu_memory_1"], "values": [{"value": 22.402587890625, "step": null, "ts": 1652189612.2273934}]}, "version": 524}
{"obj": {"type": "LogStrings", "path": ["monitoring", "stdout"], "values": [{"value": "Shutting down background jobs, please wait a moment...\n", "step": null, "ts": 1652189615.3227005}]}, "version": 525}
