{"obj": {"type": "AssignString", "path": ["sys", "name"], "value": "Untitled"}, "version": 1}
{"obj": {"type": "AssignString", "path": ["sys", "description"], "value": ""}, "version": 2}
{"obj": {"type": "AssignString", "path": ["sys", "hostname"], "value": "KW60717"}, "version": 3}
{"obj": {"type": "AssignBool", "path": ["sys", "failed"], "value": false}, "version": 4}
{"obj": {"type": "ClearStringLog", "path": ["monitoring", "stdout"]}, "version": 5}
{"obj": {"type": "ClearStringLog", "path": ["monitoring", "stderr"]}, "version": 6}
{"obj": {"type": "ConfigFloatSeries", "path": ["monitoring", "cpu"], "min": 0.0, "max": 100.0, "unit": "%"}, "version": 7}
{"obj": {"type": "ClearFloatLog", "path": ["monitoring", "cpu"]}, "version": 8}
{"obj": {"type": "ConfigFloatSeries", "path": ["monitoring", "memory"], "min": 0.0, "max": 251.55138778686523, "unit": "GB"}, "version": 9}
{"obj": {"type": "ClearFloatLog", "path": ["monitoring", "memory"]}, "version": 10}
{"obj": {"type": "ConfigFloatSeries", "path": ["monitoring", "gpu_0"], "min": 0.0, "max": 100.0, "unit": "%"}, "version": 11}
{"obj": {"type": "ClearFloatLog", "path": ["monitoring", "gpu_0"]}, "version": 12}
{"obj": {"type": "ConfigFloatSeries", "path": ["monitoring", "gpu_1"], "min": 0.0, "max": 100.0, "unit": "%"}, "version": 13}
{"obj": {"type": "ClearFloatLog", "path": ["monitoring", "gpu_1"]}, "version": 14}
{"obj": {"type": "ConfigFloatSeries", "path": ["monitoring", "gpu_memory_0"], "min": 0.0, "max": 23.69952392578125, "unit": "GB"}, "version": 15}
{"obj": {"type": "ClearFloatLog", "path": ["monitoring", "gpu_memory_0"]}, "version": 16}
{"obj": {"type": "ConfigFloatSeries", "path": ["monitoring", "gpu_memory_1"], "min": 0.0, "max": 23.69952392578125, "unit": "GB"}, "version": 17}
{"obj": {"type": "ClearFloatLog", "path": ["monitoring", "gpu_memory_1"]}, "version": 18}
{"obj": {"type": "LogStrings", "path": ["monitoring", "stdout"], "values": [{"value": "Remember to stop your run once you\u2019ve finished logging your metadata (https://docs.neptune.ai/api-reference/run#.stop). It will be stopped automatically only when the notebook kernel/interactive console is terminated.\n", "step": null, "ts": 1654162118.6935682}]}, "version": 19}
{"obj": {"type": "LogStrings", "path": ["monitoring", "stdout"], "values": [{"value": ".........EPOCH 0........", "step": null, "ts": 1654162118.6955845}]}, "version": 20}
{"obj": {"type": "LogStrings", "path": ["monitoring", "stdout"], "values": [{"value": "\n", "step": null, "ts": 1654162118.6964922}]}, "version": 21}
{"obj": {"type": "LogFloats", "path": ["monitoring", "cpu"], "values": [{"value": 1.4, "step": null, "ts": 1654162118.6832404}]}, "version": 22}
{"obj": {"type": "LogFloats", "path": ["monitoring", "memory"], "values": [{"value": 8.68564224243164, "step": null, "ts": 1654162118.6832404}]}, "version": 23}
{"obj": {"type": "LogFloats", "path": ["monitoring", "gpu_memory_0"], "values": [{"value": 0.43115234375, "step": null, "ts": 1654162118.6832404}]}, "version": 24}
{"obj": {"type": "LogFloats", "path": ["monitoring", "gpu_memory_1"], "values": [{"value": 1.521728515625, "step": null, "ts": 1654162118.6832404}]}, "version": 25}
{"obj": {"type": "LogStrings", "path": ["monitoring", "stderr"], "values": [{"value": "\r  0%|                                                                                                                                                                                       | 0/40 [00:00<?, ?it/s]", "step": null, "ts": 1654162118.7025619}]}, "version": 26}
{"obj": {"type": "LogFloats", "path": ["monitoring", "cpu"], "values": [{"value": 4.8, "step": null, "ts": 1654162128.7003021}]}, "version": 27}
{"obj": {"type": "LogFloats", "path": ["monitoring", "memory"], "values": [{"value": 8.693958282470703, "step": null, "ts": 1654162128.7003021}]}, "version": 28}
{"obj": {"type": "LogFloats", "path": ["monitoring", "gpu_0"], "values": [{"value": 30.0, "step": null, "ts": 1654162128.7003021}]}, "version": 29}
{"obj": {"type": "LogFloats", "path": ["monitoring", "gpu_memory_0"], "values": [{"value": 0.438720703125, "step": null, "ts": 1654162128.7003021}]}, "version": 30}
{"obj": {"type": "LogFloats", "path": ["monitoring", "gpu_memory_1"], "values": [{"value": 1.521728515625, "step": null, "ts": 1654162128.7003021}]}, "version": 31}
{"obj": {"type": "LogFloats", "path": ["monitoring", "cpu"], "values": [{"value": 5.3, "step": null, "ts": 1654162138.7067287}]}, "version": 32}
{"obj": {"type": "LogFloats", "path": ["monitoring", "memory"], "values": [{"value": 8.698108673095703, "step": null, "ts": 1654162138.7067287}]}, "version": 33}
{"obj": {"type": "LogFloats", "path": ["monitoring", "gpu_memory_0"], "values": [{"value": 0.4351806640625, "step": null, "ts": 1654162138.7067287}]}, "version": 34}
{"obj": {"type": "LogFloats", "path": ["monitoring", "gpu_memory_1"], "values": [{"value": 1.521728515625, "step": null, "ts": 1654162138.7067287}]}, "version": 35}
{"obj": {"type": "LogFloats", "path": ["monitoring", "cpu"], "values": [{"value": 4.5, "step": null, "ts": 1654162148.7123132}]}, "version": 36}
{"obj": {"type": "LogFloats", "path": ["monitoring", "memory"], "values": [{"value": 8.693412780761719, "step": null, "ts": 1654162148.7123132}]}, "version": 37}
{"obj": {"type": "LogFloats", "path": ["monitoring", "gpu_memory_0"], "values": [{"value": 0.4281005859375, "step": null, "ts": 1654162148.7123132}]}, "version": 38}
{"obj": {"type": "LogFloats", "path": ["monitoring", "gpu_memory_1"], "values": [{"value": 1.521728515625, "step": null, "ts": 1654162148.7123132}]}, "version": 39}
{"obj": {"type": "LogFloats", "path": ["monitoring", "cpu"], "values": [{"value": 4.4, "step": null, "ts": 1654162158.7177024}]}, "version": 40}
{"obj": {"type": "LogFloats", "path": ["monitoring", "memory"], "values": [{"value": 8.69472885131836, "step": null, "ts": 1654162158.7177024}]}, "version": 41}
{"obj": {"type": "LogFloats", "path": ["monitoring", "gpu_memory_0"], "values": [{"value": 0.4281005859375, "step": null, "ts": 1654162158.7177024}]}, "version": 42}
{"obj": {"type": "LogFloats", "path": ["monitoring", "gpu_memory_1"], "values": [{"value": 1.521728515625, "step": null, "ts": 1654162158.7177024}]}, "version": 43}
{"obj": {"type": "LogFloats", "path": ["monitoring", "cpu"], "values": [{"value": 4.7, "step": null, "ts": 1654162168.7229424}]}, "version": 44}
{"obj": {"type": "LogFloats", "path": ["monitoring", "memory"], "values": [{"value": 8.700126647949219, "step": null, "ts": 1654162168.7229424}]}, "version": 45}
{"obj": {"type": "LogFloats", "path": ["monitoring", "gpu_memory_0"], "values": [{"value": 0.4281005859375, "step": null, "ts": 1654162168.7229424}]}, "version": 46}
{"obj": {"type": "LogFloats", "path": ["monitoring", "gpu_memory_1"], "values": [{"value": 1.521728515625, "step": null, "ts": 1654162168.7229424}]}, "version": 47}
{"obj": {"type": "LogFloats", "path": ["monitoring", "cpu"], "values": [{"value": 4.3, "step": null, "ts": 1654162178.727833}]}, "version": 48}
{"obj": {"type": "LogFloats", "path": ["monitoring", "memory"], "values": [{"value": 8.717933654785156, "step": null, "ts": 1654162178.727833}]}, "version": 49}
{"obj": {"type": "LogFloats", "path": ["monitoring", "gpu_memory_0"], "values": [{"value": 0.4365234375, "step": null, "ts": 1654162178.727833}]}, "version": 50}
{"obj": {"type": "LogFloats", "path": ["monitoring", "gpu_memory_1"], "values": [{"value": 1.521728515625, "step": null, "ts": 1654162178.727833}]}, "version": 51}
{"obj": {"type": "LogFloats", "path": ["monitoring", "cpu"], "values": [{"value": 4.6, "step": null, "ts": 1654162188.732946}]}, "version": 52}
{"obj": {"type": "LogFloats", "path": ["monitoring", "memory"], "values": [{"value": 8.713756561279297, "step": null, "ts": 1654162188.732946}]}, "version": 53}
{"obj": {"type": "LogFloats", "path": ["monitoring", "gpu_memory_0"], "values": [{"value": 0.4320068359375, "step": null, "ts": 1654162188.732946}]}, "version": 54}
{"obj": {"type": "LogFloats", "path": ["monitoring", "gpu_memory_1"], "values": [{"value": 1.521728515625, "step": null, "ts": 1654162188.732946}]}, "version": 55}
{"obj": {"type": "LogFloats", "path": ["monitoring", "cpu"], "values": [{"value": 4.8, "step": null, "ts": 1654162198.7377458}]}, "version": 56}
{"obj": {"type": "LogFloats", "path": ["monitoring", "memory"], "values": [{"value": 8.716964721679688, "step": null, "ts": 1654162198.7377458}]}, "version": 57}
{"obj": {"type": "LogFloats", "path": ["monitoring", "gpu_memory_0"], "values": [{"value": 0.4320068359375, "step": null, "ts": 1654162198.7377458}]}, "version": 58}
{"obj": {"type": "LogFloats", "path": ["monitoring", "gpu_memory_1"], "values": [{"value": 1.521728515625, "step": null, "ts": 1654162198.7377458}]}, "version": 59}
{"obj": {"type": "LogFloats", "path": ["monitoring", "cpu"], "values": [{"value": 4.7, "step": null, "ts": 1654162208.7422605}]}, "version": 60}
{"obj": {"type": "LogFloats", "path": ["monitoring", "memory"], "values": [{"value": 8.712955474853516, "step": null, "ts": 1654162208.7422605}]}, "version": 61}
{"obj": {"type": "LogFloats", "path": ["monitoring", "gpu_memory_0"], "values": [{"value": 0.4320068359375, "step": null, "ts": 1654162208.7422605}]}, "version": 62}
{"obj": {"type": "LogFloats", "path": ["monitoring", "gpu_memory_1"], "values": [{"value": 1.521728515625, "step": null, "ts": 1654162208.7422605}]}, "version": 63}
{"obj": {"type": "LogFloats", "path": ["monitoring", "cpu"], "values": [{"value": 4.3, "step": null, "ts": 1654162218.7467842}]}, "version": 64}
{"obj": {"type": "LogFloats", "path": ["monitoring", "memory"], "values": [{"value": 8.705001831054688, "step": null, "ts": 1654162218.7467842}]}, "version": 65}
{"obj": {"type": "LogFloats", "path": ["monitoring", "gpu_memory_0"], "values": [{"value": 0.4320068359375, "step": null, "ts": 1654162218.7467842}]}, "version": 66}
{"obj": {"type": "LogFloats", "path": ["monitoring", "gpu_memory_1"], "values": [{"value": 1.521728515625, "step": null, "ts": 1654162218.7467842}]}, "version": 67}
{"obj": {"type": "LogFloats", "path": ["monitoring", "cpu"], "values": [{"value": 4.6, "step": null, "ts": 1654162228.7513}]}, "version": 68}
{"obj": {"type": "LogFloats", "path": ["monitoring", "memory"], "values": [{"value": 8.764087677001953, "step": null, "ts": 1654162228.7513}]}, "version": 69}
{"obj": {"type": "LogFloats", "path": ["monitoring", "gpu_memory_0"], "values": [{"value": 0.51995849609375, "step": null, "ts": 1654162228.7513}]}, "version": 70}
{"obj": {"type": "LogFloats", "path": ["monitoring", "gpu_memory_1"], "values": [{"value": 1.521728515625, "step": null, "ts": 1654162228.7513}]}, "version": 71}
{"obj": {"type": "LogFloats", "path": ["monitoring", "cpu"], "values": [{"value": 5.7, "step": null, "ts": 1654162238.755379}]}, "version": 72}
{"obj": {"type": "LogFloats", "path": ["monitoring", "memory"], "values": [{"value": 8.710491180419922, "step": null, "ts": 1654162238.755379}]}, "version": 73}
{"obj": {"type": "LogFloats", "path": ["monitoring", "gpu_memory_0"], "values": [{"value": 0.52520751953125, "step": null, "ts": 1654162238.755379}]}, "version": 74}
{"obj": {"type": "LogFloats", "path": ["monitoring", "gpu_memory_1"], "values": [{"value": 1.521728515625, "step": null, "ts": 1654162238.755379}]}, "version": 75}
{"obj": {"type": "LogFloats", "path": ["monitoring", "cpu"], "values": [{"value": 5.9, "step": null, "ts": 1654162248.7598932}]}, "version": 76}
{"obj": {"type": "LogFloats", "path": ["monitoring", "memory"], "values": [{"value": 8.709335327148438, "step": null, "ts": 1654162248.7598932}]}, "version": 77}
{"obj": {"type": "LogFloats", "path": ["monitoring", "gpu_0"], "values": [{"value": 33.0, "step": null, "ts": 1654162248.7598932}]}, "version": 78}
{"obj": {"type": "LogFloats", "path": ["monitoring", "gpu_memory_0"], "values": [{"value": 0.52520751953125, "step": null, "ts": 1654162248.7598932}]}, "version": 79}
{"obj": {"type": "LogFloats", "path": ["monitoring", "gpu_memory_1"], "values": [{"value": 1.521728515625, "step": null, "ts": 1654162248.7598932}]}, "version": 80}
{"obj": {"type": "LogFloats", "path": ["monitoring", "cpu"], "values": [{"value": 5.6, "step": null, "ts": 1654162258.7632842}]}, "version": 81}
{"obj": {"type": "LogFloats", "path": ["monitoring", "memory"], "values": [{"value": 8.718978881835938, "step": null, "ts": 1654162258.7632842}]}, "version": 82}
{"obj": {"type": "LogFloats", "path": ["monitoring", "gpu_memory_0"], "values": [{"value": 0.5198974609375, "step": null, "ts": 1654162258.7632842}]}, "version": 83}
{"obj": {"type": "LogFloats", "path": ["monitoring", "gpu_memory_1"], "values": [{"value": 1.521728515625, "step": null, "ts": 1654162258.7632842}]}, "version": 84}
{"obj": {"type": "LogFloats", "path": ["monitoring", "cpu"], "values": [{"value": 4.4, "step": null, "ts": 1654162268.7670515}]}, "version": 85}
{"obj": {"type": "LogFloats", "path": ["monitoring", "memory"], "values": [{"value": 8.710552215576172, "step": null, "ts": 1654162268.7670515}]}, "version": 86}
{"obj": {"type": "LogFloats", "path": ["monitoring", "gpu_memory_0"], "values": [{"value": 0.5198974609375, "step": null, "ts": 1654162268.7670515}]}, "version": 87}
{"obj": {"type": "LogFloats", "path": ["monitoring", "gpu_memory_1"], "values": [{"value": 1.521728515625, "step": null, "ts": 1654162268.7670515}]}, "version": 88}
{"obj": {"type": "LogFloats", "path": ["monitoring", "cpu"], "values": [{"value": 2.9, "step": null, "ts": 1654162278.7714307}]}, "version": 89}
{"obj": {"type": "LogFloats", "path": ["monitoring", "memory"], "values": [{"value": 8.709003448486328, "step": null, "ts": 1654162278.7714307}]}, "version": 90}
{"obj": {"type": "LogFloats", "path": ["monitoring", "gpu_memory_0"], "values": [{"value": 0.5198974609375, "step": null, "ts": 1654162278.7714307}]}, "version": 91}
{"obj": {"type": "LogFloats", "path": ["monitoring", "gpu_memory_1"], "values": [{"value": 1.521728515625, "step": null, "ts": 1654162278.7714307}]}, "version": 92}
{"obj": {"type": "LogFloats", "path": ["monitoring", "cpu"], "values": [{"value": 4.4, "step": null, "ts": 1654162288.7735004}]}, "version": 93}
{"obj": {"type": "LogFloats", "path": ["monitoring", "memory"], "values": [{"value": 8.718700408935547, "step": null, "ts": 1654162288.7735004}]}, "version": 94}
{"obj": {"type": "LogFloats", "path": ["monitoring", "gpu_memory_0"], "values": [{"value": 0.5198974609375, "step": null, "ts": 1654162288.7735004}]}, "version": 95}
{"obj": {"type": "LogFloats", "path": ["monitoring", "gpu_memory_1"], "values": [{"value": 1.521728515625, "step": null, "ts": 1654162288.7735004}]}, "version": 96}
{"obj": {"type": "LogFloats", "path": ["monitoring", "cpu"], "values": [{"value": 4.7, "step": null, "ts": 1654162298.7771533}]}, "version": 97}
{"obj": {"type": "LogFloats", "path": ["monitoring", "memory"], "values": [{"value": 8.72109603881836, "step": null, "ts": 1654162298.7771533}]}, "version": 98}
{"obj": {"type": "LogFloats", "path": ["monitoring", "gpu_memory_0"], "values": [{"value": 0.5198974609375, "step": null, "ts": 1654162298.7771533}]}, "version": 99}
{"obj": {"type": "LogFloats", "path": ["monitoring", "gpu_memory_1"], "values": [{"value": 1.521728515625, "step": null, "ts": 1654162298.7771533}]}, "version": 100}
{"obj": {"type": "LogFloats", "path": ["monitoring", "cpu"], "values": [{"value": 4.8, "step": null, "ts": 1654162308.7809196}]}, "version": 101}
{"obj": {"type": "LogFloats", "path": ["monitoring", "memory"], "values": [{"value": 8.72296142578125, "step": null, "ts": 1654162308.7809196}]}, "version": 102}
{"obj": {"type": "LogFloats", "path": ["monitoring", "gpu_memory_0"], "values": [{"value": 0.5198974609375, "step": null, "ts": 1654162308.7809196}]}, "version": 103}
{"obj": {"type": "LogFloats", "path": ["monitoring", "gpu_memory_1"], "values": [{"value": 1.521728515625, "step": null, "ts": 1654162308.7809196}]}, "version": 104}
{"obj": {"type": "LogFloats", "path": ["monitoring", "cpu"], "values": [{"value": 4.6, "step": null, "ts": 1654162318.7860055}]}, "version": 105}
{"obj": {"type": "LogFloats", "path": ["monitoring", "memory"], "values": [{"value": 8.727058410644531, "step": null, "ts": 1654162318.7860055}]}, "version": 106}
{"obj": {"type": "LogFloats", "path": ["monitoring", "gpu_memory_0"], "values": [{"value": 0.5198974609375, "step": null, "ts": 1654162318.7860055}]}, "version": 107}
{"obj": {"type": "LogFloats", "path": ["monitoring", "gpu_memory_1"], "values": [{"value": 1.521728515625, "step": null, "ts": 1654162318.7860055}]}, "version": 108}
{"obj": {"type": "LogFloats", "path": ["monitoring", "cpu"], "values": [{"value": 4.8, "step": null, "ts": 1654162328.789548}]}, "version": 109}
{"obj": {"type": "LogFloats", "path": ["monitoring", "memory"], "values": [{"value": 8.723564147949219, "step": null, "ts": 1654162328.789548}]}, "version": 110}
{"obj": {"type": "LogFloats", "path": ["monitoring", "gpu_memory_0"], "values": [{"value": 0.5198974609375, "step": null, "ts": 1654162328.789548}]}, "version": 111}
{"obj": {"type": "LogFloats", "path": ["monitoring", "gpu_memory_1"], "values": [{"value": 1.521728515625, "step": null, "ts": 1654162328.789548}]}, "version": 112}
{"obj": {"type": "LogFloats", "path": ["monitoring", "cpu"], "values": [{"value": 4.8, "step": null, "ts": 1654162338.79316}]}, "version": 113}
{"obj": {"type": "LogFloats", "path": ["monitoring", "memory"], "values": [{"value": 8.728874206542969, "step": null, "ts": 1654162338.79316}]}, "version": 114}
{"obj": {"type": "LogFloats", "path": ["monitoring", "gpu_memory_0"], "values": [{"value": 0.5198974609375, "step": null, "ts": 1654162338.79316}]}, "version": 115}
{"obj": {"type": "LogFloats", "path": ["monitoring", "gpu_memory_1"], "values": [{"value": 1.521728515625, "step": null, "ts": 1654162338.79316}]}, "version": 116}
{"obj": {"type": "LogFloats", "path": ["monitoring", "cpu"], "values": [{"value": 4.7, "step": null, "ts": 1654162348.7966928}]}, "version": 117}
{"obj": {"type": "LogFloats", "path": ["monitoring", "memory"], "values": [{"value": 8.73721694946289, "step": null, "ts": 1654162348.7966928}]}, "version": 118}
{"obj": {"type": "LogFloats", "path": ["monitoring", "gpu_memory_0"], "values": [{"value": 0.5198974609375, "step": null, "ts": 1654162348.7966928}]}, "version": 119}
{"obj": {"type": "LogFloats", "path": ["monitoring", "gpu_memory_1"], "values": [{"value": 1.521728515625, "step": null, "ts": 1654162348.7966928}]}, "version": 120}
{"obj": {"type": "LogFloats", "path": ["monitoring", "cpu"], "values": [{"value": 4.7, "step": null, "ts": 1654162358.8002012}]}, "version": 121}
{"obj": {"type": "LogFloats", "path": ["monitoring", "memory"], "values": [{"value": 8.731803894042969, "step": null, "ts": 1654162358.8002012}]}, "version": 122}
{"obj": {"type": "LogFloats", "path": ["monitoring", "gpu_memory_0"], "values": [{"value": 0.5198974609375, "step": null, "ts": 1654162358.8002012}]}, "version": 123}
{"obj": {"type": "LogFloats", "path": ["monitoring", "gpu_memory_1"], "values": [{"value": 1.521728515625, "step": null, "ts": 1654162358.8002012}]}, "version": 124}
{"obj": {"type": "LogFloats", "path": ["monitoring", "cpu"], "values": [{"value": 4.7, "step": null, "ts": 1654162368.8037846}]}, "version": 125}
{"obj": {"type": "LogFloats", "path": ["monitoring", "memory"], "values": [{"value": 8.730457305908203, "step": null, "ts": 1654162368.8037846}]}, "version": 126}
{"obj": {"type": "LogFloats", "path": ["monitoring", "gpu_memory_0"], "values": [{"value": 0.4613037109375, "step": null, "ts": 1654162368.8037846}]}, "version": 127}
{"obj": {"type": "LogFloats", "path": ["monitoring", "gpu_memory_1"], "values": [{"value": 1.521728515625, "step": null, "ts": 1654162368.8037846}]}, "version": 128}
{"obj": {"type": "LogFloats", "path": ["monitoring", "cpu"], "values": [{"value": 4.3, "step": null, "ts": 1654162378.8075528}]}, "version": 129}
{"obj": {"type": "LogFloats", "path": ["monitoring", "memory"], "values": [{"value": 8.734668731689453, "step": null, "ts": 1654162378.8075528}]}, "version": 130}
{"obj": {"type": "LogFloats", "path": ["monitoring", "gpu_memory_0"], "values": [{"value": 0.4613037109375, "step": null, "ts": 1654162378.8075528}]}, "version": 131}
{"obj": {"type": "LogFloats", "path": ["monitoring", "gpu_memory_1"], "values": [{"value": 1.521728515625, "step": null, "ts": 1654162378.8075528}]}, "version": 132}
{"obj": {"type": "LogFloats", "path": ["monitoring", "cpu"], "values": [{"value": 5.0, "step": null, "ts": 1654162388.8123455}]}, "version": 133}
{"obj": {"type": "LogFloats", "path": ["monitoring", "memory"], "values": [{"value": 8.7327880859375, "step": null, "ts": 1654162388.8123455}]}, "version": 134}
{"obj": {"type": "LogFloats", "path": ["monitoring", "gpu_0"], "values": [{"value": 37.0, "step": null, "ts": 1654162388.8123455}]}, "version": 135}
{"obj": {"type": "LogFloats", "path": ["monitoring", "gpu_memory_0"], "values": [{"value": 0.46307373046875, "step": null, "ts": 1654162388.8123455}]}, "version": 136}
{"obj": {"type": "LogFloats", "path": ["monitoring", "gpu_memory_1"], "values": [{"value": 1.521728515625, "step": null, "ts": 1654162388.8123455}]}, "version": 137}
{"obj": {"type": "LogFloats", "path": ["monitoring", "cpu"], "values": [{"value": 5.6, "step": null, "ts": 1654162398.8164642}]}, "version": 138}
{"obj": {"type": "LogFloats", "path": ["monitoring", "memory"], "values": [{"value": 8.747180938720703, "step": null, "ts": 1654162398.8164642}]}, "version": 139}
{"obj": {"type": "LogFloats", "path": ["monitoring", "gpu_0"], "values": [{"value": 1.0, "step": null, "ts": 1654162398.8164642}]}, "version": 140}
{"obj": {"type": "LogFloats", "path": ["monitoring", "gpu_memory_0"], "values": [{"value": 0.4869384765625, "step": null, "ts": 1654162398.8164642}]}, "version": 141}
{"obj": {"type": "LogFloats", "path": ["monitoring", "gpu_memory_1"], "values": [{"value": 1.521728515625, "step": null, "ts": 1654162398.8164642}]}, "version": 142}
{"obj": {"type": "LogFloats", "path": ["monitoring", "cpu"], "values": [{"value": 4.9, "step": null, "ts": 1654162408.8213148}]}, "version": 143}
{"obj": {"type": "LogFloats", "path": ["monitoring", "memory"], "values": [{"value": 8.754222869873047, "step": null, "ts": 1654162408.8213148}]}, "version": 144}
{"obj": {"type": "LogFloats", "path": ["monitoring", "gpu_0"], "values": [{"value": 16.0, "step": null, "ts": 1654162408.8213148}]}, "version": 145}
{"obj": {"type": "LogFloats", "path": ["monitoring", "gpu_memory_0"], "values": [{"value": 0.4554443359375, "step": null, "ts": 1654162408.8213148}]}, "version": 146}
{"obj": {"type": "LogFloats", "path": ["monitoring", "gpu_memory_1"], "values": [{"value": 1.521728515625, "step": null, "ts": 1654162408.8213148}]}, "version": 147}
{"obj": {"type": "LogFloats", "path": ["monitoring", "cpu"], "values": [{"value": 5.8, "step": null, "ts": 1654162418.8271484}]}, "version": 148}
{"obj": {"type": "LogFloats", "path": ["monitoring", "memory"], "values": [{"value": 8.754486083984375, "step": null, "ts": 1654162418.8271484}]}, "version": 149}
{"obj": {"type": "LogFloats", "path": ["monitoring", "gpu_0"], "values": [{"value": 29.0, "step": null, "ts": 1654162418.8271484}]}, "version": 150}
{"obj": {"type": "LogFloats", "path": ["monitoring", "gpu_memory_0"], "values": [{"value": 0.47064208984375, "step": null, "ts": 1654162418.8271484}]}, "version": 151}
{"obj": {"type": "LogFloats", "path": ["monitoring", "gpu_memory_1"], "values": [{"value": 1.521728515625, "step": null, "ts": 1654162418.8271484}]}, "version": 152}
{"obj": {"type": "LogFloats", "path": ["monitoring", "cpu"], "values": [{"value": 6.0, "step": null, "ts": 1654162428.83135}]}, "version": 153}
{"obj": {"type": "LogFloats", "path": ["monitoring", "memory"], "values": [{"value": 8.765663146972656, "step": null, "ts": 1654162428.83135}]}, "version": 154}
{"obj": {"type": "LogFloats", "path": ["monitoring", "gpu_0"], "values": [{"value": 23.0, "step": null, "ts": 1654162428.83135}]}, "version": 155}
{"obj": {"type": "LogFloats", "path": ["monitoring", "gpu_memory_0"], "values": [{"value": 0.47210693359375, "step": null, "ts": 1654162428.83135}]}, "version": 156}
{"obj": {"type": "LogFloats", "path": ["monitoring", "gpu_memory_1"], "values": [{"value": 1.521728515625, "step": null, "ts": 1654162428.83135}]}, "version": 157}
{"obj": {"type": "LogFloats", "path": ["monitoring", "cpu"], "values": [{"value": 5.9, "step": null, "ts": 1654162438.8352585}]}, "version": 158}
{"obj": {"type": "LogFloats", "path": ["monitoring", "memory"], "values": [{"value": 8.7816162109375, "step": null, "ts": 1654162438.8352585}]}, "version": 159}
{"obj": {"type": "LogFloats", "path": ["monitoring", "gpu_memory_0"], "values": [{"value": 0.48016357421875, "step": null, "ts": 1654162438.8352585}]}, "version": 160}
{"obj": {"type": "LogFloats", "path": ["monitoring", "gpu_memory_1"], "values": [{"value": 1.521728515625, "step": null, "ts": 1654162438.8352585}]}, "version": 161}
{"obj": {"type": "LogFloats", "path": ["monitoring", "cpu"], "values": [{"value": 4.0, "step": null, "ts": 1654162448.8377585}]}, "version": 162}
{"obj": {"type": "LogFloats", "path": ["monitoring", "memory"], "values": [{"value": 8.775867462158203, "step": null, "ts": 1654162448.8377585}]}, "version": 163}
{"obj": {"type": "LogFloats", "path": ["monitoring", "gpu_memory_0"], "values": [{"value": 0.476806640625, "step": null, "ts": 1654162448.8377585}]}, "version": 164}
{"obj": {"type": "LogFloats", "path": ["monitoring", "gpu_memory_1"], "values": [{"value": 1.521728515625, "step": null, "ts": 1654162448.8377585}]}, "version": 165}
{"obj": {"type": "LogFloats", "path": ["monitoring", "cpu"], "values": [{"value": 5.8, "step": null, "ts": 1654162458.8413947}]}, "version": 166}
{"obj": {"type": "LogFloats", "path": ["monitoring", "memory"], "values": [{"value": 8.789043426513672, "step": null, "ts": 1654162458.8413947}]}, "version": 167}
{"obj": {"type": "LogFloats", "path": ["monitoring", "gpu_memory_0"], "values": [{"value": 0.47125244140625, "step": null, "ts": 1654162458.8413947}]}, "version": 168}
{"obj": {"type": "LogFloats", "path": ["monitoring", "gpu_memory_1"], "values": [{"value": 1.521728515625, "step": null, "ts": 1654162458.8413947}]}, "version": 169}
{"obj": {"type": "LogFloats", "path": ["monitoring", "cpu"], "values": [{"value": 5.0, "step": null, "ts": 1654162468.8460476}]}, "version": 170}
{"obj": {"type": "LogFloats", "path": ["monitoring", "memory"], "values": [{"value": 8.792102813720703, "step": null, "ts": 1654162468.8460476}]}, "version": 171}
{"obj": {"type": "LogFloats", "path": ["monitoring", "gpu_memory_0"], "values": [{"value": 0.44549560546875, "step": null, "ts": 1654162468.8460476}]}, "version": 172}
{"obj": {"type": "LogFloats", "path": ["monitoring", "gpu_memory_1"], "values": [{"value": 1.521728515625, "step": null, "ts": 1654162468.8460476}]}, "version": 173}
{"obj": {"type": "LogFloats", "path": ["monitoring", "cpu"], "values": [{"value": 4.9, "step": null, "ts": 1654162478.849687}]}, "version": 174}
{"obj": {"type": "LogFloats", "path": ["monitoring", "memory"], "values": [{"value": 8.77847671508789, "step": null, "ts": 1654162478.849687}]}, "version": 175}
{"obj": {"type": "LogFloats", "path": ["monitoring", "gpu_memory_0"], "values": [{"value": 0.44549560546875, "step": null, "ts": 1654162478.849687}]}, "version": 176}
{"obj": {"type": "LogFloats", "path": ["monitoring", "gpu_memory_1"], "values": [{"value": 1.521728515625, "step": null, "ts": 1654162478.849687}]}, "version": 177}
{"obj": {"type": "LogFloats", "path": ["monitoring", "cpu"], "values": [{"value": 4.9, "step": null, "ts": 1654162488.8536208}]}, "version": 178}
{"obj": {"type": "LogFloats", "path": ["monitoring", "memory"], "values": [{"value": 8.777301788330078, "step": null, "ts": 1654162488.8536208}]}, "version": 179}
{"obj": {"type": "LogFloats", "path": ["monitoring", "gpu_0"], "values": [{"value": 4.0, "step": null, "ts": 1654162488.8536208}]}, "version": 180}
{"obj": {"type": "LogFloats", "path": ["monitoring", "gpu_memory_0"], "values": [{"value": 0.44549560546875, "step": null, "ts": 1654162488.8536208}]}, "version": 181}
{"obj": {"type": "LogFloats", "path": ["monitoring", "gpu_memory_1"], "values": [{"value": 1.521728515625, "step": null, "ts": 1654162488.8536208}]}, "version": 182}
{"obj": {"type": "LogFloats", "path": ["monitoring", "cpu"], "values": [{"value": 4.8, "step": null, "ts": 1654162498.8575325}]}, "version": 183}
{"obj": {"type": "LogFloats", "path": ["monitoring", "memory"], "values": [{"value": 8.780189514160156, "step": null, "ts": 1654162498.8575325}]}, "version": 184}
{"obj": {"type": "LogFloats", "path": ["monitoring", "gpu_memory_0"], "values": [{"value": 0.44549560546875, "step": null, "ts": 1654162498.8575325}]}, "version": 185}
{"obj": {"type": "LogFloats", "path": ["monitoring", "gpu_memory_1"], "values": [{"value": 1.521728515625, "step": null, "ts": 1654162498.8575325}]}, "version": 186}
{"obj": {"type": "LogFloats", "path": ["monitoring", "cpu"], "values": [{"value": 4.8, "step": null, "ts": 1654162508.862745}]}, "version": 187}
{"obj": {"type": "LogFloats", "path": ["monitoring", "memory"], "values": [{"value": 8.77676773071289, "step": null, "ts": 1654162508.862745}]}, "version": 188}
{"obj": {"type": "LogFloats", "path": ["monitoring", "gpu_memory_0"], "values": [{"value": 0.44549560546875, "step": null, "ts": 1654162508.862745}]}, "version": 189}
{"obj": {"type": "LogFloats", "path": ["monitoring", "gpu_memory_1"], "values": [{"value": 1.521728515625, "step": null, "ts": 1654162508.862745}]}, "version": 190}
{"obj": {"type": "LogFloats", "path": ["monitoring", "cpu"], "values": [{"value": 4.8, "step": null, "ts": 1654162518.8664246}]}, "version": 191}
{"obj": {"type": "LogFloats", "path": ["monitoring", "memory"], "values": [{"value": 8.776023864746094, "step": null, "ts": 1654162518.8664246}]}, "version": 192}
{"obj": {"type": "LogFloats", "path": ["monitoring", "gpu_memory_0"], "values": [{"value": 0.44549560546875, "step": null, "ts": 1654162518.8664246}]}, "version": 193}
{"obj": {"type": "LogFloats", "path": ["monitoring", "gpu_memory_1"], "values": [{"value": 1.521728515625, "step": null, "ts": 1654162518.8664246}]}, "version": 194}
{"obj": {"type": "LogFloats", "path": ["monitoring", "cpu"], "values": [{"value": 4.9, "step": null, "ts": 1654162528.870351}]}, "version": 195}
{"obj": {"type": "LogFloats", "path": ["monitoring", "memory"], "values": [{"value": 8.788307189941406, "step": null, "ts": 1654162528.870351}]}, "version": 196}
{"obj": {"type": "LogFloats", "path": ["monitoring", "gpu_memory_0"], "values": [{"value": 0.44549560546875, "step": null, "ts": 1654162528.870351}]}, "version": 197}
{"obj": {"type": "LogFloats", "path": ["monitoring", "gpu_memory_1"], "values": [{"value": 1.521728515625, "step": null, "ts": 1654162528.870351}]}, "version": 198}
{"obj": {"type": "LogFloats", "path": ["monitoring", "cpu"], "values": [{"value": 4.9, "step": null, "ts": 1654162538.874104}]}, "version": 199}
{"obj": {"type": "LogFloats", "path": ["monitoring", "memory"], "values": [{"value": 8.800281524658203, "step": null, "ts": 1654162538.874104}]}, "version": 200}
{"obj": {"type": "LogFloats", "path": ["monitoring", "gpu_0"], "values": [{"value": 6.0, "step": null, "ts": 1654162538.874104}]}, "version": 201}
{"obj": {"type": "LogFloats", "path": ["monitoring", "gpu_memory_0"], "values": [{"value": 0.44677734375, "step": null, "ts": 1654162538.874104}]}, "version": 202}
{"obj": {"type": "LogFloats", "path": ["monitoring", "gpu_memory_1"], "values": [{"value": 1.521728515625, "step": null, "ts": 1654162538.874104}]}, "version": 203}
{"obj": {"type": "LogFloats", "path": ["monitoring", "cpu"], "values": [{"value": 4.9, "step": null, "ts": 1654162548.878686}]}, "version": 204}
{"obj": {"type": "LogFloats", "path": ["monitoring", "memory"], "values": [{"value": 8.797073364257812, "step": null, "ts": 1654162548.878686}]}, "version": 205}
{"obj": {"type": "LogFloats", "path": ["monitoring", "gpu_memory_0"], "values": [{"value": 0.4443359375, "step": null, "ts": 1654162548.878686}]}, "version": 206}
{"obj": {"type": "LogFloats", "path": ["monitoring", "gpu_memory_1"], "values": [{"value": 1.521728515625, "step": null, "ts": 1654162548.878686}]}, "version": 207}
{"obj": {"type": "LogFloats", "path": ["monitoring", "cpu"], "values": [{"value": 4.8, "step": null, "ts": 1654162558.8821778}]}, "version": 208}
{"obj": {"type": "LogFloats", "path": ["monitoring", "memory"], "values": [{"value": 8.799930572509766, "step": null, "ts": 1654162558.8821778}]}, "version": 209}
{"obj": {"type": "LogFloats", "path": ["monitoring", "gpu_0"], "values": [{"value": 3.0, "step": null, "ts": 1654162558.8821778}]}, "version": 210}
{"obj": {"type": "LogFloats", "path": ["monitoring", "gpu_memory_0"], "values": [{"value": 0.4443359375, "step": null, "ts": 1654162558.8821778}]}, "version": 211}
{"obj": {"type": "LogFloats", "path": ["monitoring", "gpu_memory_1"], "values": [{"value": 1.521728515625, "step": null, "ts": 1654162558.8821778}]}, "version": 212}
{"obj": {"type": "LogFloats", "path": ["monitoring", "cpu"], "values": [{"value": 4.8, "step": null, "ts": 1654162568.8875766}]}, "version": 213}
{"obj": {"type": "LogFloats", "path": ["monitoring", "memory"], "values": [{"value": 8.79776382446289, "step": null, "ts": 1654162568.8875766}]}, "version": 214}
{"obj": {"type": "LogFloats", "path": ["monitoring", "gpu_0"], "values": [{"value": 4.0, "step": null, "ts": 1654162568.8875766}]}, "version": 215}
{"obj": {"type": "LogFloats", "path": ["monitoring", "gpu_memory_0"], "values": [{"value": 0.4443359375, "step": null, "ts": 1654162568.8875766}]}, "version": 216}
{"obj": {"type": "LogFloats", "path": ["monitoring", "gpu_memory_1"], "values": [{"value": 1.521728515625, "step": null, "ts": 1654162568.8875766}]}, "version": 217}
{"obj": {"type": "LogFloats", "path": ["monitoring", "cpu"], "values": [{"value": 4.9, "step": null, "ts": 1654162578.8911636}]}, "version": 218}
{"obj": {"type": "LogFloats", "path": ["monitoring", "memory"], "values": [{"value": 8.7933349609375, "step": null, "ts": 1654162578.8911636}]}, "version": 219}
{"obj": {"type": "LogFloats", "path": ["monitoring", "gpu_0"], "values": [{"value": 4.0, "step": null, "ts": 1654162578.8911636}]}, "version": 220}
{"obj": {"type": "LogFloats", "path": ["monitoring", "gpu_memory_0"], "values": [{"value": 0.4443359375, "step": null, "ts": 1654162578.8911636}]}, "version": 221}
{"obj": {"type": "LogFloats", "path": ["monitoring", "gpu_memory_1"], "values": [{"value": 1.521728515625, "step": null, "ts": 1654162578.8911636}]}, "version": 222}
{"obj": {"type": "LogFloats", "path": ["monitoring", "cpu"], "values": [{"value": 5.2, "step": null, "ts": 1654162588.8953762}]}, "version": 223}
{"obj": {"type": "LogFloats", "path": ["monitoring", "memory"], "values": [{"value": 8.817634582519531, "step": null, "ts": 1654162588.8953762}]}, "version": 224}
{"obj": {"type": "LogFloats", "path": ["monitoring", "gpu_0"], "values": [{"value": 10.0, "step": null, "ts": 1654162588.8953762}]}, "version": 225}
{"obj": {"type": "LogFloats", "path": ["monitoring", "gpu_memory_0"], "values": [{"value": 0.47344970703125, "step": null, "ts": 1654162588.8953762}]}, "version": 226}
{"obj": {"type": "LogFloats", "path": ["monitoring", "gpu_memory_1"], "values": [{"value": 1.521728515625, "step": null, "ts": 1654162588.8953762}]}, "version": 227}
{"obj": {"type": "LogFloats", "path": ["monitoring", "cpu"], "values": [{"value": 5.2, "step": null, "ts": 1654162598.901047}]}, "version": 228}
{"obj": {"type": "LogFloats", "path": ["monitoring", "memory"], "values": [{"value": 8.799232482910156, "step": null, "ts": 1654162598.901047}]}, "version": 229}
{"obj": {"type": "LogFloats", "path": ["monitoring", "gpu_memory_0"], "values": [{"value": 0.4500732421875, "step": null, "ts": 1654162598.901047}]}, "version": 230}
{"obj": {"type": "LogFloats", "path": ["monitoring", "gpu_memory_1"], "values": [{"value": 1.521728515625, "step": null, "ts": 1654162598.901047}]}, "version": 231}
{"obj": {"type": "LogFloats", "path": ["monitoring", "cpu"], "values": [{"value": 3.9, "step": null, "ts": 1654162608.9047456}]}, "version": 232}
{"obj": {"type": "LogFloats", "path": ["monitoring", "memory"], "values": [{"value": 8.796791076660156, "step": null, "ts": 1654162608.9047456}]}, "version": 233}
{"obj": {"type": "LogFloats", "path": ["monitoring", "gpu_memory_0"], "values": [{"value": 0.4498291015625, "step": null, "ts": 1654162608.9047456}]}, "version": 234}
{"obj": {"type": "LogFloats", "path": ["monitoring", "gpu_memory_1"], "values": [{"value": 1.521728515625, "step": null, "ts": 1654162608.9047456}]}, "version": 235}
{"obj": {"type": "LogFloats", "path": ["monitoring", "cpu"], "values": [{"value": 3.0, "step": null, "ts": 1654162618.9068968}]}, "version": 236}
{"obj": {"type": "LogFloats", "path": ["monitoring", "memory"], "values": [{"value": 8.8009033203125, "step": null, "ts": 1654162618.9068968}]}, "version": 237}
{"obj": {"type": "LogFloats", "path": ["monitoring", "gpu_memory_0"], "values": [{"value": 0.4498291015625, "step": null, "ts": 1654162618.9068968}]}, "version": 238}
{"obj": {"type": "LogFloats", "path": ["monitoring", "gpu_memory_1"], "values": [{"value": 1.521728515625, "step": null, "ts": 1654162618.9068968}]}, "version": 239}
{"obj": {"type": "LogFloats", "path": ["monitoring", "cpu"], "values": [{"value": 4.4, "step": null, "ts": 1654162628.9104042}]}, "version": 240}
{"obj": {"type": "LogFloats", "path": ["monitoring", "memory"], "values": [{"value": 8.797565460205078, "step": null, "ts": 1654162628.9104042}]}, "version": 241}
{"obj": {"type": "LogFloats", "path": ["monitoring", "gpu_memory_0"], "values": [{"value": 0.4498291015625, "step": null, "ts": 1654162628.9104042}]}, "version": 242}
{"obj": {"type": "LogFloats", "path": ["monitoring", "gpu_memory_1"], "values": [{"value": 1.521728515625, "step": null, "ts": 1654162628.9104042}]}, "version": 243}
{"obj": {"type": "LogFloats", "path": ["monitoring", "cpu"], "values": [{"value": 4.4, "step": null, "ts": 1654162638.9139686}]}, "version": 244}
{"obj": {"type": "LogFloats", "path": ["monitoring", "memory"], "values": [{"value": 8.796272277832031, "step": null, "ts": 1654162638.9139686}]}, "version": 245}
{"obj": {"type": "LogFloats", "path": ["monitoring", "gpu_memory_0"], "values": [{"value": 0.4498291015625, "step": null, "ts": 1654162638.9139686}]}, "version": 246}
{"obj": {"type": "LogFloats", "path": ["monitoring", "gpu_memory_1"], "values": [{"value": 1.521728515625, "step": null, "ts": 1654162638.9139686}]}, "version": 247}
{"obj": {"type": "LogFloats", "path": ["monitoring", "cpu"], "values": [{"value": 4.7, "step": null, "ts": 1654162648.9175715}]}, "version": 248}
{"obj": {"type": "LogFloats", "path": ["monitoring", "memory"], "values": [{"value": 8.8033447265625, "step": null, "ts": 1654162648.9175715}]}, "version": 249}
{"obj": {"type": "LogFloats", "path": ["monitoring", "gpu_memory_0"], "values": [{"value": 0.4498291015625, "step": null, "ts": 1654162648.9175715}]}, "version": 250}
{"obj": {"type": "LogFloats", "path": ["monitoring", "gpu_memory_1"], "values": [{"value": 1.521728515625, "step": null, "ts": 1654162648.9175715}]}, "version": 251}
{"obj": {"type": "LogFloats", "path": ["monitoring", "cpu"], "values": [{"value": 4.5, "step": null, "ts": 1654162658.9216926}]}, "version": 252}
{"obj": {"type": "LogFloats", "path": ["monitoring", "memory"], "values": [{"value": 8.796566009521484, "step": null, "ts": 1654162658.9216926}]}, "version": 253}
{"obj": {"type": "LogFloats", "path": ["monitoring", "gpu_memory_0"], "values": [{"value": 0.4498291015625, "step": null, "ts": 1654162658.9216926}]}, "version": 254}
{"obj": {"type": "LogFloats", "path": ["monitoring", "gpu_memory_1"], "values": [{"value": 1.521728515625, "step": null, "ts": 1654162658.9216926}]}, "version": 255}
{"obj": {"type": "LogFloats", "path": ["monitoring", "cpu"], "values": [{"value": 4.6, "step": null, "ts": 1654162668.9252222}]}, "version": 256}
{"obj": {"type": "LogFloats", "path": ["monitoring", "memory"], "values": [{"value": 8.800498962402344, "step": null, "ts": 1654162668.9252222}]}, "version": 257}
{"obj": {"type": "LogFloats", "path": ["monitoring", "gpu_memory_0"], "values": [{"value": 0.4498291015625, "step": null, "ts": 1654162668.9252222}]}, "version": 258}
{"obj": {"type": "LogFloats", "path": ["monitoring", "gpu_memory_1"], "values": [{"value": 1.521728515625, "step": null, "ts": 1654162668.9252222}]}, "version": 259}
{"obj": {"type": "LogFloats", "path": ["monitoring", "cpu"], "values": [{"value": 4.7, "step": null, "ts": 1654162678.9288814}]}, "version": 260}
{"obj": {"type": "LogFloats", "path": ["monitoring", "memory"], "values": [{"value": 8.805526733398438, "step": null, "ts": 1654162678.9288814}]}, "version": 261}
{"obj": {"type": "LogFloats", "path": ["monitoring", "gpu_memory_0"], "values": [{"value": 0.4498291015625, "step": null, "ts": 1654162678.9288814}]}, "version": 262}
{"obj": {"type": "LogFloats", "path": ["monitoring", "gpu_memory_1"], "values": [{"value": 1.521728515625, "step": null, "ts": 1654162678.9288814}]}, "version": 263}
{"obj": {"type": "LogFloats", "path": ["monitoring", "cpu"], "values": [{"value": 4.7, "step": null, "ts": 1654162688.9325378}]}, "version": 264}
{"obj": {"type": "LogFloats", "path": ["monitoring", "memory"], "values": [{"value": 8.800155639648438, "step": null, "ts": 1654162688.9325378}]}, "version": 265}
{"obj": {"type": "LogFloats", "path": ["monitoring", "gpu_memory_0"], "values": [{"value": 0.4498291015625, "step": null, "ts": 1654162688.9325378}]}, "version": 266}
{"obj": {"type": "LogFloats", "path": ["monitoring", "gpu_memory_1"], "values": [{"value": 1.521728515625, "step": null, "ts": 1654162688.9325378}]}, "version": 267}
{"obj": {"type": "LogFloats", "path": ["monitoring", "cpu"], "values": [{"value": 4.4, "step": null, "ts": 1654162698.9370842}]}, "version": 268}
{"obj": {"type": "LogFloats", "path": ["monitoring", "memory"], "values": [{"value": 8.810016632080078, "step": null, "ts": 1654162698.9370842}]}, "version": 269}
{"obj": {"type": "LogFloats", "path": ["monitoring", "gpu_memory_0"], "values": [{"value": 0.46673583984375, "step": null, "ts": 1654162698.9370842}]}, "version": 270}
{"obj": {"type": "LogFloats", "path": ["monitoring", "gpu_memory_1"], "values": [{"value": 1.521728515625, "step": null, "ts": 1654162698.9370842}]}, "version": 271}
{"obj": {"type": "LogFloats", "path": ["monitoring", "cpu"], "values": [{"value": 5.4, "step": null, "ts": 1654162708.9419553}]}, "version": 272}
{"obj": {"type": "LogFloats", "path": ["monitoring", "memory"], "values": [{"value": 8.819252014160156, "step": null, "ts": 1654162708.9419553}]}, "version": 273}
{"obj": {"type": "LogFloats", "path": ["monitoring", "gpu_0"], "values": [{"value": 2.0, "step": null, "ts": 1654162708.9419553}]}, "version": 274}
{"obj": {"type": "LogFloats", "path": ["monitoring", "gpu_memory_0"], "values": [{"value": 0.46405029296875, "step": null, "ts": 1654162708.9419553}]}, "version": 275}
{"obj": {"type": "LogFloats", "path": ["monitoring", "gpu_memory_1"], "values": [{"value": 1.521728515625, "step": null, "ts": 1654162708.9419553}]}, "version": 276}
{"obj": {"type": "LogFloats", "path": ["monitoring", "cpu"], "values": [{"value": 5.4, "step": null, "ts": 1654162718.9465578}]}, "version": 277}
{"obj": {"type": "LogFloats", "path": ["monitoring", "memory"], "values": [{"value": 8.817230224609375, "step": null, "ts": 1654162718.9465578}]}, "version": 278}
{"obj": {"type": "LogFloats", "path": ["monitoring", "gpu_memory_0"], "values": [{"value": 0.47027587890625, "step": null, "ts": 1654162718.9465578}]}, "version": 279}
{"obj": {"type": "LogFloats", "path": ["monitoring", "gpu_memory_1"], "values": [{"value": 1.521728515625, "step": null, "ts": 1654162718.9465578}]}, "version": 280}
{"obj": {"type": "LogFloats", "path": ["monitoring", "cpu"], "values": [{"value": 5.7, "step": null, "ts": 1654162728.9509916}]}, "version": 281}
{"obj": {"type": "LogFloats", "path": ["monitoring", "memory"], "values": [{"value": 8.820777893066406, "step": null, "ts": 1654162728.9509916}]}, "version": 282}
{"obj": {"type": "LogFloats", "path": ["monitoring", "gpu_0"], "values": [{"value": 4.0, "step": null, "ts": 1654162728.9509916}]}, "version": 283}
{"obj": {"type": "LogFloats", "path": ["monitoring", "gpu_memory_0"], "values": [{"value": 0.46185302734375, "step": null, "ts": 1654162728.9509916}]}, "version": 284}
{"obj": {"type": "LogFloats", "path": ["monitoring", "gpu_memory_1"], "values": [{"value": 1.521728515625, "step": null, "ts": 1654162728.9509916}]}, "version": 285}
{"obj": {"type": "LogFloats", "path": ["monitoring", "cpu"], "values": [{"value": 5.8, "step": null, "ts": 1654162738.955467}]}, "version": 286}
{"obj": {"type": "LogFloats", "path": ["monitoring", "memory"], "values": [{"value": 8.827980041503906, "step": null, "ts": 1654162738.955467}]}, "version": 287}
{"obj": {"type": "LogFloats", "path": ["monitoring", "gpu_0"], "values": [{"value": 33.0, "step": null, "ts": 1654162738.955467}]}, "version": 288}
{"obj": {"type": "LogFloats", "path": ["monitoring", "gpu_memory_0"], "values": [{"value": 0.4561767578125, "step": null, "ts": 1654162738.955467}]}, "version": 289}
{"obj": {"type": "LogFloats", "path": ["monitoring", "gpu_memory_1"], "values": [{"value": 1.521728515625, "step": null, "ts": 1654162738.955467}]}, "version": 290}
{"obj": {"type": "LogFloats", "path": ["monitoring", "cpu"], "values": [{"value": 5.7, "step": null, "ts": 1654162748.9600089}]}, "version": 291}
{"obj": {"type": "LogFloats", "path": ["monitoring", "memory"], "values": [{"value": 8.847827911376953, "step": null, "ts": 1654162748.9600089}]}, "version": 292}
{"obj": {"type": "LogFloats", "path": ["monitoring", "gpu_0"], "values": [{"value": 6.0, "step": null, "ts": 1654162748.9600089}]}, "version": 293}
{"obj": {"type": "LogFloats", "path": ["monitoring", "gpu_memory_0"], "values": [{"value": 0.472900390625, "step": null, "ts": 1654162748.9600089}]}, "version": 294}
{"obj": {"type": "LogFloats", "path": ["monitoring", "gpu_memory_1"], "values": [{"value": 1.521728515625, "step": null, "ts": 1654162748.9600089}]}, "version": 295}
{"obj": {"type": "LogFloats", "path": ["monitoring", "cpu"], "values": [{"value": 4.9, "step": null, "ts": 1654162758.9649105}]}, "version": 296}
{"obj": {"type": "LogFloats", "path": ["monitoring", "memory"], "values": [{"value": 8.840526580810547, "step": null, "ts": 1654162758.9649105}]}, "version": 297}
{"obj": {"type": "LogFloats", "path": ["monitoring", "gpu_memory_0"], "values": [{"value": 0.45269775390625, "step": null, "ts": 1654162758.9649105}]}, "version": 298}
{"obj": {"type": "LogFloats", "path": ["monitoring", "gpu_memory_1"], "values": [{"value": 1.521728515625, "step": null, "ts": 1654162758.9649105}]}, "version": 299}
{"obj": {"type": "LogFloats", "path": ["monitoring", "cpu"], "values": [{"value": 3.5, "step": null, "ts": 1654162768.9693415}]}, "version": 300}
{"obj": {"type": "LogFloats", "path": ["monitoring", "memory"], "values": [{"value": 8.859561920166016, "step": null, "ts": 1654162768.9693415}]}, "version": 301}
{"obj": {"type": "LogFloats", "path": ["monitoring", "gpu_memory_0"], "values": [{"value": 0.479248046875, "step": null, "ts": 1654162768.9693415}]}, "version": 302}
{"obj": {"type": "LogFloats", "path": ["monitoring", "gpu_memory_1"], "values": [{"value": 1.521728515625, "step": null, "ts": 1654162768.9693415}]}, "version": 303}
{"obj": {"type": "LogFloats", "path": ["monitoring", "cpu"], "values": [{"value": 5.3, "step": null, "ts": 1654162778.9735498}]}, "version": 304}
{"obj": {"type": "LogFloats", "path": ["monitoring", "memory"], "values": [{"value": 8.85922622680664, "step": null, "ts": 1654162778.9735498}]}, "version": 305}
{"obj": {"type": "LogFloats", "path": ["monitoring", "gpu_0"], "values": [{"value": 8.0, "step": null, "ts": 1654162778.9735498}]}, "version": 306}
{"obj": {"type": "LogFloats", "path": ["monitoring", "gpu_memory_0"], "values": [{"value": 0.46063232421875, "step": null, "ts": 1654162778.9735498}]}, "version": 307}
{"obj": {"type": "LogFloats", "path": ["monitoring", "gpu_memory_1"], "values": [{"value": 1.521728515625, "step": null, "ts": 1654162778.9735498}]}, "version": 308}
{"obj": {"type": "LogFloats", "path": ["monitoring", "cpu"], "values": [{"value": 5.4, "step": null, "ts": 1654162788.9792304}]}, "version": 309}
{"obj": {"type": "LogFloats", "path": ["monitoring", "memory"], "values": [{"value": 8.861335754394531, "step": null, "ts": 1654162788.9792304}]}, "version": 310}
{"obj": {"type": "LogFloats", "path": ["monitoring", "gpu_0"], "values": [{"value": 5.0, "step": null, "ts": 1654162788.9792304}]}, "version": 311}
{"obj": {"type": "LogFloats", "path": ["monitoring", "gpu_memory_0"], "values": [{"value": 0.45904541015625, "step": null, "ts": 1654162788.9792304}]}, "version": 312}
{"obj": {"type": "LogFloats", "path": ["monitoring", "gpu_memory_1"], "values": [{"value": 1.521728515625, "step": null, "ts": 1654162788.9792304}]}, "version": 313}
{"obj": {"type": "LogFloats", "path": ["monitoring", "cpu"], "values": [{"value": 5.5, "step": null, "ts": 1654162798.9833734}]}, "version": 314}
{"obj": {"type": "LogFloats", "path": ["monitoring", "memory"], "values": [{"value": 8.867908477783203, "step": null, "ts": 1654162798.9833734}]}, "version": 315}
{"obj": {"type": "LogFloats", "path": ["monitoring", "gpu_0"], "values": [{"value": 29.0, "step": null, "ts": 1654162798.9833734}]}, "version": 316}
{"obj": {"type": "LogFloats", "path": ["monitoring", "gpu_memory_0"], "values": [{"value": 0.46844482421875, "step": null, "ts": 1654162798.9833734}]}, "version": 317}
{"obj": {"type": "LogFloats", "path": ["monitoring", "gpu_memory_1"], "values": [{"value": 1.521728515625, "step": null, "ts": 1654162798.9833734}]}, "version": 318}
{"obj": {"type": "LogFloats", "path": ["monitoring", "cpu"], "values": [{"value": 5.4, "step": null, "ts": 1654162808.9886477}]}, "version": 319}
{"obj": {"type": "LogFloats", "path": ["monitoring", "memory"], "values": [{"value": 8.847919464111328, "step": null, "ts": 1654162808.9886477}]}, "version": 320}
{"obj": {"type": "LogFloats", "path": ["monitoring", "gpu_memory_0"], "values": [{"value": 0.4697265625, "step": null, "ts": 1654162808.9886477}]}, "version": 321}
{"obj": {"type": "LogFloats", "path": ["monitoring", "gpu_memory_1"], "values": [{"value": 1.521728515625, "step": null, "ts": 1654162808.9886477}]}, "version": 322}
{"obj": {"type": "LogFloats", "path": ["monitoring", "cpu"], "values": [{"value": 5.2, "step": null, "ts": 1654162818.9925284}]}, "version": 323}
{"obj": {"type": "LogFloats", "path": ["monitoring", "memory"], "values": [{"value": 8.845409393310547, "step": null, "ts": 1654162818.9925284}]}, "version": 324}
{"obj": {"type": "LogFloats", "path": ["monitoring", "gpu_memory_0"], "values": [{"value": 0.45892333984375, "step": null, "ts": 1654162818.9925284}]}, "version": 325}
{"obj": {"type": "LogFloats", "path": ["monitoring", "gpu_memory_1"], "values": [{"value": 1.521728515625, "step": null, "ts": 1654162818.9925284}]}, "version": 326}
{"obj": {"type": "LogFloats", "path": ["monitoring", "cpu"], "values": [{"value": 4.3, "step": null, "ts": 1654162828.997042}]}, "version": 327}
{"obj": {"type": "LogFloats", "path": ["monitoring", "memory"], "values": [{"value": 8.85171127319336, "step": null, "ts": 1654162828.997042}]}, "version": 328}
{"obj": {"type": "LogFloats", "path": ["monitoring", "gpu_memory_0"], "values": [{"value": 0.45892333984375, "step": null, "ts": 1654162828.997042}]}, "version": 329}
{"obj": {"type": "LogFloats", "path": ["monitoring", "gpu_memory_1"], "values": [{"value": 1.521728515625, "step": null, "ts": 1654162828.997042}]}, "version": 330}
{"obj": {"type": "LogFloats", "path": ["monitoring", "cpu"], "values": [{"value": 4.3, "step": null, "ts": 1654162839.0014477}]}, "version": 331}
{"obj": {"type": "LogFloats", "path": ["monitoring", "memory"], "values": [{"value": 8.844364166259766, "step": null, "ts": 1654162839.0014477}]}, "version": 332}
{"obj": {"type": "LogFloats", "path": ["monitoring", "gpu_memory_0"], "values": [{"value": 0.45892333984375, "step": null, "ts": 1654162839.0014477}]}, "version": 333}
{"obj": {"type": "LogFloats", "path": ["monitoring", "gpu_memory_1"], "values": [{"value": 1.521728515625, "step": null, "ts": 1654162839.0014477}]}, "version": 334}
{"obj": {"type": "LogFloats", "path": ["monitoring", "cpu"], "values": [{"value": 4.5, "step": null, "ts": 1654162849.0052357}]}, "version": 335}
{"obj": {"type": "LogFloats", "path": ["monitoring", "memory"], "values": [{"value": 8.848712921142578, "step": null, "ts": 1654162849.0052357}]}, "version": 336}
{"obj": {"type": "LogFloats", "path": ["monitoring", "gpu_memory_0"], "values": [{"value": 0.45892333984375, "step": null, "ts": 1654162849.0052357}]}, "version": 337}
{"obj": {"type": "LogFloats", "path": ["monitoring", "gpu_memory_1"], "values": [{"value": 1.521728515625, "step": null, "ts": 1654162849.0052357}]}, "version": 338}
{"obj": {"type": "LogFloats", "path": ["monitoring", "cpu"], "values": [{"value": 4.2, "step": null, "ts": 1654162859.0097566}]}, "version": 339}
{"obj": {"type": "LogFloats", "path": ["monitoring", "memory"], "values": [{"value": 8.856975555419922, "step": null, "ts": 1654162859.0097566}]}, "version": 340}
{"obj": {"type": "LogFloats", "path": ["monitoring", "gpu_memory_0"], "values": [{"value": 0.45892333984375, "step": null, "ts": 1654162859.0097566}]}, "version": 341}
{"obj": {"type": "LogFloats", "path": ["monitoring", "gpu_memory_1"], "values": [{"value": 1.521728515625, "step": null, "ts": 1654162859.0097566}]}, "version": 342}
{"obj": {"type": "LogFloats", "path": ["monitoring", "cpu"], "values": [{"value": 4.5, "step": null, "ts": 1654162869.0133243}]}, "version": 343}
{"obj": {"type": "LogFloats", "path": ["monitoring", "memory"], "values": [{"value": 8.849803924560547, "step": null, "ts": 1654162869.0133243}]}, "version": 344}
{"obj": {"type": "LogFloats", "path": ["monitoring", "gpu_memory_0"], "values": [{"value": 0.45892333984375, "step": null, "ts": 1654162869.0133243}]}, "version": 345}
{"obj": {"type": "LogFloats", "path": ["monitoring", "gpu_memory_1"], "values": [{"value": 1.521728515625, "step": null, "ts": 1654162869.0133243}]}, "version": 346}
{"obj": {"type": "LogFloats", "path": ["monitoring", "cpu"], "values": [{"value": 5.0, "step": null, "ts": 1654162879.017408}]}, "version": 347}
{"obj": {"type": "LogFloats", "path": ["monitoring", "memory"], "values": [{"value": 8.852031707763672, "step": null, "ts": 1654162879.017408}]}, "version": 348}
{"obj": {"type": "LogFloats", "path": ["monitoring", "gpu_memory_0"], "values": [{"value": 0.45892333984375, "step": null, "ts": 1654162879.017408}]}, "version": 349}
{"obj": {"type": "LogFloats", "path": ["monitoring", "gpu_memory_1"], "values": [{"value": 1.521728515625, "step": null, "ts": 1654162879.017408}]}, "version": 350}
{"obj": {"type": "LogFloats", "path": ["monitoring", "cpu"], "values": [{"value": 4.7, "step": null, "ts": 1654162889.0211122}]}, "version": 351}
{"obj": {"type": "LogFloats", "path": ["monitoring", "memory"], "values": [{"value": 8.857315063476562, "step": null, "ts": 1654162889.0211122}]}, "version": 352}
{"obj": {"type": "LogFloats", "path": ["monitoring", "gpu_memory_0"], "values": [{"value": 0.45892333984375, "step": null, "ts": 1654162889.0211122}]}, "version": 353}
{"obj": {"type": "LogFloats", "path": ["monitoring", "gpu_memory_1"], "values": [{"value": 1.521728515625, "step": null, "ts": 1654162889.0211122}]}, "version": 354}
{"obj": {"type": "LogFloats", "path": ["monitoring", "cpu"], "values": [{"value": 4.8, "step": null, "ts": 1654162899.025371}]}, "version": 355}
{"obj": {"type": "LogFloats", "path": ["monitoring", "memory"], "values": [{"value": 8.85550308227539, "step": null, "ts": 1654162899.025371}]}, "version": 356}
{"obj": {"type": "LogFloats", "path": ["monitoring", "gpu_0"], "values": [{"value": 23.0, "step": null, "ts": 1654162899.025371}]}, "version": 357}
{"obj": {"type": "LogFloats", "path": ["monitoring", "gpu_memory_0"], "values": [{"value": 0.46343994140625, "step": null, "ts": 1654162899.025371}]}, "version": 358}
{"obj": {"type": "LogFloats", "path": ["monitoring", "gpu_memory_1"], "values": [{"value": 1.521728515625, "step": null, "ts": 1654162899.025371}]}, "version": 359}
{"obj": {"type": "LogFloats", "path": ["monitoring", "cpu"], "values": [{"value": 4.8, "step": null, "ts": 1654162909.0299218}]}, "version": 360}
{"obj": {"type": "LogFloats", "path": ["monitoring", "memory"], "values": [{"value": 8.865097045898438, "step": null, "ts": 1654162909.0299218}]}, "version": 361}
{"obj": {"type": "LogFloats", "path": ["monitoring", "gpu_memory_0"], "values": [{"value": 0.4598388671875, "step": null, "ts": 1654162909.0299218}]}, "version": 362}
{"obj": {"type": "LogFloats", "path": ["monitoring", "gpu_memory_1"], "values": [{"value": 1.521728515625, "step": null, "ts": 1654162909.0299218}]}, "version": 363}
{"obj": {"type": "LogFloats", "path": ["monitoring", "cpu"], "values": [{"value": 4.8, "step": null, "ts": 1654162919.0331502}]}, "version": 364}
{"obj": {"type": "LogFloats", "path": ["monitoring", "memory"], "values": [{"value": 8.869110107421875, "step": null, "ts": 1654162919.0331502}]}, "version": 365}
{"obj": {"type": "LogFloats", "path": ["monitoring", "gpu_memory_0"], "values": [{"value": 0.4598388671875, "step": null, "ts": 1654162919.0331502}]}, "version": 366}
{"obj": {"type": "LogFloats", "path": ["monitoring", "gpu_memory_1"], "values": [{"value": 1.521728515625, "step": null, "ts": 1654162919.0331502}]}, "version": 367}
{"obj": {"type": "LogFloats", "path": ["monitoring", "cpu"], "values": [{"value": 3.6, "step": null, "ts": 1654162929.035358}]}, "version": 368}
{"obj": {"type": "LogFloats", "path": ["monitoring", "memory"], "values": [{"value": 8.855033874511719, "step": null, "ts": 1654162929.035358}]}, "version": 369}
{"obj": {"type": "LogFloats", "path": ["monitoring", "gpu_memory_0"], "values": [{"value": 0.4598388671875, "step": null, "ts": 1654162929.035358}]}, "version": 370}
{"obj": {"type": "LogFloats", "path": ["monitoring", "gpu_memory_1"], "values": [{"value": 1.521728515625, "step": null, "ts": 1654162929.035358}]}, "version": 371}
{"obj": {"type": "LogFloats", "path": ["monitoring", "cpu"], "values": [{"value": 3.7, "step": null, "ts": 1654162939.0379357}]}, "version": 372}
{"obj": {"type": "LogFloats", "path": ["monitoring", "memory"], "values": [{"value": 8.856338500976562, "step": null, "ts": 1654162939.0379357}]}, "version": 373}
{"obj": {"type": "LogFloats", "path": ["monitoring", "gpu_memory_0"], "values": [{"value": 0.4598388671875, "step": null, "ts": 1654162939.0379357}]}, "version": 374}
{"obj": {"type": "LogFloats", "path": ["monitoring", "gpu_memory_1"], "values": [{"value": 1.521728515625, "step": null, "ts": 1654162939.0379357}]}, "version": 375}
{"obj": {"type": "LogFloats", "path": ["monitoring", "cpu"], "values": [{"value": 5.2, "step": null, "ts": 1654162949.0418649}]}, "version": 376}
{"obj": {"type": "LogFloats", "path": ["monitoring", "memory"], "values": [{"value": 8.869926452636719, "step": null, "ts": 1654162949.0418649}]}, "version": 377}
{"obj": {"type": "LogFloats", "path": ["monitoring", "gpu_memory_0"], "values": [{"value": 0.4598388671875, "step": null, "ts": 1654162949.0418649}]}, "version": 378}
{"obj": {"type": "LogFloats", "path": ["monitoring", "gpu_memory_1"], "values": [{"value": 1.521728515625, "step": null, "ts": 1654162949.0418649}]}, "version": 379}
{"obj": {"type": "LogFloats", "path": ["monitoring", "cpu"], "values": [{"value": 4.7, "step": null, "ts": 1654162959.045406}]}, "version": 380}
{"obj": {"type": "LogFloats", "path": ["monitoring", "memory"], "values": [{"value": 8.865989685058594, "step": null, "ts": 1654162959.045406}]}, "version": 381}
{"obj": {"type": "LogFloats", "path": ["monitoring", "gpu_memory_0"], "values": [{"value": 0.4598388671875, "step": null, "ts": 1654162959.045406}]}, "version": 382}
{"obj": {"type": "LogFloats", "path": ["monitoring", "gpu_memory_1"], "values": [{"value": 1.521728515625, "step": null, "ts": 1654162959.045406}]}, "version": 383}
{"obj": {"type": "LogFloats", "path": ["monitoring", "cpu"], "values": [{"value": 4.7, "step": null, "ts": 1654162969.049077}]}, "version": 384}
{"obj": {"type": "LogFloats", "path": ["monitoring", "memory"], "values": [{"value": 8.865550994873047, "step": null, "ts": 1654162969.049077}]}, "version": 385}
{"obj": {"type": "LogFloats", "path": ["monitoring", "gpu_memory_0"], "values": [{"value": 0.4598388671875, "step": null, "ts": 1654162969.049077}]}, "version": 386}
{"obj": {"type": "LogFloats", "path": ["monitoring", "gpu_memory_1"], "values": [{"value": 1.521728515625, "step": null, "ts": 1654162969.049077}]}, "version": 387}
{"obj": {"type": "LogFloats", "path": ["monitoring", "cpu"], "values": [{"value": 4.3, "step": null, "ts": 1654162979.0527139}]}, "version": 388}
{"obj": {"type": "LogFloats", "path": ["monitoring", "memory"], "values": [{"value": 8.869667053222656, "step": null, "ts": 1654162979.0527139}]}, "version": 389}
{"obj": {"type": "LogFloats", "path": ["monitoring", "gpu_memory_0"], "values": [{"value": 0.4598388671875, "step": null, "ts": 1654162979.0527139}]}, "version": 390}
{"obj": {"type": "LogFloats", "path": ["monitoring", "gpu_memory_1"], "values": [{"value": 1.521728515625, "step": null, "ts": 1654162979.0527139}]}, "version": 391}
{"obj": {"type": "LogFloats", "path": ["monitoring", "cpu"], "values": [{"value": 4.6, "step": null, "ts": 1654162989.056787}]}, "version": 392}
{"obj": {"type": "LogFloats", "path": ["monitoring", "memory"], "values": [{"value": 8.873859405517578, "step": null, "ts": 1654162989.056787}]}, "version": 393}
{"obj": {"type": "LogFloats", "path": ["monitoring", "gpu_memory_0"], "values": [{"value": 0.45538330078125, "step": null, "ts": 1654162989.056787}]}, "version": 394}
{"obj": {"type": "LogFloats", "path": ["monitoring", "gpu_memory_1"], "values": [{"value": 1.521728515625, "step": null, "ts": 1654162989.056787}]}, "version": 395}
{"obj": {"type": "LogFloats", "path": ["monitoring", "cpu"], "values": [{"value": 4.6, "step": null, "ts": 1654162999.0608912}]}, "version": 396}
{"obj": {"type": "LogFloats", "path": ["monitoring", "memory"], "values": [{"value": 8.873699188232422, "step": null, "ts": 1654162999.0608912}]}, "version": 397}
{"obj": {"type": "LogFloats", "path": ["monitoring", "gpu_memory_0"], "values": [{"value": 0.45538330078125, "step": null, "ts": 1654162999.0608912}]}, "version": 398}
{"obj": {"type": "LogFloats", "path": ["monitoring", "gpu_memory_1"], "values": [{"value": 1.521728515625, "step": null, "ts": 1654162999.0608912}]}, "version": 399}
{"obj": {"type": "LogFloats", "path": ["monitoring", "cpu"], "values": [{"value": 4.8, "step": null, "ts": 1654163009.0644543}]}, "version": 400}
{"obj": {"type": "LogFloats", "path": ["monitoring", "memory"], "values": [{"value": 8.885856628417969, "step": null, "ts": 1654163009.0644543}]}, "version": 401}
{"obj": {"type": "LogFloats", "path": ["monitoring", "gpu_0"], "values": [{"value": 4.0, "step": null, "ts": 1654163009.0644543}]}, "version": 402}
{"obj": {"type": "LogFloats", "path": ["monitoring", "gpu_memory_0"], "values": [{"value": 0.45538330078125, "step": null, "ts": 1654163009.0644543}]}, "version": 403}
{"obj": {"type": "LogFloats", "path": ["monitoring", "gpu_memory_1"], "values": [{"value": 1.521728515625, "step": null, "ts": 1654163009.0644543}]}, "version": 404}
{"obj": {"type": "LogFloats", "path": ["monitoring", "cpu"], "values": [{"value": 4.7, "step": null, "ts": 1654163019.0683742}]}, "version": 405}
{"obj": {"type": "LogFloats", "path": ["monitoring", "memory"], "values": [{"value": 8.881397247314453, "step": null, "ts": 1654163019.0683742}]}, "version": 406}
{"obj": {"type": "LogFloats", "path": ["monitoring", "gpu_memory_0"], "values": [{"value": 0.45538330078125, "step": null, "ts": 1654163019.0683742}]}, "version": 407}
{"obj": {"type": "LogFloats", "path": ["monitoring", "gpu_memory_1"], "values": [{"value": 1.521728515625, "step": null, "ts": 1654163019.0683742}]}, "version": 408}
{"obj": {"type": "LogFloats", "path": ["monitoring", "cpu"], "values": [{"value": 5.0, "step": null, "ts": 1654163029.0720046}]}, "version": 409}
{"obj": {"type": "LogFloats", "path": ["monitoring", "memory"], "values": [{"value": 8.883930206298828, "step": null, "ts": 1654163029.0720046}]}, "version": 410}
{"obj": {"type": "LogFloats", "path": ["monitoring", "gpu_memory_0"], "values": [{"value": 0.44366455078125, "step": null, "ts": 1654163029.0720046}]}, "version": 411}
{"obj": {"type": "LogFloats", "path": ["monitoring", "gpu_memory_1"], "values": [{"value": 1.521728515625, "step": null, "ts": 1654163029.0720046}]}, "version": 412}
{"obj": {"type": "LogFloats", "path": ["monitoring", "cpu"], "values": [{"value": 5.5, "step": null, "ts": 1654163039.075657}]}, "version": 413}
{"obj": {"type": "LogFloats", "path": ["monitoring", "memory"], "values": [{"value": 8.88287353515625, "step": null, "ts": 1654163039.075657}]}, "version": 414}
{"obj": {"type": "LogFloats", "path": ["monitoring", "gpu_memory_0"], "values": [{"value": 0.44366455078125, "step": null, "ts": 1654163039.075657}]}, "version": 415}
{"obj": {"type": "LogFloats", "path": ["monitoring", "gpu_memory_1"], "values": [{"value": 1.521728515625, "step": null, "ts": 1654163039.075657}]}, "version": 416}
{"obj": {"type": "LogFloats", "path": ["monitoring", "cpu"], "values": [{"value": 5.3, "step": null, "ts": 1654163049.0791893}]}, "version": 417}
{"obj": {"type": "LogFloats", "path": ["monitoring", "memory"], "values": [{"value": 8.890037536621094, "step": null, "ts": 1654163049.0791893}]}, "version": 418}
{"obj": {"type": "LogFloats", "path": ["monitoring", "gpu_memory_0"], "values": [{"value": 0.44610595703125, "step": null, "ts": 1654163049.0791893}]}, "version": 419}
{"obj": {"type": "LogFloats", "path": ["monitoring", "gpu_memory_1"], "values": [{"value": 1.521728515625, "step": null, "ts": 1654163049.0791893}]}, "version": 420}
{"obj": {"type": "LogFloats", "path": ["monitoring", "cpu"], "values": [{"value": 5.6, "step": null, "ts": 1654163059.0819678}]}, "version": 421}
{"obj": {"type": "LogFloats", "path": ["monitoring", "memory"], "values": [{"value": 8.89141845703125, "step": null, "ts": 1654163059.0819678}]}, "version": 422}
{"obj": {"type": "LogFloats", "path": ["monitoring", "gpu_0"], "values": [{"value": 1.0, "step": null, "ts": 1654163059.0819678}]}, "version": 423}
{"obj": {"type": "LogFloats", "path": ["monitoring", "gpu_memory_0"], "values": [{"value": 0.46649169921875, "step": null, "ts": 1654163059.0819678}]}, "version": 424}
{"obj": {"type": "LogFloats", "path": ["monitoring", "gpu_memory_1"], "values": [{"value": 1.521728515625, "step": null, "ts": 1654163059.0819678}]}, "version": 425}
{"obj": {"type": "LogFloats", "path": ["monitoring", "cpu"], "values": [{"value": 5.1, "step": null, "ts": 1654163069.0863729}]}, "version": 426}
{"obj": {"type": "LogFloats", "path": ["monitoring", "memory"], "values": [{"value": 8.905349731445312, "step": null, "ts": 1654163069.0863729}]}, "version": 427}
{"obj": {"type": "LogFloats", "path": ["monitoring", "gpu_memory_0"], "values": [{"value": 0.44549560546875, "step": null, "ts": 1654163069.0863729}]}, "version": 428}
{"obj": {"type": "LogFloats", "path": ["monitoring", "gpu_memory_1"], "values": [{"value": 1.521728515625, "step": null, "ts": 1654163069.0863729}]}, "version": 429}
{"obj": {"type": "LogFloats", "path": ["monitoring", "cpu"], "values": [{"value": 5.1, "step": null, "ts": 1654163079.0901144}]}, "version": 430}
{"obj": {"type": "LogFloats", "path": ["monitoring", "memory"], "values": [{"value": 8.901618957519531, "step": null, "ts": 1654163079.0901144}]}, "version": 431}
{"obj": {"type": "LogFloats", "path": ["monitoring", "gpu_0"], "values": [{"value": 7.0, "step": null, "ts": 1654163079.0901144}]}, "version": 432}
{"obj": {"type": "LogFloats", "path": ["monitoring", "gpu_memory_0"], "values": [{"value": 0.44549560546875, "step": null, "ts": 1654163079.0901144}]}, "version": 433}
{"obj": {"type": "LogFloats", "path": ["monitoring", "gpu_memory_1"], "values": [{"value": 1.521728515625, "step": null, "ts": 1654163079.0901144}]}, "version": 434}
{"obj": {"type": "LogStrings", "path": ["monitoring", "stderr"], "values": [{"value": "", "step": null, "ts": 1654163085.0058858}]}, "version": 435}
{"obj": {"type": "LogStrings", "path": ["monitoring", "stderr"], "values": [{"value": "\r  0%|                                                                                                                                                                                       | 0/40 [16:06<?, ?it/s]", "step": null, "ts": 1654163085.0067701}]}, "version": 436}
{"obj": {"type": "LogStrings", "path": ["monitoring", "stderr"], "values": [{"value": "\n", "step": null, "ts": 1654163085.0077522}]}, "version": 437}
{"obj": {"type": "LogStrings", "path": ["monitoring", "stdout"], "values": [{"value": "Shutting down background jobs, please wait a moment...\n", "step": null, "ts": 1654163085.7830367}]}, "version": 438}
