{"obj": {"type": "AssignString", "path": ["sys", "name"], "value": "Untitled"}, "version": 1}
{"obj": {"type": "AssignString", "path": ["sys", "description"], "value": ""}, "version": 2}
{"obj": {"type": "AssignString", "path": ["sys", "hostname"], "value": "KW60717"}, "version": 3}
{"obj": {"type": "AssignBool", "path": ["sys", "failed"], "value": false}, "version": 4}
{"obj": {"type": "ClearStringLog", "path": ["monitoring", "stdout"]}, "version": 5}
{"obj": {"type": "ClearStringLog", "path": ["monitoring", "stderr"]}, "version": 6}
{"obj": {"type": "AssignString", "path": ["source_code", "entrypoint"], "value": "train.py"}, "version": 7}
{"obj": {"type": "UploadFileSet", "path": ["source_code", "files"], "file_globs": ["/home/resifis/Desktop/kaustcode/Packages/models/src/models/train.py"], "reset": "False"}, "version": 8}
{"obj": {"type": "ConfigFloatSeries", "path": ["monitoring", "cpu"], "min": 0.0, "max": 100.0, "unit": "%"}, "version": 9}
{"obj": {"type": "ClearFloatLog", "path": ["monitoring", "cpu"]}, "version": 10}
{"obj": {"type": "ConfigFloatSeries", "path": ["monitoring", "memory"], "min": 0.0, "max": 251.55138778686523, "unit": "GB"}, "version": 11}
{"obj": {"type": "ClearFloatLog", "path": ["monitoring", "memory"]}, "version": 12}
{"obj": {"type": "ConfigFloatSeries", "path": ["monitoring", "gpu_0"], "min": 0.0, "max": 100.0, "unit": "%"}, "version": 13}
{"obj": {"type": "ClearFloatLog", "path": ["monitoring", "gpu_0"]}, "version": 14}
{"obj": {"type": "ConfigFloatSeries", "path": ["monitoring", "gpu_1"], "min": 0.0, "max": 100.0, "unit": "%"}, "version": 15}
{"obj": {"type": "ClearFloatLog", "path": ["monitoring", "gpu_1"]}, "version": 16}
{"obj": {"type": "ConfigFloatSeries", "path": ["monitoring", "gpu_memory_0"], "min": 0.0, "max": 23.69952392578125, "unit": "GB"}, "version": 17}
{"obj": {"type": "ClearFloatLog", "path": ["monitoring", "gpu_memory_0"]}, "version": 18}
{"obj": {"type": "ConfigFloatSeries", "path": ["monitoring", "gpu_memory_1"], "min": 0.0, "max": 23.69952392578125, "unit": "GB"}, "version": 19}
{"obj": {"type": "ClearFloatLog", "path": ["monitoring", "gpu_memory_1"]}, "version": 20}
{"obj": {"type": "LogStrings", "path": ["monitoring", "stdout"], "values": [{"value": ".........EPOCH 0........", "step": null, "ts": 1649793314.7895498}]}, "version": 21}
{"obj": {"type": "LogStrings", "path": ["monitoring", "stdout"], "values": [{"value": "\n", "step": null, "ts": 1649793314.7907846}]}, "version": 22}
{"obj": {"type": "LogStrings", "path": ["monitoring", "stderr"], "values": [{"value": "\r  0%|                                                                                                                                                                                                 | 0/250 [00:00<?, ?it/s]", "step": null, "ts": 1649793314.793624}]}, "version": 23}
{"obj": {"type": "LogFloats", "path": ["monitoring", "cpu"], "values": [{"value": 3.6, "step": null, "ts": 1649793314.7808015}]}, "version": 24}
{"obj": {"type": "LogFloats", "path": ["monitoring", "memory"], "values": [{"value": 10.4444580078125, "step": null, "ts": 1649793314.7808015}]}, "version": 25}
{"obj": {"type": "LogFloats", "path": ["monitoring", "gpu_0"], "values": [{"value": 6.0, "step": null, "ts": 1649793314.7808015}]}, "version": 26}
{"obj": {"type": "LogFloats", "path": ["monitoring", "gpu_memory_0"], "values": [{"value": 0.76177978515625, "step": null, "ts": 1649793314.7808015}]}, "version": 27}
{"obj": {"type": "LogFloats", "path": ["monitoring", "gpu_memory_1"], "values": [{"value": 1.853759765625, "step": null, "ts": 1649793314.7808015}]}, "version": 28}
{"obj": {"type": "LogFloats", "path": ["monitoring", "cpu"], "values": [{"value": 6.5, "step": null, "ts": 1649793324.7970474}]}, "version": 29}
{"obj": {"type": "LogFloats", "path": ["monitoring", "memory"], "values": [{"value": 11.353652954101562, "step": null, "ts": 1649793324.7970474}]}, "version": 30}
{"obj": {"type": "LogFloats", "path": ["monitoring", "gpu_0"], "values": [{"value": 21.0, "step": null, "ts": 1649793324.7970474}]}, "version": 31}
{"obj": {"type": "LogFloats", "path": ["monitoring", "gpu_1"], "values": [{"value": 94.0, "step": null, "ts": 1649793324.7970474}]}, "version": 32}
{"obj": {"type": "LogFloats", "path": ["monitoring", "gpu_memory_0"], "values": [{"value": 0.76702880859375, "step": null, "ts": 1649793324.7970474}]}, "version": 33}
{"obj": {"type": "LogFloats", "path": ["monitoring", "gpu_memory_1"], "values": [{"value": 19.138916015625, "step": null, "ts": 1649793324.7970474}]}, "version": 34}
{"obj": {"type": "LogStrings", "path": ["monitoring", "stderr"], "values": [{"value": "\r  0%|                                                                                                                                                                       | 0/250 [00:10<?, ?it/s, Batch_number=0, Loss=671]", "step": null, "ts": 1649793325.79309}]}, "version": 35}
{"obj": {"type": "LogStrings", "path": ["monitoring", "stderr"], "values": [{"value": "\r  0%|\u258b                                                                                                                                                              | 1/250 [00:10<45:38, 11.00s/it, Batch_number=0, Loss=671]", "step": null, "ts": 1649793325.7935758}]}, "version": 36}
{"obj": {"type": "LogStrings", "path": ["monitoring", "stderr"], "values": [{"value": "\r  0%|\u258b                                                                                                                                                              | 1/250 [00:12<45:38, 11.00s/it, Batch_number=1, Loss=580]", "step": null, "ts": 1649793327.7867372}]}, "version": 37}
{"obj": {"type": "LogStrings", "path": ["monitoring", "stderr"], "values": [{"value": "\r  1%|\u2588\u258e                                                                                                                                                             | 2/250 [00:12<23:34,  5.70s/it, Batch_number=1, Loss=580]", "step": null, "ts": 1649793327.7870376}]}, "version": 38}
{"obj": {"type": "LogStrings", "path": ["monitoring", "stderr"], "values": [{"value": "\r  1%|\u2588\u258e                                                                                                                                                             | 2/250 [00:14<23:34,  5.70s/it, Batch_number=2, Loss=538]", "step": null, "ts": 1649793329.5511239}]}, "version": 39}
{"obj": {"type": "LogStrings", "path": ["monitoring", "stderr"], "values": [{"value": "\r  1%|\u2588\u2589                                                                                                                                                             | 3/250 [00:14<16:04,  3.90s/it, Batch_number=2, Loss=538]", "step": null, "ts": 1649793329.5514266}]}, "version": 40}
{"obj": {"type": "LogStrings", "path": ["monitoring", "stderr"], "values": [{"value": "\r  1%|\u2588\u2589                                                                                                                                                             | 3/250 [00:16<16:04,  3.90s/it, Batch_number=3, Loss=584]", "step": null, "ts": 1649793331.3069274}]}, "version": 41}
{"obj": {"type": "LogStrings", "path": ["monitoring", "stderr"], "values": [{"value": "\r  2%|\u2588\u2588\u258c                                                                                                                                                            | 4/250 [00:16<12:31,  3.06s/it, Batch_number=3, Loss=584]", "step": null, "ts": 1649793331.3072736}]}, "version": 42}
{"obj": {"type": "LogStrings", "path": ["monitoring", "stderr"], "values": [{"value": "\r  2%|\u2588\u2588\u258c                                                                                                                                                            | 4/250 [00:18<12:31,  3.06s/it, Batch_number=4, Loss=590]", "step": null, "ts": 1649793333.0756972}]}, "version": 43}
{"obj": {"type": "LogStrings", "path": ["monitoring", "stderr"], "values": [{"value": "\r  2%|\u2588\u2588\u2588\u258f                                                                                                                                                           | 5/250 [00:18<10:34,  2.59s/it, Batch_number=4, Loss=590]", "step": null, "ts": 1649793333.0762603}]}, "version": 44}
{"obj": {"type": "LogStrings", "path": ["monitoring", "stderr"], "values": [{"value": "\r  2%|\u2588\u2588\u2588\u258f                                                                                                                                                           | 5/250 [00:19<10:34,  2.59s/it, Batch_number=5, Loss=607]", "step": null, "ts": 1649793334.7704248}]}, "version": 45}
{"obj": {"type": "LogStrings", "path": ["monitoring", "stderr"], "values": [{"value": "\r  2%|\u2588\u2588\u2588\u258a                                                                                                                                                           | 6/250 [00:19<09:17,  2.29s/it, Batch_number=5, Loss=607]", "step": null, "ts": 1649793334.770758}]}, "version": 46}
{"obj": {"type": "LogFloats", "path": ["monitoring", "cpu"], "values": [{"value": 24.8, "step": null, "ts": 1649793334.8024614}]}, "version": 47}
{"obj": {"type": "LogFloats", "path": ["monitoring", "memory"], "values": [{"value": 11.578102111816406, "step": null, "ts": 1649793334.8024614}]}, "version": 48}
{"obj": {"type": "LogFloats", "path": ["monitoring", "gpu_0"], "values": [{"value": 21.0, "step": null, "ts": 1649793334.8024614}]}, "version": 49}
{"obj": {"type": "LogFloats", "path": ["monitoring", "gpu_1"], "values": [{"value": 100.0, "step": null, "ts": 1649793334.8024614}]}, "version": 50}
{"obj": {"type": "LogFloats", "path": ["monitoring", "gpu_memory_0"], "values": [{"value": 0.7618408203125, "step": null, "ts": 1649793334.8024614}]}, "version": 51}
{"obj": {"type": "LogFloats", "path": ["monitoring", "gpu_memory_1"], "values": [{"value": 23.295166015625, "step": null, "ts": 1649793334.8024614}]}, "version": 52}
{"obj": {"type": "LogStrings", "path": ["monitoring", "stderr"], "values": [{"value": "\r  2%|\u2588\u2588\u2588\u258a                                                                                                                                                           | 6/250 [00:21<09:17,  2.29s/it, Batch_number=6, Loss=613]", "step": null, "ts": 1649793336.6467628}]}, "version": 53}
{"obj": {"type": "LogStrings", "path": ["monitoring", "stderr"], "values": [{"value": "\r  3%|\u2588\u2588\u2588\u2588\u258d                                                                                                                                                          | 7/250 [00:21<08:43,  2.15s/it, Batch_number=6, Loss=613]", "step": null, "ts": 1649793336.6472235}]}, "version": 54}
{"obj": {"type": "LogStrings", "path": ["monitoring", "stderr"], "values": [{"value": "\r  3%|\u2588\u2588\u2588\u2588\u258d                                                                                                                                                          | 7/250 [00:23<08:43,  2.15s/it, Batch_number=7, Loss=593]", "step": null, "ts": 1649793338.334284}]}, "version": 55}
{"obj": {"type": "LogStrings", "path": ["monitoring", "stderr"], "values": [{"value": "\r  3%|\u2588\u2588\u2588\u2588\u2588                                                                                                                                                          | 8/250 [00:23<08:05,  2.00s/it, Batch_number=7, Loss=593]", "step": null, "ts": 1649793338.3346074}]}, "version": 56}
{"obj": {"type": "LogStrings", "path": ["monitoring", "stderr"], "values": [{"value": "\r  3%|\u2588\u2588\u2588\u2588\u2588                                                                                                                                                          | 8/250 [00:25<08:05,  2.00s/it, Batch_number=8, Loss=582]", "step": null, "ts": 1649793340.0724123}]}, "version": 57}
{"obj": {"type": "LogStrings", "path": ["monitoring", "stderr"], "values": [{"value": "\r  4%|\u2588\u2588\u2588\u2588\u2588\u258b                                                                                                                                                         | 9/250 [00:25<07:43,  1.92s/it, Batch_number=8, Loss=582]", "step": null, "ts": 1649793340.0732183}]}, "version": 58}
{"obj": {"type": "LogStrings", "path": ["monitoring", "stderr"], "values": [{"value": "\r  4%|\u2588\u2588\u2588\u2588\u2588\u258b                                                                                                                                                         | 9/250 [00:27<07:43,  1.92s/it, Batch_number=9, Loss=590]", "step": null, "ts": 1649793341.798487}]}, "version": 59}
{"obj": {"type": "LogStrings", "path": ["monitoring", "stderr"], "values": [{"value": "\r  4%|\u2588\u2588\u2588\u2588\u2588\u2588\u258e                                                                                                                                                       | 10/250 [00:27<07:26,  1.86s/it, Batch_number=9, Loss=590]", "step": null, "ts": 1649793341.7987812}]}, "version": 60}
{"obj": {"type": "LogStrings", "path": ["monitoring", "stderr"], "values": [{"value": "\r  4%|\u2588\u2588\u2588\u2588\u2588\u2588\u258e                                                                                                                                                      | 10/250 [00:28<07:26,  1.86s/it, Batch_number=10, Loss=603]", "step": null, "ts": 1649793343.4741182}]}, "version": 61}
{"obj": {"type": "LogStrings", "path": ["monitoring", "stderr"], "values": [{"value": "\r  4%|\u2588\u2588\u2588\u2588\u2588\u2588\u2589                                                                                                                                                      | 11/250 [00:28<07:11,  1.80s/it, Batch_number=10, Loss=603]", "step": null, "ts": 1649793343.4744203}]}, "version": 62}
{"obj": {"type": "LogFloats", "path": ["monitoring", "cpu"], "values": [{"value": 27.2, "step": null, "ts": 1649793344.8054101}]}, "version": 63}
{"obj": {"type": "LogFloats", "path": ["monitoring", "memory"], "values": [{"value": 11.55218505859375, "step": null, "ts": 1649793344.8054101}]}, "version": 64}
{"obj": {"type": "LogFloats", "path": ["monitoring", "gpu_0"], "values": [{"value": 21.0, "step": null, "ts": 1649793344.8054101}]}, "version": 65}
{"obj": {"type": "LogFloats", "path": ["monitoring", "gpu_1"], "values": [{"value": 100.0, "step": null, "ts": 1649793344.8054101}]}, "version": 66}
{"obj": {"type": "LogFloats", "path": ["monitoring", "gpu_memory_0"], "values": [{"value": 0.76318359375, "step": null, "ts": 1649793344.8054101}]}, "version": 67}
{"obj": {"type": "LogFloats", "path": ["monitoring", "gpu_memory_1"], "values": [{"value": 23.295166015625, "step": null, "ts": 1649793344.8054101}]}, "version": 68}
{"obj": {"type": "LogStrings", "path": ["monitoring", "stderr"], "values": [{"value": "\r  4%|\u2588\u2588\u2588\u2588\u2588\u2588\u2589                                                                                                                                                      | 11/250 [00:30<07:11,  1.80s/it, Batch_number=11, Loss=590]", "step": null, "ts": 1649793345.150767}]}, "version": 69}
{"obj": {"type": "LogStrings", "path": ["monitoring", "stderr"], "values": [{"value": "\r  5%|\u2588\u2588\u2588\u2588\u2588\u2588\u2588\u258c                                                                                                                                                     | 12/250 [00:30<07:00,  1.77s/it, Batch_number=11, Loss=590]", "step": null, "ts": 1649793345.1510582}]}, "version": 70}
{"obj": {"type": "LogStrings", "path": ["monitoring", "stderr"], "values": [{"value": "\r  5%|\u2588\u2588\u2588\u2588\u2588\u2588\u2588\u258c                                                                                                                                                     | 12/250 [00:32<07:00,  1.77s/it, Batch_number=12, Loss=600]", "step": null, "ts": 1649793346.879376}]}, "version": 71}
{"obj": {"type": "LogStrings", "path": ["monitoring", "stderr"], "values": [{"value": "\r  5%|\u2588\u2588\u2588\u2588\u2588\u2588\u2588\u2588\u258f                                                                                                                                                    | 13/250 [00:32<06:55,  1.75s/it, Batch_number=12, Loss=600]", "step": null, "ts": 1649793346.879838}]}, "version": 72}
{"obj": {"type": "LogStrings", "path": ["monitoring", "stderr"], "values": [{"value": "\r  5%|\u2588\u2588\u2588\u2588\u2588\u2588\u2588\u2588\u258f                                                                                                                                                    | 13/250 [00:33<06:55,  1.75s/it, Batch_number=13, Loss=595]", "step": null, "ts": 1649793348.5557055}]}, "version": 73}
{"obj": {"type": "LogStrings", "path": ["monitoring", "stderr"], "values": [{"value": "\r  6%|\u2588\u2588\u2588\u2588\u2588\u2588\u2588\u2588\u258a                                                                                                                                                    | 14/250 [00:33<06:48,  1.73s/it, Batch_number=13, Loss=595]", "step": null, "ts": 1649793348.5560067}]}, "version": 74}
{"obj": {"type": "LogStrings", "path": ["monitoring", "stderr"], "values": [{"value": "\r  6%|\u2588\u2588\u2588\u2588\u2588\u2588\u2588\u2588\u258a                                                                                                                                                    | 14/250 [00:35<06:48,  1.73s/it, Batch_number=14, Loss=597]", "step": null, "ts": 1649793350.377454}]}, "version": 75}
{"obj": {"type": "LogStrings", "path": ["monitoring", "stderr"], "values": [{"value": "\r  6%|\u2588\u2588\u2588\u2588\u2588\u2588\u2588\u2588\u2588\u258d                                                                                                                                                   | 15/250 [00:35<06:53,  1.76s/it, Batch_number=14, Loss=597]", "step": null, "ts": 1649793350.377742}]}, "version": 76}
{"obj": {"type": "LogStrings", "path": ["monitoring", "stderr"], "values": [{"value": "\r  6%|\u2588\u2588\u2588\u2588\u2588\u2588\u2588\u2588\u2588\u258d                                                                                                                                                   | 15/250 [00:37<06:53,  1.76s/it, Batch_number=15, Loss=587]", "step": null, "ts": 1649793352.1347737}]}, "version": 77}
{"obj": {"type": "LogStrings", "path": ["monitoring", "stderr"], "values": [{"value": "\r  6%|\u2588\u2588\u2588\u2588\u2588\u2588\u2588\u2588\u2588\u2588                                                                                                                                                   | 16/250 [00:37<06:51,  1.76s/it, Batch_number=15, Loss=587]", "step": null, "ts": 1649793352.1365657}]}, "version": 78}
{"obj": {"type": "LogStrings", "path": ["monitoring", "stderr"], "values": [{"value": "\r  6%|\u2588\u2588\u2588\u2588\u2588\u2588\u2588\u2588\u2588\u2588                                                                                                                                                   | 16/250 [00:39<06:51,  1.76s/it, Batch_number=16, Loss=595]", "step": null, "ts": 1649793353.874563}]}, "version": 79}
{"obj": {"type": "LogStrings", "path": ["monitoring", "stderr"], "values": [{"value": "\r  7%|\u2588\u2588\u2588\u2588\u2588\u2588\u2588\u2588\u2588\u2588\u258b                                                                                                                                                  | 17/250 [00:39<06:48,  1.75s/it, Batch_number=16, Loss=595]", "step": null, "ts": 1649793353.8748362}]}, "version": 80}
{"obj": {"type": "LogFloats", "path": ["monitoring", "cpu"], "values": [{"value": 27.4, "step": null, "ts": 1649793354.810901}]}, "version": 81}
{"obj": {"type": "LogFloats", "path": ["monitoring", "memory"], "values": [{"value": 11.581836700439453, "step": null, "ts": 1649793354.810901}]}, "version": 82}
{"obj": {"type": "LogFloats", "path": ["monitoring", "gpu_0"], "values": [{"value": 19.0, "step": null, "ts": 1649793354.810901}]}, "version": 83}
{"obj": {"type": "LogFloats", "path": ["monitoring", "gpu_1"], "values": [{"value": 100.0, "step": null, "ts": 1649793354.810901}]}, "version": 84}
{"obj": {"type": "LogFloats", "path": ["monitoring", "gpu_memory_0"], "values": [{"value": 0.74359130859375, "step": null, "ts": 1649793354.810901}]}, "version": 85}
{"obj": {"type": "LogFloats", "path": ["monitoring", "gpu_memory_1"], "values": [{"value": 23.295166015625, "step": null, "ts": 1649793354.810901}]}, "version": 86}
{"obj": {"type": "LogStrings", "path": ["monitoring", "stderr"], "values": [{"value": "\r  7%|\u2588\u2588\u2588\u2588\u2588\u2588\u2588\u2588\u2588\u2588\u258b                                                                                                                                                  | 17/250 [00:40<06:48,  1.75s/it, Batch_number=17, Loss=600]", "step": null, "ts": 1649793355.548436}]}, "version": 87}
{"obj": {"type": "LogStrings", "path": ["monitoring", "stderr"], "values": [{"value": "\r  7%|\u2588\u2588\u2588\u2588\u2588\u2588\u2588\u2588\u2588\u2588\u2588\u258e                                                                                                                                                 | 18/250 [00:40<06:41,  1.73s/it, Batch_number=17, Loss=600]", "step": null, "ts": 1649793355.5487492}]}, "version": 88}
{"obj": {"type": "LogStrings", "path": ["monitoring", "stderr"], "values": [{"value": "\r  7%|\u2588\u2588\u2588\u2588\u2588\u2588\u2588\u2588\u2588\u2588\u2588\u258e                                                                                                                                                 | 18/250 [00:42<06:41,  1.73s/it, Batch_number=18, Loss=607]", "step": null, "ts": 1649793357.3454905}]}, "version": 89}
{"obj": {"type": "LogStrings", "path": ["monitoring", "stderr"], "values": [{"value": "\r  8%|\u2588\u2588\u2588\u2588\u2588\u2588\u2588\u2588\u2588\u2588\u2588\u2589                                                                                                                                                 | 19/250 [00:42<06:44,  1.75s/it, Batch_number=18, Loss=607]", "step": null, "ts": 1649793357.345781}]}, "version": 90}
{"obj": {"type": "LogStrings", "path": ["monitoring", "stderr"], "values": [{"value": "\r  8%|\u2588\u2588\u2588\u2588\u2588\u2588\u2588\u2588\u2588\u2588\u2588\u2589                                                                                                                                                 | 19/250 [00:44<06:44,  1.75s/it, Batch_number=19, Loss=602]", "step": null, "ts": 1649793359.039347}]}, "version": 91}
{"obj": {"type": "LogStrings", "path": ["monitoring", "stderr"], "values": [{"value": "\r  8%|\u2588\u2588\u2588\u2588\u2588\u2588\u2588\u2588\u2588\u2588\u2588\u2588\u258c                                                                                                                                                | 20/250 [00:44<06:38,  1.73s/it, Batch_number=19, Loss=602]", "step": null, "ts": 1649793359.0396016}]}, "version": 92}
{"obj": {"type": "LogStrings", "path": ["monitoring", "stderr"], "values": [{"value": "\r  8%|\u2588\u2588\u2588\u2588\u2588\u2588\u2588\u2588\u2588\u2588\u2588\u2588\u258c                                                                                                                                                | 20/250 [00:45<06:38,  1.73s/it, Batch_number=20, Loss=598]", "step": null, "ts": 1649793360.7314172}]}, "version": 93}
{"obj": {"type": "LogStrings", "path": ["monitoring", "stderr"], "values": [{"value": "\r  8%|\u2588\u2588\u2588\u2588\u2588\u2588\u2588\u2588\u2588\u2588\u2588\u2588\u2588\u258f                                                                                                                                               | 21/250 [00:45<06:33,  1.72s/it, Batch_number=20, Loss=598]", "step": null, "ts": 1649793360.7316968}]}, "version": 94}
{"obj": {"type": "LogStrings", "path": ["monitoring", "stderr"], "values": [{"value": "\r  8%|\u2588\u2588\u2588\u2588\u2588\u2588\u2588\u2588\u2588\u2588\u2588\u2588\u2588\u258f                                                                                                                                               | 21/250 [00:47<06:33,  1.72s/it, Batch_number=21, Loss=594]", "step": null, "ts": 1649793362.5140913}]}, "version": 95}
{"obj": {"type": "LogStrings", "path": ["monitoring", "stderr"], "values": [{"value": "\r  9%|\u2588\u2588\u2588\u2588\u2588\u2588\u2588\u2588\u2588\u2588\u2588\u2588\u2588\u258a                                                                                                                                               | 22/250 [00:47<06:36,  1.74s/it, Batch_number=21, Loss=594]", "step": null, "ts": 1649793362.5144289}]}, "version": 96}
{"obj": {"type": "LogStrings", "path": ["monitoring", "stderr"], "values": [{"value": "", "step": null, "ts": 1649793364.2666183}]}, "version": 97}
{"obj": {"type": "LogStrings", "path": ["monitoring", "stderr"], "values": [{"value": "\r  9%|\u2588\u2588\u2588\u2588\u2588\u2588\u2588\u2588\u2588\u2588\u2588\u2588\u2588\u258a                                                                                                                                               | 22/250 [00:49<08:32,  2.25s/it, Batch_number=21, Loss=594]", "step": null, "ts": 1649793364.2670722}]}, "version": 98}
{"obj": {"type": "LogStrings", "path": ["monitoring", "stderr"], "values": [{"value": "\n", "step": null, "ts": 1649793364.2671676}]}, "version": 99}
{"obj": {"type": "LogStrings", "path": ["monitoring", "traceback"], "values": [{"value": "An uncaught exception occurred while run was active on worker KW60717.", "step": null, "ts": 1649793364.2677345}, {"value": "Marking run as failed", "step": null, "ts": 1649793364.2677345}, {"value": "Traceback:", "step": null, "ts": 1649793364.2677345}, {"value": "  File \"/home/resifis/Desktop/kaustcode/Packages/models/src/models/train.py\", line 100, in <module>\n    job.fit(WRFData,WRFData)\n", "step": null, "ts": 1649793364.2677345}, {"value": "  File \"/home/resifis/anaconda3/envs/kaustenv/lib/python3.9/site-packages/models/forecastors/utils/simple_engine.py\", line 164, in fit\n    tr_loss = self.train_fn(self.train_config.model,train_data_loader,sparse)\n", "step": null, "ts": 1649793364.2677345}, {"value": "  File \"/home/resifis/anaconda3/envs/kaustenv/lib/python3.9/site-packages/models/forecastors/utils/simple_engine.py\", line 93, in train_fn\n    tr_loss += train_loss.item()\n", "step": null, "ts": 1649793364.2677345}, {"value": "", "step": null, "ts": 1649793364.2677345}]}, "version": 100}
{"obj": {"type": "AssignBool", "path": ["sys", "failed"], "value": true}, "version": 101}
{"obj": {"type": "LogStrings", "path": ["monitoring", "stderr"], "values": [{"value": "Traceback (most recent call last):\n", "step": null, "ts": 1649793364.2679453}]}, "version": 102}
{"obj": {"type": "LogStrings", "path": ["monitoring", "stderr"], "values": [{"value": "  File \"/home/resifis/Desktop/kaustcode/Packages/models/src/models/train.py\", line 100, in <module>\n", "step": null, "ts": 1649793364.2680135}]}, "version": 103}
{"obj": {"type": "LogStrings", "path": ["monitoring", "stderr"], "values": [{"value": "    ", "step": null, "ts": 1649793364.2681406}]}, "version": 104}
{"obj": {"type": "LogStrings", "path": ["monitoring", "stderr"], "values": [{"value": "job.fit(WRFData,WRFData)", "step": null, "ts": 1649793364.2681942}]}, "version": 105}
{"obj": {"type": "LogStrings", "path": ["monitoring", "stderr"], "values": [{"value": "\n", "step": null, "ts": 1649793364.268247}]}, "version": 106}
{"obj": {"type": "LogStrings", "path": ["monitoring", "stderr"], "values": [{"value": "  File \"/home/resifis/anaconda3/envs/kaustenv/lib/python3.9/site-packages/models/forecastors/utils/simple_engine.py\", line 164, in fit\n", "step": null, "ts": 1649793364.2683}]}, "version": 107}
{"obj": {"type": "LogStrings", "path": ["monitoring", "stderr"], "values": [{"value": "    ", "step": null, "ts": 1649793364.2684035}]}, "version": 108}
{"obj": {"type": "LogStrings", "path": ["monitoring", "stderr"], "values": [{"value": "tr_loss = self.train_fn(self.train_config.model,train_data_loader,sparse)", "step": null, "ts": 1649793364.2684531}]}, "version": 109}
{"obj": {"type": "LogStrings", "path": ["monitoring", "stderr"], "values": [{"value": "\n", "step": null, "ts": 1649793364.268504}]}, "version": 110}
{"obj": {"type": "LogStrings", "path": ["monitoring", "stderr"], "values": [{"value": "  File \"/home/resifis/anaconda3/envs/kaustenv/lib/python3.9/site-packages/models/forecastors/utils/simple_engine.py\", line 93, in train_fn\n", "step": null, "ts": 1649793364.268555}]}, "version": 111}
{"obj": {"type": "LogStrings", "path": ["monitoring", "stderr"], "values": [{"value": "    ", "step": null, "ts": 1649793364.268641}]}, "version": 112}
{"obj": {"type": "LogStrings", "path": ["monitoring", "stderr"], "values": [{"value": "tr_loss += train_loss.item()        ", "step": null, "ts": 1649793364.268689}]}, "version": 113}
{"obj": {"type": "LogStrings", "path": ["monitoring", "stderr"], "values": [{"value": "\n", "step": null, "ts": 1649793364.2687383}]}, "version": 114}
{"obj": {"type": "LogStrings", "path": ["monitoring", "stderr"], "values": [{"value": "KeyboardInterrupt", "step": null, "ts": 1649793364.2687953}]}, "version": 115}
{"obj": {"type": "LogStrings", "path": ["monitoring", "stderr"], "values": [{"value": "", "step": null, "ts": 1649793364.2688396}]}, "version": 116}
{"obj": {"type": "LogStrings", "path": ["monitoring", "stderr"], "values": [{"value": "\n", "step": null, "ts": 1649793364.268887}]}, "version": 117}
{"obj": {"type": "LogStrings", "path": ["monitoring", "stdout"], "values": [{"value": "", "step": null, "ts": 1649793364.2693033}]}, "version": 118}
{"obj": {"type": "LogStrings", "path": ["monitoring", "stdout"], "values": [{"value": "Shutting down background jobs, please wait a moment...\n", "step": null, "ts": 1649793364.2694218}]}, "version": 119}
